<?xml version="1.0" encoding="UTF-8"?>
<testsuite xmlns:xsi="http://www.w3.org/2001/XMLSchema-instance" xsi:noNamespaceSchemaLocation="https://maven.apache.org/surefire/maven-surefire-plugin/xsd/surefire-test-report-3.0.xsd" version="3.0" name="GameTest" time="162.397" tests="41" errors="0" skipped="0" failures="0">
  <properties>
    <property name="java.specification.version" value="23"/>
    <property name="sun.jnu.encoding" value="UTF-8"/>
    <property name="java.class.path" value="/home/andr3xc/dev/PvZ-ECI/target/test-classes:/home/andr3xc/dev/PvZ-ECI/target/classes:/home/andr3xc/.m2/repository/org/junit/jupiter/junit-jupiter/5.8.1/junit-jupiter-5.8.1.jar:/home/andr3xc/.m2/repository/org/junit/jupiter/junit-jupiter-api/5.8.1/junit-jupiter-api-5.8.1.jar:/home/andr3xc/.m2/repository/org/opentest4j/opentest4j/1.2.0/opentest4j-1.2.0.jar:/home/andr3xc/.m2/repository/org/junit/platform/junit-platform-commons/1.8.1/junit-platform-commons-1.8.1.jar:/home/andr3xc/.m2/repository/org/apiguardian/apiguardian-api/1.1.2/apiguardian-api-1.1.2.jar:/home/andr3xc/.m2/repository/org/junit/jupiter/junit-jupiter-params/5.8.1/junit-jupiter-params-5.8.1.jar:/home/andr3xc/.m2/repository/org/junit/jupiter/junit-jupiter-engine/5.8.1/junit-jupiter-engine-5.8.1.jar:/home/andr3xc/.m2/repository/org/junit/platform/junit-platform-engine/1.8.1/junit-platform-engine-1.8.1.jar:"/>
    <property name="java.vm.vendor" value="Arch Linux"/>
    <property name="sun.arch.data.model" value="64"/>
    <property name="java.vendor.url" value="https://openjdk.org/"/>
    <property name="user.timezone" value="America/Bogota"/>
    <property name="os.name" value="Linux"/>
    <property name="java.vm.specification.version" value="23"/>
    <property name="sun.java.launcher" value="SUN_STANDARD"/>
    <property name="user.country" value="US"/>
    <property name="sun.boot.library.path" value="/usr/lib/jvm/java-23-openjdk/lib"/>
    <property name="sun.java.command" value="/home/andr3xc/dev/PvZ-ECI/target/surefire/surefirebooter-20241215043818553_3.jar /home/andr3xc/dev/PvZ-ECI/target/surefire 2024-12-15T04-38-18_492-jvmRun1 surefire-20241215043818553_1tmp surefire_0-20241215043818553_2tmp"/>
    <property name="jdk.debug" value="release"/>
    <property name="surefire.test.class.path" value="/home/andr3xc/dev/PvZ-ECI/target/test-classes:/home/andr3xc/dev/PvZ-ECI/target/classes:/home/andr3xc/.m2/repository/org/junit/jupiter/junit-jupiter/5.8.1/junit-jupiter-5.8.1.jar:/home/andr3xc/.m2/repository/org/junit/jupiter/junit-jupiter-api/5.8.1/junit-jupiter-api-5.8.1.jar:/home/andr3xc/.m2/repository/org/opentest4j/opentest4j/1.2.0/opentest4j-1.2.0.jar:/home/andr3xc/.m2/repository/org/junit/platform/junit-platform-commons/1.8.1/junit-platform-commons-1.8.1.jar:/home/andr3xc/.m2/repository/org/apiguardian/apiguardian-api/1.1.2/apiguardian-api-1.1.2.jar:/home/andr3xc/.m2/repository/org/junit/jupiter/junit-jupiter-params/5.8.1/junit-jupiter-params-5.8.1.jar:/home/andr3xc/.m2/repository/org/junit/jupiter/junit-jupiter-engine/5.8.1/junit-jupiter-engine-5.8.1.jar:/home/andr3xc/.m2/repository/org/junit/platform/junit-platform-engine/1.8.1/junit-platform-engine-1.8.1.jar:"/>
    <property name="sun.cpu.endian" value="little"/>
    <property name="user.home" value="/home/andr3xc"/>
    <property name="user.language" value="en"/>
    <property name="java.specification.vendor" value="Oracle Corporation"/>
    <property name="java.version.date" value="2024-09-17"/>
    <property name="java.home" value="/usr/lib/jvm/java-23-openjdk"/>
    <property name="file.separator" value="/"/>
    <property name="basedir" value="/home/andr3xc/dev/PvZ-ECI"/>
    <property name="java.vm.compressedOopsMode" value="Zero based"/>
    <property name="line.separator" value="&#10;"/>
    <property name="java.specification.name" value="Java Platform API Specification"/>
    <property name="java.vm.specification.vendor" value="Oracle Corporation"/>
    <property name="surefire.real.class.path" value="/home/andr3xc/dev/PvZ-ECI/target/surefire/surefirebooter-20241215043818553_3.jar"/>
    <property name="sun.management.compiler" value="HotSpot 64-Bit Tiered Compilers"/>
    <property name="java.runtime.version" value="23"/>
    <property name="user.name" value="andr3xc"/>
    <property name="stdout.encoding" value="UTF-8"/>
    <property name="path.separator" value=":"/>
    <property name="os.version" value="6.12.1-arch1-1"/>
    <property name="java.runtime.name" value="OpenJDK Runtime Environment"/>
    <property name="file.encoding" value="UTF-8"/>
    <property name="java.vm.name" value="OpenJDK 64-Bit Server VM"/>
    <property name="localRepository" value="/home/andr3xc/.m2/repository"/>
    <property name="java.vendor.url.bug" value="https://bugreport.java.com/bugreport/"/>
    <property name="java.io.tmpdir" value="/tmp"/>
    <property name="java.version" value="23"/>
    <property name="user.dir" value="/home/andr3xc/dev/PvZ-ECI"/>
    <property name="os.arch" value="amd64"/>
    <property name="java.vm.specification.name" value="Java Virtual Machine Specification"/>
    <property name="native.encoding" value="UTF-8"/>
    <property name="java.library.path" value="/usr/java/packages/lib:/usr/lib64:/lib64:/lib:/usr/lib"/>
    <property name="java.vm.info" value="mixed mode, sharing"/>
    <property name="stderr.encoding" value="UTF-8"/>
    <property name="java.vendor" value="Arch Linux"/>
    <property name="java.vm.version" value="23"/>
    <property name="sun.io.unicode.encoding" value="UnicodeLittle"/>
    <property name="java.class.version" value="67.0"/>
  </properties>
  <testcase name="shouldNotAddZombie" classname="GameTest" time="0.131">
    <system-out><![CDATA[[domain.players.Human@6ad59d92, domain.players.Human@56f0cc85]
]]></system-out>
    <system-err><![CDATA[Dec 15, 2024 4:38:19 AM domain.Game addZombie
INFO: Intentando añadir un zombie: basic en (1, 0)
Dec 15, 2024 4:38:19 AM domain.Game addZombie
WARNING: Posición inválida para el zombie: (1, 0)
Dec 15, 2024 4:38:19 AM domain.Game addZombie
SEVERE: Error al añadir zombie: Given position is out of range for the zombie
]]></system-err>
  </testcase>
  <testcase name="shouldNotHaveSun" classname="GameTest" time="0.019">
    <system-out><![CDATA[[domain.players.Human@60975100, domain.players.Human@1253e7cb]
]]></system-out>
    <system-err><![CDATA[Dec 15, 2024 4:38:19 AM domain.Game addPlant
INFO: Intentando añadir una planta: peashooter en (2, 2)
Dec 15, 2024 4:38:19 AM domain.Game addPlant
WARNING: No hay suficientes soles para añadir la planta: peashooter
Dec 15, 2024 4:38:19 AM domain.Game addPlant
SEVERE: Error al añadir planta: Not enough suns to buy the plant
]]></system-err>
  </testcase>
  <testcase name="shouldAttackZombieWithPeaShooter" classname="GameTest" time="10.013">
    <system-out><![CDATA[[domain.players.Human@5c08c46a, domain.players.Human@4cf8b2dc]
]]></system-out>
    <system-err><![CDATA[Dec 15, 2024 4:38:19 AM domain.Game addPlant
INFO: Intentando añadir una planta: peashooter en (4, 2)
Dec 15, 2024 4:38:19 AM domain.Game addPlant
INFO: Planta añadida exitosamente: peashooter en (4, 2)
Dec 15, 2024 4:38:19 AM domain.Game addZombie
INFO: Intentando añadir un zombie: basic en (9, 2)
Dec 15, 2024 4:38:19 AM domain.Game addZombie
INFO: Zombie añadido exitosamente: basic en (9, 2)
]]></system-err>
  </testcase>
  <testcase name="shouldAddSun" classname="GameTest" time="0.003">
    <system-out><![CDATA[[domain.players.Human@4c2cc639, domain.players.Human@ccb4b1b]
]]></system-out>
  </testcase>
  <testcase name="shouldAddMachineIAvIA" classname="GameTest" time="8.007">
    <system-out><![CDATA[[domain.players.PlantsIntelligent@256f8274, domain.players.ZombiesStrategic@68044f4]






Not enough brains to buy the plant






Not enough brains to buy the plant






Not enough brains to buy the plant


Not enough brains to buy the plant








]]></system-out>
    <system-err><![CDATA[Dec 15, 2024 4:38:30 AM domain.Game addPlant
INFO: Intentando añadir una planta: sunflower en (2, 0)
Dec 15, 2024 4:38:30 AM domain.Game addZombie
INFO: Intentando añadir un zombie: brainstein en (10, 0)
Dec 15, 2024 4:38:30 AM domain.Game addPlant
INFO: Planta añadida exitosamente: sunflower en (2, 0)
Dec 15, 2024 4:38:30 AM domain.plants.Sunflower generateSun
INFO: sol generado
Dec 15, 2024 4:38:30 AM domain.Game addZombie
INFO: Zombie añadido exitosamente: brainstein en (10, 0)
Dec 15, 2024 4:38:30 AM domain.Game addPlant
INFO: Intentando añadir una planta: sunflower en (2, 1)
Dec 15, 2024 4:38:30 AM domain.Game addPlant
WARNING: No hay suficientes soles para añadir la planta: sunflower
Dec 15, 2024 4:38:30 AM domain.plants.Sunflower generateSun
INFO: sol generado
Dec 15, 2024 4:38:30 AM domain.Game addPlant
SEVERE: Error al añadir planta: Not enough suns to buy the plant
Dec 15, 2024 4:38:30 AM domain.Game addPlant
INFO: Intentando añadir una planta: sunflower en (2, 2)
Dec 15, 2024 4:38:30 AM domain.Game addPlant
INFO: Planta añadida exitosamente: sunflower en (2, 2)
Dec 15, 2024 4:38:30 AM domain.plants.Sunflower generateSun
INFO: sol generado
Dec 15, 2024 4:38:30 AM domain.Game addPlant
INFO: Intentando añadir una planta: sunflower en (2, 3)
Dec 15, 2024 4:38:30 AM domain.Game addPlant
WARNING: No hay suficientes soles para añadir la planta: sunflower
Dec 15, 2024 4:38:30 AM domain.plants.Sunflower generateSun
INFO: sol generado
Dec 15, 2024 4:38:30 AM domain.Game addPlant
SEVERE: Error al añadir planta: Not enough suns to buy the plant
Dec 15, 2024 4:38:30 AM domain.Game addPlant
INFO: Intentando añadir una planta: sunflower en (2, 4)
Dec 15, 2024 4:38:30 AM domain.Game addPlant
INFO: Planta añadida exitosamente: sunflower en (2, 4)
Dec 15, 2024 4:38:30 AM domain.plants.Sunflower generateSun
INFO: sol generado
Dec 15, 2024 4:38:30 AM domain.Game addPlant
INFO: Intentando añadir una planta: potatomine en (6, 0)
Dec 15, 2024 4:38:30 AM domain.Game addPlant
INFO: Planta añadida exitosamente: potatomine en (6, 0)
Dec 15, 2024 4:38:30 AM domain.Game addPlant
INFO: Intentando añadir una planta: potatomine en (6, 1)
Dec 15, 2024 4:38:30 AM domain.Game addPlant
WARNING: No hay suficientes soles para añadir la planta: potatomine
Dec 15, 2024 4:38:30 AM domain.Game addPlant
SEVERE: Error al añadir planta: Not enough suns to buy the plant
Dec 15, 2024 4:38:30 AM domain.Game addPlant
INFO: Intentando añadir una planta: potatomine en (6, 2)
Dec 15, 2024 4:38:30 AM domain.Game addPlant
WARNING: No hay suficientes soles para añadir la planta: potatomine
Dec 15, 2024 4:38:30 AM domain.Game addPlant
SEVERE: Error al añadir planta: Not enough suns to buy the plant
Dec 15, 2024 4:38:30 AM domain.Game addPlant
INFO: Intentando añadir una planta: potatomine en (6, 3)
Dec 15, 2024 4:38:30 AM domain.Game addPlant
WARNING: No hay suficientes soles para añadir la planta: potatomine
Dec 15, 2024 4:38:30 AM domain.Game addPlant
SEVERE: Error al añadir planta: Not enough suns to buy the plant
Dec 15, 2024 4:38:30 AM domain.Game addPlant
INFO: Intentando añadir una planta: potatomine en (6, 4)
Dec 15, 2024 4:38:30 AM domain.Game addPlant
WARNING: No hay suficientes soles para añadir la planta: potatomine
Dec 15, 2024 4:38:30 AM domain.Game addPlant
SEVERE: Error al añadir planta: Not enough suns to buy the plant
Dec 15, 2024 4:38:31 AM domain.Game addZombie
INFO: Intentando añadir un zombie: brainstein en (10, 0)
Dec 15, 2024 4:38:31 AM domain.Game addZombie
WARNING: No hay suficientes cerebros para añadir el zombie: brainstein
Dec 15, 2024 4:38:31 AM domain.Game addZombie
SEVERE: Error al añadir zombie: Not enough brains to buy the plant
Dec 15, 2024 4:38:31 AM domain.Game addPlant
INFO: Intentando añadir una planta: sunflower en (2, 1)
Dec 15, 2024 4:38:31 AM domain.Game addPlant
WARNING: No hay suficientes soles para añadir la planta: sunflower
Dec 15, 2024 4:38:31 AM domain.plants.Sunflower generateSun
INFO: sol generado
Dec 15, 2024 4:38:31 AM domain.Game addPlant
SEVERE: Error al añadir planta: Not enough suns to buy the plant
Dec 15, 2024 4:38:31 AM domain.Game addPlant
INFO: Intentando añadir una planta: sunflower en (2, 3)
Dec 15, 2024 4:38:31 AM domain.Game addPlant
WARNING: No hay suficientes soles para añadir la planta: sunflower
Dec 15, 2024 4:38:31 AM domain.plants.Sunflower generateSun
INFO: sol generado
Dec 15, 2024 4:38:31 AM domain.Game addPlant
SEVERE: Error al añadir planta: Not enough suns to buy the plant
Dec 15, 2024 4:38:31 AM domain.Game addPlant
INFO: Intentando añadir una planta: wallnut en (5, 0)
Dec 15, 2024 4:38:31 AM domain.Game addPlant
INFO: Planta añadida exitosamente: wallnut en (5, 0)
Dec 15, 2024 4:38:31 AM domain.Game addPlant
INFO: Intentando añadir una planta: wallnut en (5, 1)
Dec 15, 2024 4:38:31 AM domain.Game addPlant
WARNING: No hay suficientes soles para añadir la planta: wallnut
Dec 15, 2024 4:38:31 AM domain.Game addPlant
SEVERE: Error al añadir planta: Not enough suns to buy the plant
Dec 15, 2024 4:38:31 AM domain.Game addPlant
INFO: Intentando añadir una planta: wallnut en (5, 2)
Dec 15, 2024 4:38:31 AM domain.Game addPlant
WARNING: No hay suficientes soles para añadir la planta: wallnut
Dec 15, 2024 4:38:31 AM domain.Game addPlant
SEVERE: Error al añadir planta: Not enough suns to buy the plant
Dec 15, 2024 4:38:31 AM domain.Game addPlant
INFO: Intentando añadir una planta: wallnut en (5, 3)
Dec 15, 2024 4:38:31 AM domain.Game addPlant
WARNING: No hay suficientes soles para añadir la planta: wallnut
Dec 15, 2024 4:38:31 AM domain.Game addPlant
SEVERE: Error al añadir planta: Not enough suns to buy the plant
Dec 15, 2024 4:38:31 AM domain.Game addPlant
INFO: Intentando añadir una planta: wallnut en (5, 4)
Dec 15, 2024 4:38:31 AM domain.Game addPlant
WARNING: No hay suficientes soles para añadir la planta: wallnut
Dec 15, 2024 4:38:31 AM domain.Game addPlant
SEVERE: Error al añadir planta: Not enough suns to buy the plant
Dec 15, 2024 4:38:32 AM domain.Game addZombie
INFO: Intentando añadir un zombie: brainstein en (10, 0)
Dec 15, 2024 4:38:32 AM domain.Game addZombie
WARNING: No hay suficientes cerebros para añadir el zombie: brainstein
Dec 15, 2024 4:38:32 AM domain.Game addZombie
SEVERE: Error al añadir zombie: Not enough brains to buy the plant
Dec 15, 2024 4:38:32 AM domain.Game addPlant
INFO: Intentando añadir una planta: sunflower en (2, 1)
Dec 15, 2024 4:38:32 AM domain.Game addPlant
WARNING: No hay suficientes soles para añadir la planta: sunflower
Dec 15, 2024 4:38:32 AM domain.plants.Sunflower generateSun
INFO: sol generado
Dec 15, 2024 4:38:32 AM domain.Game addPlant
SEVERE: Error al añadir planta: Not enough suns to buy the plant
Dec 15, 2024 4:38:32 AM domain.Game addPlant
INFO: Intentando añadir una planta: sunflower en (2, 3)
Dec 15, 2024 4:38:32 AM domain.Game addPlant
WARNING: No hay suficientes soles para añadir la planta: sunflower
Dec 15, 2024 4:38:32 AM domain.plants.Sunflower generateSun
INFO: sol generado
Dec 15, 2024 4:38:32 AM domain.Game addPlant
SEVERE: Error al añadir planta: Not enough suns to buy the plant
Dec 15, 2024 4:38:32 AM domain.Game addPlant
INFO: Intentando añadir una planta: wallnut en (4, 0)
Dec 15, 2024 4:38:32 AM domain.Game addPlant
INFO: Planta añadida exitosamente: wallnut en (4, 0)
Dec 15, 2024 4:38:32 AM domain.Game addPlant
INFO: Intentando añadir una planta: wallnut en (4, 1)
Dec 15, 2024 4:38:32 AM domain.Game addPlant
WARNING: No hay suficientes soles para añadir la planta: wallnut
Dec 15, 2024 4:38:32 AM domain.Game addPlant
SEVERE: Error al añadir planta: Not enough suns to buy the plant
Dec 15, 2024 4:38:32 AM domain.Game addPlant
INFO: Intentando añadir una planta: wallnut en (4, 2)
Dec 15, 2024 4:38:32 AM domain.Game addPlant
WARNING: No hay suficientes soles para añadir la planta: wallnut
Dec 15, 2024 4:38:32 AM domain.Game addPlant
SEVERE: Error al añadir planta: Not enough suns to buy the plant
Dec 15, 2024 4:38:32 AM domain.Game addPlant
INFO: Intentando añadir una planta: wallnut en (4, 3)
Dec 15, 2024 4:38:32 AM domain.Game addPlant
WARNING: No hay suficientes soles para añadir la planta: wallnut
Dec 15, 2024 4:38:32 AM domain.Game addPlant
SEVERE: Error al añadir planta: Not enough suns to buy the plant
Dec 15, 2024 4:38:32 AM domain.Game addPlant
INFO: Intentando añadir una planta: wallnut en (4, 4)
Dec 15, 2024 4:38:32 AM domain.Game addPlant
WARNING: No hay suficientes soles para añadir la planta: wallnut
Dec 15, 2024 4:38:32 AM domain.Game addPlant
SEVERE: Error al añadir planta: Not enough suns to buy the plant
Dec 15, 2024 4:38:33 AM domain.plants.Sunflower generateSun
INFO: sol generado
Dec 15, 2024 4:38:33 AM domain.plants.Sunflower generateSun
INFO: sol generado
Dec 15, 2024 4:38:33 AM domain.Game addZombie
INFO: Intentando añadir un zombie: brainstein en (10, 0)
Dec 15, 2024 4:38:33 AM domain.Game addZombie
WARNING: No hay suficientes cerebros para añadir el zombie: brainstein
Dec 15, 2024 4:38:33 AM domain.Game addZombie
SEVERE: Error al añadir zombie: Not enough brains to buy the plant
Dec 15, 2024 4:38:33 AM domain.plants.Sunflower generateSun
INFO: sol generado
Dec 15, 2024 4:38:33 AM domain.Game addPlant
INFO: Intentando añadir una planta: sunflower en (2, 1)
Dec 15, 2024 4:38:33 AM domain.Game addPlant
INFO: Planta añadida exitosamente: sunflower en (2, 1)
Dec 15, 2024 4:38:33 AM domain.plants.Sunflower generateSun
INFO: sol generado
Dec 15, 2024 4:38:33 AM domain.Game addPlant
INFO: Intentando añadir una planta: sunflower en (2, 3)
Dec 15, 2024 4:38:33 AM domain.Game addPlant
INFO: Planta añadida exitosamente: sunflower en (2, 3)
Dec 15, 2024 4:38:33 AM domain.plants.Sunflower generateSun
INFO: sol generado
Dec 15, 2024 4:38:33 AM domain.Game addPlant
INFO: Intentando añadir una planta: eciplant en (1, 0)
Dec 15, 2024 4:38:33 AM domain.Game addPlant
WARNING: No hay suficientes soles para añadir la planta: eciplant
Dec 15, 2024 4:38:33 AM domain.plants.ECIPlant generateSun
INFO: sol generado
Dec 15, 2024 4:38:33 AM domain.Game addPlant
SEVERE: Error al añadir planta: Not enough suns to buy the plant
Dec 15, 2024 4:38:33 AM domain.Game addPlant
INFO: Intentando añadir una planta: eciplant en (1, 1)
Dec 15, 2024 4:38:33 AM domain.Game addPlant
INFO: Planta añadida exitosamente: eciplant en (1, 1)
Dec 15, 2024 4:38:33 AM domain.plants.ECIPlant generateSun
INFO: sol generado
Dec 15, 2024 4:38:33 AM domain.Game addPlant
INFO: Intentando añadir una planta: eciplant en (1, 3)
Dec 15, 2024 4:38:33 AM domain.Game addPlant
WARNING: No hay suficientes soles para añadir la planta: eciplant
Dec 15, 2024 4:38:33 AM domain.plants.ECIPlant generateSun
INFO: sol generado
Dec 15, 2024 4:38:33 AM domain.Game addPlant
SEVERE: Error al añadir planta: Not enough suns to buy the plant
Dec 15, 2024 4:38:33 AM domain.Game addPlant
INFO: Intentando añadir una planta: eciplant en (1, 4)
Dec 15, 2024 4:38:33 AM domain.Game addPlant
INFO: Planta añadida exitosamente: eciplant en (1, 4)
Dec 15, 2024 4:38:33 AM domain.plants.ECIPlant generateSun
INFO: sol generado
Dec 15, 2024 4:38:34 AM domain.Game addZombie
INFO: Intentando añadir un zombie: brainstein en (10, 0)
Dec 15, 2024 4:38:34 AM domain.Game addZombie
WARNING: No hay suficientes cerebros para añadir el zombie: brainstein
Dec 15, 2024 4:38:34 AM domain.Game addZombie
SEVERE: Error al añadir zombie: Not enough brains to buy the plant
Dec 15, 2024 4:38:34 AM domain.Game addPlant
INFO: Intentando añadir una planta: peashooter en (3, 0)
Dec 15, 2024 4:38:34 AM domain.Game addPlant
WARNING: No hay suficientes soles para añadir la planta: peashooter
Dec 15, 2024 4:38:34 AM domain.Game addPlant
SEVERE: Error al añadir planta: Not enough suns to buy the plant
Dec 15, 2024 4:38:34 AM domain.Game addPlant
INFO: Intentando añadir una planta: peashooter en (3, 1)
Dec 15, 2024 4:38:34 AM domain.Game addPlant
WARNING: No hay suficientes soles para añadir la planta: peashooter
Dec 15, 2024 4:38:34 AM domain.Game addPlant
SEVERE: Error al añadir planta: Not enough suns to buy the plant
Dec 15, 2024 4:38:34 AM domain.Game addPlant
INFO: Intentando añadir una planta: peashooter en (3, 2)
Dec 15, 2024 4:38:34 AM domain.Game addPlant
WARNING: No hay suficientes soles para añadir la planta: peashooter
Dec 15, 2024 4:38:34 AM domain.Game addPlant
SEVERE: Error al añadir planta: Not enough suns to buy the plant
Dec 15, 2024 4:38:34 AM domain.Game addPlant
INFO: Intentando añadir una planta: peashooter en (3, 3)
Dec 15, 2024 4:38:34 AM domain.Game addPlant
WARNING: No hay suficientes soles para añadir la planta: peashooter
Dec 15, 2024 4:38:34 AM domain.Game addPlant
SEVERE: Error al añadir planta: Not enough suns to buy the plant
Dec 15, 2024 4:38:34 AM domain.Game addPlant
INFO: Intentando añadir una planta: peashooter en (3, 4)
Dec 15, 2024 4:38:34 AM domain.Game addPlant
WARNING: No hay suficientes soles para añadir la planta: peashooter
Dec 15, 2024 4:38:34 AM domain.Game addPlant
SEVERE: Error al añadir planta: Not enough suns to buy the plant
Dec 15, 2024 4:38:35 AM domain.Game addZombie
INFO: Intentando añadir un zombie: brainstein en (10, 0)
Dec 15, 2024 4:38:35 AM domain.Game addZombie
INFO: Zombie añadido exitosamente: brainstein en (10, 0)
Dec 15, 2024 4:38:35 AM domain.Game addPlant
INFO: Intentando añadir una planta: wallnut en (4, 1)
Dec 15, 2024 4:38:35 AM domain.Game addPlant
INFO: Planta añadida exitosamente: wallnut en (4, 1)
Dec 15, 2024 4:38:35 AM domain.Game addPlant
INFO: Intentando añadir una planta: wallnut en (4, 2)
Dec 15, 2024 4:38:35 AM domain.Game addPlant
WARNING: No hay suficientes soles para añadir la planta: wallnut
Dec 15, 2024 4:38:35 AM domain.Game addPlant
SEVERE: Error al añadir planta: Not enough suns to buy the plant
Dec 15, 2024 4:38:35 AM domain.Game addPlant
INFO: Intentando añadir una planta: wallnut en (4, 3)
Dec 15, 2024 4:38:35 AM domain.Game addPlant
WARNING: No hay suficientes soles para añadir la planta: wallnut
Dec 15, 2024 4:38:35 AM domain.Game addPlant
SEVERE: Error al añadir planta: Not enough suns to buy the plant
Dec 15, 2024 4:38:35 AM domain.Game addPlant
INFO: Intentando añadir una planta: wallnut en (4, 4)
Dec 15, 2024 4:38:35 AM domain.Game addPlant
WARNING: No hay suficientes soles para añadir la planta: wallnut
Dec 15, 2024 4:38:35 AM domain.Game addPlant
SEVERE: Error al añadir planta: Not enough suns to buy the plant
Dec 15, 2024 4:38:36 AM domain.plants.Sunflower generateSun
INFO: sol generado
Dec 15, 2024 4:38:36 AM domain.plants.Sunflower generateSun
INFO: sol generado
Dec 15, 2024 4:38:36 AM domain.plants.Sunflower generateSun
INFO: sol generado
Dec 15, 2024 4:38:36 AM domain.Game addZombie
INFO: Intentando añadir un zombie: basic en (10, 3)
Dec 15, 2024 4:38:36 AM domain.Game addZombie
INFO: Zombie añadido exitosamente: basic en (10, 3)
Dec 15, 2024 4:38:36 AM domain.plants.Sunflower generateSun
INFO: sol generado
Dec 15, 2024 4:38:36 AM domain.plants.Sunflower generateSun
INFO: sol generado
Dec 15, 2024 4:38:36 AM domain.plants.ECIPlant generateSun
INFO: sol generado
Dec 15, 2024 4:38:36 AM domain.plants.ECIPlant generateSun
INFO: sol generado
Dec 15, 2024 4:38:36 AM domain.Game addPlant
INFO: Intentando añadir una planta: wallnut en (5, 1)
Dec 15, 2024 4:38:36 AM domain.Game addPlant
INFO: Planta añadida exitosamente: wallnut en (5, 1)
Dec 15, 2024 4:38:36 AM domain.Game addPlant
INFO: Intentando añadir una planta: wallnut en (5, 2)
Dec 15, 2024 4:38:36 AM domain.Game addPlant
INFO: Planta añadida exitosamente: wallnut en (5, 2)
Dec 15, 2024 4:38:36 AM domain.Game addPlant
INFO: Intentando añadir una planta: wallnut en (5, 3)
Dec 15, 2024 4:38:36 AM domain.Game addPlant
INFO: Planta añadida exitosamente: wallnut en (5, 3)
Dec 15, 2024 4:38:36 AM domain.Game addPlant
INFO: Intentando añadir una planta: wallnut en (5, 4)
Dec 15, 2024 4:38:36 AM domain.Game addPlant
INFO: Planta añadida exitosamente: wallnut en (5, 4)
]]></system-err>
  </testcase>
  <testcase name="shouldEndGame" classname="GameTest" time="0.001"/>
  <testcase name="shouldPrintBoard" classname="GameTest" time="5.009">
    <system-out><![CDATA[[domain.players.Human@315f43d5, domain.players.Human@68fa0ba8]







Game Board:
. . . . . . . . . . . 
. . . . . . . . . . . 
. . . . P . . . . . . 
. . . . . . . . . . . 
. . . . . . . . . . . 
LawnMowers:
L . . . . . . . . . . 
L . . . . . . . . . . 
L . . . . . . . . . . 
L . . . . . . . . . . 
L . . . . . . . . . . 

]]></system-out>
    <system-err><![CDATA[Dec 15, 2024 4:38:37 AM domain.Game addPlant
INFO: Intentando añadir una planta: peashooter en (4, 2)
Dec 15, 2024 4:38:37 AM domain.Game addPlant
INFO: Planta añadida exitosamente: peashooter en (4, 2)
Dec 15, 2024 4:38:37 AM domain.Game addZombie
INFO: Intentando añadir un zombie: basic en (9, 0)
Dec 15, 2024 4:38:37 AM domain.Game addZombie
INFO: Zombie añadido exitosamente: basic en (9, 0)
Dec 15, 2024 4:38:37 AM domain.Game addPlant
INFO: Intentando añadir una planta: eciplant en (1, 0)
Dec 15, 2024 4:38:37 AM domain.Game addPlant
WARNING: No hay suficientes soles para añadir la planta: eciplant
Dec 15, 2024 4:38:37 AM domain.plants.ECIPlant generateSun
INFO: sol generado
Dec 15, 2024 4:38:37 AM domain.Game addPlant
SEVERE: Error al añadir planta: Not enough suns to buy the plant
Dec 15, 2024 4:38:37 AM domain.Game addPlant
INFO: Intentando añadir una planta: eciplant en (1, 3)
Dec 15, 2024 4:38:37 AM domain.Game addPlant
INFO: Planta añadida exitosamente: eciplant en (1, 3)
Dec 15, 2024 4:38:37 AM domain.plants.ECIPlant generateSun
INFO: sol generado
Dec 15, 2024 4:38:38 AM domain.Game addZombie
INFO: Intentando añadir un zombie: brainstein en (10, 0)
Dec 15, 2024 4:38:38 AM domain.Game addZombie
INFO: Zombie añadido exitosamente: brainstein en (10, 0)
Dec 15, 2024 4:38:38 AM domain.Game addPlant
INFO: Intentando añadir una planta: peashooter en (3, 0)
Dec 15, 2024 4:38:38 AM domain.Game addPlant
WARNING: No hay suficientes soles para añadir la planta: peashooter
Dec 15, 2024 4:38:38 AM domain.Game addPlant
SEVERE: Error al añadir planta: Not enough suns to buy the plant
Dec 15, 2024 4:38:38 AM domain.Game addPlant
INFO: Intentando añadir una planta: peashooter en (3, 1)
Dec 15, 2024 4:38:38 AM domain.Game addPlant
WARNING: No hay suficientes soles para añadir la planta: peashooter
Dec 15, 2024 4:38:38 AM domain.Game addPlant
SEVERE: Error al añadir planta: Not enough suns to buy the plant
Dec 15, 2024 4:38:38 AM domain.Game addPlant
INFO: Intentando añadir una planta: peashooter en (3, 2)
Dec 15, 2024 4:38:38 AM domain.Game addPlant
WARNING: No hay suficientes soles para añadir la planta: peashooter
Dec 15, 2024 4:38:38 AM domain.Game addPlant
SEVERE: Error al añadir planta: Not enough suns to buy the plant
Dec 15, 2024 4:38:38 AM domain.Game addPlant
INFO: Intentando añadir una planta: peashooter en (3, 3)
Dec 15, 2024 4:38:38 AM domain.Game addPlant
WARNING: No hay suficientes soles para añadir la planta: peashooter
Dec 15, 2024 4:38:38 AM domain.Game addPlant
SEVERE: Error al añadir planta: Not enough suns to buy the plant
Dec 15, 2024 4:38:38 AM domain.Game addPlant
INFO: Intentando añadir una planta: peashooter en (3, 4)
Dec 15, 2024 4:38:38 AM domain.Game addPlant
WARNING: No hay suficientes soles para añadir la planta: peashooter
Dec 15, 2024 4:38:38 AM domain.Game addPlant
SEVERE: Error al añadir planta: Not enough suns to buy the plant
Dec 15, 2024 4:38:39 AM domain.plants.Sunflower generateSun
INFO: sol generado
Dec 15, 2024 4:38:39 AM domain.plants.Sunflower generateSun
INFO: sol generado
Dec 15, 2024 4:38:39 AM domain.plants.Sunflower generateSun
INFO: sol generado
Dec 15, 2024 4:38:39 AM domain.Game addZombie
INFO: Intentando añadir un zombie: basic en (9, 3)
Dec 15, 2024 4:38:39 AM domain.Game addZombie
INFO: Zombie añadido exitosamente: basic en (9, 3)
Dec 15, 2024 4:38:39 AM domain.plants.Sunflower generateSun
INFO: sol generado
Dec 15, 2024 4:38:39 AM domain.plants.Sunflower generateSun
INFO: sol generado
Dec 15, 2024 4:38:39 AM domain.plants.ECIPlant generateSun
INFO: sol generado
Dec 15, 2024 4:38:39 AM domain.plants.ECIPlant generateSun
INFO: sol generado
Dec 15, 2024 4:38:39 AM domain.Game addPlant
INFO: Intentando añadir una planta: eciplant en (1, 0)
Dec 15, 2024 4:38:39 AM domain.Game addPlant
INFO: Planta añadida exitosamente: eciplant en (1, 0)
Dec 15, 2024 4:38:39 AM domain.plants.ECIPlant generateSun
INFO: sol generado
Dec 15, 2024 4:38:39 AM domain.Game addPlant
INFO: Intentando añadir una planta: eciplant en (1, 3)
Dec 15, 2024 4:38:39 AM domain.Game addPlant
SEVERE: Error al añadir planta: Cannot add the unit because there is already a unit in the cell
Dec 15, 2024 4:38:40 AM domain.Game addZombie
INFO: Intentando añadir un zombie: buckethead en (9, 0)
Dec 15, 2024 4:38:40 AM domain.Game addZombie
INFO: Zombie añadido exitosamente: buckethead en (9, 0)
Dec 15, 2024 4:38:40 AM domain.plants.ECIPlant generateSun
INFO: sol generado
Dec 15, 2024 4:38:41 AM domain.Game addZombie
INFO: Intentando añadir un zombie: basic en (10, 3)
Dec 15, 2024 4:38:41 AM domain.Game addZombie
INFO: Zombie añadido exitosamente: basic en (10, 3)
Dec 15, 2024 4:38:41 AM domain.Game addPlant
INFO: Intentando añadir una planta: wallnut en (4, 2)
Dec 15, 2024 4:38:41 AM domain.Game addPlant
INFO: Planta añadida exitosamente: wallnut en (4, 2)
Dec 15, 2024 4:38:41 AM domain.Game addPlant
INFO: Intentando añadir una planta: wallnut en (4, 3)
Dec 15, 2024 4:38:41 AM domain.Game addPlant
INFO: Planta añadida exitosamente: wallnut en (4, 3)
Dec 15, 2024 4:38:41 AM domain.Game addPlant
INFO: Intentando añadir una planta: wallnut en (4, 4)
Dec 15, 2024 4:38:41 AM domain.Game addPlant
INFO: Planta añadida exitosamente: wallnut en (4, 4)
Dec 15, 2024 4:38:42 AM domain.plants.Sunflower generateSun
INFO: sol generado
Dec 15, 2024 4:38:42 AM domain.plants.Sunflower generateSun
INFO: sol generado
]]></system-err>
  </testcase>
  <testcase name="shouldGenerateSunFlower" classname="GameTest" time="3.004">
    <system-out><![CDATA[[domain.players.Human@3a0d172f, domain.players.Human@68ad99fe]


Activated!

]]></system-out>
    <system-err><![CDATA[Dec 15, 2024 4:38:42 AM domain.plants.Sunflower generateSun
INFO: sol generado
Dec 15, 2024 4:38:42 AM domain.Game addPlant
INFO: Intentando añadir una planta: sunflower en (4, 2)
Dec 15, 2024 4:38:42 AM domain.Game addPlant
INFO: Planta añadida exitosamente: sunflower en (4, 2)
Dec 15, 2024 4:38:42 AM domain.plants.Sunflower generateSun
INFO: sol generado
Dec 15, 2024 4:38:42 AM domain.Game addZombie
INFO: Intentando añadir un zombie: brainstein en (10, 0)
Dec 15, 2024 4:38:42 AM domain.Game addZombie
INFO: Zombie añadido exitosamente: brainstein en (10, 0)
Dec 15, 2024 4:38:42 AM domain.plants.Sunflower generateSun
INFO: sol generado
Dec 15, 2024 4:38:42 AM domain.plants.Sunflower generateSun
INFO: sol generado
Dec 15, 2024 4:38:42 AM domain.plants.ECIPlant generateSun
INFO: sol generado
Dec 15, 2024 4:38:42 AM domain.plants.ECIPlant generateSun
INFO: sol generado
Dec 15, 2024 4:38:42 AM domain.plants.ECIPlant generateSun
INFO: sol generado
Dec 15, 2024 4:38:42 AM domain.Game addPlant
INFO: Intentando añadir una planta: potatomine en (7, 0)
Dec 15, 2024 4:38:42 AM domain.Game addPlant
SEVERE: Error al añadir planta: Cannot add the unit because there is already a unit in the cell
Dec 15, 2024 4:38:42 AM domain.Game addPlant
INFO: Intentando añadir una planta: potatomine en (7, 1)
Dec 15, 2024 4:38:42 AM domain.Game addPlant
INFO: Planta añadida exitosamente: potatomine en (7, 1)
Dec 15, 2024 4:38:42 AM domain.Game addPlant
INFO: Intentando añadir una planta: potatomine en (7, 2)
Dec 15, 2024 4:38:42 AM domain.Game addPlant
INFO: Planta añadida exitosamente: potatomine en (7, 2)
Dec 15, 2024 4:38:42 AM domain.Game addPlant
INFO: Intentando añadir una planta: potatomine en (7, 3)
Dec 15, 2024 4:38:42 AM domain.Game addPlant
INFO: Planta añadida exitosamente: potatomine en (7, 3)
Dec 15, 2024 4:38:42 AM domain.Game addPlant
INFO: Intentando añadir una planta: potatomine en (7, 4)
Dec 15, 2024 4:38:42 AM domain.Game addPlant
INFO: Planta añadida exitosamente: potatomine en (7, 4)
Dec 15, 2024 4:38:43 AM domain.Game addZombie
INFO: Intentando añadir un zombie: conehead en (9, 0)
Dec 15, 2024 4:38:43 AM domain.Game addZombie
INFO: Zombie añadido exitosamente: conehead en (9, 0)
Dec 15, 2024 4:38:43 AM domain.plants.ECIPlant generateSun
INFO: sol generado
Dec 15, 2024 4:38:43 AM domain.Game addPlant
INFO: Intentando añadir una planta: peashooter en (3, 0)
Dec 15, 2024 4:38:43 AM domain.Game addPlant
INFO: Planta añadida exitosamente: peashooter en (3, 0)
Dec 15, 2024 4:38:43 AM domain.Game addPlant
INFO: Intentando añadir una planta: peashooter en (3, 1)
Dec 15, 2024 4:38:43 AM domain.Game addPlant
INFO: Planta añadida exitosamente: peashooter en (3, 1)
Dec 15, 2024 4:38:43 AM domain.Game addPlant
INFO: Intentando añadir una planta: peashooter en (3, 2)
Dec 15, 2024 4:38:43 AM domain.Game addPlant
INFO: Planta añadida exitosamente: peashooter en (3, 2)
Dec 15, 2024 4:38:43 AM domain.Game addPlant
INFO: Intentando añadir una planta: peashooter en (3, 3)
Dec 15, 2024 4:38:43 AM domain.Game addPlant
INFO: Planta añadida exitosamente: peashooter en (3, 3)
Dec 15, 2024 4:38:43 AM domain.Game addPlant
INFO: Intentando añadir una planta: peashooter en (3, 4)
Dec 15, 2024 4:38:43 AM domain.Game addPlant
WARNING: No hay suficientes soles para añadir la planta: peashooter
Dec 15, 2024 4:38:43 AM domain.Game addPlant
SEVERE: Error al añadir planta: Not enough suns to buy the plant
Dec 15, 2024 4:38:44 AM domain.Game addZombie
INFO: Intentando añadir un zombie: buckethead en (9, 0)
Dec 15, 2024 4:38:44 AM domain.Game addZombie
INFO: Zombie añadido exitosamente: buckethead en (9, 0)
Dec 15, 2024 4:38:44 AM domain.Game addPlant
INFO: Intentando añadir una planta: eciplant en (1, 0)
Dec 15, 2024 4:38:44 AM domain.Game addPlant
SEVERE: Error al añadir planta: Cannot add the unit because there is already a unit in the cell
Dec 15, 2024 4:38:45 AM domain.plants.Sunflower generateSun
INFO: sol generado
Dec 15, 2024 4:38:45 AM domain.plants.Sunflower generateSun
INFO: sol generado
Dec 15, 2024 4:38:45 AM domain.plants.Sunflower generateSun
INFO: sol generado
]]></system-err>
  </testcase>
  <testcase name="shouldExploitedPotato" classname="GameTest" time="15.004">
    <system-out><![CDATA[[domain.players.Human@781f10f2, domain.players.Human@2a79d4b1]

POW :D


Activated!
Activated!
Activated!


Activated!
]]></system-out>
    <system-err><![CDATA[Dec 15, 2024 4:38:45 AM domain.Game addPlant
INFO: Intentando añadir una planta: potatomine en (2, 2)
Dec 15, 2024 4:38:45 AM domain.Game addPlant
INFO: Planta añadida exitosamente: potatomine en (2, 2)
Dec 15, 2024 4:38:45 AM domain.Game addZombie
INFO: Intentando añadir un zombie: basic en (9, 2)
Dec 15, 2024 4:38:45 AM domain.Game addZombie
INFO: Zombie añadido exitosamente: basic en (9, 2)
Dec 15, 2024 4:38:45 AM domain.Game addZombie
INFO: Intentando añadir un zombie: conehead en (9, 0)
Dec 15, 2024 4:38:45 AM domain.Game addZombie
INFO: Zombie añadido exitosamente: conehead en (9, 0)
Dec 15, 2024 4:38:45 AM domain.plants.Sunflower generateSun
INFO: sol generado
Dec 15, 2024 4:38:45 AM domain.plants.Sunflower generateSun
INFO: sol generado
Dec 15, 2024 4:38:45 AM domain.plants.ECIPlant generateSun
INFO: sol generado
Dec 15, 2024 4:38:45 AM domain.plants.ECIPlant generateSun
INFO: sol generado
Dec 15, 2024 4:38:45 AM domain.plants.ECIPlant generateSun
INFO: sol generado
Dec 15, 2024 4:38:45 AM domain.Game addPlant
INFO: Intentando añadir una planta: potatomine en (7, 0)
Dec 15, 2024 4:38:45 AM domain.Game addPlant
SEVERE: Error al añadir planta: Cannot add the unit because there is already a unit in the cell
Dec 15, 2024 4:38:45 AM domain.Game addPlant
INFO: Intentando añadir una planta: potatomine en (7, 3)
Dec 15, 2024 4:38:45 AM domain.Game addPlant
INFO: Planta añadida exitosamente: potatomine en (7, 3)
Dec 15, 2024 4:38:45 AM domain.Game deleteUnit
INFO: Unidad eliminada exitosamente en la posición (6, 0)
Dec 15, 2024 4:38:46 AM domain.Game addZombie
INFO: Intentando añadir un zombie: brainstein en (10, 0)
Dec 15, 2024 4:38:46 AM domain.Game addZombie
INFO: Zombie añadido exitosamente: brainstein en (10, 0)
Dec 15, 2024 4:38:46 AM domain.plants.ECIPlant generateSun
INFO: sol generado
Dec 15, 2024 4:38:46 AM domain.Game addPlant
INFO: Intentando añadir una planta: eciplant en (1, 0)
Dec 15, 2024 4:38:46 AM domain.Game addPlant
SEVERE: Error al añadir planta: Cannot add the unit because there is already a unit in the cell
Dec 15, 2024 4:38:47 AM domain.Game addZombie
INFO: Intentando añadir un zombie: basic en (9, 0)
Dec 15, 2024 4:38:47 AM domain.Game addZombie
INFO: Zombie añadido exitosamente: basic en (9, 0)
Dec 15, 2024 4:38:47 AM domain.Game addPlant
INFO: Intentando añadir una planta: peashooter en (3, 4)
Dec 15, 2024 4:38:47 AM domain.Game addPlant
INFO: Planta añadida exitosamente: peashooter en (3, 4)
Dec 15, 2024 4:38:48 AM domain.plants.Sunflower generateSun
INFO: sol generado
Dec 15, 2024 4:38:48 AM domain.plants.Sunflower generateSun
INFO: sol generado
Dec 15, 2024 4:38:48 AM domain.plants.Sunflower generateSun
INFO: sol generado
Dec 15, 2024 4:38:48 AM domain.Game addZombie
INFO: Intentando añadir un zombie: conehead en (9, 0)
Dec 15, 2024 4:38:48 AM domain.Game addZombie
INFO: Zombie añadido exitosamente: conehead en (9, 0)
Dec 15, 2024 4:38:48 AM domain.plants.Sunflower generateSun
INFO: sol generado
Dec 15, 2024 4:38:48 AM domain.plants.Sunflower generateSun
INFO: sol generado
Dec 15, 2024 4:38:48 AM domain.plants.ECIPlant generateSun
INFO: sol generado
Dec 15, 2024 4:38:48 AM domain.plants.ECIPlant generateSun
INFO: sol generado
Dec 15, 2024 4:38:48 AM domain.plants.ECIPlant generateSun
INFO: sol generado
Dec 15, 2024 4:38:48 AM domain.Game addPlant
INFO: Intentando añadir una planta: eciplant en (1, 0)
Dec 15, 2024 4:38:48 AM domain.Game addPlant
SEVERE: Error al añadir planta: Cannot add the unit because there is already a unit in the cell
Dec 15, 2024 4:38:49 AM domain.Game addZombie
INFO: Intentando añadir un zombie: basic en (9, 0)
Dec 15, 2024 4:38:49 AM domain.Game addZombie
INFO: Zombie añadido exitosamente: basic en (9, 0)
Dec 15, 2024 4:38:49 AM domain.plants.ECIPlant generateSun
INFO: sol generado
Dec 15, 2024 4:38:50 AM domain.Game addZombie
INFO: Intentando añadir un zombie: brainstein en (10, 0)
Dec 15, 2024 4:38:50 AM domain.Game addZombie
INFO: Zombie añadido exitosamente: brainstein en (10, 0)
Dec 15, 2024 4:38:50 AM domain.Game addPlant
INFO: Intentando añadir una planta: potatomine en (6, 0)
Dec 15, 2024 4:38:50 AM domain.Game addPlant
INFO: Planta añadida exitosamente: potatomine en (6, 0)
Dec 15, 2024 4:38:50 AM domain.Game addPlant
INFO: Intentando añadir una planta: potatomine en (6, 1)
Dec 15, 2024 4:38:50 AM domain.Game addPlant
INFO: Planta añadida exitosamente: potatomine en (6, 1)
Dec 15, 2024 4:38:50 AM domain.Game addPlant
INFO: Intentando añadir una planta: potatomine en (6, 2)
Dec 15, 2024 4:38:50 AM domain.Game addPlant
INFO: Planta añadida exitosamente: potatomine en (6, 2)
Dec 15, 2024 4:38:50 AM domain.Game addPlant
INFO: Intentando añadir una planta: potatomine en (6, 3)
Dec 15, 2024 4:38:50 AM domain.Game addPlant
INFO: Planta añadida exitosamente: potatomine en (6, 3)
Dec 15, 2024 4:38:50 AM domain.Game addPlant
INFO: Intentando añadir una planta: potatomine en (6, 4)
Dec 15, 2024 4:38:50 AM domain.Game addPlant
INFO: Planta añadida exitosamente: potatomine en (6, 4)
Dec 15, 2024 4:38:51 AM domain.plants.Sunflower generateSun
INFO: sol generado
Dec 15, 2024 4:38:51 AM domain.plants.Sunflower generateSun
INFO: sol generado
Dec 15, 2024 4:38:51 AM domain.plants.Sunflower generateSun
INFO: sol generado
Dec 15, 2024 4:38:51 AM domain.Game addZombie
INFO: Intentando añadir un zombie: conehead en (9, 0)
Dec 15, 2024 4:38:51 AM domain.Game addZombie
INFO: Zombie añadido exitosamente: conehead en (9, 0)
Dec 15, 2024 4:38:51 AM domain.plants.Sunflower generateSun
INFO: sol generado
Dec 15, 2024 4:38:51 AM domain.plants.Sunflower generateSun
INFO: sol generado
Dec 15, 2024 4:38:51 AM domain.plants.ECIPlant generateSun
INFO: sol generado
Dec 15, 2024 4:38:51 AM domain.plants.ECIPlant generateSun
INFO: sol generado
Dec 15, 2024 4:38:51 AM domain.plants.ECIPlant generateSun
INFO: sol generado
Dec 15, 2024 4:38:52 AM domain.Game addZombie
INFO: Intentando añadir un zombie: buckethead en (9, 0)
Dec 15, 2024 4:38:52 AM domain.Game addZombie
INFO: Zombie añadido exitosamente: buckethead en (9, 0)
Dec 15, 2024 4:38:52 AM domain.plants.ECIPlant generateSun
INFO: sol generado
Dec 15, 2024 4:38:52 AM domain.Game addPlant
INFO: Intentando añadir una planta: potatomine en (6, 0)
Dec 15, 2024 4:38:52 AM domain.Game addPlant
INFO: Planta añadida exitosamente: potatomine en (6, 0)
Dec 15, 2024 4:38:53 AM domain.Game addZombie
INFO: Intentando añadir un zombie: buckethead en (9, 0)
Dec 15, 2024 4:38:53 AM domain.Game addZombie
INFO: Zombie añadido exitosamente: buckethead en (9, 0)
Dec 15, 2024 4:38:54 AM domain.plants.Sunflower generateSun
INFO: sol generado
Dec 15, 2024 4:38:54 AM domain.plants.Sunflower generateSun
INFO: sol generado
Dec 15, 2024 4:38:54 AM domain.plants.Sunflower generateSun
INFO: sol generado
Dec 15, 2024 4:38:54 AM domain.Game addZombie
INFO: Intentando añadir un zombie: brainstein en (10, 0)
Dec 15, 2024 4:38:54 AM domain.Game addZombie
INFO: Zombie añadido exitosamente: brainstein en (10, 0)
Dec 15, 2024 4:38:54 AM domain.plants.Sunflower generateSun
INFO: sol generado
Dec 15, 2024 4:38:54 AM domain.plants.Sunflower generateSun
INFO: sol generado
Dec 15, 2024 4:38:54 AM domain.plants.ECIPlant generateSun
INFO: sol generado
Dec 15, 2024 4:38:54 AM domain.plants.ECIPlant generateSun
INFO: sol generado
Dec 15, 2024 4:38:54 AM domain.plants.ECIPlant generateSun
INFO: sol generado
Dec 15, 2024 4:38:55 AM domain.Game addZombie
INFO: Intentando añadir un zombie: conehead en (9, 0)
Dec 15, 2024 4:38:55 AM domain.Game addZombie
INFO: Zombie añadido exitosamente: conehead en (9, 0)
Dec 15, 2024 4:38:55 AM domain.plants.ECIPlant generateSun
INFO: sol generado
Dec 15, 2024 4:38:56 AM domain.Game addZombie
INFO: Intentando añadir un zombie: buckethead en (9, 0)
Dec 15, 2024 4:38:56 AM domain.Game addZombie
INFO: Zombie añadido exitosamente: buckethead en (9, 0)
Dec 15, 2024 4:38:56 AM domain.Game addPlant
INFO: Intentando añadir una planta: potatomine en (7, 0)
Dec 15, 2024 4:38:56 AM domain.Game addPlant
SEVERE: Error al añadir planta: Cannot add the unit because there is already a unit in the cell
Dec 15, 2024 4:38:56 AM domain.Game addPlant
INFO: Intentando añadir una planta: potatomine en (7, 3)
Dec 15, 2024 4:38:56 AM domain.Game addPlant
INFO: Planta añadida exitosamente: potatomine en (7, 3)
Dec 15, 2024 4:38:57 AM domain.plants.Sunflower generateSun
INFO: sol generado
Dec 15, 2024 4:38:57 AM domain.plants.Sunflower generateSun
INFO: sol generado
Dec 15, 2024 4:38:57 AM domain.plants.Sunflower generateSun
INFO: sol generado
Dec 15, 2024 4:38:57 AM domain.Game addZombie
INFO: Intentando añadir un zombie: buckethead en (9, 0)
Dec 15, 2024 4:38:57 AM domain.Game addZombie
INFO: Zombie añadido exitosamente: buckethead en (9, 0)
Dec 15, 2024 4:38:57 AM domain.plants.Sunflower generateSun
INFO: sol generado
Dec 15, 2024 4:38:57 AM domain.plants.Sunflower generateSun
INFO: sol generado
Dec 15, 2024 4:38:57 AM domain.plants.ECIPlant generateSun
INFO: sol generado
Dec 15, 2024 4:38:57 AM domain.plants.ECIPlant generateSun
INFO: sol generado
Dec 15, 2024 4:38:57 AM domain.plants.ECIPlant generateSun
INFO: sol generado
Dec 15, 2024 4:38:58 AM domain.Game addZombie
INFO: Intentando añadir un zombie: brainstein en (10, 0)
Dec 15, 2024 4:38:58 AM domain.Game addZombie
INFO: Zombie añadido exitosamente: brainstein en (10, 0)
Dec 15, 2024 4:38:58 AM domain.plants.ECIPlant generateSun
INFO: sol generado
Dec 15, 2024 4:38:58 AM domain.Game addPlant
INFO: Intentando añadir una planta: eciplant en (1, 0)
Dec 15, 2024 4:38:58 AM domain.Game addPlant
SEVERE: Error al añadir planta: Cannot add the unit because there is already a unit in the cell
Dec 15, 2024 4:38:59 AM domain.Game addZombie
INFO: Intentando añadir un zombie: buckethead en (9, 0)
Dec 15, 2024 4:38:59 AM domain.Game addZombie
INFO: Zombie añadido exitosamente: buckethead en (9, 0)
Dec 15, 2024 4:39:00 AM domain.plants.Sunflower generateSun
INFO: sol generado
Dec 15, 2024 4:39:00 AM domain.plants.Sunflower generateSun
INFO: sol generado
Dec 15, 2024 4:39:00 AM domain.plants.Sunflower generateSun
INFO: sol generado
]]></system-err>
  </testcase>
  <testcase name="shouldNotRemoveSun" classname="GameTest" time="0.004">
    <system-out><![CDATA[[domain.players.Human@1af687fe, domain.players.Human@14dda234]
]]></system-out>
  </testcase>
  <testcase name="shouldNotGameOver" classname="GameTest" time="8.005">
    <system-out><![CDATA[[domain.players.Human@74a6a609, domain.players.Human@5a411614]

Activated!
Activated!
Activated!
Activated!


POW :D


]]></system-out>
    <system-err><![CDATA[Dec 15, 2024 4:39:00 AM domain.Game addZombie
INFO: Intentando añadir un zombie: basic en (10, 2)
Dec 15, 2024 4:39:00 AM domain.Game addZombie
INFO: Zombie añadido exitosamente: basic en (10, 2)
Dec 15, 2024 4:39:00 AM domain.Game addZombie
INFO: Intentando añadir un zombie: basic en (9, 0)
Dec 15, 2024 4:39:00 AM domain.Game addZombie
INFO: Zombie añadido exitosamente: basic en (9, 0)
Dec 15, 2024 4:39:00 AM domain.plants.Sunflower generateSun
INFO: sol generado
Dec 15, 2024 4:39:00 AM domain.plants.Sunflower generateSun
INFO: sol generado
Dec 15, 2024 4:39:00 AM domain.plants.ECIPlant generateSun
INFO: sol generado
Dec 15, 2024 4:39:00 AM domain.plants.ECIPlant generateSun
INFO: sol generado
Dec 15, 2024 4:39:00 AM domain.plants.ECIPlant generateSun
INFO: sol generado
Dec 15, 2024 4:39:01 AM domain.Game addZombie
INFO: Intentando añadir un zombie: basic en (9, 0)
Dec 15, 2024 4:39:01 AM domain.Game addZombie
INFO: Zombie añadido exitosamente: basic en (9, 0)
Dec 15, 2024 4:39:01 AM domain.plants.ECIPlant generateSun
INFO: sol generado
Dec 15, 2024 4:39:02 AM domain.Game addZombie
INFO: Intentando añadir un zombie: brainstein en (10, 0)
Dec 15, 2024 4:39:02 AM domain.Game addZombie
INFO: Zombie añadido exitosamente: brainstein en (10, 0)
Dec 15, 2024 4:39:03 AM domain.plants.Sunflower generateSun
INFO: sol generado
Dec 15, 2024 4:39:03 AM domain.plants.Sunflower generateSun
INFO: sol generado
Dec 15, 2024 4:39:03 AM domain.plants.Sunflower generateSun
INFO: sol generado
Dec 15, 2024 4:39:03 AM domain.Game addZombie
INFO: Intentando añadir un zombie: basic en (9, 0)
Dec 15, 2024 4:39:03 AM domain.Game addZombie
INFO: Zombie añadido exitosamente: basic en (9, 0)
Dec 15, 2024 4:39:03 AM domain.plants.Sunflower generateSun
INFO: sol generado
Dec 15, 2024 4:39:03 AM domain.plants.Sunflower generateSun
INFO: sol generado
Dec 15, 2024 4:39:03 AM domain.plants.ECIPlant generateSun
INFO: sol generado
Dec 15, 2024 4:39:03 AM domain.plants.ECIPlant generateSun
INFO: sol generado
Dec 15, 2024 4:39:03 AM domain.plants.ECIPlant generateSun
INFO: sol generado
Dec 15, 2024 4:39:03 AM domain.Game addPlant
INFO: Intentando añadir una planta: potatomine en (6, 0)
Dec 15, 2024 4:39:03 AM domain.Game addPlant
SEVERE: Error al añadir planta: Cannot add the unit because there is already a unit in the cell
Dec 15, 2024 4:39:04 AM domain.Game addZombie
INFO: Intentando añadir un zombie: basic en (10, 2)
Dec 15, 2024 4:39:04 AM domain.Game addZombie
INFO: Zombie añadido exitosamente: basic en (10, 2)
Dec 15, 2024 4:39:04 AM domain.Game addZombie
INFO: Intentando añadir un zombie: conehead en (9, 0)
Dec 15, 2024 4:39:04 AM domain.Game addZombie
INFO: Zombie añadido exitosamente: conehead en (9, 0)
Dec 15, 2024 4:39:04 AM domain.plants.ECIPlant generateSun
INFO: sol generado
Dec 15, 2024 4:39:04 AM domain.Game addPlant
INFO: Intentando añadir una planta: eciplant en (1, 0)
Dec 15, 2024 4:39:04 AM domain.Game addPlant
SEVERE: Error al añadir planta: Cannot add the unit because there is already a unit in the cell
Dec 15, 2024 4:39:05 AM domain.Game addZombie
INFO: Intentando añadir un zombie: conehead en (9, 0)
Dec 15, 2024 4:39:05 AM domain.Game addZombie
INFO: Zombie añadido exitosamente: conehead en (9, 0)
Dec 15, 2024 4:39:05 AM domain.Game addPlant
INFO: Intentando añadir una planta: eciplant en (1, 0)
Dec 15, 2024 4:39:05 AM domain.Game addPlant
SEVERE: Error al añadir planta: Cannot add the unit because there is already a unit in the cell
Dec 15, 2024 4:39:05 AM domain.Game deleteUnit
INFO: Unidad eliminada exitosamente en la posición (2, 2)
Dec 15, 2024 4:39:06 AM domain.plants.Sunflower generateSun
INFO: sol generado
Dec 15, 2024 4:39:06 AM domain.plants.Sunflower generateSun
INFO: sol generado
Dec 15, 2024 4:39:06 AM domain.plants.Sunflower generateSun
INFO: sol generado
Dec 15, 2024 4:39:06 AM domain.Game addZombie
INFO: Intentando añadir un zombie: brainstein en (10, 0)
Dec 15, 2024 4:39:06 AM domain.Game addZombie
INFO: Zombie añadido exitosamente: brainstein en (10, 0)
Dec 15, 2024 4:39:06 AM domain.plants.Sunflower generateSun
INFO: sol generado
Dec 15, 2024 4:39:06 AM domain.plants.Sunflower generateSun
INFO: sol generado
Dec 15, 2024 4:39:06 AM domain.plants.ECIPlant generateSun
INFO: sol generado
Dec 15, 2024 4:39:06 AM domain.plants.ECIPlant generateSun
INFO: sol generado
Dec 15, 2024 4:39:06 AM domain.plants.ECIPlant generateSun
INFO: sol generado
Dec 15, 2024 4:39:06 AM domain.Game addPlant
INFO: Intentando añadir una planta: eciplant en (1, 0)
Dec 15, 2024 4:39:06 AM domain.Game addPlant
SEVERE: Error al añadir planta: Cannot add the unit because there is already a unit in the cell
Dec 15, 2024 4:39:07 AM domain.Game addZombie
INFO: Intentando añadir un zombie: buckethead en (9, 0)
Dec 15, 2024 4:39:07 AM domain.Game addZombie
INFO: Zombie añadido exitosamente: buckethead en (9, 0)
Dec 15, 2024 4:39:07 AM domain.plants.ECIPlant generateSun
INFO: sol generado
Dec 15, 2024 4:39:07 AM domain.Game addPlant
INFO: Intentando añadir una planta: potatomine en (6, 0)
Dec 15, 2024 4:39:07 AM domain.Game addPlant
SEVERE: Error al añadir planta: Cannot add the unit because there is already a unit in the cell
]]></system-err>
  </testcase>
  <testcase name="shouldGenerateEciplant" classname="GameTest" time="3.007">
    <system-out><![CDATA[[domain.players.Human@38f116f6, domain.players.Human@5286c33a]

Activated!

]]></system-out>
    <system-err><![CDATA[Dec 15, 2024 4:39:08 AM domain.Game addPlant
INFO: Intentando añadir una planta: eciplant en (4, 2)
Dec 15, 2024 4:39:08 AM domain.Game addPlant
INFO: Planta añadida exitosamente: eciplant en (4, 2)
Dec 15, 2024 4:39:08 AM domain.plants.ECIPlant generateSun
INFO: sol generado
Dec 15, 2024 4:39:08 AM domain.Game addZombie
INFO: Intentando añadir un zombie: conehead en (9, 0)
Dec 15, 2024 4:39:08 AM domain.Game addZombie
INFO: Zombie añadido exitosamente: conehead en (9, 0)
Dec 15, 2024 4:39:09 AM domain.plants.Sunflower generateSun
INFO: sol generado
Dec 15, 2024 4:39:09 AM domain.plants.Sunflower generateSun
INFO: sol generado
Dec 15, 2024 4:39:09 AM domain.plants.Sunflower generateSun
INFO: sol generado
Dec 15, 2024 4:39:09 AM domain.plants.Sunflower generateSun
INFO: sol generado
Dec 15, 2024 4:39:09 AM domain.plants.Sunflower generateSun
INFO: sol generado
Dec 15, 2024 4:39:09 AM domain.Game addZombie
INFO: Intentando añadir un zombie: buckethead en (9, 0)
Dec 15, 2024 4:39:09 AM domain.Game addZombie
INFO: Zombie añadido exitosamente: buckethead en (9, 0)
Dec 15, 2024 4:39:09 AM domain.plants.ECIPlant generateSun
INFO: sol generado
Dec 15, 2024 4:39:09 AM domain.plants.ECIPlant generateSun
INFO: sol generado
Dec 15, 2024 4:39:09 AM domain.plants.ECIPlant generateSun
INFO: sol generado
Dec 15, 2024 4:39:09 AM domain.Game addPlant
INFO: Intentando añadir una planta: potatomine en (6, 0)
Dec 15, 2024 4:39:09 AM domain.Game addPlant
SEVERE: Error al añadir planta: Cannot add the unit because there is already a unit in the cell
Dec 15, 2024 4:39:10 AM domain.Game addZombie
INFO: Intentando añadir un zombie: brainstein en (10, 0)
Dec 15, 2024 4:39:10 AM domain.Game addZombie
INFO: Zombie añadido exitosamente: brainstein en (10, 0)
Dec 15, 2024 4:39:10 AM domain.plants.ECIPlant generateSun
INFO: sol generado
Dec 15, 2024 4:39:10 AM domain.Game addPlant
INFO: Intentando añadir una planta: potatomine en (7, 0)
Dec 15, 2024 4:39:10 AM domain.Game addPlant
SEVERE: Error al añadir planta: Cannot add the unit because there is already a unit in the cell
]]></system-err>
  </testcase>
  <testcase name="shouldAddZombie" classname="GameTest" time="0.006">
    <system-out><![CDATA[[domain.players.Human@6c25e6c4, domain.players.Human@85e6769]
]]></system-out>
    <system-err><![CDATA[Dec 15, 2024 4:39:11 AM domain.Game addZombie
INFO: Intentando añadir un zombie: basic en (10, 0)
Dec 15, 2024 4:39:11 AM domain.Game addZombie
INFO: Zombie añadido exitosamente: basic en (10, 0)
Dec 15, 2024 4:39:11 AM domain.Game addZombie
INFO: Intentando añadir un zombie: brainstein en (10, 1)
Dec 15, 2024 4:39:11 AM domain.Game addZombie
INFO: Zombie añadido exitosamente: brainstein en (10, 1)
Dec 15, 2024 4:39:11 AM domain.Game addZombie
INFO: Intentando añadir un zombie: buckethead en (10, 2)
Dec 15, 2024 4:39:11 AM domain.Game addZombie
INFO: Zombie añadido exitosamente: buckethead en (10, 2)
Dec 15, 2024 4:39:11 AM domain.Game addZombie
INFO: Intentando añadir un zombie: conehead en (10, 3)
Dec 15, 2024 4:39:11 AM domain.Game addZombie
INFO: Zombie añadido exitosamente: conehead en (10, 3)
Dec 15, 2024 4:39:11 AM domain.Game addZombie
INFO: Intentando añadir un zombie: ecizombie en (10, 4)
Dec 15, 2024 4:39:11 AM domain.Game addZombie
INFO: Zombie añadido exitosamente: ecizombie en (10, 4)
]]></system-err>
  </testcase>
  <testcase name="shouldNotDeletePlant" classname="GameTest" time="0.007">
    <system-out><![CDATA[[domain.players.Human@435fb7b5, domain.players.Human@4e70a728]
]]></system-out>
    <system-err><![CDATA[Dec 15, 2024 4:39:11 AM domain.Game addZombie
INFO: Intentando añadir un zombie: conehead en (9, 0)
Dec 15, 2024 4:39:11 AM domain.Game addZombie
INFO: Zombie añadido exitosamente: conehead en (9, 0)
Dec 15, 2024 4:39:11 AM domain.Game addPlant
INFO: Intentando añadir una planta: wallnut en (4, 2)
Dec 15, 2024 4:39:11 AM domain.Game addPlant
INFO: Planta añadida exitosamente: wallnut en (4, 2)
Dec 15, 2024 4:39:11 AM domain.Game addPlant
INFO: Intentando añadir una planta: sunflower en (3, 2)
Dec 15, 2024 4:39:11 AM domain.Game addPlant
INFO: Planta añadida exitosamente: sunflower en (3, 2)
Dec 15, 2024 4:39:11 AM domain.plants.Sunflower generateSun
INFO: sol generado
Dec 15, 2024 4:39:11 AM domain.Game addPlant
INFO: Intentando añadir una planta: eciplant en (2, 2)
Dec 15, 2024 4:39:11 AM domain.Game addPlant
INFO: Planta añadida exitosamente: eciplant en (2, 2)
Dec 15, 2024 4:39:11 AM domain.plants.ECIPlant generateSun
INFO: sol generado
Dec 15, 2024 4:39:11 AM domain.Game addPlant
INFO: Intentando añadir una planta: potatomine en (5, 2)
Dec 15, 2024 4:39:11 AM domain.Game addPlant
INFO: Planta añadida exitosamente: potatomine en (5, 2)
Dec 15, 2024 4:39:11 AM domain.Game addPlant
INFO: Intentando añadir una planta: peashooter en (6, 2)
Dec 15, 2024 4:39:11 AM domain.Game addPlant
INFO: Planta añadida exitosamente: peashooter en (6, 2)
]]></system-err>
  </testcase>
  <testcase name="shouldDeletePlant" classname="GameTest" time="0.007">
    <system-out><![CDATA[[domain.players.Human@4c4748bf, domain.players.Human@7ce97ee5]
]]></system-out>
    <system-err><![CDATA[Dec 15, 2024 4:39:11 AM domain.Game addPlant
INFO: Intentando añadir una planta: wallnut en (4, 2)
Dec 15, 2024 4:39:11 AM domain.Game addPlant
INFO: Planta añadida exitosamente: wallnut en (4, 2)
Dec 15, 2024 4:39:11 AM domain.Game addPlant
INFO: Intentando añadir una planta: sunflower en (3, 2)
Dec 15, 2024 4:39:11 AM domain.Game addPlant
INFO: Planta añadida exitosamente: sunflower en (3, 2)
Dec 15, 2024 4:39:11 AM domain.plants.Sunflower generateSun
INFO: sol generado
Dec 15, 2024 4:39:11 AM domain.Game addPlant
INFO: Intentando añadir una planta: eciplant en (2, 2)
Dec 15, 2024 4:39:11 AM domain.Game addPlant
INFO: Planta añadida exitosamente: eciplant en (2, 2)
Dec 15, 2024 4:39:11 AM domain.plants.ECIPlant generateSun
INFO: sol generado
Dec 15, 2024 4:39:11 AM domain.Game addPlant
INFO: Intentando añadir una planta: potatomine en (5, 2)
Dec 15, 2024 4:39:11 AM domain.Game addPlant
INFO: Planta añadida exitosamente: potatomine en (5, 2)
Dec 15, 2024 4:39:11 AM domain.Game addPlant
INFO: Intentando añadir una planta: peashooter en (6, 2)
Dec 15, 2024 4:39:11 AM domain.Game addPlant
INFO: Planta añadida exitosamente: peashooter en (6, 2)
Dec 15, 2024 4:39:11 AM domain.Game deleteUnit
INFO: Unidad eliminada exitosamente en la posición (4, 2)
Dec 15, 2024 4:39:11 AM domain.Game deleteUnit
INFO: Unidad eliminada exitosamente en la posición (3, 2)
Dec 15, 2024 4:39:11 AM domain.Game deleteUnit
INFO: Unidad eliminada exitosamente en la posición (2, 2)
Dec 15, 2024 4:39:11 AM domain.Game deleteUnit
INFO: Unidad eliminada exitosamente en la posición (5, 2)
Dec 15, 2024 4:39:11 AM domain.Game deleteUnit
INFO: Unidad eliminada exitosamente en la posición (6, 2)
]]></system-err>
  </testcase>
  <testcase name="shouldAddMachineEasy" classname="GameTest" time="8.005">
    <system-out><![CDATA[[domain.players.Human@793138bd, domain.players.ZombiesOriginal@1951b871]

Error to put zombie: Not enough brains to buy the plant

Error to put zombie: Not enough brains to buy the plant
Error to put zombie: Not enough brains to buy the plant
Error to put zombie: Not enough brains to buy the plant

Error to put zombie: Not enough brains to buy the plant
Error to put zombie: Not enough brains to buy the plant

]]></system-out>
    <system-err><![CDATA[Dec 15, 2024 4:39:11 AM domain.Game addPlant
INFO: Intentando añadir una planta: eciplant en (1, 0)
Dec 15, 2024 4:39:11 AM domain.Game addPlant
SEVERE: Error al añadir planta: Cannot add the unit because there is already a unit in the cell
Dec 15, 2024 4:39:12 AM domain.plants.Sunflower generateSun
INFO: sol generado
Dec 15, 2024 4:39:12 AM domain.plants.Sunflower generateSun
INFO: sol generado
Dec 15, 2024 4:39:12 AM domain.plants.Sunflower generateSun
INFO: sol generado
Dec 15, 2024 4:39:12 AM domain.plants.Sunflower generateSun
INFO: sol generado
Dec 15, 2024 4:39:12 AM domain.plants.Sunflower generateSun
INFO: sol generado
Dec 15, 2024 4:39:12 AM domain.plants.ECIPlant generateSun
INFO: sol generado
Dec 15, 2024 4:39:12 AM domain.plants.ECIPlant generateSun
INFO: sol generado
Dec 15, 2024 4:39:12 AM domain.Game addZombie
INFO: Intentando añadir un zombie: buckethead en (9, 0)
Dec 15, 2024 4:39:12 AM domain.Game addZombie
INFO: Zombie añadido exitosamente: buckethead en (9, 0)
Dec 15, 2024 4:39:12 AM domain.plants.ECIPlant generateSun
INFO: sol generado
Dec 15, 2024 4:39:12 AM domain.Game addZombie
INFO: Intentando añadir un zombie: brainstein en (10, 3)
Dec 15, 2024 4:39:12 AM domain.Game addZombie
INFO: Zombie añadido exitosamente: brainstein en (10, 3)
Dec 15, 2024 4:39:13 AM domain.Game addZombie
INFO: Intentando añadir un zombie: buckethead en (9, 0)
Dec 15, 2024 4:39:13 AM domain.Game addZombie
INFO: Zombie añadido exitosamente: buckethead en (9, 0)
Dec 15, 2024 4:39:13 AM domain.plants.ECIPlant generateSun
INFO: sol generado
Dec 15, 2024 4:39:13 AM domain.Game addZombie
INFO: Intentando añadir un zombie: conehead en (9, 4)
Dec 15, 2024 4:39:13 AM domain.Game addZombie
WARNING: No hay suficientes cerebros para añadir el zombie: conehead
Dec 15, 2024 4:39:13 AM domain.Game addZombie
SEVERE: Error al añadir zombie: Not enough brains to buy the plant
Dec 15, 2024 4:39:13 AM domain.Game addPlant
INFO: Intentando añadir una planta: potatomine en (6, 0)
Dec 15, 2024 4:39:13 AM domain.Game addPlant
SEVERE: Error al añadir planta: Cannot add the unit because there is already a unit in the cell
Dec 15, 2024 4:39:14 AM domain.Game addZombie
INFO: Intentando añadir un zombie: brainstein en (10, 0)
Dec 15, 2024 4:39:14 AM domain.Game addZombie
INFO: Zombie añadido exitosamente: brainstein en (10, 0)
Dec 15, 2024 4:39:14 AM domain.plants.Sunflower generateSun
INFO: sol generado
Dec 15, 2024 4:39:14 AM domain.plants.ECIPlant generateSun
INFO: sol generado
Dec 15, 2024 4:39:14 AM domain.plants.Sunflower generateSun
INFO: sol generado
Dec 15, 2024 4:39:14 AM domain.plants.ECIPlant generateSun
INFO: sol generado
Dec 15, 2024 4:39:14 AM domain.Game addZombie
INFO: Intentando añadir un zombie: brainstein en (10, 1)
Dec 15, 2024 4:39:14 AM domain.Game addZombie
WARNING: No hay suficientes cerebros para añadir el zombie: brainstein
Dec 15, 2024 4:39:14 AM domain.Game addZombie
SEVERE: Error al añadir zombie: Not enough brains to buy the plant
Dec 15, 2024 4:39:15 AM domain.plants.Sunflower generateSun
INFO: sol generado
Dec 15, 2024 4:39:15 AM domain.plants.Sunflower generateSun
INFO: sol generado
Dec 15, 2024 4:39:15 AM domain.plants.Sunflower generateSun
INFO: sol generado
Dec 15, 2024 4:39:15 AM domain.plants.Sunflower generateSun
INFO: sol generado
Dec 15, 2024 4:39:15 AM domain.plants.Sunflower generateSun
INFO: sol generado
Dec 15, 2024 4:39:15 AM domain.plants.ECIPlant generateSun
INFO: sol generado
Dec 15, 2024 4:39:15 AM domain.plants.ECIPlant generateSun
INFO: sol generado
Dec 15, 2024 4:39:15 AM domain.Game addZombie
INFO: Intentando añadir un zombie: conehead en (9, 0)
Dec 15, 2024 4:39:15 AM domain.Game addZombie
INFO: Zombie añadido exitosamente: conehead en (9, 0)
Dec 15, 2024 4:39:15 AM domain.plants.ECIPlant generateSun
INFO: sol generado
Dec 15, 2024 4:39:15 AM domain.Game addZombie
INFO: Intentando añadir un zombie: buckethead en (10, 2)
Dec 15, 2024 4:39:15 AM domain.Game addZombie
WARNING: No hay suficientes cerebros para añadir el zombie: buckethead
Dec 15, 2024 4:39:15 AM domain.Game addZombie
SEVERE: Error al añadir zombie: Not enough brains to buy the plant
Dec 15, 2024 4:39:15 AM domain.Game addPlant
INFO: Intentando añadir una planta: wallnut en (5, 0)
Dec 15, 2024 4:39:15 AM domain.Game addPlant
INFO: Planta añadida exitosamente: wallnut en (5, 0)
Dec 15, 2024 4:39:16 AM domain.Game addZombie
INFO: Intentando añadir un zombie: conehead en (9, 0)
Dec 15, 2024 4:39:16 AM domain.Game addZombie
INFO: Zombie añadido exitosamente: conehead en (9, 0)
Dec 15, 2024 4:39:16 AM domain.plants.ECIPlant generateSun
INFO: sol generado
Dec 15, 2024 4:39:16 AM domain.Game addZombie
INFO: Intentando añadir un zombie: buckethead en (10, 1)
Dec 15, 2024 4:39:16 AM domain.Game addZombie
WARNING: No hay suficientes cerebros para añadir el zombie: buckethead
Dec 15, 2024 4:39:16 AM domain.Game addZombie
SEVERE: Error al añadir zombie: Not enough brains to buy the plant
Dec 15, 2024 4:39:16 AM domain.Game addPlant
INFO: Intentando añadir una planta: potatomine en (6, 0)
Dec 15, 2024 4:39:16 AM domain.Game addPlant
SEVERE: Error al añadir planta: Cannot add the unit because there is already a unit in the cell
Dec 15, 2024 4:39:17 AM domain.plants.Sunflower generateSun
INFO: sol generado
Dec 15, 2024 4:39:17 AM domain.Game addZombie
INFO: Intentando añadir un zombie: basic en (9, 0)
Dec 15, 2024 4:39:17 AM domain.plants.ECIPlant generateSun
INFO: sol generado
Dec 15, 2024 4:39:17 AM domain.Game addZombie
INFO: Zombie añadido exitosamente: basic en (9, 0)
Dec 15, 2024 4:39:17 AM domain.plants.Sunflower generateSun
INFO: sol generado
Dec 15, 2024 4:39:17 AM domain.plants.ECIPlant generateSun
INFO: sol generado
Dec 15, 2024 4:39:17 AM domain.Game addZombie
INFO: Intentando añadir un zombie: ecizombie en (9, 0)
Dec 15, 2024 4:39:17 AM domain.Game addZombie
WARNING: No hay suficientes cerebros para añadir el zombie: ecizombie
Dec 15, 2024 4:39:17 AM domain.Game addZombie
SEVERE: Error al añadir zombie: Not enough brains to buy the plant
Dec 15, 2024 4:39:18 AM domain.plants.Sunflower generateSun
INFO: sol generado
Dec 15, 2024 4:39:18 AM domain.plants.Sunflower generateSun
INFO: sol generado
Dec 15, 2024 4:39:18 AM domain.plants.Sunflower generateSun
INFO: sol generado
Dec 15, 2024 4:39:18 AM domain.plants.Sunflower generateSun
INFO: sol generado
Dec 15, 2024 4:39:18 AM domain.plants.Sunflower generateSun
INFO: sol generado
Dec 15, 2024 4:39:18 AM domain.plants.ECIPlant generateSun
INFO: sol generado
Dec 15, 2024 4:39:18 AM domain.plants.ECIPlant generateSun
INFO: sol generado
Dec 15, 2024 4:39:18 AM domain.Game addZombie
INFO: Intentando añadir un zombie: brainstein en (10, 0)
Dec 15, 2024 4:39:18 AM domain.Game addZombie
INFO: Zombie añadido exitosamente: brainstein en (10, 0)
Dec 15, 2024 4:39:18 AM domain.plants.ECIPlant generateSun
INFO: sol generado
Dec 15, 2024 4:39:18 AM domain.Game addZombie
INFO: Intentando añadir un zombie: ecizombie en (10, 2)
Dec 15, 2024 4:39:18 AM domain.Game addZombie
WARNING: No hay suficientes cerebros para añadir el zombie: ecizombie
Dec 15, 2024 4:39:18 AM domain.Game addZombie
SEVERE: Error al añadir zombie: Not enough brains to buy the plant
Dec 15, 2024 4:39:18 AM domain.Game addPlant
INFO: Intentando añadir una planta: potatomine en (6, 0)
Dec 15, 2024 4:39:18 AM domain.Game addPlant
SEVERE: Error al añadir planta: Cannot add the unit because there is already a unit in the cell
Dec 15, 2024 4:39:19 AM domain.Game addZombie
INFO: Intentando añadir un zombie: buckethead en (9, 0)
Dec 15, 2024 4:39:19 AM domain.Game addZombie
INFO: Zombie añadido exitosamente: buckethead en (9, 0)
Dec 15, 2024 4:39:19 AM domain.plants.ECIPlant generateSun
INFO: sol generado
]]></system-err>
  </testcase>
  <testcase name="shouldNotAddBrain" classname="GameTest" time="0.003">
    <system-out><![CDATA[[domain.players.Human@43aaf813, domain.players.Human@57ac5227]
]]></system-out>
  </testcase>
  <testcase name="shouldNotAddPlant" classname="GameTest" time="0.005">
    <system-out><![CDATA[[domain.players.Human@1ae67cad, domain.players.Human@2f6e28bc]
]]></system-out>
    <system-err><![CDATA[Dec 15, 2024 4:39:19 AM domain.Game addZombie
INFO: Intentando añadir un zombie: brainstein en (9, 1)
Dec 15, 2024 4:39:19 AM domain.Game addZombie
INFO: Zombie añadido exitosamente: brainstein en (9, 1)
Dec 15, 2024 4:39:19 AM domain.Game addPlant
INFO: Intentando añadir una planta: wallnut en (4, 2)
Dec 15, 2024 4:39:19 AM domain.Game addPlant
INFO: Planta añadida exitosamente: wallnut en (4, 2)
Dec 15, 2024 4:39:19 AM domain.Game addPlant
INFO: Intentando añadir una planta: sunflower en (0, 2)
Dec 15, 2024 4:39:19 AM domain.Game addPlant
WARNING: Posición inválida para la planta: (0, 2)
Dec 15, 2024 4:39:19 AM domain.Game addPlant
SEVERE: Error al añadir planta: Given position is out of range for the plant
]]></system-err>
  </testcase>
  <testcase name="shouldLoad" classname="GameTest" time="0.015">
    <system-out><![CDATA[[domain.players.Human@18cebaa5, domain.players.Human@463b4ac8]
]]></system-out>
    <system-err><![CDATA[java.io.WriteAbortedException: writing aborted; java.io.NotSerializableException: domain.Game
	at java.base/java.io.ObjectInputStream.readObject0(ObjectInputStream.java:1757)
	at java.base/java.io.ObjectInputStream.readObject(ObjectInputStream.java:528)
	at java.base/java.io.ObjectInputStream.readObject(ObjectInputStream.java:486)
	at domain.Game.open(Game.java:425)
	at GameTest.lambda$shouldLoad$21(GameTest.java:569)
	at org.junit.jupiter.api.AssertThrows.assertThrows(AssertThrows.java:55)
	at org.junit.jupiter.api.AssertThrows.assertThrows(AssertThrows.java:37)
	at org.junit.jupiter.api.Assertions.assertThrows(Assertions.java:3082)
	at GameTest.shouldLoad(GameTest.java:567)
	at java.base/jdk.internal.reflect.DirectMethodHandleAccessor.invoke(DirectMethodHandleAccessor.java:103)
	at java.base/java.lang.reflect.Method.invoke(Method.java:580)
	at org.junit.platform.commons.util.ReflectionUtils.invokeMethod(ReflectionUtils.java:725)
	at org.junit.jupiter.engine.execution.MethodInvocation.proceed(MethodInvocation.java:60)
	at org.junit.jupiter.engine.execution.InvocationInterceptorChain$ValidatingInvocation.proceed(InvocationInterceptorChain.java:131)
	at org.junit.jupiter.engine.extension.TimeoutExtension.intercept(TimeoutExtension.java:149)
	at org.junit.jupiter.engine.extension.TimeoutExtension.interceptTestableMethod(TimeoutExtension.java:140)
	at org.junit.jupiter.engine.extension.TimeoutExtension.interceptTestMethod(TimeoutExtension.java:84)
	at org.junit.jupiter.engine.execution.ExecutableInvoker$ReflectiveInterceptorCall.lambda$ofVoidMethod$0(ExecutableInvoker.java:115)
	at org.junit.jupiter.engine.execution.ExecutableInvoker.lambda$invoke$0(ExecutableInvoker.java:105)
	at org.junit.jupiter.engine.execution.InvocationInterceptorChain$InterceptedInvocation.proceed(InvocationInterceptorChain.java:106)
	at org.junit.jupiter.engine.execution.InvocationInterceptorChain.proceed(InvocationInterceptorChain.java:64)
	at org.junit.jupiter.engine.execution.InvocationInterceptorChain.chainAndInvoke(InvocationInterceptorChain.java:45)
	at org.junit.jupiter.engine.execution.InvocationInterceptorChain.invoke(InvocationInterceptorChain.java:37)
	at org.junit.jupiter.engine.execution.ExecutableInvoker.invoke(ExecutableInvoker.java:104)
	at org.junit.jupiter.engine.execution.ExecutableInvoker.invoke(ExecutableInvoker.java:98)
	at org.junit.jupiter.engine.descriptor.TestMethodTestDescriptor.lambda$invokeTestMethod$7(TestMethodTestDescriptor.java:214)
	at org.junit.platform.engine.support.hierarchical.ThrowableCollector.execute(ThrowableCollector.java:73)
	at org.junit.jupiter.engine.descriptor.TestMethodTestDescriptor.invokeTestMethod(TestMethodTestDescriptor.java:210)
	at org.junit.jupiter.engine.descriptor.TestMethodTestDescriptor.execute(TestMethodTestDescriptor.java:135)
	at org.junit.jupiter.engine.descriptor.TestMethodTestDescriptor.execute(TestMethodTestDescriptor.java:66)
	at org.junit.platform.engine.support.hierarchical.NodeTestTask.lambda$executeRecursively$6(NodeTestTask.java:151)
	at org.junit.platform.engine.support.hierarchical.ThrowableCollector.execute(ThrowableCollector.java:73)
	at org.junit.platform.engine.support.hierarchical.NodeTestTask.lambda$executeRecursively$8(NodeTestTask.java:141)
	at org.junit.platform.engine.support.hierarchical.Node.around(Node.java:137)
	at org.junit.platform.engine.support.hierarchical.NodeTestTask.lambda$executeRecursively$9(NodeTestTask.java:139)
	at org.junit.platform.engine.support.hierarchical.ThrowableCollector.execute(ThrowableCollector.java:73)
	at org.junit.platform.engine.support.hierarchical.NodeTestTask.executeRecursively(NodeTestTask.java:138)
	at org.junit.platform.engine.support.hierarchical.NodeTestTask.execute(NodeTestTask.java:95)
	at java.base/java.util.ArrayList.forEach(ArrayList.java:1597)
	at org.junit.platform.engine.support.hierarchical.SameThreadHierarchicalTestExecutorService.invokeAll(SameThreadHierarchicalTestExecutorService.java:41)
	at org.junit.platform.engine.support.hierarchical.NodeTestTask.lambda$executeRecursively$6(NodeTestTask.java:155)
	at org.junit.platform.engine.support.hierarchical.ThrowableCollector.execute(ThrowableCollector.java:73)
	at org.junit.platform.engine.support.hierarchical.NodeTestTask.lambda$executeRecursively$8(NodeTestTask.java:141)
	at org.junit.platform.engine.support.hierarchical.Node.around(Node.java:137)
	at org.junit.platform.engine.support.hierarchical.NodeTestTask.lambda$executeRecursively$9(NodeTestTask.java:139)
	at org.junit.platform.engine.support.hierarchical.ThrowableCollector.execute(ThrowableCollector.java:73)
	at org.junit.platform.engine.support.hierarchical.NodeTestTask.executeRecursively(NodeTestTask.java:138)
	at org.junit.platform.engine.support.hierarchical.NodeTestTask.execute(NodeTestTask.java:95)
	at java.base/java.util.ArrayList.forEach(ArrayList.java:1597)
	at org.junit.platform.engine.support.hierarchical.SameThreadHierarchicalTestExecutorService.invokeAll(SameThreadHierarchicalTestExecutorService.java:41)
	at org.junit.platform.engine.support.hierarchical.NodeTestTask.lambda$executeRecursively$6(NodeTestTask.java:155)
	at org.junit.platform.engine.support.hierarchical.ThrowableCollector.execute(ThrowableCollector.java:73)
	at org.junit.platform.engine.support.hierarchical.NodeTestTask.lambda$executeRecursively$8(NodeTestTask.java:141)
	at org.junit.platform.engine.support.hierarchical.Node.around(Node.java:137)
	at org.junit.platform.engine.support.hierarchical.NodeTestTask.lambda$executeRecursively$9(NodeTestTask.java:139)
	at org.junit.platform.engine.support.hierarchical.ThrowableCollector.execute(ThrowableCollector.java:73)
	at org.junit.platform.engine.support.hierarchical.NodeTestTask.executeRecursively(NodeTestTask.java:138)
	at org.junit.platform.engine.support.hierarchical.NodeTestTask.execute(NodeTestTask.java:95)
	at org.junit.platform.engine.support.hierarchical.SameThreadHierarchicalTestExecutorService.submit(SameThreadHierarchicalTestExecutorService.java:35)
	at org.junit.platform.engine.support.hierarchical.HierarchicalTestExecutor.execute(HierarchicalTestExecutor.java:57)
	at org.junit.platform.engine.support.hierarchical.HierarchicalTestEngine.execute(HierarchicalTestEngine.java:54)
	at org.junit.platform.launcher.core.EngineExecutionOrchestrator.execute(EngineExecutionOrchestrator.java:107)
	at org.junit.platform.launcher.core.EngineExecutionOrchestrator.execute(EngineExecutionOrchestrator.java:88)
	at org.junit.platform.launcher.core.EngineExecutionOrchestrator.lambda$execute$0(EngineExecutionOrchestrator.java:54)
	at org.junit.platform.launcher.core.EngineExecutionOrchestrator.withInterceptedStreams(EngineExecutionOrchestrator.java:67)
	at org.junit.platform.launcher.core.EngineExecutionOrchestrator.execute(EngineExecutionOrchestrator.java:52)
	at org.junit.platform.launcher.core.DefaultLauncher.execute(DefaultLauncher.java:114)
	at org.junit.platform.launcher.core.DefaultLauncher.execute(DefaultLauncher.java:86)
	at org.junit.platform.launcher.core.DefaultLauncherSession$DelegatingLauncher.execute(DefaultLauncherSession.java:86)
	at org.apache.maven.surefire.junitplatform.LazyLauncher.execute(LazyLauncher.java:56)
	at org.apache.maven.surefire.junitplatform.JUnitPlatformProvider.execute(JUnitPlatformProvider.java:184)
	at org.apache.maven.surefire.junitplatform.JUnitPlatformProvider.invokeAllTests(JUnitPlatformProvider.java:148)
	at org.apache.maven.surefire.junitplatform.JUnitPlatformProvider.invoke(JUnitPlatformProvider.java:122)
	at org.apache.maven.surefire.booter.ForkedBooter.runSuitesInProcess(ForkedBooter.java:385)
	at org.apache.maven.surefire.booter.ForkedBooter.execute(ForkedBooter.java:162)
	at org.apache.maven.surefire.booter.ForkedBooter.run(ForkedBooter.java:507)
	at org.apache.maven.surefire.booter.ForkedBooter.main(ForkedBooter.java:495)
Caused by: java.io.NotSerializableException: domain.Game
	at java.base/java.io.ObjectOutputStream.writeObject0(ObjectOutputStream.java:1201)
	at java.base/java.io.ObjectOutputStream.writeObject(ObjectOutputStream.java:359)
	at domain.Game.save(Game.java:400)
	at GameTest.lambda$shouldSave$20(GameTest.java:561)
	at org.junit.jupiter.api.AssertThrows.assertThrows(AssertThrows.java:55)
	at org.junit.jupiter.api.AssertThrows.assertThrows(AssertThrows.java:37)
	at org.junit.jupiter.api.Assertions.assertThrows(Assertions.java:3082)
	at GameTest.shouldSave(GameTest.java:559)
	... 68 more
]]></system-err>
  </testcase>
  <testcase name="shouldSave" classname="GameTest" time="0.02">
    <system-out><![CDATA[[domain.players.Human@4b3a45f1, domain.players.Human@17a87e37]
]]></system-out>
    <system-err><![CDATA[Dec 15, 2024 4:39:19 AM domain.Game addPlant
INFO: Intentando añadir una planta: potatomine en (7, 0)
Dec 15, 2024 4:39:19 AM domain.Game addPlant
INFO: Planta añadida exitosamente: potatomine en (7, 0)
java.io.NotSerializableException: domain.Game
	at java.base/java.io.ObjectOutputStream.writeObject0(ObjectOutputStream.java:1201)
	at java.base/java.io.ObjectOutputStream.writeObject(ObjectOutputStream.java:359)
	at domain.Game.save(Game.java:400)
	at GameTest.lambda$shouldSave$20(GameTest.java:561)
	at org.junit.jupiter.api.AssertThrows.assertThrows(AssertThrows.java:55)
	at org.junit.jupiter.api.AssertThrows.assertThrows(AssertThrows.java:37)
	at org.junit.jupiter.api.Assertions.assertThrows(Assertions.java:3082)
	at GameTest.shouldSave(GameTest.java:559)
	at java.base/jdk.internal.reflect.DirectMethodHandleAccessor.invoke(DirectMethodHandleAccessor.java:103)
	at java.base/java.lang.reflect.Method.invoke(Method.java:580)
	at org.junit.platform.commons.util.ReflectionUtils.invokeMethod(ReflectionUtils.java:725)
	at org.junit.jupiter.engine.execution.MethodInvocation.proceed(MethodInvocation.java:60)
	at org.junit.jupiter.engine.execution.InvocationInterceptorChain$ValidatingInvocation.proceed(InvocationInterceptorChain.java:131)
	at org.junit.jupiter.engine.extension.TimeoutExtension.intercept(TimeoutExtension.java:149)
	at org.junit.jupiter.engine.extension.TimeoutExtension.interceptTestableMethod(TimeoutExtension.java:140)
	at org.junit.jupiter.engine.extension.TimeoutExtension.interceptTestMethod(TimeoutExtension.java:84)
	at org.junit.jupiter.engine.execution.ExecutableInvoker$ReflectiveInterceptorCall.lambda$ofVoidMethod$0(ExecutableInvoker.java:115)
	at org.junit.jupiter.engine.execution.ExecutableInvoker.lambda$invoke$0(ExecutableInvoker.java:105)
	at org.junit.jupiter.engine.execution.InvocationInterceptorChain$InterceptedInvocation.proceed(InvocationInterceptorChain.java:106)
	at org.junit.jupiter.engine.execution.InvocationInterceptorChain.proceed(InvocationInterceptorChain.java:64)
	at org.junit.jupiter.engine.execution.InvocationInterceptorChain.chainAndInvoke(InvocationInterceptorChain.java:45)
	at org.junit.jupiter.engine.execution.InvocationInterceptorChain.invoke(InvocationInterceptorChain.java:37)
	at org.junit.jupiter.engine.execution.ExecutableInvoker.invoke(ExecutableInvoker.java:104)
	at org.junit.jupiter.engine.execution.ExecutableInvoker.invoke(ExecutableInvoker.java:98)
	at org.junit.jupiter.engine.descriptor.TestMethodTestDescriptor.lambda$invokeTestMethod$7(TestMethodTestDescriptor.java:214)
	at org.junit.platform.engine.support.hierarchical.ThrowableCollector.execute(ThrowableCollector.java:73)
	at org.junit.jupiter.engine.descriptor.TestMethodTestDescriptor.invokeTestMethod(TestMethodTestDescriptor.java:210)
	at org.junit.jupiter.engine.descriptor.TestMethodTestDescriptor.execute(TestMethodTestDescriptor.java:135)
	at org.junit.jupiter.engine.descriptor.TestMethodTestDescriptor.execute(TestMethodTestDescriptor.java:66)
	at org.junit.platform.engine.support.hierarchical.NodeTestTask.lambda$executeRecursively$6(NodeTestTask.java:151)
	at org.junit.platform.engine.support.hierarchical.ThrowableCollector.execute(ThrowableCollector.java:73)
	at org.junit.platform.engine.support.hierarchical.NodeTestTask.lambda$executeRecursively$8(NodeTestTask.java:141)
	at org.junit.platform.engine.support.hierarchical.Node.around(Node.java:137)
	at org.junit.platform.engine.support.hierarchical.NodeTestTask.lambda$executeRecursively$9(NodeTestTask.java:139)
	at org.junit.platform.engine.support.hierarchical.ThrowableCollector.execute(ThrowableCollector.java:73)
	at org.junit.platform.engine.support.hierarchical.NodeTestTask.executeRecursively(NodeTestTask.java:138)
	at org.junit.platform.engine.support.hierarchical.NodeTestTask.execute(NodeTestTask.java:95)
	at java.base/java.util.ArrayList.forEach(ArrayList.java:1597)
	at org.junit.platform.engine.support.hierarchical.SameThreadHierarchicalTestExecutorService.invokeAll(SameThreadHierarchicalTestExecutorService.java:41)
	at org.junit.platform.engine.support.hierarchical.NodeTestTask.lambda$executeRecursively$6(NodeTestTask.java:155)
	at org.junit.platform.engine.support.hierarchical.ThrowableCollector.execute(ThrowableCollector.java:73)
	at org.junit.platform.engine.support.hierarchical.NodeTestTask.lambda$executeRecursively$8(NodeTestTask.java:141)
	at org.junit.platform.engine.support.hierarchical.Node.around(Node.java:137)
	at org.junit.platform.engine.support.hierarchical.NodeTestTask.lambda$executeRecursively$9(NodeTestTask.java:139)
	at org.junit.platform.engine.support.hierarchical.ThrowableCollector.execute(ThrowableCollector.java:73)
	at org.junit.platform.engine.support.hierarchical.NodeTestTask.executeRecursively(NodeTestTask.java:138)
	at org.junit.platform.engine.support.hierarchical.NodeTestTask.execute(NodeTestTask.java:95)
	at java.base/java.util.ArrayList.forEach(ArrayList.java:1597)
	at org.junit.platform.engine.support.hierarchical.SameThreadHierarchicalTestExecutorService.invokeAll(SameThreadHierarchicalTestExecutorService.java:41)
	at org.junit.platform.engine.support.hierarchical.NodeTestTask.lambda$executeRecursively$6(NodeTestTask.java:155)
	at org.junit.platform.engine.support.hierarchical.ThrowableCollector.execute(ThrowableCollector.java:73)
	at org.junit.platform.engine.support.hierarchical.NodeTestTask.lambda$executeRecursively$8(NodeTestTask.java:141)
	at org.junit.platform.engine.support.hierarchical.Node.around(Node.java:137)
	at org.junit.platform.engine.support.hierarchical.NodeTestTask.lambda$executeRecursively$9(NodeTestTask.java:139)
	at org.junit.platform.engine.support.hierarchical.ThrowableCollector.execute(ThrowableCollector.java:73)
	at org.junit.platform.engine.support.hierarchical.NodeTestTask.executeRecursively(NodeTestTask.java:138)
	at org.junit.platform.engine.support.hierarchical.NodeTestTask.execute(NodeTestTask.java:95)
	at org.junit.platform.engine.support.hierarchical.SameThreadHierarchicalTestExecutorService.submit(SameThreadHierarchicalTestExecutorService.java:35)
	at org.junit.platform.engine.support.hierarchical.HierarchicalTestExecutor.execute(HierarchicalTestExecutor.java:57)
	at org.junit.platform.engine.support.hierarchical.HierarchicalTestEngine.execute(HierarchicalTestEngine.java:54)
	at org.junit.platform.launcher.core.EngineExecutionOrchestrator.execute(EngineExecutionOrchestrator.java:107)
	at org.junit.platform.launcher.core.EngineExecutionOrchestrator.execute(EngineExecutionOrchestrator.java:88)
	at org.junit.platform.launcher.core.EngineExecutionOrchestrator.lambda$execute$0(EngineExecutionOrchestrator.java:54)
	at org.junit.platform.launcher.core.EngineExecutionOrchestrator.withInterceptedStreams(EngineExecutionOrchestrator.java:67)
	at org.junit.platform.launcher.core.EngineExecutionOrchestrator.execute(EngineExecutionOrchestrator.java:52)
	at org.junit.platform.launcher.core.DefaultLauncher.execute(DefaultLauncher.java:114)
	at org.junit.platform.launcher.core.DefaultLauncher.execute(DefaultLauncher.java:86)
	at org.junit.platform.launcher.core.DefaultLauncherSession$DelegatingLauncher.execute(DefaultLauncherSession.java:86)
	at org.apache.maven.surefire.junitplatform.LazyLauncher.execute(LazyLauncher.java:56)
	at org.apache.maven.surefire.junitplatform.JUnitPlatformProvider.execute(JUnitPlatformProvider.java:184)
	at org.apache.maven.surefire.junitplatform.JUnitPlatformProvider.invokeAllTests(JUnitPlatformProvider.java:148)
	at org.apache.maven.surefire.junitplatform.JUnitPlatformProvider.invoke(JUnitPlatformProvider.java:122)
	at org.apache.maven.surefire.booter.ForkedBooter.runSuitesInProcess(ForkedBooter.java:385)
	at org.apache.maven.surefire.booter.ForkedBooter.execute(ForkedBooter.java:162)
	at org.apache.maven.surefire.booter.ForkedBooter.run(ForkedBooter.java:507)
	at org.apache.maven.surefire.booter.ForkedBooter.main(ForkedBooter.java:495)
]]></system-err>
  </testcase>
  <testcase name="shouldNotAddSun" classname="GameTest" time="0.003">
    <system-out><![CDATA[[domain.players.Human@4c37b5b, domain.players.Human@73db4768]
]]></system-out>
  </testcase>
  <testcase name="shouldAddPlayers" classname="GameTest" time="0.003">
    <system-out><![CDATA[[domain.players.Human@150ab4ed, domain.players.Human@3c435123]
]]></system-out>
  </testcase>
  <testcase name="shouldGetZombie" classname="GameTest" time="0.006">
    <system-out><![CDATA[[domain.players.Human@3a62c01e, domain.players.Human@7a8fa663]
100 50 100 basic
]]></system-out>
    <system-err><![CDATA[Dec 15, 2024 4:39:19 AM domain.Game addZombie
INFO: Intentando añadir un zombie: basic en (10, 2)
Dec 15, 2024 4:39:19 AM domain.Game addZombie
INFO: Zombie añadido exitosamente: basic en (10, 2)
]]></system-err>
  </testcase>
  <testcase name="shouldNotRemoveBrain" classname="GameTest" time="0.002">
    <system-out><![CDATA[[domain.players.Human@22d6f11, domain.players.Human@30990c1b]
]]></system-out>
    <system-err><![CDATA[Dec 15, 2024 4:39:19 AM domain.Game addZombie
INFO: Intentando añadir un zombie: basic en (2, 6)
Dec 15, 2024 4:39:19 AM domain.Game addZombie
WARNING: Posición inválida para el zombie: (2, 6)
Dec 15, 2024 4:39:19 AM domain.Game addZombie
SEVERE: Error al añadir zombie: Given position is out of range for the zombie
]]></system-err>
  </testcase>
  <testcase name="shouldNotRemovePlant" classname="GameTest" time="0.003">
    <system-out><![CDATA[[domain.players.Human@2dbe250d, domain.players.Human@553f1d75]
]]></system-out>
    <system-err><![CDATA[Dec 15, 2024 4:39:19 AM domain.Game addPlant
INFO: Intentando añadir una planta: wallnut en (4, 2)
Dec 15, 2024 4:39:19 AM domain.Game addPlant
INFO: Planta añadida exitosamente: wallnut en (4, 2)
Dec 15, 2024 4:39:19 AM domain.Game deleteUnit
WARNING: No hay unidad para eliminar en la posición (0, 2)
Dec 15, 2024 4:39:19 AM domain.Game deleteUnit
SEVERE: Error al eliminar unidad: Cannot delete the unit because there is no unit in the cell
]]></system-err>
  </testcase>
  <testcase name="shouldRemoveBrain" classname="GameTest" time="0.002">
    <system-out><![CDATA[[domain.players.Human@3e34ace1, domain.players.Human@62fe6067]
]]></system-out>
    <system-err><![CDATA[Dec 15, 2024 4:39:19 AM domain.Game addZombie
INFO: Intentando añadir un zombie: basic en (10, 2)
Dec 15, 2024 4:39:19 AM domain.Game addZombie
INFO: Zombie añadido exitosamente: basic en (10, 2)
]]></system-err>
  </testcase>
  <testcase name="shouldRemovePlant" classname="GameTest" time="0.006">
    <system-out><![CDATA[[domain.players.Human@56ace400, domain.players.Human@47404bea]
]]></system-out>
    <system-err><![CDATA[Dec 15, 2024 4:39:19 AM domain.Game addPlant
INFO: Intentando añadir una planta: wallnut en (4, 2)
Dec 15, 2024 4:39:19 AM domain.Game addPlant
INFO: Planta añadida exitosamente: wallnut en (4, 2)
Dec 15, 2024 4:39:19 AM domain.Game deleteUnit
INFO: Unidad eliminada exitosamente en la posición (4, 2)
Dec 15, 2024 4:39:19 AM domain.Game addPlant
INFO: Intentando añadir una planta: sunflower en (4, 2)
Dec 15, 2024 4:39:19 AM domain.Game addPlant
INFO: Planta añadida exitosamente: sunflower en (4, 2)
Dec 15, 2024 4:39:19 AM domain.plants.Sunflower generateSun
INFO: sol generado
Dec 15, 2024 4:39:19 AM domain.Game deleteUnit
INFO: Unidad eliminada exitosamente en la posición (4, 2)
Dec 15, 2024 4:39:19 AM domain.Game addPlant
INFO: Intentando añadir una planta: eciplant en (4, 2)
Dec 15, 2024 4:39:19 AM domain.Game addPlant
INFO: Planta añadida exitosamente: eciplant en (4, 2)
Dec 15, 2024 4:39:19 AM domain.plants.ECIPlant generateSun
INFO: sol generado
Dec 15, 2024 4:39:19 AM domain.Game deleteUnit
INFO: Unidad eliminada exitosamente en la posición (4, 2)
Dec 15, 2024 4:39:19 AM domain.Game addPlant
INFO: Intentando añadir una planta: potatomine en (4, 2)
Dec 15, 2024 4:39:19 AM domain.Game addPlant
INFO: Planta añadida exitosamente: potatomine en (4, 2)
Dec 15, 2024 4:39:19 AM domain.Game deleteUnit
INFO: Unidad eliminada exitosamente en la posición (4, 2)
Dec 15, 2024 4:39:19 AM domain.Game addPlant
INFO: Intentando añadir una planta: potatomine en (4, 2)
Dec 15, 2024 4:39:19 AM domain.Game addPlant
INFO: Planta añadida exitosamente: potatomine en (4, 2)
Dec 15, 2024 4:39:19 AM domain.Game addPlant
INFO: Intentando añadir una planta: peashooter en (4, 2)
Dec 15, 2024 4:39:19 AM domain.Game addPlant
INFO: Planta añadida exitosamente: peashooter en (4, 2)
Dec 15, 2024 4:39:19 AM domain.Game deleteUnit
INFO: Unidad eliminada exitosamente en la posición (4, 2)
]]></system-err>
  </testcase>
  <testcase name="shouldNotActivateMower" classname="GameTest" time="0.0"/>
  <testcase name="shouldActivateMower" classname="GameTest" time="0.001"/>
  <testcase name="shouldRemoveSun" classname="GameTest" time="0.002">
    <system-out><![CDATA[[domain.players.Human@7bc10d84, domain.players.Human@275fe372]
]]></system-out>
    <system-err><![CDATA[Dec 15, 2024 4:39:19 AM domain.Game addPlant
INFO: Intentando añadir una planta: wallnut en (1, 2)
Dec 15, 2024 4:39:19 AM domain.Game addPlant
INFO: Planta añadida exitosamente: wallnut en (1, 2)
]]></system-err>
  </testcase>
  <testcase name="shouldNotHaveBrain" classname="GameTest" time="0.003">
    <system-out><![CDATA[[domain.players.Human@26a4842b, domain.players.Human@7e38a7fe]
]]></system-out>
    <system-err><![CDATA[Dec 15, 2024 4:39:19 AM domain.Game addZombie
INFO: Intentando añadir un zombie: ecizombie en (10, 2)
Dec 15, 2024 4:39:19 AM domain.Game addZombie
WARNING: No hay suficientes cerebros para añadir el zombie: ecizombie
Dec 15, 2024 4:39:19 AM domain.Game addZombie
SEVERE: Error al añadir zombie: Not enough brains to buy the plant
]]></system-err>
  </testcase>
  <testcase name="shouldBrainsteinGenerate" classname="GameTest" time="6.003">
    <system-out><![CDATA[[domain.players.Human@4b3c354a, domain.players.Human@78fb9a67]
Error to put zombie: Not enough brains to buy the plant




Activated!
Activated!


]]></system-out>
    <system-err><![CDATA[Dec 15, 2024 4:39:19 AM domain.Game addZombie
INFO: Intentando añadir un zombie: brainstein en (9, 2)
Dec 15, 2024 4:39:19 AM domain.Game addZombie
INFO: Zombie añadido exitosamente: brainstein en (9, 2)
Dec 15, 2024 4:39:20 AM domain.plants.ECIPlant generateSun
INFO: sol generado
Dec 15, 2024 4:39:20 AM domain.Game addZombie
INFO: Intentando añadir un zombie: buckethead en (9, 0)
Dec 15, 2024 4:39:20 AM domain.plants.Sunflower generateSun
INFO: sol generado
Dec 15, 2024 4:39:20 AM domain.plants.Sunflower generateSun
INFO: sol generado
Dec 15, 2024 4:39:20 AM domain.Game addZombie
INFO: Zombie añadido exitosamente: buckethead en (9, 0)
Dec 15, 2024 4:39:20 AM domain.plants.ECIPlant generateSun
INFO: sol generado
Dec 15, 2024 4:39:20 AM domain.Game addZombie
INFO: Intentando añadir un zombie: brainstein en (9, 3)
Dec 15, 2024 4:39:20 AM domain.Game addZombie
INFO: Zombie añadido exitosamente: brainstein en (9, 3)
Dec 15, 2024 4:39:20 AM domain.Game addPlant
INFO: Intentando añadir una planta: peashooter en (3, 0)
Dec 15, 2024 4:39:20 AM domain.Game addPlant
INFO: Planta añadida exitosamente: peashooter en (3, 0)
Dec 15, 2024 4:39:21 AM domain.plants.Sunflower generateSun
INFO: sol generado
Dec 15, 2024 4:39:21 AM domain.plants.Sunflower generateSun
INFO: sol generado
Dec 15, 2024 4:39:21 AM domain.plants.Sunflower generateSun
INFO: sol generado
Dec 15, 2024 4:39:21 AM domain.plants.Sunflower generateSun
INFO: sol generado
Dec 15, 2024 4:39:21 AM domain.plants.ECIPlant generateSun
INFO: sol generado
Dec 15, 2024 4:39:21 AM domain.plants.Sunflower generateSun
INFO: sol generado
Dec 15, 2024 4:39:21 AM domain.plants.ECIPlant generateSun
INFO: sol generado
Dec 15, 2024 4:39:21 AM domain.Game addZombie
INFO: Intentando añadir un zombie: buckethead en (9, 0)
Dec 15, 2024 4:39:21 AM domain.Game addZombie
INFO: Zombie añadido exitosamente: buckethead en (9, 0)
Dec 15, 2024 4:39:21 AM domain.plants.ECIPlant generateSun
INFO: sol generado
Dec 15, 2024 4:39:21 AM domain.Game addZombie
INFO: Intentando añadir un zombie: ecizombie en (10, 0)
Dec 15, 2024 4:39:21 AM domain.Game addZombie
WARNING: No hay suficientes cerebros para añadir el zombie: ecizombie
Dec 15, 2024 4:39:21 AM domain.Game addZombie
SEVERE: Error al añadir zombie: Not enough brains to buy the plant
Dec 15, 2024 4:39:21 AM domain.Game addPlant
INFO: Intentando añadir una planta: eciplant en (1, 0)
Dec 15, 2024 4:39:21 AM domain.Game addPlant
SEVERE: Error al añadir planta: Cannot add the unit because there is already a unit in the cell
Dec 15, 2024 4:39:22 AM domain.Game addZombie
INFO: Intentando añadir un zombie: brainstein en (10, 0)
Dec 15, 2024 4:39:22 AM domain.Game addZombie
INFO: Zombie añadido exitosamente: brainstein en (10, 0)
Dec 15, 2024 4:39:22 AM domain.plants.ECIPlant generateSun
INFO: sol generado
Dec 15, 2024 4:39:22 AM domain.Game addZombie
INFO: Intentando añadir un zombie: basic en (9, 4)
Dec 15, 2024 4:39:22 AM domain.Game addZombie
INFO: Zombie añadido exitosamente: basic en (9, 4)
Dec 15, 2024 4:39:22 AM domain.Game addPlant
INFO: Intentando añadir una planta: sunflower en (2, 0)
Dec 15, 2024 4:39:22 AM domain.Game addPlant
INFO: Planta añadida exitosamente: sunflower en (2, 0)
Dec 15, 2024 4:39:22 AM domain.plants.Sunflower generateSun
INFO: sol generado
Dec 15, 2024 4:39:22 AM domain.Game addPlant
INFO: Intentando añadir una planta: wallnut en (4, 0)
Dec 15, 2024 4:39:22 AM domain.Game addPlant
SEVERE: Error al añadir planta: Cannot add the unit because there is already a unit in the cell
Dec 15, 2024 4:39:22 AM domain.plants.Sunflower generateSun
INFO: sol generado
Dec 15, 2024 4:39:22 AM domain.plants.ECIPlant generateSun
INFO: sol generado
Dec 15, 2024 4:39:23 AM domain.plants.ECIPlant generateSun
INFO: sol generado
Dec 15, 2024 4:39:23 AM domain.plants.Sunflower generateSun
INFO: sol generado
Dec 15, 2024 4:39:23 AM domain.plants.Sunflower generateSun
INFO: sol generado
Dec 15, 2024 4:39:23 AM domain.Game addZombie
INFO: Intentando añadir un zombie: conehead en (9, 0)
Dec 15, 2024 4:39:23 AM domain.Game addZombie
INFO: Zombie añadido exitosamente: conehead en (9, 0)
Dec 15, 2024 4:39:23 AM domain.plants.ECIPlant generateSun
INFO: sol generado
Dec 15, 2024 4:39:23 AM domain.Game addZombie
INFO: Intentando añadir un zombie: basic en (10, 1)
Dec 15, 2024 4:39:23 AM domain.Game addZombie
INFO: Zombie añadido exitosamente: basic en (10, 1)
Dec 15, 2024 4:39:23 AM domain.Game addPlant
INFO: Intentando añadir una planta: sunflower en (2, 0)
Dec 15, 2024 4:39:23 AM domain.Game addPlant
INFO: Planta añadida exitosamente: sunflower en (2, 0)
Dec 15, 2024 4:39:23 AM domain.plants.Sunflower generateSun
INFO: sol generado
Dec 15, 2024 4:39:23 AM domain.Game addPlant
INFO: Intentando añadir una planta: eciplant en (1, 0)
Dec 15, 2024 4:39:23 AM domain.Game addPlant
SEVERE: Error al añadir planta: Cannot add the unit because there is already a unit in the cell
Dec 15, 2024 4:39:24 AM domain.plants.Sunflower generateSun
INFO: sol generado
Dec 15, 2024 4:39:24 AM domain.plants.Sunflower generateSun
INFO: sol generado
Dec 15, 2024 4:39:24 AM domain.plants.Sunflower generateSun
INFO: sol generado
Dec 15, 2024 4:39:24 AM domain.plants.ECIPlant generateSun
INFO: sol generado
Dec 15, 2024 4:39:24 AM domain.plants.Sunflower generateSun
INFO: sol generado
Dec 15, 2024 4:39:24 AM domain.plants.ECIPlant generateSun
INFO: sol generado
Dec 15, 2024 4:39:24 AM domain.Game addZombie
INFO: Intentando añadir un zombie: basic en (9, 0)
Dec 15, 2024 4:39:24 AM domain.Game addZombie
INFO: Zombie añadido exitosamente: basic en (9, 0)
Dec 15, 2024 4:39:24 AM domain.plants.ECIPlant generateSun
INFO: sol generado
Dec 15, 2024 4:39:24 AM domain.Game addZombie
INFO: Intentando añadir un zombie: brainstein en (10, 1)
Dec 15, 2024 4:39:24 AM domain.Game addZombie
INFO: Zombie añadido exitosamente: brainstein en (10, 1)
Dec 15, 2024 4:39:24 AM domain.Game addPlant
INFO: Intentando añadir una planta: sunflower en (2, 0)
Dec 15, 2024 4:39:24 AM domain.Game addPlant
INFO: Planta añadida exitosamente: sunflower en (2, 0)
Dec 15, 2024 4:39:24 AM domain.plants.Sunflower generateSun
INFO: sol generado
Dec 15, 2024 4:39:24 AM domain.Game addPlant
INFO: Intentando añadir una planta: wallnut en (5, 0)
Dec 15, 2024 4:39:24 AM domain.Game addPlant
SEVERE: Error al añadir planta: Cannot add the unit because there is already a unit in the cell
Dec 15, 2024 4:39:25 AM domain.plants.ECIPlant generateSun
INFO: sol generado
Dec 15, 2024 4:39:25 AM domain.Game addZombie
INFO: Intentando añadir un zombie: buckethead en (9, 0)
Dec 15, 2024 4:39:25 AM domain.Game addZombie
INFO: Zombie añadido exitosamente: buckethead en (9, 0)
Dec 15, 2024 4:39:25 AM domain.Game addZombie
INFO: Intentando añadir un zombie: brainstein en (9, 0)
Dec 15, 2024 4:39:25 AM domain.Game addZombie
INFO: Zombie añadido exitosamente: brainstein en (9, 0)
Dec 15, 2024 4:39:25 AM domain.Game addPlant
INFO: Intentando añadir una planta: sunflower en (2, 0)
Dec 15, 2024 4:39:25 AM domain.Game addPlant
SEVERE: Error al añadir planta: Cannot add the unit because there is already a unit in the cell
Dec 15, 2024 4:39:25 AM domain.Game addPlant
INFO: Intentando añadir una planta: peashooter en (3, 0)
Dec 15, 2024 4:39:25 AM domain.Game addPlant
SEVERE: Error al añadir planta: Cannot add the unit because there is already a unit in the cell
Dec 15, 2024 4:39:25 AM domain.plants.Sunflower generateSun
INFO: sol generado
Dec 15, 2024 4:39:25 AM domain.plants.ECIPlant generateSun
INFO: sol generado
]]></system-err>
  </testcase>
  <testcase name="shouldGetPlant" classname="GameTest" time="0.002">
    <system-out><![CDATA[[domain.players.Human@21aa6d6c, domain.players.Human@b968a76]
300 100 150 peashooter
]]></system-out>
    <system-err><![CDATA[Dec 15, 2024 4:39:25 AM domain.Game addPlant
INFO: Intentando añadir una planta: peashooter en (6, 2)
Dec 15, 2024 4:39:25 AM domain.Game addPlant
INFO: Planta añadida exitosamente: peashooter en (6, 2)
]]></system-err>
  </testcase>
  <testcase name="shouldUpdateZombie" classname="GameTest" time="0.001">
    <system-out><![CDATA[[domain.players.Human@1433046b, domain.players.Human@3f446bef]
]]></system-out>
    <system-err><![CDATA[Dec 15, 2024 4:39:25 AM domain.Game addZombie
INFO: Intentando añadir un zombie: brainstein en (10, 2)
Dec 15, 2024 4:39:25 AM domain.Game addZombie
INFO: Zombie añadido exitosamente: brainstein en (10, 2)
]]></system-err>
  </testcase>
  <testcase name="shouldAddMachineIAvIA2" classname="GameTest" time="8.003">
    <system-out><![CDATA[[domain.players.PlantsStrategic@2e54db99, domain.players.ZombiesStrategic@55e8ec2f]








Not enough brains to buy the plant







Not enough brains to buy the plant










Not enough brains to buy the plant







Not enough brains to buy the plant



















Activated!

Activated!
]]></system-out>
    <system-err><![CDATA[Dec 15, 2024 4:39:26 AM domain.plants.ECIPlant generateSun
INFO: sol generado
Dec 15, 2024 4:39:26 AM domain.plants.Sunflower generateSun
INFO: sol generado
Dec 15, 2024 4:39:26 AM domain.plants.Sunflower generateSun
INFO: sol generado
Dec 15, 2024 4:39:26 AM domain.Game addZombie
INFO: Intentando añadir un zombie: brainstein en (10, 0)
Dec 15, 2024 4:39:26 AM domain.Game addZombie
INFO: Zombie añadido exitosamente: brainstein en (10, 0)
Dec 15, 2024 4:39:26 AM domain.plants.ECIPlant generateSun
INFO: sol generado
Dec 15, 2024 4:39:26 AM domain.Game addZombie
INFO: Intentando añadir un zombie: conehead en (10, 4)
Dec 15, 2024 4:39:26 AM domain.Game addZombie
INFO: Zombie añadido exitosamente: conehead en (10, 4)
Dec 15, 2024 4:39:26 AM domain.Game addPlant
INFO: Intentando añadir una planta: sunflower en (2, 0)
Dec 15, 2024 4:39:26 AM domain.Game addPlant
SEVERE: Error al añadir planta: Cannot add the unit because there is already a unit in the cell
Dec 15, 2024 4:39:26 AM domain.Game addPlant
INFO: Intentando añadir una planta: wallnut en (4, 0)
Dec 15, 2024 4:39:26 AM domain.Game addPlant
SEVERE: Error al añadir planta: Cannot add the unit because there is already a unit in the cell
Dec 15, 2024 4:39:26 AM domain.Game addZombie
INFO: Intentando añadir un zombie: brainstein en (10, 0)
Dec 15, 2024 4:39:26 AM domain.Game addPlant
INFO: Intentando añadir una planta: sunflower en (1, 0)
Dec 15, 2024 4:39:26 AM domain.Game addZombie
INFO: Zombie añadido exitosamente: brainstein en (10, 0)
Dec 15, 2024 4:39:26 AM domain.Game addPlant
INFO: Planta añadida exitosamente: sunflower en (1, 0)
Dec 15, 2024 4:39:26 AM domain.plants.Sunflower generateSun
INFO: sol generado
Dec 15, 2024 4:39:26 AM domain.Game addPlant
INFO: Intentando añadir una planta: eciplant en (1, 1)
Dec 15, 2024 4:39:26 AM domain.Game addPlant
WARNING: No hay suficientes soles para añadir la planta: eciplant
Dec 15, 2024 4:39:26 AM domain.plants.ECIPlant generateSun
INFO: sol generado
Dec 15, 2024 4:39:26 AM domain.Game addPlant
SEVERE: Error al añadir planta: Not enough suns to buy the plant
Dec 15, 2024 4:39:26 AM domain.Game addPlant
INFO: Intentando añadir una planta: eciplant en (1, 2)
Dec 15, 2024 4:39:26 AM domain.Game addPlant
INFO: Planta añadida exitosamente: eciplant en (1, 2)
Dec 15, 2024 4:39:26 AM domain.plants.ECIPlant generateSun
INFO: sol generado
Dec 15, 2024 4:39:26 AM domain.Game addPlant
INFO: Intentando añadir una planta: sunflower en (1, 3)
Dec 15, 2024 4:39:26 AM domain.Game addPlant
INFO: Planta añadida exitosamente: sunflower en (1, 3)
Dec 15, 2024 4:39:26 AM domain.plants.Sunflower generateSun
INFO: sol generado
Dec 15, 2024 4:39:26 AM domain.Game addPlant
INFO: Intentando añadir una planta: eciplant en (1, 4)
Dec 15, 2024 4:39:26 AM domain.Game addPlant
WARNING: No hay suficientes soles para añadir la planta: eciplant
Dec 15, 2024 4:39:26 AM domain.plants.ECIPlant generateSun
INFO: sol generado
Dec 15, 2024 4:39:26 AM domain.Game addPlant
SEVERE: Error al añadir planta: Not enough suns to buy the plant
Dec 15, 2024 4:39:26 AM domain.Game addPlant
INFO: Intentando añadir una planta: potatomine en (5, 0)
Dec 15, 2024 4:39:26 AM domain.Game addPlant
INFO: Planta añadida exitosamente: potatomine en (5, 0)
Dec 15, 2024 4:39:26 AM domain.Game addPlant
INFO: Intentando añadir una planta: potatomine en (5, 1)
Dec 15, 2024 4:39:26 AM domain.Game addPlant
INFO: Planta añadida exitosamente: potatomine en (5, 1)
Dec 15, 2024 4:39:26 AM domain.Game addPlant
INFO: Intentando añadir una planta: potatomine en (5, 2)
Dec 15, 2024 4:39:26 AM domain.Game addPlant
INFO: Planta añadida exitosamente: potatomine en (5, 2)
Dec 15, 2024 4:39:26 AM domain.Game addPlant
INFO: Intentando añadir una planta: potatomine en (5, 3)
Dec 15, 2024 4:39:26 AM domain.Game addPlant
WARNING: No hay suficientes soles para añadir la planta: potatomine
Dec 15, 2024 4:39:26 AM domain.Game addPlant
SEVERE: Error al añadir planta: Not enough suns to buy the plant
Dec 15, 2024 4:39:26 AM domain.Game addPlant
INFO: Intentando añadir una planta: potatomine en (5, 4)
Dec 15, 2024 4:39:26 AM domain.Game addPlant
WARNING: No hay suficientes soles para añadir la planta: potatomine
Dec 15, 2024 4:39:26 AM domain.Game addPlant
SEVERE: Error al añadir planta: Not enough suns to buy the plant
Dec 15, 2024 4:39:27 AM domain.LawnMower activate
INFO: LawnMower activado en la fila: 2
Dec 15, 2024 4:39:27 AM domain.plants.Sunflower generateSun
INFO: sol generado
Dec 15, 2024 4:39:27 AM domain.plants.Sunflower generateSun
INFO: sol generado
Dec 15, 2024 4:39:27 AM domain.plants.Sunflower generateSun
INFO: sol generado
Dec 15, 2024 4:39:27 AM domain.plants.Sunflower generateSun
INFO: sol generado
Dec 15, 2024 4:39:27 AM domain.plants.ECIPlant generateSun
INFO: sol generado
Dec 15, 2024 4:39:27 AM domain.plants.ECIPlant generateSun
INFO: sol generado
Dec 15, 2024 4:39:27 AM domain.Game addZombie
INFO: Intentando añadir un zombie: buckethead en (9, 0)
Dec 15, 2024 4:39:27 AM domain.Game addZombie
INFO: Zombie añadido exitosamente: buckethead en (9, 0)
Dec 15, 2024 4:39:27 AM domain.Game addZombie
INFO: Intentando añadir un zombie: conehead en (9, 4)
Dec 15, 2024 4:39:27 AM domain.Game addZombie
INFO: Zombie añadido exitosamente: conehead en (9, 4)
Dec 15, 2024 4:39:27 AM domain.Game addPlant
INFO: Intentando añadir una planta: sunflower en (2, 0)
Dec 15, 2024 4:39:27 AM domain.Game addPlant
SEVERE: Error al añadir planta: Cannot add the unit because there is already a unit in the cell
Dec 15, 2024 4:39:27 AM domain.Game addPlant
INFO: Intentando añadir una planta: wallnut en (5, 0)
Dec 15, 2024 4:39:27 AM domain.Game addPlant
SEVERE: Error al añadir planta: Cannot add the unit because there is already a unit in the cell
Dec 15, 2024 4:39:27 AM domain.Game addZombie
INFO: Intentando añadir un zombie: brainstein en (10, 0)
Dec 15, 2024 4:39:27 AM domain.Game addZombie
WARNING: No hay suficientes cerebros para añadir el zombie: brainstein
Dec 15, 2024 4:39:27 AM domain.Game addZombie
SEVERE: Error al añadir zombie: Not enough brains to buy the plant
Dec 15, 2024 4:39:27 AM domain.Game addPlant
INFO: Intentando añadir una planta: eciplant en (1, 0)
Dec 15, 2024 4:39:27 AM domain.Game addPlant
SEVERE: Error al añadir planta: Cannot add the unit because there is already a unit in the cell
Dec 15, 2024 4:39:27 AM domain.Game addPlant
INFO: Intentando añadir una planta: sunflower en (1, 1)
Dec 15, 2024 4:39:27 AM domain.Game addPlant
WARNING: No hay suficientes soles para añadir la planta: sunflower
Dec 15, 2024 4:39:27 AM domain.plants.Sunflower generateSun
INFO: sol generado
Dec 15, 2024 4:39:27 AM domain.Game addPlant
SEVERE: Error al añadir planta: Not enough suns to buy the plant
Dec 15, 2024 4:39:27 AM domain.Game addPlant
INFO: Intentando añadir una planta: eciplant en (1, 2)
Dec 15, 2024 4:39:27 AM domain.Game addPlant
SEVERE: Error al añadir planta: Cannot add the unit because there is already a unit in the cell
Dec 15, 2024 4:39:27 AM domain.Game addPlant
INFO: Intentando añadir una planta: eciplant en (1, 3)
Dec 15, 2024 4:39:27 AM domain.Game addPlant
SEVERE: Error al añadir planta: Cannot add the unit because there is already a unit in the cell
Dec 15, 2024 4:39:27 AM domain.Game addPlant
INFO: Intentando añadir una planta: sunflower en (1, 4)
Dec 15, 2024 4:39:27 AM domain.Game addPlant
WARNING: No hay suficientes soles para añadir la planta: sunflower
Dec 15, 2024 4:39:27 AM domain.plants.Sunflower generateSun
INFO: sol generado
Dec 15, 2024 4:39:27 AM domain.Game addPlant
SEVERE: Error al añadir planta: Not enough suns to buy the plant
Dec 15, 2024 4:39:27 AM domain.Game addPlant
INFO: Intentando añadir una planta: potatomine en (5, 3)
Dec 15, 2024 4:39:27 AM domain.Game addPlant
INFO: Planta añadida exitosamente: potatomine en (5, 3)
Dec 15, 2024 4:39:27 AM domain.Game addPlant
INFO: Intentando añadir una planta: potatomine en (5, 4)
Dec 15, 2024 4:39:27 AM domain.Game addPlant
INFO: Planta añadida exitosamente: potatomine en (5, 4)
Dec 15, 2024 4:39:28 AM domain.LawnMower activate
INFO: LawnMower activado en la fila: 0
Dec 15, 2024 4:39:28 AM domain.plants.ECIPlant generateSun
INFO: sol generado
Dec 15, 2024 4:39:28 AM domain.Game addZombie
INFO: Intentando añadir un zombie: buckethead en (9, 0)
Dec 15, 2024 4:39:28 AM domain.Game addZombie
INFO: Zombie añadido exitosamente: buckethead en (9, 0)
Dec 15, 2024 4:39:28 AM domain.Game addZombie
INFO: Intentando añadir un zombie: brainstein en (9, 4)
Dec 15, 2024 4:39:28 AM domain.Game addZombie
INFO: Zombie añadido exitosamente: brainstein en (9, 4)
Dec 15, 2024 4:39:28 AM domain.Game addPlant
INFO: Intentando añadir una planta: sunflower en (2, 0)
Dec 15, 2024 4:39:28 AM domain.Game addPlant
SEVERE: Error al añadir planta: Cannot add the unit because there is already a unit in the cell
Dec 15, 2024 4:39:28 AM domain.Game addPlant
INFO: Intentando añadir una planta: peashooter en (3, 0)
Dec 15, 2024 4:39:28 AM domain.Game addPlant
SEVERE: Error al añadir planta: Cannot add the unit because there is already a unit in the cell
Dec 15, 2024 4:39:28 AM domain.plants.Sunflower generateSun
INFO: sol generado
Dec 15, 2024 4:39:28 AM domain.plants.ECIPlant generateSun
INFO: sol generado
Dec 15, 2024 4:39:28 AM domain.Game addZombie
INFO: Intentando añadir un zombie: brainstein en (10, 0)
Dec 15, 2024 4:39:28 AM domain.Game addZombie
WARNING: No hay suficientes cerebros para añadir el zombie: brainstein
Dec 15, 2024 4:39:28 AM domain.Game addZombie
SEVERE: Error al añadir zombie: Not enough brains to buy the plant
Dec 15, 2024 4:39:28 AM domain.Game addPlant
INFO: Intentando añadir una planta: sunflower en (1, 0)
Dec 15, 2024 4:39:28 AM domain.Game addPlant
SEVERE: Error al añadir planta: Cannot add the unit because there is already a unit in the cell
Dec 15, 2024 4:39:28 AM domain.Game addPlant
INFO: Intentando añadir una planta: sunflower en (1, 1)
Dec 15, 2024 4:39:28 AM domain.Game addPlant
WARNING: No hay suficientes soles para añadir la planta: sunflower
Dec 15, 2024 4:39:28 AM domain.plants.Sunflower generateSun
INFO: sol generado
Dec 15, 2024 4:39:28 AM domain.Game addPlant
SEVERE: Error al añadir planta: Not enough suns to buy the plant
Dec 15, 2024 4:39:28 AM domain.Game addPlant
INFO: Intentando añadir una planta: sunflower en (1, 2)
Dec 15, 2024 4:39:28 AM domain.Game addPlant
SEVERE: Error al añadir planta: Cannot add the unit because there is already a unit in the cell
Dec 15, 2024 4:39:28 AM domain.Game addPlant
INFO: Intentando añadir una planta: eciplant en (1, 3)
Dec 15, 2024 4:39:28 AM domain.Game addPlant
SEVERE: Error al añadir planta: Cannot add the unit because there is already a unit in the cell
Dec 15, 2024 4:39:28 AM domain.Game addPlant
INFO: Intentando añadir una planta: sunflower en (1, 4)
Dec 15, 2024 4:39:28 AM domain.Game addPlant
WARNING: No hay suficientes soles para añadir la planta: sunflower
Dec 15, 2024 4:39:28 AM domain.plants.Sunflower generateSun
INFO: sol generado
Dec 15, 2024 4:39:28 AM domain.Game addPlant
SEVERE: Error al añadir planta: Not enough suns to buy the plant
Dec 15, 2024 4:39:28 AM domain.Game addPlant
INFO: Intentando añadir una planta: potatomine en (8, 0)
Dec 15, 2024 4:39:28 AM domain.Game addPlant
SEVERE: Error al añadir planta: Cannot add the unit because there is already a unit in the cell
Dec 15, 2024 4:39:28 AM domain.Game addPlant
INFO: Intentando añadir una planta: potatomine en (8, 1)
Dec 15, 2024 4:39:28 AM domain.Game addPlant
INFO: Planta añadida exitosamente: potatomine en (8, 1)
Dec 15, 2024 4:39:28 AM domain.Game addPlant
INFO: Intentando añadir una planta: potatomine en (8, 2)
Dec 15, 2024 4:39:28 AM domain.Game addPlant
INFO: Planta añadida exitosamente: potatomine en (8, 2)
Dec 15, 2024 4:39:28 AM domain.Game addPlant
INFO: Intentando añadir una planta: potatomine en (8, 3)
Dec 15, 2024 4:39:28 AM domain.Game addPlant
WARNING: No hay suficientes soles para añadir la planta: potatomine
Dec 15, 2024 4:39:28 AM domain.Game addPlant
SEVERE: Error al añadir planta: Not enough suns to buy the plant
Dec 15, 2024 4:39:28 AM domain.Game addPlant
INFO: Intentando añadir una planta: potatomine en (8, 4)
Dec 15, 2024 4:39:28 AM domain.Game addPlant
WARNING: No hay suficientes soles para añadir la planta: potatomine
Dec 15, 2024 4:39:28 AM domain.Game addPlant
SEVERE: Error al añadir planta: Not enough suns to buy the plant
Dec 15, 2024 4:39:29 AM domain.plants.ECIPlant generateSun
INFO: sol generado
Dec 15, 2024 4:39:29 AM domain.plants.Sunflower generateSun
INFO: sol generado
Dec 15, 2024 4:39:29 AM domain.plants.Sunflower generateSun
INFO: sol generado
Dec 15, 2024 4:39:29 AM domain.plants.ECIPlant generateSun
INFO: sol generado
Dec 15, 2024 4:39:29 AM domain.Game addZombie
INFO: Intentando añadir un zombie: buckethead en (9, 0)
Dec 15, 2024 4:39:29 AM domain.Game addZombie
INFO: Zombie añadido exitosamente: buckethead en (9, 0)
Dec 15, 2024 4:39:29 AM domain.Game addZombie
INFO: Intentando añadir un zombie: brainstein en (10, 3)
Dec 15, 2024 4:39:29 AM domain.Game addZombie
INFO: Zombie añadido exitosamente: brainstein en (10, 3)
Dec 15, 2024 4:39:29 AM domain.Game addPlant
INFO: Intentando añadir una planta: sunflower en (2, 0)
Dec 15, 2024 4:39:29 AM domain.Game addPlant
SEVERE: Error al añadir planta: Cannot add the unit because there is already a unit in the cell
Dec 15, 2024 4:39:29 AM domain.Game addPlant
INFO: Intentando añadir una planta: peashooter en (3, 0)
Dec 15, 2024 4:39:29 AM domain.Game addPlant
SEVERE: Error al añadir planta: Cannot add the unit because there is already a unit in the cell
Dec 15, 2024 4:39:29 AM domain.plants.Sunflower generateSun
INFO: sol generado
Dec 15, 2024 4:39:29 AM domain.plants.ECIPlant generateSun
INFO: sol generado
Dec 15, 2024 4:39:29 AM domain.plants.Sunflower generateSun
INFO: sol generado
Dec 15, 2024 4:39:29 AM domain.Game addZombie
INFO: Intentando añadir un zombie: brainstein en (10, 0)
Dec 15, 2024 4:39:29 AM domain.Game addZombie
WARNING: No hay suficientes cerebros para añadir el zombie: brainstein
Dec 15, 2024 4:39:29 AM domain.Game addZombie
SEVERE: Error al añadir zombie: Not enough brains to buy the plant
Dec 15, 2024 4:39:29 AM domain.Game addPlant
INFO: Intentando añadir una planta: eciplant en (1, 0)
Dec 15, 2024 4:39:29 AM domain.Game addPlant
SEVERE: Error al añadir planta: Cannot add the unit because there is already a unit in the cell
Dec 15, 2024 4:39:29 AM domain.Game addPlant
INFO: Intentando añadir una planta: eciplant en (1, 1)
Dec 15, 2024 4:39:29 AM domain.Game addPlant
INFO: Planta añadida exitosamente: eciplant en (1, 1)
Dec 15, 2024 4:39:29 AM domain.plants.ECIPlant generateSun
INFO: sol generado
Dec 15, 2024 4:39:29 AM domain.Game addPlant
INFO: Intentando añadir una planta: sunflower en (1, 2)
Dec 15, 2024 4:39:29 AM domain.Game addPlant
SEVERE: Error al añadir planta: Cannot add the unit because there is already a unit in the cell
Dec 15, 2024 4:39:29 AM domain.Game addPlant
INFO: Intentando añadir una planta: eciplant en (1, 3)
Dec 15, 2024 4:39:29 AM domain.Game addPlant
SEVERE: Error al añadir planta: Cannot add the unit because there is already a unit in the cell
Dec 15, 2024 4:39:29 AM domain.Game addPlant
INFO: Intentando añadir una planta: eciplant en (1, 4)
Dec 15, 2024 4:39:29 AM domain.Game addPlant
INFO: Planta añadida exitosamente: eciplant en (1, 4)
Dec 15, 2024 4:39:29 AM domain.plants.ECIPlant generateSun
INFO: sol generado
Dec 15, 2024 4:39:29 AM domain.Game addPlant
INFO: Intentando añadir una planta: wallnut en (2, 0)
Dec 15, 2024 4:39:29 AM domain.Game addPlant
INFO: Planta añadida exitosamente: wallnut en (2, 0)
Dec 15, 2024 4:39:29 AM domain.Game addPlant
INFO: Intentando añadir una planta: wallnut en (2, 1)
Dec 15, 2024 4:39:29 AM domain.Game addPlant
WARNING: No hay suficientes soles para añadir la planta: wallnut
Dec 15, 2024 4:39:29 AM domain.Game addPlant
SEVERE: Error al añadir planta: Not enough suns to buy the plant
Dec 15, 2024 4:39:29 AM domain.Game addPlant
INFO: Intentando añadir una planta: wallnut en (2, 2)
Dec 15, 2024 4:39:29 AM domain.Game addPlant
WARNING: No hay suficientes soles para añadir la planta: wallnut
Dec 15, 2024 4:39:29 AM domain.Game addPlant
SEVERE: Error al añadir planta: Not enough suns to buy the plant
Dec 15, 2024 4:39:29 AM domain.Game addPlant
INFO: Intentando añadir una planta: wallnut en (2, 3)
Dec 15, 2024 4:39:29 AM domain.Game addPlant
WARNING: No hay suficientes soles para añadir la planta: wallnut
Dec 15, 2024 4:39:29 AM domain.Game addPlant
SEVERE: Error al añadir planta: Not enough suns to buy the plant
Dec 15, 2024 4:39:29 AM domain.Game addPlant
INFO: Intentando añadir una planta: wallnut en (2, 4)
Dec 15, 2024 4:39:29 AM domain.Game addPlant
WARNING: No hay suficientes soles para añadir la planta: wallnut
Dec 15, 2024 4:39:29 AM domain.Game addPlant
SEVERE: Error al añadir planta: Not enough suns to buy the plant
Dec 15, 2024 4:39:30 AM domain.plants.Sunflower generateSun
INFO: sol generado
Dec 15, 2024 4:39:30 AM domain.plants.Sunflower generateSun
INFO: sol generado
Dec 15, 2024 4:39:30 AM domain.plants.Sunflower generateSun
INFO: sol generado
Dec 15, 2024 4:39:30 AM domain.plants.ECIPlant generateSun
INFO: sol generado
Dec 15, 2024 4:39:30 AM domain.plants.Sunflower generateSun
INFO: sol generado
Dec 15, 2024 4:39:30 AM domain.plants.ECIPlant generateSun
INFO: sol generado
Dec 15, 2024 4:39:30 AM domain.Game addZombie
INFO: Intentando añadir un zombie: brainstein en (10, 0)
Dec 15, 2024 4:39:30 AM domain.Game addZombie
INFO: Zombie añadido exitosamente: brainstein en (10, 0)
Dec 15, 2024 4:39:30 AM domain.Game addZombie
INFO: Intentando añadir un zombie: basic en (9, 0)
Dec 15, 2024 4:39:30 AM domain.Game addZombie
INFO: Zombie añadido exitosamente: basic en (9, 0)
Dec 15, 2024 4:39:30 AM domain.Game addPlant
INFO: Intentando añadir una planta: sunflower en (2, 0)
Dec 15, 2024 4:39:30 AM domain.Game addPlant
INFO: Planta añadida exitosamente: sunflower en (2, 0)
Dec 15, 2024 4:39:30 AM domain.plants.Sunflower generateSun
INFO: sol generado
Dec 15, 2024 4:39:30 AM domain.Game addPlant
INFO: Intentando añadir una planta: peashooter en (3, 0)
Dec 15, 2024 4:39:30 AM domain.Game addPlant
INFO: Planta añadida exitosamente: peashooter en (3, 0)
Dec 15, 2024 4:39:30 AM domain.Game addZombie
INFO: Intentando añadir un zombie: brainstein en (10, 0)
Dec 15, 2024 4:39:30 AM domain.Game addZombie
WARNING: No hay suficientes cerebros para añadir el zombie: brainstein
Dec 15, 2024 4:39:30 AM domain.Game addZombie
SEVERE: Error al añadir zombie: Not enough brains to buy the plant
Dec 15, 2024 4:39:30 AM domain.Game addPlant
INFO: Intentando añadir una planta: sunflower en (1, 0)
Dec 15, 2024 4:39:30 AM domain.Game addPlant
SEVERE: Error al añadir planta: Cannot add the unit because there is already a unit in the cell
Dec 15, 2024 4:39:30 AM domain.Game addPlant
INFO: Intentando añadir una planta: sunflower en (1, 2)
Dec 15, 2024 4:39:30 AM domain.Game addPlant
SEVERE: Error al añadir planta: Cannot add the unit because there is already a unit in the cell
Dec 15, 2024 4:39:30 AM domain.Game addPlant
INFO: Intentando añadir una planta: sunflower en (1, 3)
Dec 15, 2024 4:39:30 AM domain.Game addPlant
SEVERE: Error al añadir planta: Cannot add the unit because there is already a unit in the cell
Dec 15, 2024 4:39:30 AM domain.Game addPlant
INFO: Intentando añadir una planta: sunflower en (1, 4)
Dec 15, 2024 4:39:30 AM domain.Game addPlant
SEVERE: Error al añadir planta: Cannot add the unit because there is already a unit in the cell
Dec 15, 2024 4:39:30 AM domain.Game addPlant
INFO: Intentando añadir una planta: potatomine en (8, 0)
Dec 15, 2024 4:39:30 AM domain.Game addPlant
SEVERE: Error al añadir planta: Cannot add the unit because there is already a unit in the cell
Dec 15, 2024 4:39:30 AM domain.Game addPlant
INFO: Intentando añadir una planta: potatomine en (8, 3)
Dec 15, 2024 4:39:30 AM domain.Game addPlant
WARNING: No hay suficientes soles para añadir la planta: potatomine
Dec 15, 2024 4:39:30 AM domain.Game addPlant
SEVERE: Error al añadir planta: Not enough suns to buy the plant
Dec 15, 2024 4:39:30 AM domain.Game addPlant
INFO: Intentando añadir una planta: potatomine en (8, 4)
Dec 15, 2024 4:39:30 AM domain.Game addPlant
WARNING: No hay suficientes soles para añadir la planta: potatomine
Dec 15, 2024 4:39:30 AM domain.Game addPlant
SEVERE: Error al añadir planta: Not enough suns to buy the plant
Dec 15, 2024 4:39:31 AM domain.plants.ECIPlant generateSun
INFO: sol generado
Dec 15, 2024 4:39:31 AM domain.Game addZombie
INFO: Intentando añadir un zombie: basic en (9, 0)
Dec 15, 2024 4:39:31 AM domain.Game addZombie
INFO: Zombie añadido exitosamente: basic en (9, 0)
Dec 15, 2024 4:39:31 AM domain.Game addZombie
INFO: Intentando añadir un zombie: conehead en (10, 1)
Dec 15, 2024 4:39:31 AM domain.Game addZombie
INFO: Zombie añadido exitosamente: conehead en (10, 1)
Dec 15, 2024 4:39:31 AM domain.Game addPlant
INFO: Intentando añadir una planta: sunflower en (2, 0)
Dec 15, 2024 4:39:31 AM domain.Game addPlant
INFO: Planta añadida exitosamente: sunflower en (2, 0)
Dec 15, 2024 4:39:31 AM domain.plants.Sunflower generateSun
INFO: sol generado
Dec 15, 2024 4:39:31 AM domain.Game addPlant
INFO: Intentando añadir una planta: potatomine en (7, 0)
Dec 15, 2024 4:39:31 AM domain.Game addPlant
INFO: Planta añadida exitosamente: potatomine en (7, 0)
Dec 15, 2024 4:39:31 AM domain.plants.Sunflower generateSun
INFO: sol generado
Dec 15, 2024 4:39:31 AM domain.plants.ECIPlant generateSun
INFO: sol generado
Dec 15, 2024 4:39:31 AM domain.Game addZombie
INFO: Intentando añadir un zombie: brainstein en (10, 0)
Dec 15, 2024 4:39:31 AM domain.Game addZombie
INFO: Zombie añadido exitosamente: brainstein en (10, 0)
Dec 15, 2024 4:39:31 AM domain.Game addPlant
INFO: Intentando añadir una planta: sunflower en (1, 0)
Dec 15, 2024 4:39:31 AM domain.Game addPlant
SEVERE: Error al añadir planta: Cannot add the unit because there is already a unit in the cell
Dec 15, 2024 4:39:31 AM domain.Game addPlant
INFO: Intentando añadir una planta: eciplant en (1, 2)
Dec 15, 2024 4:39:31 AM domain.Game addPlant
SEVERE: Error al añadir planta: Cannot add the unit because there is already a unit in the cell
Dec 15, 2024 4:39:31 AM domain.Game addPlant
INFO: Intentando añadir una planta: eciplant en (1, 3)
Dec 15, 2024 4:39:31 AM domain.Game addPlant
SEVERE: Error al añadir planta: Cannot add the unit because there is already a unit in the cell
Dec 15, 2024 4:39:31 AM domain.Game addPlant
INFO: Intentando añadir una planta: eciplant en (1, 4)
Dec 15, 2024 4:39:31 AM domain.Game addPlant
SEVERE: Error al añadir planta: Cannot add the unit because there is already a unit in the cell
Dec 15, 2024 4:39:31 AM domain.Game addPlant
INFO: Intentando añadir una planta: potatomine en (8, 0)
Dec 15, 2024 4:39:31 AM domain.Game addPlant
SEVERE: Error al añadir planta: Cannot add the unit because there is already a unit in the cell
Dec 15, 2024 4:39:31 AM domain.Game addPlant
INFO: Intentando añadir una planta: potatomine en (8, 3)
Dec 15, 2024 4:39:31 AM domain.Game addPlant
WARNING: No hay suficientes soles para añadir la planta: potatomine
Dec 15, 2024 4:39:31 AM domain.Game addPlant
SEVERE: Error al añadir planta: Not enough suns to buy the plant
Dec 15, 2024 4:39:31 AM domain.Game addPlant
INFO: Intentando añadir una planta: potatomine en (8, 4)
Dec 15, 2024 4:39:31 AM domain.Game addPlant
WARNING: No hay suficientes soles para añadir la planta: potatomine
Dec 15, 2024 4:39:31 AM domain.Game addPlant
SEVERE: Error al añadir planta: Not enough suns to buy the plant
Dec 15, 2024 4:39:32 AM domain.plants.ECIPlant generateSun
INFO: sol generado
Dec 15, 2024 4:39:32 AM domain.plants.Sunflower generateSun
INFO: sol generado
Dec 15, 2024 4:39:32 AM domain.plants.Sunflower generateSun
INFO: sol generado
Dec 15, 2024 4:39:32 AM domain.plants.ECIPlant generateSun
INFO: sol generado
Dec 15, 2024 4:39:32 AM domain.Game addZombie
INFO: Intentando añadir un zombie: basic en (9, 0)
Dec 15, 2024 4:39:32 AM domain.Game addZombie
INFO: Zombie añadido exitosamente: basic en (9, 0)
Dec 15, 2024 4:39:32 AM domain.Game addZombie
INFO: Intentando añadir un zombie: ecizombie en (9, 3)
Dec 15, 2024 4:39:32 AM domain.Game addZombie
INFO: Zombie añadido exitosamente: ecizombie en (9, 3)
Dec 15, 2024 4:39:32 AM domain.Game addPlant
INFO: Intentando añadir una planta: sunflower en (2, 0)
Dec 15, 2024 4:39:32 AM domain.Game addPlant
SEVERE: Error al añadir planta: Cannot add the unit because there is already a unit in the cell
Dec 15, 2024 4:39:32 AM domain.Game addPlant
INFO: Intentando añadir una planta: peashooter en (3, 0)
Dec 15, 2024 4:39:32 AM domain.Game addPlant
INFO: Planta añadida exitosamente: peashooter en (3, 0)
Dec 15, 2024 4:39:32 AM domain.plants.Sunflower generateSun
INFO: sol generado
Dec 15, 2024 4:39:32 AM domain.plants.ECIPlant generateSun
INFO: sol generado
Dec 15, 2024 4:39:32 AM domain.plants.Sunflower generateSun
INFO: sol generado
Dec 15, 2024 4:39:32 AM domain.Game addZombie
INFO: Intentando añadir un zombie: basic en (9, 2)
Dec 15, 2024 4:39:32 AM domain.Game addZombie
INFO: Zombie añadido exitosamente: basic en (9, 2)
Dec 15, 2024 4:39:32 AM domain.plants.ECIPlant generateSun
INFO: sol generado
Dec 15, 2024 4:39:32 AM domain.plants.ECIPlant generateSun
INFO: sol generado
Dec 15, 2024 4:39:32 AM domain.Game addPlant
INFO: Intentando añadir una planta: eciplant en (1, 0)
Dec 15, 2024 4:39:32 AM domain.Game addPlant
SEVERE: Error al añadir planta: Cannot add the unit because there is already a unit in the cell
Dec 15, 2024 4:39:32 AM domain.Game addPlant
INFO: Intentando añadir una planta: eciplant en (1, 2)
Dec 15, 2024 4:39:32 AM domain.Game addPlant
SEVERE: Error al añadir planta: Cannot add the unit because there is already a unit in the cell
Dec 15, 2024 4:39:32 AM domain.Game addPlant
INFO: Intentando añadir una planta: eciplant en (1, 3)
Dec 15, 2024 4:39:32 AM domain.Game addPlant
SEVERE: Error al añadir planta: Cannot add the unit because there is already a unit in the cell
Dec 15, 2024 4:39:32 AM domain.Game addPlant
INFO: Intentando añadir una planta: eciplant en (1, 4)
Dec 15, 2024 4:39:32 AM domain.Game addPlant
SEVERE: Error al añadir planta: Cannot add the unit because there is already a unit in the cell
Dec 15, 2024 4:39:32 AM domain.Game addPlant
INFO: Intentando añadir una planta: potatomine en (6, 0)
Dec 15, 2024 4:39:32 AM domain.Game addPlant
INFO: Planta añadida exitosamente: potatomine en (6, 0)
Dec 15, 2024 4:39:32 AM domain.Game addPlant
INFO: Intentando añadir una planta: potatomine en (6, 1)
Dec 15, 2024 4:39:32 AM domain.Game addPlant
INFO: Planta añadida exitosamente: potatomine en (6, 1)
Dec 15, 2024 4:39:32 AM domain.Game addPlant
INFO: Intentando añadir una planta: potatomine en (6, 2)
Dec 15, 2024 4:39:32 AM domain.Game addPlant
INFO: Planta añadida exitosamente: potatomine en (6, 2)
Dec 15, 2024 4:39:32 AM domain.Game addPlant
INFO: Intentando añadir una planta: potatomine en (6, 3)
Dec 15, 2024 4:39:32 AM domain.Game addPlant
INFO: Planta añadida exitosamente: potatomine en (6, 3)
Dec 15, 2024 4:39:32 AM domain.Game addPlant
INFO: Intentando añadir una planta: potatomine en (6, 4)
Dec 15, 2024 4:39:32 AM domain.Game addPlant
INFO: Planta añadida exitosamente: potatomine en (6, 4)
Dec 15, 2024 4:39:33 AM domain.plants.Sunflower generateSun
INFO: sol generado
Dec 15, 2024 4:39:33 AM domain.plants.Sunflower generateSun
INFO: sol generado
Dec 15, 2024 4:39:33 AM domain.plants.Sunflower generateSun
INFO: sol generado
Dec 15, 2024 4:39:33 AM domain.plants.ECIPlant generateSun
INFO: sol generado
Dec 15, 2024 4:39:33 AM domain.plants.Sunflower generateSun
INFO: sol generado
Dec 15, 2024 4:39:33 AM domain.plants.ECIPlant generateSun
INFO: sol generado
Dec 15, 2024 4:39:33 AM domain.Game addZombie
INFO: Intentando añadir un zombie: basic en (9, 0)
Dec 15, 2024 4:39:33 AM domain.Game addZombie
INFO: Zombie añadido exitosamente: basic en (9, 0)
Dec 15, 2024 4:39:33 AM domain.Game addZombie
INFO: Intentando añadir un zombie: basic en (10, 0)
Dec 15, 2024 4:39:33 AM domain.Game addZombie
INFO: Zombie añadido exitosamente: basic en (10, 0)
Dec 15, 2024 4:39:33 AM domain.plants.Sunflower generateSun
INFO: sol generado
Dec 15, 2024 4:39:33 AM domain.Game addPlant
INFO: Intentando añadir una planta: sunflower en (2, 0)
Dec 15, 2024 4:39:33 AM domain.Game addPlant
SEVERE: Error al añadir planta: Cannot add the unit because there is already a unit in the cell
Dec 15, 2024 4:39:33 AM domain.Game addPlant
INFO: Intentando añadir una planta: eciplant en (1, 0)
Dec 15, 2024 4:39:33 AM domain.Game addPlant
INFO: Planta añadida exitosamente: eciplant en (1, 0)
Dec 15, 2024 4:39:33 AM domain.plants.ECIPlant generateSun
INFO: sol generado
]]></system-err>
  </testcase>
  <testcase name="shouldGameOver" classname="GameTest" time="80.004">
    <system-out><![CDATA[[domain.players.Human@6d24ffa1, domain.players.Human@65a4798f]































Activated!
Activated!
Activated!



Activated!
Activated!


Activated!






POW :D



Activated!



Activated!
Activated!





Activated!


POW :D


POW :D


















Activated!






Activated!








Activated!





Activated!


Activated!
Activated!

















Activated!
Activated!
Activated!
















Activated!
















Activated!




Activated!





Activated!




Activated!
























Activated!









Activated!





















]]></system-out>
    <system-err><![CDATA[Dec 15, 2024 4:39:33 AM domain.Game addZombie
INFO: Intentando añadir un zombie: basic en (10, 2)
Dec 15, 2024 4:39:33 AM domain.Game addZombie
INFO: Zombie añadido exitosamente: basic en (10, 2)
Dec 15, 2024 4:39:33 AM domain.Game addZombie
INFO: Intentando añadir un zombie: basic en (10, 2)
Dec 15, 2024 4:39:33 AM domain.Game addZombie
INFO: Zombie añadido exitosamente: basic en (10, 2)
Dec 15, 2024 4:39:33 AM domain.Game addPlant
INFO: Intentando añadir una planta: sunflower en (1, 0)
Dec 15, 2024 4:39:33 AM domain.Game addPlant
SEVERE: Error al añadir planta: Cannot add the unit because there is already a unit in the cell
Dec 15, 2024 4:39:33 AM domain.Game addPlant
INFO: Intentando añadir una planta: eciplant en (1, 2)
Dec 15, 2024 4:39:33 AM domain.Game addPlant
SEVERE: Error al añadir planta: Cannot add the unit because there is already a unit in the cell
Dec 15, 2024 4:39:33 AM domain.Game addPlant
INFO: Intentando añadir una planta: sunflower en (1, 3)
Dec 15, 2024 4:39:33 AM domain.Game addPlant
SEVERE: Error al añadir planta: Cannot add the unit because there is already a unit in the cell
Dec 15, 2024 4:39:33 AM domain.Game addPlant
INFO: Intentando añadir una planta: eciplant en (1, 4)
Dec 15, 2024 4:39:33 AM domain.Game addPlant
SEVERE: Error al añadir planta: Cannot add the unit because there is already a unit in the cell
Dec 15, 2024 4:39:34 AM domain.plants.ECIPlant generateSun
INFO: sol generado
Dec 15, 2024 4:39:34 AM domain.Game addZombie
INFO: Intentando añadir un zombie: brainstein en (10, 0)
Dec 15, 2024 4:39:34 AM domain.Game addZombie
INFO: Zombie añadido exitosamente: brainstein en (10, 0)
Dec 15, 2024 4:39:34 AM domain.Game addZombie
INFO: Intentando añadir un zombie: brainstein en (10, 0)
Dec 15, 2024 4:39:34 AM domain.Game addZombie
INFO: Zombie añadido exitosamente: brainstein en (10, 0)
Dec 15, 2024 4:39:34 AM domain.plants.Sunflower generateSun
INFO: sol generado
Dec 15, 2024 4:39:34 AM domain.Game addPlant
INFO: Intentando añadir una planta: sunflower en (2, 0)
Dec 15, 2024 4:39:34 AM domain.Game addPlant
SEVERE: Error al añadir planta: Cannot add the unit because there is already a unit in the cell
Dec 15, 2024 4:39:34 AM domain.Game addPlant
INFO: Intentando añadir una planta: wallnut en (4, 0)
Dec 15, 2024 4:39:34 AM domain.Game addPlant
INFO: Planta añadida exitosamente: wallnut en (4, 0)
Dec 15, 2024 4:39:34 AM domain.plants.Sunflower generateSun
INFO: sol generado
Dec 15, 2024 4:39:34 AM domain.plants.ECIPlant generateSun
INFO: sol generado
Dec 15, 2024 4:39:34 AM domain.Game addZombie
INFO: Intentando añadir un zombie: brainstein en (10, 0)
Dec 15, 2024 4:39:34 AM domain.Game addZombie
INFO: Zombie añadido exitosamente: brainstein en (10, 0)
Dec 15, 2024 4:39:34 AM domain.Game addPlant
INFO: Intentando añadir una planta: sunflower en (1, 0)
Dec 15, 2024 4:39:34 AM domain.Game addPlant
SEVERE: Error al añadir planta: Cannot add the unit because there is already a unit in the cell
Dec 15, 2024 4:39:34 AM domain.Game addPlant
INFO: Intentando añadir una planta: sunflower en (1, 2)
Dec 15, 2024 4:39:34 AM domain.Game addPlant
SEVERE: Error al añadir planta: Cannot add the unit because there is already a unit in the cell
Dec 15, 2024 4:39:34 AM domain.Game addPlant
INFO: Intentando añadir una planta: sunflower en (1, 3)
Dec 15, 2024 4:39:34 AM domain.Game addPlant
SEVERE: Error al añadir planta: Cannot add the unit because there is already a unit in the cell
Dec 15, 2024 4:39:34 AM domain.Game addPlant
INFO: Intentando añadir una planta: sunflower en (1, 4)
Dec 15, 2024 4:39:34 AM domain.Game addPlant
SEVERE: Error al añadir planta: Cannot add the unit because there is already a unit in the cell
Dec 15, 2024 4:39:34 AM domain.Game addPlant
INFO: Intentando añadir una planta: potatomine en (7, 0)
Dec 15, 2024 4:39:34 AM domain.Game addPlant
SEVERE: Error al añadir planta: Cannot add the unit because there is already a unit in the cell
Dec 15, 2024 4:39:34 AM domain.Game addPlant
INFO: Intentando añadir una planta: potatomine en (7, 1)
Dec 15, 2024 4:39:34 AM domain.Game addPlant
INFO: Planta añadida exitosamente: potatomine en (7, 1)
Dec 15, 2024 4:39:34 AM domain.Game addPlant
INFO: Intentando añadir una planta: potatomine en (7, 2)
Dec 15, 2024 4:39:34 AM domain.Game addPlant
INFO: Planta añadida exitosamente: potatomine en (7, 2)
Dec 15, 2024 4:39:34 AM domain.Game addPlant
INFO: Intentando añadir una planta: potatomine en (7, 3)
Dec 15, 2024 4:39:34 AM domain.Game addPlant
INFO: Planta añadida exitosamente: potatomine en (7, 3)
Dec 15, 2024 4:39:34 AM domain.Game addPlant
INFO: Intentando añadir una planta: potatomine en (7, 4)
Dec 15, 2024 4:39:34 AM domain.Game addPlant
WARNING: No hay suficientes soles para añadir la planta: potatomine
Dec 15, 2024 4:39:34 AM domain.Game addPlant
SEVERE: Error al añadir planta: Not enough suns to buy the plant
Dec 15, 2024 4:39:35 AM domain.plants.ECIPlant generateSun
INFO: sol generado
Dec 15, 2024 4:39:35 AM domain.plants.Sunflower generateSun
INFO: sol generado
Dec 15, 2024 4:39:35 AM domain.plants.Sunflower generateSun
INFO: sol generado
Dec 15, 2024 4:39:35 AM domain.plants.ECIPlant generateSun
INFO: sol generado
Dec 15, 2024 4:39:35 AM domain.Game addZombie
INFO: Intentando añadir un zombie: buckethead en (9, 0)
Dec 15, 2024 4:39:35 AM domain.Game addZombie
INFO: Zombie añadido exitosamente: buckethead en (9, 0)
Dec 15, 2024 4:39:35 AM domain.Game addZombie
INFO: Intentando añadir un zombie: ecizombie en (9, 1)
Dec 15, 2024 4:39:35 AM domain.Game addZombie
INFO: Zombie añadido exitosamente: ecizombie en (9, 1)
Dec 15, 2024 4:39:35 AM domain.Game addPlant
INFO: Intentando añadir una planta: sunflower en (2, 0)
Dec 15, 2024 4:39:35 AM domain.Game addPlant
INFO: Planta añadida exitosamente: sunflower en (2, 0)
Dec 15, 2024 4:39:35 AM domain.plants.Sunflower generateSun
INFO: sol generado
Dec 15, 2024 4:39:35 AM domain.Game addPlant
INFO: Intentando añadir una planta: eciplant en (1, 0)
Dec 15, 2024 4:39:35 AM domain.Game addPlant
INFO: Planta añadida exitosamente: eciplant en (1, 0)
Dec 15, 2024 4:39:35 AM domain.plants.ECIPlant generateSun
INFO: sol generado
Dec 15, 2024 4:39:35 AM domain.plants.Sunflower generateSun
INFO: sol generado
Dec 15, 2024 4:39:35 AM domain.plants.Sunflower generateSun
INFO: sol generado
Dec 15, 2024 4:39:35 AM domain.plants.ECIPlant generateSun
INFO: sol generado
Dec 15, 2024 4:39:35 AM domain.Game addZombie
INFO: Intentando añadir un zombie: basic en (10, 3)
Dec 15, 2024 4:39:35 AM domain.Game addZombie
INFO: Zombie añadido exitosamente: basic en (10, 3)
Dec 15, 2024 4:39:35 AM domain.plants.ECIPlant generateSun
INFO: sol generado
Dec 15, 2024 4:39:35 AM domain.plants.ECIPlant generateSun
INFO: sol generado
Dec 15, 2024 4:39:35 AM domain.Game addPlant
INFO: Intentando añadir una planta: sunflower en (1, 0)
Dec 15, 2024 4:39:35 AM domain.Game addPlant
SEVERE: Error al añadir planta: Cannot add the unit because there is already a unit in the cell
Dec 15, 2024 4:39:35 AM domain.Game addPlant
INFO: Intentando añadir una planta: eciplant en (1, 2)
Dec 15, 2024 4:39:35 AM domain.Game addPlant
SEVERE: Error al añadir planta: Cannot add the unit because there is already a unit in the cell
Dec 15, 2024 4:39:35 AM domain.Game addPlant
INFO: Intentando añadir una planta: eciplant en (1, 3)
Dec 15, 2024 4:39:35 AM domain.Game addPlant
SEVERE: Error al añadir planta: Cannot add the unit because there is already a unit in the cell
Dec 15, 2024 4:39:35 AM domain.Game addPlant
INFO: Intentando añadir una planta: sunflower en (1, 4)
Dec 15, 2024 4:39:35 AM domain.Game addPlant
SEVERE: Error al añadir planta: Cannot add the unit because there is already a unit in the cell
Dec 15, 2024 4:39:36 AM domain.plants.Sunflower generateSun
INFO: sol generado
Dec 15, 2024 4:39:36 AM domain.plants.Sunflower generateSun
INFO: sol generado
Dec 15, 2024 4:39:36 AM domain.plants.Sunflower generateSun
INFO: sol generado
Dec 15, 2024 4:39:36 AM domain.plants.Sunflower generateSun
INFO: sol generado
Dec 15, 2024 4:39:36 AM domain.plants.ECIPlant generateSun
INFO: sol generado
Dec 15, 2024 4:39:36 AM domain.plants.ECIPlant generateSun
INFO: sol generado
Dec 15, 2024 4:39:36 AM domain.Game addZombie
INFO: Intentando añadir un zombie: buckethead en (9, 0)
Dec 15, 2024 4:39:36 AM domain.Game addZombie
INFO: Zombie añadido exitosamente: buckethead en (9, 0)
Dec 15, 2024 4:39:36 AM domain.Game addZombie
INFO: Intentando añadir un zombie: brainstein en (9, 1)
Dec 15, 2024 4:39:36 AM domain.Game addZombie
INFO: Zombie añadido exitosamente: brainstein en (9, 1)
Dec 15, 2024 4:39:36 AM domain.plants.Sunflower generateSun
INFO: sol generado
Dec 15, 2024 4:39:36 AM domain.plants.ECIPlant generateSun
INFO: sol generado
Dec 15, 2024 4:39:36 AM domain.Game addPlant
INFO: Intentando añadir una planta: eciplant en (1, 0)
Dec 15, 2024 4:39:36 AM domain.Game addPlant
SEVERE: Error al añadir planta: Cannot add the unit because there is already a unit in the cell
Dec 15, 2024 4:39:36 AM domain.Game addZombie
INFO: Intentando añadir un zombie: buckethead en (9, 4)
Dec 15, 2024 4:39:36 AM domain.Game addZombie
INFO: Zombie añadido exitosamente: buckethead en (9, 4)
Dec 15, 2024 4:39:36 AM domain.Game addPlant
INFO: Intentando añadir una planta: eciplant en (1, 0)
Dec 15, 2024 4:39:36 AM domain.Game addPlant
SEVERE: Error al añadir planta: Cannot add the unit because there is already a unit in the cell
Dec 15, 2024 4:39:36 AM domain.Game addPlant
INFO: Intentando añadir una planta: eciplant en (1, 2)
Dec 15, 2024 4:39:36 AM domain.Game addPlant
SEVERE: Error al añadir planta: Cannot add the unit because there is already a unit in the cell
Dec 15, 2024 4:39:36 AM domain.Game addPlant
INFO: Intentando añadir una planta: sunflower en (1, 3)
Dec 15, 2024 4:39:36 AM domain.Game addPlant
SEVERE: Error al añadir planta: Cannot add the unit because there is already a unit in the cell
Dec 15, 2024 4:39:36 AM domain.Game addPlant
INFO: Intentando añadir una planta: sunflower en (1, 4)
Dec 15, 2024 4:39:36 AM domain.Game addPlant
SEVERE: Error al añadir planta: Cannot add the unit because there is already a unit in the cell
Dec 15, 2024 4:39:36 AM domain.Game addPlant
INFO: Intentando añadir una planta: wallnut en (3, 0)
Dec 15, 2024 4:39:36 AM domain.Game addPlant
INFO: Planta añadida exitosamente: wallnut en (3, 0)
Dec 15, 2024 4:39:36 AM domain.Game addPlant
INFO: Intentando añadir una planta: wallnut en (3, 1)
Dec 15, 2024 4:39:36 AM domain.Game addPlant
INFO: Planta añadida exitosamente: wallnut en (3, 1)
Dec 15, 2024 4:39:36 AM domain.Game addPlant
INFO: Intentando añadir una planta: wallnut en (3, 2)
Dec 15, 2024 4:39:36 AM domain.Game addPlant
INFO: Planta añadida exitosamente: wallnut en (3, 2)
Dec 15, 2024 4:39:36 AM domain.Game addPlant
INFO: Intentando añadir una planta: wallnut en (3, 3)
Dec 15, 2024 4:39:36 AM domain.Game addPlant
INFO: Planta añadida exitosamente: wallnut en (3, 3)
Dec 15, 2024 4:39:36 AM domain.Game addPlant
INFO: Intentando añadir una planta: wallnut en (3, 4)
Dec 15, 2024 4:39:36 AM domain.Game addPlant
WARNING: No hay suficientes soles para añadir la planta: wallnut
Dec 15, 2024 4:39:36 AM domain.Game addPlant
SEVERE: Error al añadir planta: Not enough suns to buy the plant
Dec 15, 2024 4:39:37 AM domain.plants.ECIPlant generateSun
INFO: sol generado
Dec 15, 2024 4:39:37 AM domain.Game addZombie
INFO: Intentando añadir un zombie: basic en (9, 0)
Dec 15, 2024 4:39:37 AM domain.Game addZombie
INFO: Zombie añadido exitosamente: basic en (9, 0)
Dec 15, 2024 4:39:37 AM domain.Game addZombie
INFO: Intentando añadir un zombie: brainstein en (10, 4)
Dec 15, 2024 4:39:37 AM domain.Game addZombie
INFO: Zombie añadido exitosamente: brainstein en (10, 4)
Dec 15, 2024 4:39:37 AM domain.plants.Sunflower generateSun
INFO: sol generado
Dec 15, 2024 4:39:37 AM domain.plants.Sunflower generateSun
INFO: sol generado
Dec 15, 2024 4:39:37 AM domain.plants.ECIPlant generateSun
INFO: sol generado
Dec 15, 2024 4:39:37 AM domain.Game addZombie
INFO: Intentando añadir un zombie: basic en (10, 4)
Dec 15, 2024 4:39:37 AM domain.Game addZombie
INFO: Zombie añadido exitosamente: basic en (10, 4)
Dec 15, 2024 4:39:37 AM domain.Game addPlant
INFO: Intentando añadir una planta: eciplant en (1, 0)
Dec 15, 2024 4:39:37 AM domain.Game addPlant
SEVERE: Error al añadir planta: Cannot add the unit because there is already a unit in the cell
Dec 15, 2024 4:39:37 AM domain.Game addPlant
INFO: Intentando añadir una planta: eciplant en (1, 2)
Dec 15, 2024 4:39:37 AM domain.Game addPlant
SEVERE: Error al añadir planta: Cannot add the unit because there is already a unit in the cell
Dec 15, 2024 4:39:37 AM domain.Game addPlant
INFO: Intentando añadir una planta: sunflower en (1, 4)
Dec 15, 2024 4:39:37 AM domain.Game addPlant
SEVERE: Error al añadir planta: Cannot add the unit because there is already a unit in the cell
Dec 15, 2024 4:39:38 AM domain.LawnMower activate
INFO: LawnMower activado en la fila: 2
Dec 15, 2024 4:39:38 AM domain.LawnMower activate
INFO: LawnMower activado en la fila: 3
Dec 15, 2024 4:39:38 AM domain.LawnMower activate
INFO: LawnMower activado en la fila: 4
Dec 15, 2024 4:39:38 AM domain.LawnMower activate
INFO: LawnMower activado en la fila: 0
Dec 15, 2024 4:39:38 AM domain.plants.ECIPlant generateSun
INFO: sol generado
Dec 15, 2024 4:39:38 AM domain.plants.Sunflower generateSun
INFO: sol generado
Dec 15, 2024 4:39:38 AM domain.plants.Sunflower generateSun
INFO: sol generado
Dec 15, 2024 4:39:38 AM domain.plants.ECIPlant generateSun
INFO: sol generado
Dec 15, 2024 4:39:38 AM domain.Game addZombie
INFO: Intentando añadir un zombie: brainstein en (10, 0)
Dec 15, 2024 4:39:38 AM domain.Game addZombie
INFO: Zombie añadido exitosamente: brainstein en (10, 0)
Dec 15, 2024 4:39:38 AM domain.Game addZombie
INFO: Intentando añadir un zombie: ecizombie en (9, 4)
Dec 15, 2024 4:39:38 AM domain.Game addZombie
INFO: Zombie añadido exitosamente: ecizombie en (9, 4)
Dec 15, 2024 4:39:38 AM domain.plants.Sunflower generateSun
INFO: sol generado
Dec 15, 2024 4:39:38 AM domain.plants.ECIPlant generateSun
INFO: sol generado
Dec 15, 2024 4:39:38 AM domain.Game addPlant
INFO: Intentando añadir una planta: wallnut en (5, 0)
Dec 15, 2024 4:39:38 AM domain.Game addPlant
INFO: Planta añadida exitosamente: wallnut en (5, 0)
Dec 15, 2024 4:39:38 AM domain.plants.Sunflower generateSun
INFO: sol generado
Dec 15, 2024 4:39:38 AM domain.plants.Sunflower generateSun
INFO: sol generado
Dec 15, 2024 4:39:38 AM domain.plants.ECIPlant generateSun
INFO: sol generado
Dec 15, 2024 4:39:38 AM domain.plants.ECIPlant generateSun
INFO: sol generado
Dec 15, 2024 4:39:38 AM domain.Game addZombie
INFO: Intentando añadir un zombie: brainstein en (10, 0)
Dec 15, 2024 4:39:38 AM domain.Game addZombie
INFO: Zombie añadido exitosamente: brainstein en (10, 0)
Dec 15, 2024 4:39:38 AM domain.plants.ECIPlant generateSun
INFO: sol generado
Dec 15, 2024 4:39:38 AM domain.Game addPlant
INFO: Intentando añadir una planta: sunflower en (1, 0)
Dec 15, 2024 4:39:38 AM domain.Game addPlant
SEVERE: Error al añadir planta: Cannot add the unit because there is already a unit in the cell
Dec 15, 2024 4:39:38 AM domain.Game addPlant
INFO: Intentando añadir una planta: sunflower en (1, 2)
Dec 15, 2024 4:39:38 AM domain.Game addPlant
SEVERE: Error al añadir planta: Cannot add the unit because there is already a unit in the cell
Dec 15, 2024 4:39:38 AM domain.Game addPlant
INFO: Intentando añadir una planta: sunflower en (1, 4)
Dec 15, 2024 4:39:38 AM domain.Game addPlant
SEVERE: Error al añadir planta: Cannot add the unit because there is already a unit in the cell
Dec 15, 2024 4:39:38 AM domain.Game addPlant
INFO: Intentando añadir una planta: wallnut en (4, 0)
Dec 15, 2024 4:39:38 AM domain.Game addPlant
INFO: Planta añadida exitosamente: wallnut en (4, 0)
Dec 15, 2024 4:39:38 AM domain.Game addPlant
INFO: Intentando añadir una planta: wallnut en (4, 1)
Dec 15, 2024 4:39:38 AM domain.Game addPlant
INFO: Planta añadida exitosamente: wallnut en (4, 1)
Dec 15, 2024 4:39:38 AM domain.Game addPlant
INFO: Intentando añadir una planta: wallnut en (4, 2)
Dec 15, 2024 4:39:38 AM domain.Game addPlant
INFO: Planta añadida exitosamente: wallnut en (4, 2)
Dec 15, 2024 4:39:38 AM domain.Game addPlant
INFO: Intentando añadir una planta: wallnut en (4, 3)
Dec 15, 2024 4:39:38 AM domain.Game addPlant
INFO: Planta añadida exitosamente: wallnut en (4, 3)
Dec 15, 2024 4:39:38 AM domain.Game addPlant
INFO: Intentando añadir una planta: wallnut en (4, 4)
Dec 15, 2024 4:39:38 AM domain.Game addPlant
WARNING: No hay suficientes soles para añadir la planta: wallnut
Dec 15, 2024 4:39:38 AM domain.Game addPlant
SEVERE: Error al añadir planta: Not enough suns to buy the plant
Dec 15, 2024 4:39:39 AM domain.plants.Sunflower generateSun
INFO: sol generado
Dec 15, 2024 4:39:39 AM domain.plants.Sunflower generateSun
INFO: sol generado
Dec 15, 2024 4:39:39 AM domain.plants.Sunflower generateSun
INFO: sol generado
Dec 15, 2024 4:39:39 AM domain.plants.Sunflower generateSun
INFO: sol generado
Dec 15, 2024 4:39:39 AM domain.plants.ECIPlant generateSun
INFO: sol generado
Dec 15, 2024 4:39:39 AM domain.plants.ECIPlant generateSun
INFO: sol generado
Dec 15, 2024 4:39:39 AM domain.Game addZombie
INFO: Intentando añadir un zombie: buckethead en (9, 0)
Dec 15, 2024 4:39:39 AM domain.Game addZombie
INFO: Zombie añadido exitosamente: buckethead en (9, 0)
Dec 15, 2024 4:39:39 AM domain.Game addZombie
INFO: Intentando añadir un zombie: brainstein en (10, 4)
Dec 15, 2024 4:39:39 AM domain.Game addZombie
INFO: Zombie añadido exitosamente: brainstein en (10, 4)
Dec 15, 2024 4:39:39 AM domain.plants.Sunflower generateSun
INFO: sol generado
Dec 15, 2024 4:39:39 AM domain.plants.ECIPlant generateSun
INFO: sol generado
Dec 15, 2024 4:39:39 AM domain.Game addZombie
INFO: Intentando añadir un zombie: buckethead en (9, 4)
Dec 15, 2024 4:39:39 AM domain.Game addZombie
INFO: Zombie añadido exitosamente: buckethead en (9, 4)
Dec 15, 2024 4:39:39 AM domain.Game addPlant
INFO: Intentando añadir una planta: eciplant en (1, 0)
Dec 15, 2024 4:39:39 AM domain.Game addPlant
SEVERE: Error al añadir planta: Cannot add the unit because there is already a unit in the cell
Dec 15, 2024 4:39:39 AM domain.Game addPlant
INFO: Intentando añadir una planta: eciplant en (1, 2)
Dec 15, 2024 4:39:39 AM domain.Game addPlant
SEVERE: Error al añadir planta: Cannot add the unit because there is already a unit in the cell
Dec 15, 2024 4:39:39 AM domain.Game addPlant
INFO: Intentando añadir una planta: wallnut en (4, 4)
Dec 15, 2024 4:39:39 AM domain.Game addPlant
WARNING: No hay suficientes soles para añadir la planta: wallnut
Dec 15, 2024 4:39:39 AM domain.Game addPlant
SEVERE: Error al añadir planta: Not enough suns to buy the plant
Dec 15, 2024 4:39:40 AM domain.plants.ECIPlant generateSun
INFO: sol generado
Dec 15, 2024 4:39:40 AM domain.Game addZombie
INFO: Intentando añadir un zombie: conehead en (9, 0)
Dec 15, 2024 4:39:40 AM domain.Game addZombie
INFO: Zombie añadido exitosamente: conehead en (9, 0)
Dec 15, 2024 4:39:40 AM domain.Game addZombie
INFO: Intentando añadir un zombie: conehead en (9, 0)
Dec 15, 2024 4:39:40 AM domain.Game addZombie
INFO: Zombie añadido exitosamente: conehead en (9, 0)
Dec 15, 2024 4:39:40 AM domain.plants.Sunflower generateSun
INFO: sol generado
Dec 15, 2024 4:39:40 AM domain.plants.Sunflower generateSun
INFO: sol generado
Dec 15, 2024 4:39:40 AM domain.plants.ECIPlant generateSun
INFO: sol generado
Dec 15, 2024 4:39:40 AM domain.Game addZombie
INFO: Intentando añadir un zombie: buckethead en (9, 4)
Dec 15, 2024 4:39:40 AM domain.Game addZombie
INFO: Zombie añadido exitosamente: buckethead en (9, 4)
Dec 15, 2024 4:39:40 AM domain.Game addPlant
INFO: Intentando añadir una planta: sunflower en (1, 0)
Dec 15, 2024 4:39:40 AM domain.Game addPlant
SEVERE: Error al añadir planta: Cannot add the unit because there is already a unit in the cell
Dec 15, 2024 4:39:40 AM domain.Game addPlant
INFO: Intentando añadir una planta: sunflower en (1, 2)
Dec 15, 2024 4:39:40 AM domain.Game addPlant
SEVERE: Error al añadir planta: Cannot add the unit because there is already a unit in the cell
Dec 15, 2024 4:39:40 AM domain.Game addPlant
INFO: Intentando añadir una planta: wallnut en (4, 4)
Dec 15, 2024 4:39:40 AM domain.Game addPlant
WARNING: No hay suficientes soles para añadir la planta: wallnut
Dec 15, 2024 4:39:40 AM domain.Game addPlant
SEVERE: Error al añadir planta: Not enough suns to buy the plant
Dec 15, 2024 4:39:41 AM domain.plants.ECIPlant generateSun
INFO: sol generado
Dec 15, 2024 4:39:41 AM domain.plants.Sunflower generateSun
INFO: sol generado
Dec 15, 2024 4:39:41 AM domain.plants.Sunflower generateSun
INFO: sol generado
Dec 15, 2024 4:39:41 AM domain.plants.ECIPlant generateSun
INFO: sol generado
Dec 15, 2024 4:39:41 AM domain.Game addZombie
INFO: Intentando añadir un zombie: conehead en (9, 0)
Dec 15, 2024 4:39:41 AM domain.Game addZombie
INFO: Zombie añadido exitosamente: conehead en (9, 0)
Dec 15, 2024 4:39:41 AM domain.Game addZombie
INFO: Intentando añadir un zombie: conehead en (10, 3)
Dec 15, 2024 4:39:41 AM domain.Game addZombie
INFO: Zombie añadido exitosamente: conehead en (10, 3)
Dec 15, 2024 4:39:41 AM domain.plants.Sunflower generateSun
INFO: sol generado
Dec 15, 2024 4:39:41 AM domain.plants.ECIPlant generateSun
INFO: sol generado
Dec 15, 2024 4:39:41 AM domain.plants.Sunflower generateSun
INFO: sol generado
Dec 15, 2024 4:39:41 AM domain.plants.ECIPlant generateSun
INFO: sol generado
Dec 15, 2024 4:39:41 AM domain.plants.Sunflower generateSun
INFO: sol generado
Dec 15, 2024 4:39:41 AM domain.plants.ECIPlant generateSun
INFO: sol generado
Dec 15, 2024 4:39:41 AM domain.plants.ECIPlant generateSun
INFO: sol generado
Dec 15, 2024 4:39:41 AM domain.Game addZombie
INFO: Intentando añadir un zombie: conehead en (9, 4)
Dec 15, 2024 4:39:41 AM domain.Game addZombie
INFO: Zombie añadido exitosamente: conehead en (9, 4)
Dec 15, 2024 4:39:41 AM domain.Game addPlant
INFO: Intentando añadir una planta: sunflower en (1, 0)
Dec 15, 2024 4:39:41 AM domain.Game addPlant
SEVERE: Error al añadir planta: Cannot add the unit because there is already a unit in the cell
Dec 15, 2024 4:39:41 AM domain.Game addPlant
INFO: Intentando añadir una planta: sunflower en (1, 2)
Dec 15, 2024 4:39:41 AM domain.Game addPlant
SEVERE: Error al añadir planta: Cannot add the unit because there is already a unit in the cell
Dec 15, 2024 4:39:42 AM domain.plants.Sunflower generateSun
INFO: sol generado
Dec 15, 2024 4:39:42 AM domain.plants.Sunflower generateSun
INFO: sol generado
Dec 15, 2024 4:39:42 AM domain.plants.Sunflower generateSun
INFO: sol generado
Dec 15, 2024 4:39:42 AM domain.plants.Sunflower generateSun
INFO: sol generado
Dec 15, 2024 4:39:42 AM domain.plants.ECIPlant generateSun
INFO: sol generado
Dec 15, 2024 4:39:42 AM domain.plants.ECIPlant generateSun
INFO: sol generado
Dec 15, 2024 4:39:42 AM domain.Game addZombie
INFO: Intentando añadir un zombie: brainstein en (10, 0)
Dec 15, 2024 4:39:42 AM domain.Game addZombie
INFO: Zombie añadido exitosamente: brainstein en (10, 0)
Dec 15, 2024 4:39:42 AM domain.Game addZombie
INFO: Intentando añadir un zombie: conehead en (9, 3)
Dec 15, 2024 4:39:42 AM domain.Game addZombie
INFO: Zombie añadido exitosamente: conehead en (9, 3)
Dec 15, 2024 4:39:42 AM domain.plants.Sunflower generateSun
INFO: sol generado
Dec 15, 2024 4:39:42 AM domain.plants.ECIPlant generateSun
INFO: sol generado
Dec 15, 2024 4:39:42 AM domain.Game addPlant
INFO: Intentando añadir una planta: eciplant en (1, 0)
Dec 15, 2024 4:39:42 AM domain.Game addPlant
INFO: Planta añadida exitosamente: eciplant en (1, 0)
Dec 15, 2024 4:39:42 AM domain.plants.ECIPlant generateSun
INFO: sol generado
Dec 15, 2024 4:39:42 AM domain.Game addZombie
INFO: Intentando añadir un zombie: brainstein en (10, 0)
Dec 15, 2024 4:39:42 AM domain.Game addZombie
INFO: Zombie añadido exitosamente: brainstein en (10, 0)
Dec 15, 2024 4:39:42 AM domain.Game addPlant
INFO: Intentando añadir una planta: eciplant en (1, 0)
Dec 15, 2024 4:39:42 AM domain.Game addPlant
SEVERE: Error al añadir planta: Cannot add the unit because there is already a unit in the cell
Dec 15, 2024 4:39:42 AM domain.Game addPlant
INFO: Intentando añadir una planta: sunflower en (1, 2)
Dec 15, 2024 4:39:42 AM domain.Game addPlant
SEVERE: Error al añadir planta: Cannot add the unit because there is already a unit in the cell
Dec 15, 2024 4:39:42 AM domain.Game addPlant
INFO: Intentando añadir una planta: wallnut en (3, 4)
Dec 15, 2024 4:39:42 AM domain.Game addPlant
INFO: Planta añadida exitosamente: wallnut en (3, 4)
Dec 15, 2024 4:39:43 AM domain.plants.ECIPlant generateSun
INFO: sol generado
Dec 15, 2024 4:39:43 AM domain.Game addZombie
INFO: Intentando añadir un zombie: basic en (9, 0)
Dec 15, 2024 4:39:43 AM domain.Game addZombie
INFO: Zombie añadido exitosamente: basic en (9, 0)
Dec 15, 2024 4:39:43 AM domain.Game addZombie
INFO: Intentando añadir un zombie: conehead en (9, 2)
Dec 15, 2024 4:39:43 AM domain.Game addZombie
INFO: Zombie añadido exitosamente: conehead en (9, 2)
Dec 15, 2024 4:39:43 AM domain.plants.Sunflower generateSun
INFO: sol generado
Dec 15, 2024 4:39:43 AM domain.Game addPlant
INFO: Intentando añadir una planta: eciplant en (1, 0)
Dec 15, 2024 4:39:43 AM domain.Game addPlant
SEVERE: Error al añadir planta: Cannot add the unit because there is already a unit in the cell
Dec 15, 2024 4:39:43 AM domain.plants.Sunflower generateSun
INFO: sol generado
Dec 15, 2024 4:39:43 AM domain.plants.ECIPlant generateSun
INFO: sol generado
Dec 15, 2024 4:39:43 AM domain.Game addZombie
INFO: Intentando añadir un zombie: buckethead en (9, 4)
Dec 15, 2024 4:39:43 AM domain.Game addZombie
INFO: Zombie añadido exitosamente: buckethead en (9, 4)
Dec 15, 2024 4:39:43 AM domain.Game addPlant
INFO: Intentando añadir una planta: sunflower en (1, 0)
Dec 15, 2024 4:39:43 AM domain.Game addPlant
SEVERE: Error al añadir planta: Cannot add the unit because there is already a unit in the cell
Dec 15, 2024 4:39:43 AM domain.Game addPlant
INFO: Intentando añadir una planta: sunflower en (1, 2)
Dec 15, 2024 4:39:43 AM domain.Game addPlant
SEVERE: Error al añadir planta: Cannot add the unit because there is already a unit in the cell
Dec 15, 2024 4:39:43 AM domain.Game addPlant
INFO: Intentando añadir una planta: wallnut en (2, 1)
Dec 15, 2024 4:39:43 AM domain.Game addPlant
INFO: Planta añadida exitosamente: wallnut en (2, 1)
Dec 15, 2024 4:39:43 AM domain.Game addPlant
INFO: Intentando añadir una planta: wallnut en (2, 2)
Dec 15, 2024 4:39:43 AM domain.Game addPlant
INFO: Planta añadida exitosamente: wallnut en (2, 2)
Dec 15, 2024 4:39:43 AM domain.Game addPlant
INFO: Intentando añadir una planta: wallnut en (2, 3)
Dec 15, 2024 4:39:43 AM domain.Game addPlant
INFO: Planta añadida exitosamente: wallnut en (2, 3)
Dec 15, 2024 4:39:43 AM domain.Game addPlant
INFO: Intentando añadir una planta: wallnut en (2, 4)
Dec 15, 2024 4:39:43 AM domain.Game addPlant
WARNING: No hay suficientes soles para añadir la planta: wallnut
Dec 15, 2024 4:39:43 AM domain.Game addPlant
SEVERE: Error al añadir planta: Not enough suns to buy the plant
Dec 15, 2024 4:39:44 AM domain.Game deleteUnit
INFO: Unidad eliminada exitosamente en la posición (5, 2)
Dec 15, 2024 4:39:44 AM domain.plants.ECIPlant generateSun
INFO: sol generado
Dec 15, 2024 4:39:44 AM domain.plants.Sunflower generateSun
INFO: sol generado
Dec 15, 2024 4:39:44 AM domain.plants.Sunflower generateSun
INFO: sol generado
Dec 15, 2024 4:39:44 AM domain.plants.ECIPlant generateSun
INFO: sol generado
Dec 15, 2024 4:39:44 AM domain.Game addZombie
INFO: Intentando añadir un zombie: conehead en (9, 0)
Dec 15, 2024 4:39:44 AM domain.Game addZombie
INFO: Zombie añadido exitosamente: conehead en (9, 0)
Dec 15, 2024 4:39:44 AM domain.Game addZombie
INFO: Intentando añadir un zombie: brainstein en (10, 3)
Dec 15, 2024 4:39:44 AM domain.Game addZombie
INFO: Zombie añadido exitosamente: brainstein en (10, 3)
Dec 15, 2024 4:39:44 AM domain.plants.Sunflower generateSun
INFO: sol generado
Dec 15, 2024 4:39:44 AM domain.plants.ECIPlant generateSun
INFO: sol generado
Dec 15, 2024 4:39:44 AM domain.plants.Sunflower generateSun
INFO: sol generado
Dec 15, 2024 4:39:44 AM domain.plants.ECIPlant generateSun
INFO: sol generado
Dec 15, 2024 4:39:44 AM domain.plants.Sunflower generateSun
INFO: sol generado
Dec 15, 2024 4:39:44 AM domain.plants.ECIPlant generateSun
INFO: sol generado
Dec 15, 2024 4:39:44 AM domain.plants.ECIPlant generateSun
INFO: sol generado
Dec 15, 2024 4:39:44 AM domain.Game addZombie
INFO: Intentando añadir un zombie: conehead en (9, 4)
Dec 15, 2024 4:39:44 AM domain.Game addZombie
INFO: Zombie añadido exitosamente: conehead en (9, 4)
Dec 15, 2024 4:39:44 AM domain.Game addPlant
INFO: Intentando añadir una planta: eciplant en (1, 0)
Dec 15, 2024 4:39:44 AM domain.Game addPlant
SEVERE: Error al añadir planta: Cannot add the unit because there is already a unit in the cell
Dec 15, 2024 4:39:44 AM domain.Game addPlant
INFO: Intentando añadir una planta: potatomine en (7, 0)
Dec 15, 2024 4:39:44 AM domain.Game addPlant
SEVERE: Error al añadir planta: Cannot add the unit because there is already a unit in the cell
Dec 15, 2024 4:39:44 AM domain.Game addPlant
INFO: Intentando añadir una planta: potatomine en (7, 2)
Dec 15, 2024 4:39:44 AM domain.Game addPlant
INFO: Planta añadida exitosamente: potatomine en (7, 2)
Dec 15, 2024 4:39:44 AM domain.Game addPlant
INFO: Intentando añadir una planta: potatomine en (7, 3)
Dec 15, 2024 4:39:44 AM domain.Game addPlant
SEVERE: Error al añadir planta: Cannot add the unit because there is already a unit in the cell
Dec 15, 2024 4:39:44 AM domain.Game addPlant
INFO: Intentando añadir una planta: potatomine en (7, 4)
Dec 15, 2024 4:39:44 AM domain.Game addPlant
INFO: Planta añadida exitosamente: potatomine en (7, 4)
Dec 15, 2024 4:39:45 AM domain.plants.Sunflower generateSun
INFO: sol generado
Dec 15, 2024 4:39:45 AM domain.plants.Sunflower generateSun
INFO: sol generado
Dec 15, 2024 4:39:45 AM domain.plants.Sunflower generateSun
INFO: sol generado
Dec 15, 2024 4:39:45 AM domain.plants.Sunflower generateSun
INFO: sol generado
Dec 15, 2024 4:39:45 AM domain.plants.ECIPlant generateSun
INFO: sol generado
Dec 15, 2024 4:39:45 AM domain.plants.ECIPlant generateSun
INFO: sol generado
Dec 15, 2024 4:39:45 AM domain.Game addZombie
INFO: Intentando añadir un zombie: conehead en (9, 0)
Dec 15, 2024 4:39:45 AM domain.Game addZombie
INFO: Zombie añadido exitosamente: conehead en (9, 0)
Dec 15, 2024 4:39:45 AM domain.Game addZombie
INFO: Intentando añadir un zombie: basic en (10, 1)
Dec 15, 2024 4:39:45 AM domain.Game addZombie
INFO: Zombie añadido exitosamente: basic en (10, 1)
Dec 15, 2024 4:39:45 AM domain.plants.Sunflower generateSun
INFO: sol generado
Dec 15, 2024 4:39:45 AM domain.plants.ECIPlant generateSun
INFO: sol generado
Dec 15, 2024 4:39:45 AM domain.plants.ECIPlant generateSun
INFO: sol generado
Dec 15, 2024 4:39:45 AM domain.Game addPlant
INFO: Intentando añadir una planta: eciplant en (1, 0)
Dec 15, 2024 4:39:45 AM domain.Game addPlant
SEVERE: Error al añadir planta: Cannot add the unit because there is already a unit in the cell
Dec 15, 2024 4:39:45 AM domain.Game addZombie
INFO: Intentando añadir un zombie: conehead en (9, 4)
Dec 15, 2024 4:39:45 AM domain.Game addZombie
INFO: Zombie añadido exitosamente: conehead en (9, 4)
Dec 15, 2024 4:39:45 AM domain.Game addPlant
INFO: Intentando añadir una planta: eciplant en (1, 0)
Dec 15, 2024 4:39:45 AM domain.Game addPlant
SEVERE: Error al añadir planta: Cannot add the unit because there is already a unit in the cell
Dec 15, 2024 4:39:45 AM domain.Game addPlant
INFO: Intentando añadir una planta: potatomine en (6, 2)
Dec 15, 2024 4:39:45 AM domain.Game addPlant
SEVERE: Error al añadir planta: Cannot add the unit because there is already a unit in the cell
Dec 15, 2024 4:39:45 AM domain.Game addPlant
INFO: Intentando añadir una planta: potatomine en (6, 3)
Dec 15, 2024 4:39:45 AM domain.Game addPlant
INFO: Planta añadida exitosamente: potatomine en (6, 3)
Dec 15, 2024 4:39:46 AM domain.LawnMower activate
INFO: LawnMower activado en la fila: 2
Dec 15, 2024 4:39:46 AM domain.LawnMower activate
INFO: LawnMower activado en la fila: 2
Dec 15, 2024 4:39:46 AM domain.plants.ECIPlant generateSun
INFO: sol generado
Dec 15, 2024 4:39:46 AM domain.Game addZombie
INFO: Intentando añadir un zombie: brainstein en (10, 0)
Dec 15, 2024 4:39:46 AM domain.Game addZombie
INFO: Zombie añadido exitosamente: brainstein en (10, 0)
Dec 15, 2024 4:39:46 AM domain.Game addZombie
INFO: Intentando añadir un zombie: conehead en (10, 4)
Dec 15, 2024 4:39:46 AM domain.Game addZombie
INFO: Zombie añadido exitosamente: conehead en (10, 4)
Dec 15, 2024 4:39:46 AM domain.plants.Sunflower generateSun
INFO: sol generado
Dec 15, 2024 4:39:46 AM domain.plants.Sunflower generateSun
INFO: sol generado
Dec 15, 2024 4:39:46 AM domain.plants.ECIPlant generateSun
INFO: sol generado
Dec 15, 2024 4:39:46 AM domain.Game addZombie
INFO: Intentando añadir un zombie: brainstein en (10, 0)
Dec 15, 2024 4:39:46 AM domain.Game addZombie
INFO: Zombie añadido exitosamente: brainstein en (10, 0)
Dec 15, 2024 4:39:46 AM domain.Game addPlant
INFO: Intentando añadir una planta: eciplant en (1, 0)
Dec 15, 2024 4:39:46 AM domain.Game addPlant
SEVERE: Error al añadir planta: Cannot add the unit because there is already a unit in the cell
Dec 15, 2024 4:39:46 AM domain.Game addPlant
INFO: Intentando añadir una planta: wallnut en (2, 4)
Dec 15, 2024 4:39:46 AM domain.Game addPlant
INFO: Planta añadida exitosamente: wallnut en (2, 4)
Dec 15, 2024 4:39:47 AM domain.plants.ECIPlant generateSun
INFO: sol generado
Dec 15, 2024 4:39:47 AM domain.plants.Sunflower generateSun
INFO: sol generado
Dec 15, 2024 4:39:47 AM domain.plants.Sunflower generateSun
INFO: sol generado
Dec 15, 2024 4:39:47 AM domain.plants.ECIPlant generateSun
INFO: sol generado
Dec 15, 2024 4:39:47 AM domain.Game addZombie
INFO: Intentando añadir un zombie: basic en (9, 0)
Dec 15, 2024 4:39:47 AM domain.Game addZombie
INFO: Zombie añadido exitosamente: basic en (9, 0)
Dec 15, 2024 4:39:47 AM domain.Game addZombie
INFO: Intentando añadir un zombie: conehead en (10, 3)
Dec 15, 2024 4:39:47 AM domain.Game addZombie
INFO: Zombie añadido exitosamente: conehead en (10, 3)
Dec 15, 2024 4:39:47 AM domain.plants.Sunflower generateSun
INFO: sol generado
Dec 15, 2024 4:39:47 AM domain.plants.ECIPlant generateSun
INFO: sol generado
Dec 15, 2024 4:39:47 AM domain.plants.Sunflower generateSun
INFO: sol generado
Dec 15, 2024 4:39:47 AM domain.plants.ECIPlant generateSun
INFO: sol generado
Dec 15, 2024 4:39:47 AM domain.plants.Sunflower generateSun
INFO: sol generado
Dec 15, 2024 4:39:47 AM domain.plants.ECIPlant generateSun
INFO: sol generado
Dec 15, 2024 4:39:47 AM domain.plants.ECIPlant generateSun
INFO: sol generado
Dec 15, 2024 4:39:47 AM domain.Game addZombie
INFO: Intentando añadir un zombie: conehead en (9, 4)
Dec 15, 2024 4:39:47 AM domain.Game addZombie
INFO: Zombie añadido exitosamente: conehead en (9, 4)
Dec 15, 2024 4:39:47 AM domain.Game addPlant
INFO: Intentando añadir una planta: sunflower en (1, 0)
Dec 15, 2024 4:39:47 AM domain.Game addPlant
SEVERE: Error al añadir planta: Cannot add the unit because there is already a unit in the cell
Dec 15, 2024 4:39:47 AM domain.Game addPlant
INFO: Intentando añadir una planta: potatomine en (7, 0)
Dec 15, 2024 4:39:47 AM domain.Game addPlant
SEVERE: Error al añadir planta: Cannot add the unit because there is already a unit in the cell
Dec 15, 2024 4:39:47 AM domain.Game addPlant
INFO: Intentando añadir una planta: potatomine en (7, 2)
Dec 15, 2024 4:39:47 AM domain.Game addPlant
INFO: Planta añadida exitosamente: potatomine en (7, 2)
Dec 15, 2024 4:39:47 AM domain.Game addPlant
INFO: Intentando añadir una planta: potatomine en (7, 3)
Dec 15, 2024 4:39:47 AM domain.Game addPlant
SEVERE: Error al añadir planta: Cannot add the unit because there is already a unit in the cell
Dec 15, 2024 4:39:47 AM domain.Game addPlant
INFO: Intentando añadir una planta: potatomine en (7, 4)
Dec 15, 2024 4:39:47 AM domain.Game addPlant
SEVERE: Error al añadir planta: Cannot add the unit because there is already a unit in the cell
Dec 15, 2024 4:39:48 AM domain.plants.Sunflower generateSun
INFO: sol generado
Dec 15, 2024 4:39:48 AM domain.plants.Sunflower generateSun
INFO: sol generado
Dec 15, 2024 4:39:48 AM domain.plants.Sunflower generateSun
INFO: sol generado
Dec 15, 2024 4:39:48 AM domain.plants.Sunflower generateSun
INFO: sol generado
Dec 15, 2024 4:39:48 AM domain.plants.ECIPlant generateSun
INFO: sol generado
Dec 15, 2024 4:39:48 AM domain.plants.ECIPlant generateSun
INFO: sol generado
Dec 15, 2024 4:39:48 AM domain.Game addZombie
INFO: Intentando añadir un zombie: conehead en (9, 0)
Dec 15, 2024 4:39:48 AM domain.Game addZombie
INFO: Zombie añadido exitosamente: conehead en (9, 0)
Dec 15, 2024 4:39:48 AM domain.Game addZombie
INFO: Intentando añadir un zombie: ecizombie en (9, 3)
Dec 15, 2024 4:39:48 AM domain.Game addZombie
INFO: Zombie añadido exitosamente: ecizombie en (9, 3)
Dec 15, 2024 4:39:48 AM domain.plants.Sunflower generateSun
INFO: sol generado
Dec 15, 2024 4:39:48 AM domain.plants.ECIPlant generateSun
INFO: sol generado
Dec 15, 2024 4:39:48 AM domain.plants.ECIPlant generateSun
INFO: sol generado
Dec 15, 2024 4:39:48 AM domain.Game addZombie
INFO: Intentando añadir un zombie: basic en (9, 4)
Dec 15, 2024 4:39:48 AM domain.Game addZombie
INFO: Zombie añadido exitosamente: basic en (9, 4)
Dec 15, 2024 4:39:48 AM domain.Game addPlant
INFO: Intentando añadir una planta: sunflower en (1, 0)
Dec 15, 2024 4:39:48 AM domain.Game addPlant
SEVERE: Error al añadir planta: Cannot add the unit because there is already a unit in the cell
Dec 15, 2024 4:39:48 AM domain.Game addPlant
INFO: Intentando añadir una planta: potatomine en (5, 2)
Dec 15, 2024 4:39:48 AM domain.Game addPlant
SEVERE: Error al añadir planta: Cannot add the unit because there is already a unit in the cell
Dec 15, 2024 4:39:49 AM domain.LawnMower activate
INFO: LawnMower activado en la fila: 4
Dec 15, 2024 4:39:49 AM domain.Game deleteUnit
INFO: Unidad eliminada exitosamente en la posición (5, 4)
Dec 15, 2024 4:39:49 AM domain.plants.ECIPlant generateSun
INFO: sol generado
Dec 15, 2024 4:39:49 AM domain.Game addZombie
INFO: Intentando añadir un zombie: basic en (9, 0)
Dec 15, 2024 4:39:49 AM domain.Game addZombie
INFO: Zombie añadido exitosamente: basic en (9, 0)
Dec 15, 2024 4:39:49 AM domain.Game addZombie
INFO: Intentando añadir un zombie: brainstein en (10, 3)
Dec 15, 2024 4:39:49 AM domain.Game addZombie
INFO: Zombie añadido exitosamente: brainstein en (10, 3)
Dec 15, 2024 4:39:49 AM domain.plants.Sunflower generateSun
INFO: sol generado
Dec 15, 2024 4:39:49 AM domain.plants.Sunflower generateSun
INFO: sol generado
Dec 15, 2024 4:39:49 AM domain.plants.ECIPlant generateSun
INFO: sol generado
Dec 15, 2024 4:39:49 AM domain.Game addZombie
INFO: Intentando añadir un zombie: conehead en (9, 4)
Dec 15, 2024 4:39:49 AM domain.Game addZombie
INFO: Zombie añadido exitosamente: conehead en (9, 4)
Dec 15, 2024 4:39:49 AM domain.Game addPlant
INFO: Intentando añadir una planta: sunflower en (1, 0)
Dec 15, 2024 4:39:49 AM domain.Game addPlant
SEVERE: Error al añadir planta: Cannot add the unit because there is already a unit in the cell
Dec 15, 2024 4:39:49 AM domain.Game addPlant
INFO: Intentando añadir una planta: wallnut en (5, 2)
Dec 15, 2024 4:39:49 AM domain.Game addPlant
SEVERE: Error al añadir planta: Cannot add the unit because there is already a unit in the cell
Dec 15, 2024 4:39:49 AM domain.Game addPlant
INFO: Intentando añadir una planta: wallnut en (5, 4)
Dec 15, 2024 4:39:49 AM domain.Game addPlant
INFO: Planta añadida exitosamente: wallnut en (5, 4)
Dec 15, 2024 4:39:50 AM domain.LawnMower activate
INFO: LawnMower activado en la fila: 1
Dec 15, 2024 4:39:50 AM domain.Game deleteUnit
INFO: Unidad eliminada exitosamente en la posición (5, 3)
Dec 15, 2024 4:39:50 AM domain.plants.ECIPlant generateSun
INFO: sol generado
Dec 15, 2024 4:39:50 AM domain.plants.Sunflower generateSun
INFO: sol generado
Dec 15, 2024 4:39:50 AM domain.plants.Sunflower generateSun
INFO: sol generado
Dec 15, 2024 4:39:50 AM domain.plants.ECIPlant generateSun
INFO: sol generado
Dec 15, 2024 4:39:50 AM domain.Game addZombie
INFO: Intentando añadir un zombie: brainstein en (10, 0)
Dec 15, 2024 4:39:50 AM domain.Game addZombie
INFO: Zombie añadido exitosamente: brainstein en (10, 0)
Dec 15, 2024 4:39:50 AM domain.Game addZombie
INFO: Intentando añadir un zombie: buckethead en (10, 4)
Dec 15, 2024 4:39:50 AM domain.Game addZombie
INFO: Zombie añadido exitosamente: buckethead en (10, 4)
Dec 15, 2024 4:39:50 AM domain.plants.Sunflower generateSun
INFO: sol generado
Dec 15, 2024 4:39:50 AM domain.plants.ECIPlant generateSun
INFO: sol generado
Dec 15, 2024 4:39:50 AM domain.plants.Sunflower generateSun
INFO: sol generado
Dec 15, 2024 4:39:50 AM domain.plants.Sunflower generateSun
INFO: sol generado
Dec 15, 2024 4:39:50 AM domain.plants.ECIPlant generateSun
INFO: sol generado
Dec 15, 2024 4:39:50 AM domain.plants.ECIPlant generateSun
INFO: sol generado
Dec 15, 2024 4:39:50 AM domain.plants.ECIPlant generateSun
INFO: sol generado
Dec 15, 2024 4:39:50 AM domain.Game addZombie
INFO: Intentando añadir un zombie: brainstein en (10, 0)
Dec 15, 2024 4:39:50 AM domain.Game addZombie
INFO: Zombie añadido exitosamente: brainstein en (10, 0)
Dec 15, 2024 4:39:50 AM domain.Game addPlant
INFO: Intentando añadir una planta: eciplant en (1, 0)
Dec 15, 2024 4:39:50 AM domain.Game addPlant
SEVERE: Error al añadir planta: Cannot add the unit because there is already a unit in the cell
Dec 15, 2024 4:39:51 AM domain.plants.Sunflower generateSun
INFO: sol generado
Dec 15, 2024 4:39:51 AM domain.plants.Sunflower generateSun
INFO: sol generado
Dec 15, 2024 4:39:51 AM domain.plants.Sunflower generateSun
INFO: sol generado
Dec 15, 2024 4:39:51 AM domain.plants.Sunflower generateSun
INFO: sol generado
Dec 15, 2024 4:39:51 AM domain.plants.ECIPlant generateSun
INFO: sol generado
Dec 15, 2024 4:39:51 AM domain.plants.ECIPlant generateSun
INFO: sol generado
Dec 15, 2024 4:39:51 AM domain.Game addZombie
INFO: Intentando añadir un zombie: buckethead en (9, 0)
Dec 15, 2024 4:39:51 AM domain.Game addZombie
INFO: Zombie añadido exitosamente: buckethead en (9, 0)
Dec 15, 2024 4:39:51 AM domain.Game addZombie
INFO: Intentando añadir un zombie: conehead en (9, 2)
Dec 15, 2024 4:39:51 AM domain.Game addZombie
INFO: Zombie añadido exitosamente: conehead en (9, 2)
Dec 15, 2024 4:39:51 AM domain.plants.Sunflower generateSun
INFO: sol generado
Dec 15, 2024 4:39:51 AM domain.plants.ECIPlant generateSun
INFO: sol generado
Dec 15, 2024 4:39:51 AM domain.plants.ECIPlant generateSun
INFO: sol generado
Dec 15, 2024 4:39:51 AM domain.Game addPlant
INFO: Intentando añadir una planta: potatomine en (6, 0)
Dec 15, 2024 4:39:51 AM domain.Game addPlant
SEVERE: Error al añadir planta: Cannot add the unit because there is already a unit in the cell
Dec 15, 2024 4:39:51 AM domain.Game addZombie
INFO: Intentando añadir un zombie: conehead en (9, 4)
Dec 15, 2024 4:39:51 AM domain.Game addZombie
INFO: Zombie añadido exitosamente: conehead en (9, 4)
Dec 15, 2024 4:39:51 AM domain.Game addPlant
INFO: Intentando añadir una planta: eciplant en (1, 0)
Dec 15, 2024 4:39:51 AM domain.Game addPlant
SEVERE: Error al añadir planta: Cannot add the unit because there is already a unit in the cell
Dec 15, 2024 4:39:51 AM domain.Game addPlant
INFO: Intentando añadir una planta: potatomine en (5, 2)
Dec 15, 2024 4:39:51 AM domain.Game addPlant
SEVERE: Error al añadir planta: Cannot add the unit because there is already a unit in the cell
Dec 15, 2024 4:39:51 AM domain.Game addPlant
INFO: Intentando añadir una planta: potatomine en (5, 3)
Dec 15, 2024 4:39:51 AM domain.Game addPlant
INFO: Planta añadida exitosamente: potatomine en (5, 3)
Dec 15, 2024 4:39:52 AM domain.plants.ECIPlant generateSun
INFO: sol generado
Dec 15, 2024 4:39:52 AM domain.Game addZombie
INFO: Intentando añadir un zombie: basic en (9, 0)
Dec 15, 2024 4:39:52 AM domain.Game addZombie
INFO: Zombie añadido exitosamente: basic en (9, 0)
Dec 15, 2024 4:39:52 AM domain.Game addZombie
INFO: Intentando añadir un zombie: conehead en (10, 1)
Dec 15, 2024 4:39:52 AM domain.Game addZombie
INFO: Zombie añadido exitosamente: conehead en (10, 1)
Dec 15, 2024 4:39:52 AM domain.plants.Sunflower generateSun
INFO: sol generado
Dec 15, 2024 4:39:52 AM domain.plants.Sunflower generateSun
INFO: sol generado
Dec 15, 2024 4:39:52 AM domain.plants.ECIPlant generateSun
INFO: sol generado
Dec 15, 2024 4:39:52 AM domain.Game addZombie
INFO: Intentando añadir un zombie: conehead en (9, 4)
Dec 15, 2024 4:39:52 AM domain.Game addZombie
INFO: Zombie añadido exitosamente: conehead en (9, 4)
Dec 15, 2024 4:39:52 AM domain.Game addPlant
INFO: Intentando añadir una planta: sunflower en (1, 0)
Dec 15, 2024 4:39:52 AM domain.Game addPlant
SEVERE: Error al añadir planta: Cannot add the unit because there is already a unit in the cell
Dec 15, 2024 4:39:52 AM domain.Game addPlant
INFO: Intentando añadir una planta: wallnut en (5, 2)
Dec 15, 2024 4:39:52 AM domain.Game addPlant
SEVERE: Error al añadir planta: Cannot add the unit because there is already a unit in the cell
Dec 15, 2024 4:39:53 AM domain.plants.ECIPlant generateSun
INFO: sol generado
Dec 15, 2024 4:39:53 AM domain.plants.Sunflower generateSun
INFO: sol generado
Dec 15, 2024 4:39:53 AM domain.plants.Sunflower generateSun
INFO: sol generado
Dec 15, 2024 4:39:53 AM domain.plants.ECIPlant generateSun
INFO: sol generado
Dec 15, 2024 4:39:53 AM domain.Game addZombie
INFO: Intentando añadir un zombie: buckethead en (9, 0)
Dec 15, 2024 4:39:53 AM domain.Game addZombie
INFO: Zombie añadido exitosamente: buckethead en (9, 0)
Dec 15, 2024 4:39:53 AM domain.Game addZombie
INFO: Intentando añadir un zombie: ecizombie en (9, 0)
Dec 15, 2024 4:39:53 AM domain.Game addZombie
INFO: Zombie añadido exitosamente: ecizombie en (9, 0)
Dec 15, 2024 4:39:53 AM domain.plants.Sunflower generateSun
INFO: sol generado
Dec 15, 2024 4:39:53 AM domain.plants.ECIPlant generateSun
INFO: sol generado
Dec 15, 2024 4:39:53 AM domain.plants.Sunflower generateSun
INFO: sol generado
Dec 15, 2024 4:39:53 AM domain.plants.Sunflower generateSun
INFO: sol generado
Dec 15, 2024 4:39:53 AM domain.plants.ECIPlant generateSun
INFO: sol generado
Dec 15, 2024 4:39:53 AM domain.plants.ECIPlant generateSun
INFO: sol generado
Dec 15, 2024 4:39:53 AM domain.plants.ECIPlant generateSun
INFO: sol generado
Dec 15, 2024 4:39:53 AM domain.Game addZombie
INFO: Intentando añadir un zombie: basic en (9, 4)
Dec 15, 2024 4:39:53 AM domain.Game addZombie
INFO: Zombie añadido exitosamente: basic en (9, 4)
Dec 15, 2024 4:39:53 AM domain.Game addPlant
INFO: Intentando añadir una planta: eciplant en (1, 0)
Dec 15, 2024 4:39:53 AM domain.Game addPlant
SEVERE: Error al añadir planta: Cannot add the unit because there is already a unit in the cell
Dec 15, 2024 4:39:53 AM domain.Game addPlant
INFO: Intentando añadir una planta: potatomine en (7, 0)
Dec 15, 2024 4:39:53 AM domain.Game addPlant
SEVERE: Error al añadir planta: Cannot add the unit because there is already a unit in the cell
Dec 15, 2024 4:39:53 AM domain.Game addPlant
INFO: Intentando añadir una planta: potatomine en (7, 3)
Dec 15, 2024 4:39:53 AM domain.Game addPlant
INFO: Planta añadida exitosamente: potatomine en (7, 3)
Dec 15, 2024 4:39:53 AM domain.Game addPlant
INFO: Intentando añadir una planta: potatomine en (7, 4)
Dec 15, 2024 4:39:53 AM domain.Game addPlant
SEVERE: Error al añadir planta: Cannot add the unit because there is already a unit in the cell
Dec 15, 2024 4:39:54 AM domain.plants.Sunflower generateSun
INFO: sol generado
Dec 15, 2024 4:39:54 AM domain.plants.Sunflower generateSun
INFO: sol generado
Dec 15, 2024 4:39:54 AM domain.plants.Sunflower generateSun
INFO: sol generado
Dec 15, 2024 4:39:54 AM domain.plants.Sunflower generateSun
INFO: sol generado
Dec 15, 2024 4:39:54 AM domain.plants.ECIPlant generateSun
INFO: sol generado
Dec 15, 2024 4:39:54 AM domain.plants.ECIPlant generateSun
INFO: sol generado
Dec 15, 2024 4:39:54 AM domain.Game addZombie
INFO: Intentando añadir un zombie: brainstein en (10, 0)
Dec 15, 2024 4:39:54 AM domain.Game addZombie
INFO: Zombie añadido exitosamente: brainstein en (10, 0)
Dec 15, 2024 4:39:54 AM domain.Game addZombie
INFO: Intentando añadir un zombie: brainstein en (10, 4)
Dec 15, 2024 4:39:54 AM domain.Game addZombie
INFO: Zombie añadido exitosamente: brainstein en (10, 4)
Dec 15, 2024 4:39:54 AM domain.plants.Sunflower generateSun
INFO: sol generado
Dec 15, 2024 4:39:54 AM domain.plants.ECIPlant generateSun
INFO: sol generado
Dec 15, 2024 4:39:54 AM domain.plants.ECIPlant generateSun
INFO: sol generado
Dec 15, 2024 4:39:54 AM domain.Game addZombie
INFO: Intentando añadir un zombie: brainstein en (10, 0)
Dec 15, 2024 4:39:54 AM domain.Game addZombie
INFO: Zombie añadido exitosamente: brainstein en (10, 0)
Dec 15, 2024 4:39:54 AM domain.Game addPlant
INFO: Intentando añadir una planta: sunflower en (1, 0)
Dec 15, 2024 4:39:54 AM domain.Game addPlant
SEVERE: Error al añadir planta: Cannot add the unit because there is already a unit in the cell
Dec 15, 2024 4:39:54 AM domain.Game addPlant
INFO: Intentando añadir una planta: potatomine en (6, 2)
Dec 15, 2024 4:39:54 AM domain.Game addPlant
INFO: Planta añadida exitosamente: potatomine en (6, 2)
Dec 15, 2024 4:39:54 AM domain.Game addPlant
INFO: Intentando añadir una planta: potatomine en (6, 3)
Dec 15, 2024 4:39:54 AM domain.Game addPlant
INFO: Planta añadida exitosamente: potatomine en (6, 3)
Dec 15, 2024 4:39:54 AM domain.Game addPlant
INFO: Intentando añadir una planta: potatomine en (6, 4)
Dec 15, 2024 4:39:54 AM domain.Game addPlant
SEVERE: Error al añadir planta: Cannot add the unit because there is already a unit in the cell
Dec 15, 2024 4:39:55 AM domain.plants.ECIPlant generateSun
INFO: sol generado
Dec 15, 2024 4:39:55 AM domain.Game addZombie
INFO: Intentando añadir un zombie: buckethead en (9, 0)
Dec 15, 2024 4:39:55 AM domain.Game addZombie
INFO: Zombie añadido exitosamente: buckethead en (9, 0)
Dec 15, 2024 4:39:55 AM domain.Game addZombie
INFO: Intentando añadir un zombie: basic en (9, 2)
Dec 15, 2024 4:39:55 AM domain.Game addZombie
INFO: Zombie añadido exitosamente: basic en (9, 2)
Dec 15, 2024 4:39:55 AM domain.plants.Sunflower generateSun
INFO: sol generado
Dec 15, 2024 4:39:55 AM domain.Game addPlant
INFO: Intentando añadir una planta: eciplant en (1, 0)
Dec 15, 2024 4:39:55 AM domain.Game addPlant
SEVERE: Error al añadir planta: Cannot add the unit because there is already a unit in the cell
Dec 15, 2024 4:39:55 AM domain.plants.Sunflower generateSun
INFO: sol generado
Dec 15, 2024 4:39:55 AM domain.plants.ECIPlant generateSun
INFO: sol generado
Dec 15, 2024 4:39:55 AM domain.Game addZombie
INFO: Intentando añadir un zombie: basic en (9, 4)
Dec 15, 2024 4:39:55 AM domain.Game addZombie
INFO: Zombie añadido exitosamente: basic en (9, 4)
Dec 15, 2024 4:39:55 AM domain.Game addPlant
INFO: Intentando añadir una planta: eciplant en (1, 0)
Dec 15, 2024 4:39:55 AM domain.Game addPlant
SEVERE: Error al añadir planta: Cannot add the unit because there is already a unit in the cell
Dec 15, 2024 4:39:56 AM domain.plants.ECIPlant generateSun
INFO: sol generado
Dec 15, 2024 4:39:56 AM domain.plants.Sunflower generateSun
INFO: sol generado
Dec 15, 2024 4:39:56 AM domain.plants.Sunflower generateSun
INFO: sol generado
Dec 15, 2024 4:39:56 AM domain.plants.ECIPlant generateSun
INFO: sol generado
Dec 15, 2024 4:39:56 AM domain.Game addZombie
INFO: Intentando añadir un zombie: conehead en (9, 0)
Dec 15, 2024 4:39:56 AM domain.Game addZombie
INFO: Zombie añadido exitosamente: conehead en (9, 0)
Dec 15, 2024 4:39:56 AM domain.Game addZombie
INFO: Intentando añadir un zombie: brainstein en (10, 3)
Dec 15, 2024 4:39:56 AM domain.Game addZombie
INFO: Zombie añadido exitosamente: brainstein en (10, 3)
Dec 15, 2024 4:39:56 AM domain.plants.Sunflower generateSun
INFO: sol generado
Dec 15, 2024 4:39:56 AM domain.plants.ECIPlant generateSun
INFO: sol generado
Dec 15, 2024 4:39:56 AM domain.Game addPlant
INFO: Intentando añadir una planta: eciplant en (1, 0)
Dec 15, 2024 4:39:56 AM domain.Game addPlant
SEVERE: Error al añadir planta: Cannot add the unit because there is already a unit in the cell
Dec 15, 2024 4:39:56 AM domain.plants.Sunflower generateSun
INFO: sol generado
Dec 15, 2024 4:39:56 AM domain.plants.Sunflower generateSun
INFO: sol generado
Dec 15, 2024 4:39:56 AM domain.plants.ECIPlant generateSun
INFO: sol generado
Dec 15, 2024 4:39:56 AM domain.plants.ECIPlant generateSun
INFO: sol generado
Dec 15, 2024 4:39:56 AM domain.plants.ECIPlant generateSun
INFO: sol generado
Dec 15, 2024 4:39:56 AM domain.Game addZombie
INFO: Intentando añadir un zombie: buckethead en (9, 4)
Dec 15, 2024 4:39:56 AM domain.Game addZombie
INFO: Zombie añadido exitosamente: buckethead en (9, 4)
Dec 15, 2024 4:39:56 AM domain.Game addPlant
INFO: Intentando añadir una planta: sunflower en (1, 0)
Dec 15, 2024 4:39:56 AM domain.Game addPlant
SEVERE: Error al añadir planta: Cannot add the unit because there is already a unit in the cell
Dec 15, 2024 4:39:56 AM domain.Game addPlant
INFO: Intentando añadir una planta: wallnut en (4, 4)
Dec 15, 2024 4:39:56 AM domain.Game addPlant
INFO: Planta añadida exitosamente: wallnut en (4, 4)
Dec 15, 2024 4:39:57 AM domain.LawnMower activate
INFO: LawnMower activado en la fila: 0
Dec 15, 2024 4:39:57 AM domain.plants.Sunflower generateSun
INFO: sol generado
Dec 15, 2024 4:39:57 AM domain.plants.Sunflower generateSun
INFO: sol generado
Dec 15, 2024 4:39:57 AM domain.plants.Sunflower generateSun
INFO: sol generado
Dec 15, 2024 4:39:57 AM domain.plants.ECIPlant generateSun
INFO: sol generado
Dec 15, 2024 4:39:57 AM domain.plants.ECIPlant generateSun
INFO: sol generado
Dec 15, 2024 4:39:57 AM domain.plants.Sunflower generateSun
INFO: sol generado
Dec 15, 2024 4:39:57 AM domain.Game addZombie
INFO: Intentando añadir un zombie: basic en (9, 0)
Dec 15, 2024 4:39:57 AM domain.Game addZombie
INFO: Zombie añadido exitosamente: basic en (9, 0)
Dec 15, 2024 4:39:57 AM domain.Game addZombie
INFO: Intentando añadir un zombie: conehead en (10, 3)
Dec 15, 2024 4:39:57 AM domain.Game addZombie
INFO: Zombie añadido exitosamente: conehead en (10, 3)
Dec 15, 2024 4:39:57 AM domain.plants.Sunflower generateSun
INFO: sol generado
Dec 15, 2024 4:39:57 AM domain.plants.ECIPlant generateSun
INFO: sol generado
Dec 15, 2024 4:39:57 AM domain.plants.ECIPlant generateSun
INFO: sol generado
Dec 15, 2024 4:39:57 AM domain.Game addPlant
INFO: Intentando añadir una planta: potatomine en (7, 0)
Dec 15, 2024 4:39:57 AM domain.Game addPlant
SEVERE: Error al añadir planta: Cannot add the unit because there is already a unit in the cell
Dec 15, 2024 4:39:57 AM domain.Game addZombie
INFO: Intentando añadir un zombie: basic en (9, 4)
Dec 15, 2024 4:39:57 AM domain.Game addZombie
INFO: Zombie añadido exitosamente: basic en (9, 4)
Dec 15, 2024 4:39:57 AM domain.Game addPlant
INFO: Intentando añadir una planta: eciplant en (1, 0)
Dec 15, 2024 4:39:57 AM domain.Game addPlant
SEVERE: Error al añadir planta: Cannot add the unit because there is already a unit in the cell
Dec 15, 2024 4:39:57 AM domain.Game addPlant
INFO: Intentando añadir una planta: potatomine en (5, 2)
Dec 15, 2024 4:39:57 AM domain.Game addPlant
SEVERE: Error al añadir planta: Cannot add the unit because there is already a unit in the cell
Dec 15, 2024 4:39:58 AM domain.plants.ECIPlant generateSun
INFO: sol generado
Dec 15, 2024 4:39:58 AM domain.Game addZombie
INFO: Intentando añadir un zombie: brainstein en (10, 0)
Dec 15, 2024 4:39:58 AM domain.Game addZombie
INFO: Zombie añadido exitosamente: brainstein en (10, 0)
Dec 15, 2024 4:39:58 AM domain.Game addZombie
INFO: Intentando añadir un zombie: buckethead en (9, 1)
Dec 15, 2024 4:39:58 AM domain.Game addZombie
INFO: Zombie añadido exitosamente: buckethead en (9, 1)
Dec 15, 2024 4:39:58 AM domain.plants.Sunflower generateSun
INFO: sol generado
Dec 15, 2024 4:39:58 AM domain.plants.Sunflower generateSun
INFO: sol generado
Dec 15, 2024 4:39:58 AM domain.plants.ECIPlant generateSun
INFO: sol generado
Dec 15, 2024 4:39:58 AM domain.Game addZombie
INFO: Intentando añadir un zombie: brainstein en (10, 0)
Dec 15, 2024 4:39:58 AM domain.Game addZombie
INFO: Zombie añadido exitosamente: brainstein en (10, 0)
Dec 15, 2024 4:39:58 AM domain.Game addPlant
INFO: Intentando añadir una planta: eciplant en (1, 0)
Dec 15, 2024 4:39:58 AM domain.Game addPlant
SEVERE: Error al añadir planta: Cannot add the unit because there is already a unit in the cell
Dec 15, 2024 4:39:58 AM domain.Game addPlant
INFO: Intentando añadir una planta: wallnut en (5, 2)
Dec 15, 2024 4:39:58 AM domain.Game addPlant
SEVERE: Error al añadir planta: Cannot add the unit because there is already a unit in the cell
Dec 15, 2024 4:39:59 AM domain.LawnMower activate
INFO: LawnMower activado en la fila: 3
Dec 15, 2024 4:39:59 AM domain.plants.ECIPlant generateSun
INFO: sol generado
Dec 15, 2024 4:39:59 AM domain.plants.Sunflower generateSun
INFO: sol generado
Dec 15, 2024 4:39:59 AM domain.plants.Sunflower generateSun
INFO: sol generado
Dec 15, 2024 4:39:59 AM domain.plants.ECIPlant generateSun
INFO: sol generado
Dec 15, 2024 4:39:59 AM domain.Game addZombie
INFO: Intentando añadir un zombie: buckethead en (9, 0)
Dec 15, 2024 4:39:59 AM domain.Game addZombie
INFO: Zombie añadido exitosamente: buckethead en (9, 0)
Dec 15, 2024 4:39:59 AM domain.Game addZombie
INFO: Intentando añadir un zombie: brainstein en (10, 2)
Dec 15, 2024 4:39:59 AM domain.Game addZombie
INFO: Zombie añadido exitosamente: brainstein en (10, 2)
Dec 15, 2024 4:39:59 AM domain.plants.Sunflower generateSun
INFO: sol generado
Dec 15, 2024 4:39:59 AM domain.plants.ECIPlant generateSun
INFO: sol generado
Dec 15, 2024 4:39:59 AM domain.Game addPlant
INFO: Intentando añadir una planta: eciplant en (1, 0)
Dec 15, 2024 4:39:59 AM domain.Game addPlant
SEVERE: Error al añadir planta: Cannot add the unit because there is already a unit in the cell
Dec 15, 2024 4:39:59 AM domain.plants.Sunflower generateSun
INFO: sol generado
Dec 15, 2024 4:39:59 AM domain.plants.ECIPlant generateSun
INFO: sol generado
Dec 15, 2024 4:39:59 AM domain.plants.Sunflower generateSun
INFO: sol generado
Dec 15, 2024 4:39:59 AM domain.plants.ECIPlant generateSun
INFO: sol generado
Dec 15, 2024 4:39:59 AM domain.plants.ECIPlant generateSun
INFO: sol generado
Dec 15, 2024 4:39:59 AM domain.Game addZombie
INFO: Intentando añadir un zombie: conehead en (9, 4)
Dec 15, 2024 4:39:59 AM domain.Game addZombie
INFO: Zombie añadido exitosamente: conehead en (9, 4)
Dec 15, 2024 4:39:59 AM domain.Game addPlant
INFO: Intentando añadir una planta: eciplant en (1, 0)
Dec 15, 2024 4:39:59 AM domain.Game addPlant
SEVERE: Error al añadir planta: Cannot add the unit because there is already a unit in the cell
Dec 15, 2024 4:39:59 AM domain.Game addPlant
INFO: Intentando añadir una planta: potatomine en (6, 4)
Dec 15, 2024 4:39:59 AM domain.Game addPlant
SEVERE: Error al añadir planta: Cannot add the unit because there is already a unit in the cell
Dec 15, 2024 4:40:00 AM domain.LawnMower activate
INFO: LawnMower activado en la fila: 2
Dec 15, 2024 4:40:00 AM domain.plants.Sunflower generateSun
INFO: sol generado
Dec 15, 2024 4:40:00 AM domain.plants.Sunflower generateSun
INFO: sol generado
Dec 15, 2024 4:40:00 AM domain.plants.Sunflower generateSun
INFO: sol generado
Dec 15, 2024 4:40:00 AM domain.plants.ECIPlant generateSun
INFO: sol generado
Dec 15, 2024 4:40:00 AM domain.plants.ECIPlant generateSun
INFO: sol generado
Dec 15, 2024 4:40:00 AM domain.plants.Sunflower generateSun
INFO: sol generado
Dec 15, 2024 4:40:00 AM domain.Game addZombie
INFO: Intentando añadir un zombie: conehead en (9, 0)
Dec 15, 2024 4:40:00 AM domain.Game addZombie
INFO: Zombie añadido exitosamente: conehead en (9, 0)
Dec 15, 2024 4:40:00 AM domain.Game addZombie
INFO: Intentando añadir un zombie: basic en (9, 4)
Dec 15, 2024 4:40:00 AM domain.Game addZombie
INFO: Zombie añadido exitosamente: basic en (9, 4)
Dec 15, 2024 4:40:00 AM domain.plants.Sunflower generateSun
INFO: sol generado
Dec 15, 2024 4:40:00 AM domain.plants.ECIPlant generateSun
INFO: sol generado
Dec 15, 2024 4:40:00 AM domain.plants.ECIPlant generateSun
INFO: sol generado
Dec 15, 2024 4:40:00 AM domain.Game addZombie
INFO: Intentando añadir un zombie: conehead en (9, 4)
Dec 15, 2024 4:40:00 AM domain.Game addZombie
INFO: Zombie añadido exitosamente: conehead en (9, 4)
Dec 15, 2024 4:40:00 AM domain.Game addPlant
INFO: Intentando añadir una planta: sunflower en (1, 0)
Dec 15, 2024 4:40:00 AM domain.Game addPlant
SEVERE: Error al añadir planta: Cannot add the unit because there is already a unit in the cell
Dec 15, 2024 4:40:01 AM domain.plants.ECIPlant generateSun
INFO: sol generado
Dec 15, 2024 4:40:01 AM domain.Game addZombie
INFO: Intentando añadir un zombie: buckethead en (9, 0)
Dec 15, 2024 4:40:01 AM domain.Game addZombie
INFO: Zombie añadido exitosamente: buckethead en (9, 0)
Dec 15, 2024 4:40:01 AM domain.Game addZombie
INFO: Intentando añadir un zombie: buckethead en (9, 3)
Dec 15, 2024 4:40:01 AM domain.Game addZombie
INFO: Zombie añadido exitosamente: buckethead en (9, 3)
Dec 15, 2024 4:40:01 AM domain.plants.Sunflower generateSun
INFO: sol generado
Dec 15, 2024 4:40:01 AM domain.plants.Sunflower generateSun
INFO: sol generado
Dec 15, 2024 4:40:01 AM domain.plants.ECIPlant generateSun
INFO: sol generado
Dec 15, 2024 4:40:01 AM domain.Game addZombie
INFO: Intentando añadir un zombie: conehead en (9, 4)
Dec 15, 2024 4:40:01 AM domain.Game addZombie
INFO: Zombie añadido exitosamente: conehead en (9, 4)
Dec 15, 2024 4:40:01 AM domain.Game addPlant
INFO: Intentando añadir una planta: eciplant en (1, 0)
Dec 15, 2024 4:40:01 AM domain.Game addPlant
SEVERE: Error al añadir planta: Cannot add the unit because there is already a unit in the cell
Dec 15, 2024 4:40:01 AM domain.Game addPlant
INFO: Intentando añadir una planta: potatomine en (8, 0)
Dec 15, 2024 4:40:01 AM domain.Game addPlant
INFO: Planta añadida exitosamente: potatomine en (8, 0)
Dec 15, 2024 4:40:01 AM domain.Game addPlant
INFO: Intentando añadir una planta: potatomine en (8, 2)
Dec 15, 2024 4:40:01 AM domain.Game addPlant
INFO: Planta añadida exitosamente: potatomine en (8, 2)
Dec 15, 2024 4:40:01 AM domain.Game addPlant
INFO: Intentando añadir una planta: potatomine en (8, 3)
Dec 15, 2024 4:40:01 AM domain.Game addPlant
INFO: Planta añadida exitosamente: potatomine en (8, 3)
Dec 15, 2024 4:40:01 AM domain.Game addPlant
INFO: Intentando añadir una planta: potatomine en (8, 4)
Dec 15, 2024 4:40:01 AM domain.Game addPlant
SEVERE: Error al añadir planta: Cannot add the unit because there is already a unit in the cell
Dec 15, 2024 4:40:02 AM domain.plants.ECIPlant generateSun
INFO: sol generado
Dec 15, 2024 4:40:02 AM domain.plants.Sunflower generateSun
INFO: sol generado
Dec 15, 2024 4:40:02 AM domain.plants.Sunflower generateSun
INFO: sol generado
Dec 15, 2024 4:40:02 AM domain.plants.ECIPlant generateSun
INFO: sol generado
Dec 15, 2024 4:40:02 AM domain.Game addZombie
INFO: Intentando añadir un zombie: brainstein en (10, 0)
Dec 15, 2024 4:40:02 AM domain.Game addZombie
INFO: Zombie añadido exitosamente: brainstein en (10, 0)
Dec 15, 2024 4:40:02 AM domain.Game addZombie
INFO: Intentando añadir un zombie: brainstein en (10, 2)
Dec 15, 2024 4:40:02 AM domain.Game addZombie
INFO: Zombie añadido exitosamente: brainstein en (10, 2)
Dec 15, 2024 4:40:02 AM domain.plants.Sunflower generateSun
INFO: sol generado
Dec 15, 2024 4:40:02 AM domain.plants.ECIPlant generateSun
INFO: sol generado
Dec 15, 2024 4:40:02 AM domain.Game addPlant
INFO: Intentando añadir una planta: eciplant en (1, 0)
Dec 15, 2024 4:40:02 AM domain.Game addPlant
SEVERE: Error al añadir planta: Cannot add the unit because there is already a unit in the cell
Dec 15, 2024 4:40:02 AM domain.plants.Sunflower generateSun
INFO: sol generado
Dec 15, 2024 4:40:02 AM domain.plants.ECIPlant generateSun
INFO: sol generado
Dec 15, 2024 4:40:02 AM domain.plants.Sunflower generateSun
INFO: sol generado
Dec 15, 2024 4:40:02 AM domain.plants.ECIPlant generateSun
INFO: sol generado
Dec 15, 2024 4:40:02 AM domain.plants.ECIPlant generateSun
INFO: sol generado
Dec 15, 2024 4:40:02 AM domain.Game addZombie
INFO: Intentando añadir un zombie: brainstein en (10, 0)
Dec 15, 2024 4:40:02 AM domain.Game addZombie
INFO: Zombie añadido exitosamente: brainstein en (10, 0)
Dec 15, 2024 4:40:02 AM domain.Game addPlant
INFO: Intentando añadir una planta: sunflower en (1, 0)
Dec 15, 2024 4:40:02 AM domain.Game addPlant
SEVERE: Error al añadir planta: Cannot add the unit because there is already a unit in the cell
Dec 15, 2024 4:40:03 AM domain.plants.Sunflower generateSun
INFO: sol generado
Dec 15, 2024 4:40:03 AM domain.plants.Sunflower generateSun
INFO: sol generado
Dec 15, 2024 4:40:03 AM domain.plants.Sunflower generateSun
INFO: sol generado
Dec 15, 2024 4:40:03 AM domain.plants.ECIPlant generateSun
INFO: sol generado
Dec 15, 2024 4:40:03 AM domain.plants.ECIPlant generateSun
INFO: sol generado
Dec 15, 2024 4:40:03 AM domain.plants.Sunflower generateSun
INFO: sol generado
Dec 15, 2024 4:40:03 AM domain.Game addZombie
INFO: Intentando añadir un zombie: conehead en (9, 0)
Dec 15, 2024 4:40:03 AM domain.Game addZombie
INFO: Zombie añadido exitosamente: conehead en (9, 0)
Dec 15, 2024 4:40:03 AM domain.Game addZombie
INFO: Intentando añadir un zombie: brainstein en (9, 1)
Dec 15, 2024 4:40:03 AM domain.Game addZombie
INFO: Zombie añadido exitosamente: brainstein en (9, 1)
Dec 15, 2024 4:40:03 AM domain.plants.Sunflower generateSun
INFO: sol generado
Dec 15, 2024 4:40:03 AM domain.plants.ECIPlant generateSun
INFO: sol generado
Dec 15, 2024 4:40:03 AM domain.plants.ECIPlant generateSun
INFO: sol generado
Dec 15, 2024 4:40:03 AM domain.Game addPlant
INFO: Intentando añadir una planta: potatomine en (6, 0)
Dec 15, 2024 4:40:03 AM domain.Game addPlant
SEVERE: Error al añadir planta: Cannot add the unit because there is already a unit in the cell
Dec 15, 2024 4:40:03 AM domain.Game addZombie
INFO: Intentando añadir un zombie: buckethead en (9, 4)
Dec 15, 2024 4:40:03 AM domain.Game addZombie
INFO: Zombie añadido exitosamente: buckethead en (9, 4)
Dec 15, 2024 4:40:03 AM domain.Game addPlant
INFO: Intentando añadir una planta: sunflower en (1, 0)
Dec 15, 2024 4:40:03 AM domain.Game addPlant
SEVERE: Error al añadir planta: Cannot add the unit because there is already a unit in the cell
Dec 15, 2024 4:40:03 AM domain.Game addPlant
INFO: Intentando añadir una planta: potatomine en (5, 2)
Dec 15, 2024 4:40:03 AM domain.Game addPlant
SEVERE: Error al añadir planta: Cannot add the unit because there is already a unit in the cell
Dec 15, 2024 4:40:04 AM domain.plants.ECIPlant generateSun
INFO: sol generado
Dec 15, 2024 4:40:04 AM domain.Game addZombie
INFO: Intentando añadir un zombie: conehead en (9, 0)
Dec 15, 2024 4:40:04 AM domain.Game addZombie
INFO: Zombie añadido exitosamente: conehead en (9, 0)
Dec 15, 2024 4:40:04 AM domain.Game addZombie
INFO: Intentando añadir un zombie: brainstein en (10, 1)
Dec 15, 2024 4:40:04 AM domain.Game addZombie
INFO: Zombie añadido exitosamente: brainstein en (10, 1)
Dec 15, 2024 4:40:04 AM domain.plants.Sunflower generateSun
INFO: sol generado
Dec 15, 2024 4:40:04 AM domain.plants.Sunflower generateSun
INFO: sol generado
Dec 15, 2024 4:40:04 AM domain.plants.ECIPlant generateSun
INFO: sol generado
Dec 15, 2024 4:40:04 AM domain.Game addZombie
INFO: Intentando añadir un zombie: conehead en (9, 4)
Dec 15, 2024 4:40:04 AM domain.Game addZombie
INFO: Zombie añadido exitosamente: conehead en (9, 4)
Dec 15, 2024 4:40:04 AM domain.Game addPlant
INFO: Intentando añadir una planta: eciplant en (1, 0)
Dec 15, 2024 4:40:04 AM domain.Game addPlant
SEVERE: Error al añadir planta: Cannot add the unit because there is already a unit in the cell
Dec 15, 2024 4:40:05 AM domain.plants.Sunflower generateSun
INFO: sol generado
Dec 15, 2024 4:40:05 AM domain.plants.ECIPlant generateSun
INFO: sol generado
Dec 15, 2024 4:40:05 AM domain.plants.Sunflower generateSun
INFO: sol generado
Dec 15, 2024 4:40:05 AM domain.plants.ECIPlant generateSun
INFO: sol generado
Dec 15, 2024 4:40:05 AM domain.Game addZombie
INFO: Intentando añadir un zombie: basic en (9, 0)
Dec 15, 2024 4:40:05 AM domain.Game addZombie
INFO: Zombie añadido exitosamente: basic en (9, 0)
Dec 15, 2024 4:40:05 AM domain.Game addZombie
INFO: Intentando añadir un zombie: ecizombie en (10, 3)
Dec 15, 2024 4:40:05 AM domain.Game addZombie
INFO: Zombie añadido exitosamente: ecizombie en (10, 3)
Dec 15, 2024 4:40:05 AM domain.plants.ECIPlant generateSun
INFO: sol generado
Dec 15, 2024 4:40:05 AM domain.plants.Sunflower generateSun
INFO: sol generado
Dec 15, 2024 4:40:05 AM domain.plants.ECIPlant generateSun
INFO: sol generado
Dec 15, 2024 4:40:05 AM domain.plants.Sunflower generateSun
INFO: sol generado
Dec 15, 2024 4:40:05 AM domain.plants.Sunflower generateSun
INFO: sol generado
Dec 15, 2024 4:40:05 AM domain.plants.ECIPlant generateSun
INFO: sol generado
Dec 15, 2024 4:40:05 AM domain.plants.ECIPlant generateSun
INFO: sol generado
Dec 15, 2024 4:40:05 AM domain.Game addZombie
INFO: Intentando añadir un zombie: conehead en (9, 4)
Dec 15, 2024 4:40:05 AM domain.Game addZombie
INFO: Zombie añadido exitosamente: conehead en (9, 4)
Dec 15, 2024 4:40:05 AM domain.Game addPlant
INFO: Intentando añadir una planta: sunflower en (1, 0)
Dec 15, 2024 4:40:05 AM domain.Game addPlant
SEVERE: Error al añadir planta: Cannot add the unit because there is already a unit in the cell
Dec 15, 2024 4:40:05 AM domain.Game addPlant
INFO: Intentando añadir una planta: wallnut en (5, 2)
Dec 15, 2024 4:40:05 AM domain.Game addPlant
SEVERE: Error al añadir planta: Cannot add the unit because there is already a unit in the cell
Dec 15, 2024 4:40:05 AM domain.Game addPlant
INFO: Intentando añadir una planta: wallnut en (5, 4)
Dec 15, 2024 4:40:05 AM domain.Game addPlant
INFO: Planta añadida exitosamente: wallnut en (5, 4)
Dec 15, 2024 4:40:06 AM domain.plants.Sunflower generateSun
INFO: sol generado
Dec 15, 2024 4:40:06 AM domain.plants.Sunflower generateSun
INFO: sol generado
Dec 15, 2024 4:40:06 AM domain.plants.Sunflower generateSun
INFO: sol generado
Dec 15, 2024 4:40:06 AM domain.plants.ECIPlant generateSun
INFO: sol generado
Dec 15, 2024 4:40:06 AM domain.plants.Sunflower generateSun
INFO: sol generado
Dec 15, 2024 4:40:06 AM domain.plants.ECIPlant generateSun
INFO: sol generado
Dec 15, 2024 4:40:06 AM domain.Game addZombie
INFO: Intentando añadir un zombie: brainstein en (10, 0)
Dec 15, 2024 4:40:06 AM domain.Game addZombie
INFO: Zombie añadido exitosamente: brainstein en (10, 0)
Dec 15, 2024 4:40:06 AM domain.Game addZombie
INFO: Intentando añadir un zombie: conehead en (9, 4)
Dec 15, 2024 4:40:06 AM domain.Game addZombie
INFO: Zombie añadido exitosamente: conehead en (9, 4)
Dec 15, 2024 4:40:06 AM domain.plants.Sunflower generateSun
INFO: sol generado
Dec 15, 2024 4:40:06 AM domain.plants.ECIPlant generateSun
INFO: sol generado
Dec 15, 2024 4:40:06 AM domain.plants.ECIPlant generateSun
INFO: sol generado
Dec 15, 2024 4:40:06 AM domain.Game addZombie
INFO: Intentando añadir un zombie: brainstein en (10, 0)
Dec 15, 2024 4:40:06 AM domain.Game addZombie
INFO: Zombie añadido exitosamente: brainstein en (10, 0)
Dec 15, 2024 4:40:06 AM domain.Game addPlant
INFO: Intentando añadir una planta: eciplant en (1, 0)
Dec 15, 2024 4:40:06 AM domain.Game addPlant
SEVERE: Error al añadir planta: Cannot add the unit because there is already a unit in the cell
Dec 15, 2024 4:40:06 AM domain.Game addPlant
INFO: Intentando añadir una planta: potatomine en (6, 4)
Dec 15, 2024 4:40:06 AM domain.Game addPlant
SEVERE: Error al añadir planta: Cannot add the unit because there is already a unit in the cell
Dec 15, 2024 4:40:07 AM domain.plants.ECIPlant generateSun
INFO: sol generado
Dec 15, 2024 4:40:07 AM domain.Game addZombie
INFO: Intentando añadir un zombie: basic en (9, 0)
Dec 15, 2024 4:40:07 AM domain.Game addZombie
INFO: Zombie añadido exitosamente: basic en (9, 0)
Dec 15, 2024 4:40:07 AM domain.Game addZombie
INFO: Intentando añadir un zombie: conehead en (9, 0)
Dec 15, 2024 4:40:07 AM domain.Game addZombie
INFO: Zombie añadido exitosamente: conehead en (9, 0)
Dec 15, 2024 4:40:07 AM domain.plants.Sunflower generateSun
INFO: sol generado
Dec 15, 2024 4:40:07 AM domain.Game addPlant
INFO: Intentando añadir una planta: eciplant en (1, 0)
Dec 15, 2024 4:40:07 AM domain.Game addPlant
SEVERE: Error al añadir planta: Cannot add the unit because there is already a unit in the cell
Dec 15, 2024 4:40:07 AM domain.plants.Sunflower generateSun
INFO: sol generado
Dec 15, 2024 4:40:07 AM domain.plants.ECIPlant generateSun
INFO: sol generado
Dec 15, 2024 4:40:07 AM domain.Game addZombie
INFO: Intentando añadir un zombie: buckethead en (9, 4)
Dec 15, 2024 4:40:07 AM domain.Game addZombie
INFO: Zombie añadido exitosamente: buckethead en (9, 4)
Dec 15, 2024 4:40:07 AM domain.Game addPlant
INFO: Intentando añadir una planta: eciplant en (1, 0)
Dec 15, 2024 4:40:07 AM domain.Game addPlant
SEVERE: Error al añadir planta: Cannot add the unit because there is already a unit in the cell
Dec 15, 2024 4:40:07 AM domain.Game addPlant
INFO: Intentando añadir una planta: potatomine en (7, 0)
Dec 15, 2024 4:40:07 AM domain.Game addPlant
SEVERE: Error al añadir planta: Cannot add the unit because there is already a unit in the cell
Dec 15, 2024 4:40:07 AM domain.Game addPlant
INFO: Intentando añadir una planta: potatomine en (7, 4)
Dec 15, 2024 4:40:07 AM domain.Game addPlant
INFO: Planta añadida exitosamente: potatomine en (7, 4)
Dec 15, 2024 4:40:08 AM domain.plants.Sunflower generateSun
INFO: sol generado
Dec 15, 2024 4:40:08 AM domain.plants.ECIPlant generateSun
INFO: sol generado
Dec 15, 2024 4:40:08 AM domain.plants.Sunflower generateSun
INFO: sol generado
Dec 15, 2024 4:40:08 AM domain.plants.ECIPlant generateSun
INFO: sol generado
Dec 15, 2024 4:40:08 AM domain.Game addZombie
INFO: Intentando añadir un zombie: buckethead en (9, 0)
Dec 15, 2024 4:40:08 AM domain.Game addZombie
INFO: Zombie añadido exitosamente: buckethead en (9, 0)
Dec 15, 2024 4:40:08 AM domain.Game addZombie
INFO: Intentando añadir un zombie: buckethead en (10, 1)
Dec 15, 2024 4:40:08 AM domain.Game addZombie
INFO: Zombie añadido exitosamente: buckethead en (10, 1)
Dec 15, 2024 4:40:08 AM domain.plants.ECIPlant generateSun
INFO: sol generado
Dec 15, 2024 4:40:08 AM domain.plants.Sunflower generateSun
INFO: sol generado
Dec 15, 2024 4:40:08 AM domain.plants.ECIPlant generateSun
INFO: sol generado
Dec 15, 2024 4:40:08 AM domain.plants.Sunflower generateSun
INFO: sol generado
Dec 15, 2024 4:40:08 AM domain.plants.Sunflower generateSun
INFO: sol generado
Dec 15, 2024 4:40:08 AM domain.plants.ECIPlant generateSun
INFO: sol generado
Dec 15, 2024 4:40:08 AM domain.plants.ECIPlant generateSun
INFO: sol generado
Dec 15, 2024 4:40:08 AM domain.Game addZombie
INFO: Intentando añadir un zombie: buckethead en (9, 4)
Dec 15, 2024 4:40:08 AM domain.Game addZombie
INFO: Zombie añadido exitosamente: buckethead en (9, 4)
Dec 15, 2024 4:40:08 AM domain.Game addPlant
INFO: Intentando añadir una planta: sunflower en (1, 0)
Dec 15, 2024 4:40:08 AM domain.Game addPlant
SEVERE: Error al añadir planta: Cannot add the unit because there is already a unit in the cell
Dec 15, 2024 4:40:09 AM domain.plants.Sunflower generateSun
INFO: sol generado
Dec 15, 2024 4:40:09 AM domain.plants.Sunflower generateSun
INFO: sol generado
Dec 15, 2024 4:40:09 AM domain.plants.Sunflower generateSun
INFO: sol generado
Dec 15, 2024 4:40:09 AM domain.plants.Sunflower generateSun
INFO: sol generado
Dec 15, 2024 4:40:09 AM domain.plants.ECIPlant generateSun
INFO: sol generado
Dec 15, 2024 4:40:09 AM domain.plants.ECIPlant generateSun
INFO: sol generado
Dec 15, 2024 4:40:09 AM domain.Game addZombie
INFO: Intentando añadir un zombie: buckethead en (9, 0)
Dec 15, 2024 4:40:09 AM domain.Game addZombie
INFO: Zombie añadido exitosamente: buckethead en (9, 0)
Dec 15, 2024 4:40:09 AM domain.Game addZombie
INFO: Intentando añadir un zombie: brainstein en (10, 1)
Dec 15, 2024 4:40:09 AM domain.plants.Sunflower generateSun
INFO: sol generado
Dec 15, 2024 4:40:09 AM domain.Game addZombie
INFO: Zombie añadido exitosamente: brainstein en (10, 1)
Dec 15, 2024 4:40:09 AM domain.plants.ECIPlant generateSun
INFO: sol generado
Dec 15, 2024 4:40:09 AM domain.plants.ECIPlant generateSun
INFO: sol generado
Dec 15, 2024 4:40:09 AM domain.Game addZombie
INFO: Intentando añadir un zombie: basic en (9, 4)
Dec 15, 2024 4:40:09 AM domain.Game addZombie
INFO: Zombie añadido exitosamente: basic en (9, 4)
Dec 15, 2024 4:40:09 AM domain.Game addPlant
INFO: Intentando añadir una planta: eciplant en (1, 0)
Dec 15, 2024 4:40:09 AM domain.Game addPlant
SEVERE: Error al añadir planta: Cannot add the unit because there is already a unit in the cell
Dec 15, 2024 4:40:09 AM domain.Game addPlant
INFO: Intentando añadir una planta: potatomine en (6, 4)
Dec 15, 2024 4:40:09 AM domain.Game addPlant
SEVERE: Error al añadir planta: Cannot add the unit because there is already a unit in the cell
Dec 15, 2024 4:40:10 AM domain.LawnMower activate
INFO: LawnMower activado en la fila: 2
Dec 15, 2024 4:40:10 AM domain.plants.ECIPlant generateSun
INFO: sol generado
Dec 15, 2024 4:40:10 AM domain.Game addZombie
INFO: Intentando añadir un zombie: brainstein en (10, 0)
Dec 15, 2024 4:40:10 AM domain.Game addZombie
INFO: Zombie añadido exitosamente: brainstein en (10, 0)
Dec 15, 2024 4:40:10 AM domain.Game addZombie
INFO: Intentando añadir un zombie: brainstein en (9, 2)
Dec 15, 2024 4:40:10 AM domain.Game addZombie
INFO: Zombie añadido exitosamente: brainstein en (9, 2)
Dec 15, 2024 4:40:10 AM domain.plants.Sunflower generateSun
INFO: sol generado
Dec 15, 2024 4:40:10 AM domain.plants.Sunflower generateSun
INFO: sol generado
Dec 15, 2024 4:40:10 AM domain.plants.ECIPlant generateSun
INFO: sol generado
Dec 15, 2024 4:40:10 AM domain.Game addZombie
INFO: Intentando añadir un zombie: brainstein en (10, 0)
Dec 15, 2024 4:40:10 AM domain.Game addZombie
INFO: Zombie añadido exitosamente: brainstein en (10, 0)
Dec 15, 2024 4:40:10 AM domain.Game addPlant
INFO: Intentando añadir una planta: sunflower en (1, 0)
Dec 15, 2024 4:40:10 AM domain.Game addPlant
SEVERE: Error al añadir planta: Cannot add the unit because there is already a unit in the cell
Dec 15, 2024 4:40:10 AM domain.Game addPlant
INFO: Intentando añadir una planta: potatomine en (7, 0)
Dec 15, 2024 4:40:10 AM domain.Game addPlant
SEVERE: Error al añadir planta: Cannot add the unit because there is already a unit in the cell
Dec 15, 2024 4:40:10 AM domain.Game addPlant
INFO: Intentando añadir una planta: potatomine en (7, 4)
Dec 15, 2024 4:40:10 AM domain.Game addPlant
SEVERE: Error al añadir planta: Cannot add the unit because there is already a unit in the cell
Dec 15, 2024 4:40:11 AM domain.plants.Sunflower generateSun
INFO: sol generado
Dec 15, 2024 4:40:11 AM domain.plants.Sunflower generateSun
INFO: sol generado
Dec 15, 2024 4:40:11 AM domain.plants.ECIPlant generateSun
INFO: sol generado
Dec 15, 2024 4:40:11 AM domain.plants.ECIPlant generateSun
INFO: sol generado
Dec 15, 2024 4:40:11 AM domain.Game addZombie
INFO: Intentando añadir un zombie: basic en (9, 0)
Dec 15, 2024 4:40:11 AM domain.Game addZombie
INFO: Zombie añadido exitosamente: basic en (9, 0)
Dec 15, 2024 4:40:11 AM domain.Game addZombie
INFO: Intentando añadir un zombie: ecizombie en (10, 0)
Dec 15, 2024 4:40:11 AM domain.Game addZombie
INFO: Zombie añadido exitosamente: ecizombie en (10, 0)
Dec 15, 2024 4:40:11 AM domain.plants.ECIPlant generateSun
INFO: sol generado
Dec 15, 2024 4:40:11 AM domain.plants.Sunflower generateSun
INFO: sol generado
Dec 15, 2024 4:40:11 AM domain.Game addPlant
INFO: Intentando añadir una planta: eciplant en (1, 0)
Dec 15, 2024 4:40:11 AM domain.Game addPlant
SEVERE: Error al añadir planta: Cannot add the unit because there is already a unit in the cell
Dec 15, 2024 4:40:11 AM domain.plants.ECIPlant generateSun
INFO: sol generado
Dec 15, 2024 4:40:11 AM domain.plants.Sunflower generateSun
INFO: sol generado
Dec 15, 2024 4:40:11 AM domain.plants.Sunflower generateSun
INFO: sol generado
Dec 15, 2024 4:40:11 AM domain.plants.ECIPlant generateSun
INFO: sol generado
Dec 15, 2024 4:40:11 AM domain.plants.ECIPlant generateSun
INFO: sol generado
Dec 15, 2024 4:40:11 AM domain.Game addZombie
INFO: Intentando añadir un zombie: basic en (9, 4)
Dec 15, 2024 4:40:11 AM domain.Game addZombie
INFO: Zombie añadido exitosamente: basic en (9, 4)
Dec 15, 2024 4:40:11 AM domain.Game addPlant
INFO: Intentando añadir una planta: eciplant en (1, 0)
Dec 15, 2024 4:40:11 AM domain.Game addPlant
SEVERE: Error al añadir planta: Cannot add the unit because there is already a unit in the cell
Dec 15, 2024 4:40:11 AM domain.Game addPlant
INFO: Intentando añadir una planta: wallnut en (5, 2)
Dec 15, 2024 4:40:11 AM domain.Game addPlant
SEVERE: Error al añadir planta: Cannot add the unit because there is already a unit in the cell
Dec 15, 2024 4:40:12 AM domain.plants.Sunflower generateSun
INFO: sol generado
Dec 15, 2024 4:40:12 AM domain.plants.Sunflower generateSun
INFO: sol generado
Dec 15, 2024 4:40:12 AM domain.plants.Sunflower generateSun
INFO: sol generado
Dec 15, 2024 4:40:12 AM domain.plants.Sunflower generateSun
INFO: sol generado
Dec 15, 2024 4:40:12 AM domain.plants.ECIPlant generateSun
INFO: sol generado
Dec 15, 2024 4:40:12 AM domain.plants.ECIPlant generateSun
INFO: sol generado
Dec 15, 2024 4:40:12 AM domain.Game addZombie
INFO: Intentando añadir un zombie: conehead en (9, 0)
Dec 15, 2024 4:40:12 AM domain.plants.Sunflower generateSun
INFO: sol generado
Dec 15, 2024 4:40:12 AM domain.Game addZombie
INFO: Zombie añadido exitosamente: conehead en (9, 0)
Dec 15, 2024 4:40:12 AM domain.Game addZombie
INFO: Intentando añadir un zombie: buckethead en (10, 2)
Dec 15, 2024 4:40:12 AM domain.Game addZombie
INFO: Zombie añadido exitosamente: buckethead en (10, 2)
Dec 15, 2024 4:40:12 AM domain.plants.ECIPlant generateSun
INFO: sol generado
Dec 15, 2024 4:40:12 AM domain.plants.ECIPlant generateSun
INFO: sol generado
Dec 15, 2024 4:40:12 AM domain.Game addZombie
INFO: Intentando añadir un zombie: conehead en (9, 4)
Dec 15, 2024 4:40:12 AM domain.Game addZombie
INFO: Zombie añadido exitosamente: conehead en (9, 4)
Dec 15, 2024 4:40:12 AM domain.Game addPlant
INFO: Intentando añadir una planta: sunflower en (1, 0)
Dec 15, 2024 4:40:12 AM domain.Game addPlant
SEVERE: Error al añadir planta: Cannot add the unit because there is already a unit in the cell
Dec 15, 2024 4:40:13 AM domain.plants.ECIPlant generateSun
INFO: sol generado
Dec 15, 2024 4:40:13 AM domain.Game addZombie
INFO: Intentando añadir un zombie: conehead en (9, 0)
Dec 15, 2024 4:40:13 AM domain.Game addZombie
INFO: Zombie añadido exitosamente: conehead en (9, 0)
Dec 15, 2024 4:40:13 AM domain.Game addZombie
INFO: Intentando añadir un zombie: brainstein en (9, 4)
Dec 15, 2024 4:40:13 AM domain.plants.Sunflower generateSun
INFO: sol generado
Dec 15, 2024 4:40:13 AM domain.Game addZombie
INFO: Zombie añadido exitosamente: brainstein en (9, 4)
Dec 15, 2024 4:40:13 AM domain.Game addPlant
INFO: Intentando añadir una planta: potatomine en (7, 0)
Dec 15, 2024 4:40:13 AM domain.Game addPlant
SEVERE: Error al añadir planta: Cannot add the unit because there is already a unit in the cell
Dec 15, 2024 4:40:13 AM domain.plants.Sunflower generateSun
INFO: sol generado
Dec 15, 2024 4:40:13 AM domain.plants.ECIPlant generateSun
INFO: sol generado
Dec 15, 2024 4:40:13 AM domain.Game addZombie
INFO: Intentando añadir un zombie: basic en (10, 2)
Dec 15, 2024 4:40:13 AM domain.Game addZombie
INFO: Zombie añadido exitosamente: basic en (10, 2)
Dec 15, 2024 4:40:13 AM domain.Game addZombie
INFO: Intentando añadir un zombie: basic en (9, 4)
Dec 15, 2024 4:40:13 AM domain.Game addZombie
INFO: Zombie añadido exitosamente: basic en (9, 4)
Dec 15, 2024 4:40:13 AM domain.Game addPlant
INFO: Intentando añadir una planta: sunflower en (1, 0)
Dec 15, 2024 4:40:13 AM domain.Game addPlant
SEVERE: Error al añadir planta: Cannot add the unit because there is already a unit in the cell
Dec 15, 2024 4:40:13 AM domain.Game addPlant
INFO: Intentando añadir una planta: potatomine en (5, 2)
Dec 15, 2024 4:40:13 AM domain.Game addPlant
SEVERE: Error al añadir planta: Cannot add the unit because there is already a unit in the cell
Dec 15, 2024 4:40:13 AM domain.Game addPlant
INFO: Intentando añadir una planta: potatomine en (5, 4)
Dec 15, 2024 4:40:13 AM domain.Game addPlant
SEVERE: Error al añadir planta: Cannot add the unit because there is already a unit in the cell
Dec 15, 2024 4:40:14 AM domain.plants.ECIPlant generateSun
INFO: sol generado
Dec 15, 2024 4:40:14 AM domain.plants.Sunflower generateSun
INFO: sol generado
Dec 15, 2024 4:40:14 AM domain.plants.Sunflower generateSun
INFO: sol generado
Dec 15, 2024 4:40:14 AM domain.plants.ECIPlant generateSun
INFO: sol generado
Dec 15, 2024 4:40:14 AM domain.Game addZombie
INFO: Intentando añadir un zombie: brainstein en (10, 0)
Dec 15, 2024 4:40:14 AM domain.Game addZombie
INFO: Zombie añadido exitosamente: brainstein en (10, 0)
Dec 15, 2024 4:40:14 AM domain.Game addZombie
INFO: Intentando añadir un zombie: brainstein en (10, 1)
Dec 15, 2024 4:40:14 AM domain.Game addZombie
INFO: Zombie añadido exitosamente: brainstein en (10, 1)
Dec 15, 2024 4:40:14 AM domain.plants.ECIPlant generateSun
INFO: sol generado
Dec 15, 2024 4:40:14 AM domain.plants.Sunflower generateSun
INFO: sol generado
Dec 15, 2024 4:40:14 AM domain.Game addPlant
INFO: Intentando añadir una planta: potatomine en (6, 0)
Dec 15, 2024 4:40:14 AM domain.Game addPlant
SEVERE: Error al añadir planta: Cannot add the unit because there is already a unit in the cell
Dec 15, 2024 4:40:14 AM domain.plants.ECIPlant generateSun
INFO: sol generado
Dec 15, 2024 4:40:14 AM domain.plants.Sunflower generateSun
INFO: sol generado
Dec 15, 2024 4:40:14 AM domain.plants.Sunflower generateSun
INFO: sol generado
Dec 15, 2024 4:40:14 AM domain.plants.ECIPlant generateSun
INFO: sol generado
Dec 15, 2024 4:40:14 AM domain.plants.ECIPlant generateSun
INFO: sol generado
Dec 15, 2024 4:40:14 AM domain.Game addZombie
INFO: Intentando añadir un zombie: brainstein en (10, 0)
Dec 15, 2024 4:40:14 AM domain.Game addZombie
INFO: Zombie añadido exitosamente: brainstein en (10, 0)
Dec 15, 2024 4:40:14 AM domain.Game addPlant
INFO: Intentando añadir una planta: eciplant en (1, 0)
Dec 15, 2024 4:40:14 AM domain.Game addPlant
SEVERE: Error al añadir planta: Cannot add the unit because there is already a unit in the cell
Dec 15, 2024 4:40:14 AM domain.Game addPlant
INFO: Intentando añadir una planta: potatomine en (6, 4)
Dec 15, 2024 4:40:14 AM domain.Game addPlant
INFO: Planta añadida exitosamente: potatomine en (6, 4)
Dec 15, 2024 4:40:15 AM domain.plants.Sunflower generateSun
INFO: sol generado
Dec 15, 2024 4:40:15 AM domain.plants.Sunflower generateSun
INFO: sol generado
Dec 15, 2024 4:40:15 AM domain.plants.Sunflower generateSun
INFO: sol generado
Dec 15, 2024 4:40:15 AM domain.plants.Sunflower generateSun
INFO: sol generado
Dec 15, 2024 4:40:15 AM domain.plants.ECIPlant generateSun
INFO: sol generado
Dec 15, 2024 4:40:15 AM domain.plants.ECIPlant generateSun
INFO: sol generado
Dec 15, 2024 4:40:15 AM domain.plants.Sunflower generateSun
INFO: sol generado
Dec 15, 2024 4:40:15 AM domain.Game addZombie
INFO: Intentando añadir un zombie: conehead en (9, 0)
Dec 15, 2024 4:40:15 AM domain.Game addZombie
INFO: Zombie añadido exitosamente: conehead en (9, 0)
Dec 15, 2024 4:40:15 AM domain.Game addZombie
INFO: Intentando añadir un zombie: brainstein en (10, 3)
Dec 15, 2024 4:40:15 AM domain.Game addZombie
INFO: Zombie añadido exitosamente: brainstein en (10, 3)
Dec 15, 2024 4:40:15 AM domain.plants.ECIPlant generateSun
INFO: sol generado
Dec 15, 2024 4:40:15 AM domain.plants.ECIPlant generateSun
INFO: sol generado
Dec 15, 2024 4:40:15 AM domain.Game addPlant
INFO: Intentando añadir una planta: eciplant en (1, 0)
Dec 15, 2024 4:40:15 AM domain.Game addPlant
SEVERE: Error al añadir planta: Cannot add the unit because there is already a unit in the cell
Dec 15, 2024 4:40:15 AM domain.Game addZombie
INFO: Intentando añadir un zombie: buckethead en (9, 4)
Dec 15, 2024 4:40:15 AM domain.Game addZombie
INFO: Zombie añadido exitosamente: buckethead en (9, 4)
Dec 15, 2024 4:40:15 AM domain.Game addPlant
INFO: Intentando añadir una planta: eciplant en (1, 0)
Dec 15, 2024 4:40:15 AM domain.Game addPlant
SEVERE: Error al añadir planta: Cannot add the unit because there is already a unit in the cell
Dec 15, 2024 4:40:16 AM domain.plants.ECIPlant generateSun
INFO: sol generado
Dec 15, 2024 4:40:16 AM domain.plants.Sunflower generateSun
INFO: sol generado
Dec 15, 2024 4:40:16 AM domain.Game addZombie
INFO: Intentando añadir un zombie: conehead en (9, 0)
Dec 15, 2024 4:40:16 AM domain.Game addZombie
INFO: Zombie añadido exitosamente: conehead en (9, 0)
Dec 15, 2024 4:40:16 AM domain.Game addZombie
INFO: Intentando añadir un zombie: conehead en (9, 4)
Dec 15, 2024 4:40:16 AM domain.Game addZombie
INFO: Zombie añadido exitosamente: conehead en (9, 4)
Dec 15, 2024 4:40:16 AM domain.plants.Sunflower generateSun
INFO: sol generado
Dec 15, 2024 4:40:16 AM domain.plants.ECIPlant generateSun
INFO: sol generado
Dec 15, 2024 4:40:16 AM domain.Game addZombie
INFO: Intentando añadir un zombie: buckethead en (9, 4)
Dec 15, 2024 4:40:16 AM domain.Game addZombie
INFO: Zombie añadido exitosamente: buckethead en (9, 4)
Dec 15, 2024 4:40:16 AM domain.Game addPlant
INFO: Intentando añadir una planta: sunflower en (1, 0)
Dec 15, 2024 4:40:16 AM domain.Game addPlant
SEVERE: Error al añadir planta: Cannot add the unit because there is already a unit in the cell
Dec 15, 2024 4:40:16 AM domain.Game addPlant
INFO: Intentando añadir una planta: potatomine en (8, 0)
Dec 15, 2024 4:40:16 AM domain.Game addPlant
SEVERE: Error al añadir planta: Cannot add the unit because there is already a unit in the cell
Dec 15, 2024 4:40:16 AM domain.Game addPlant
INFO: Intentando añadir una planta: potatomine en (8, 4)
Dec 15, 2024 4:40:16 AM domain.Game addPlant
INFO: Planta añadida exitosamente: potatomine en (8, 4)
Dec 15, 2024 4:40:17 AM domain.plants.ECIPlant generateSun
INFO: sol generado
Dec 15, 2024 4:40:17 AM domain.plants.Sunflower generateSun
INFO: sol generado
Dec 15, 2024 4:40:17 AM domain.plants.Sunflower generateSun
INFO: sol generado
Dec 15, 2024 4:40:17 AM domain.plants.ECIPlant generateSun
INFO: sol generado
Dec 15, 2024 4:40:17 AM domain.Game addZombie
INFO: Intentando añadir un zombie: conehead en (9, 0)
Dec 15, 2024 4:40:17 AM domain.Game addZombie
INFO: Intentando añadir un zombie: ecizombie en (10, 1)
Dec 15, 2024 4:40:17 AM domain.Game addZombie
INFO: Zombie añadido exitosamente: conehead en (9, 0)
Dec 15, 2024 4:40:17 AM domain.Game addZombie
INFO: Zombie añadido exitosamente: ecizombie en (10, 1)
Dec 15, 2024 4:40:17 AM domain.plants.ECIPlant generateSun
INFO: sol generado
Dec 15, 2024 4:40:17 AM domain.plants.Sunflower generateSun
INFO: sol generado
Dec 15, 2024 4:40:17 AM domain.Game addPlant
INFO: Intentando añadir una planta: eciplant en (1, 0)
Dec 15, 2024 4:40:17 AM domain.Game addPlant
SEVERE: Error al añadir planta: Cannot add the unit because there is already a unit in the cell
Dec 15, 2024 4:40:17 AM domain.plants.ECIPlant generateSun
INFO: sol generado
Dec 15, 2024 4:40:17 AM domain.plants.Sunflower generateSun
INFO: sol generado
Dec 15, 2024 4:40:17 AM domain.plants.Sunflower generateSun
INFO: sol generado
Dec 15, 2024 4:40:17 AM domain.plants.ECIPlant generateSun
INFO: sol generado
Dec 15, 2024 4:40:17 AM domain.plants.ECIPlant generateSun
INFO: sol generado
Dec 15, 2024 4:40:17 AM domain.Game addZombie
INFO: Intentando añadir un zombie: buckethead en (9, 4)
Dec 15, 2024 4:40:17 AM domain.Game addZombie
INFO: Zombie añadido exitosamente: buckethead en (9, 4)
Dec 15, 2024 4:40:17 AM domain.Game addPlant
INFO: Intentando añadir una planta: sunflower en (1, 0)
Dec 15, 2024 4:40:17 AM domain.Game addPlant
SEVERE: Error al añadir planta: Cannot add the unit because there is already a unit in the cell
Dec 15, 2024 4:40:17 AM domain.Game addPlant
INFO: Intentando añadir una planta: potatomine en (7, 0)
Dec 15, 2024 4:40:17 AM domain.Game addPlant
SEVERE: Error al añadir planta: Cannot add the unit because there is already a unit in the cell
Dec 15, 2024 4:40:17 AM domain.Game addPlant
INFO: Intentando añadir una planta: potatomine en (7, 4)
Dec 15, 2024 4:40:17 AM domain.Game addPlant
SEVERE: Error al añadir planta: Cannot add the unit because there is already a unit in the cell
Dec 15, 2024 4:40:18 AM domain.plants.Sunflower generateSun
INFO: sol generado
Dec 15, 2024 4:40:18 AM domain.plants.Sunflower generateSun
INFO: sol generado
Dec 15, 2024 4:40:18 AM domain.plants.Sunflower generateSun
INFO: sol generado
Dec 15, 2024 4:40:18 AM domain.plants.Sunflower generateSun
INFO: sol generado
Dec 15, 2024 4:40:18 AM domain.plants.ECIPlant generateSun
INFO: sol generado
Dec 15, 2024 4:40:18 AM domain.plants.ECIPlant generateSun
INFO: sol generado
Dec 15, 2024 4:40:18 AM domain.plants.Sunflower generateSun
INFO: sol generado
Dec 15, 2024 4:40:18 AM domain.plants.ECIPlant generateSun
INFO: sol generado
Dec 15, 2024 4:40:18 AM domain.Game addZombie
INFO: Intentando añadir un zombie: brainstein en (10, 0)
Dec 15, 2024 4:40:18 AM domain.Game addZombie
INFO: Intentando añadir un zombie: brainstein en (9, 0)
Dec 15, 2024 4:40:18 AM domain.Game addZombie
INFO: Zombie añadido exitosamente: brainstein en (9, 0)
Dec 15, 2024 4:40:18 AM domain.Game addZombie
INFO: Zombie añadido exitosamente: brainstein en (10, 0)
Dec 15, 2024 4:40:18 AM domain.plants.ECIPlant generateSun
INFO: sol generado
Dec 15, 2024 4:40:18 AM domain.Game addZombie
INFO: Intentando añadir un zombie: brainstein en (10, 0)
Dec 15, 2024 4:40:18 AM domain.Game addZombie
INFO: Zombie añadido exitosamente: brainstein en (10, 0)
Dec 15, 2024 4:40:18 AM domain.Game addPlant
INFO: Intentando añadir una planta: sunflower en (1, 0)
Dec 15, 2024 4:40:18 AM domain.Game addPlant
SEVERE: Error al añadir planta: Cannot add the unit because there is already a unit in the cell
Dec 15, 2024 4:40:18 AM domain.Game addPlant
INFO: Intentando añadir una planta: potatomine en (8, 0)
Dec 15, 2024 4:40:18 AM domain.Game addPlant
INFO: Planta añadida exitosamente: potatomine en (8, 0)
Dec 15, 2024 4:40:18 AM domain.Game addPlant
INFO: Intentando añadir una planta: potatomine en (8, 4)
Dec 15, 2024 4:40:18 AM domain.Game addPlant
SEVERE: Error al añadir planta: Cannot add the unit because there is already a unit in the cell
Dec 15, 2024 4:40:19 AM domain.plants.ECIPlant generateSun
INFO: sol generado
Dec 15, 2024 4:40:19 AM domain.plants.Sunflower generateSun
INFO: sol generado
Dec 15, 2024 4:40:19 AM domain.Game addZombie
INFO: Intentando añadir un zombie: brainstein en (10, 1)
Dec 15, 2024 4:40:19 AM domain.Game addZombie
INFO: Intentando añadir un zombie: basic en (9, 0)
Dec 15, 2024 4:40:19 AM domain.Game addZombie
INFO: Zombie añadido exitosamente: brainstein en (10, 1)
Dec 15, 2024 4:40:19 AM domain.Game addZombie
INFO: Zombie añadido exitosamente: basic en (9, 0)
Dec 15, 2024 4:40:19 AM domain.Game addPlant
INFO: Intentando añadir una planta: eciplant en (1, 0)
Dec 15, 2024 4:40:19 AM domain.Game addPlant
SEVERE: Error al añadir planta: Cannot add the unit because there is already a unit in the cell
Dec 15, 2024 4:40:19 AM domain.plants.Sunflower generateSun
INFO: sol generado
Dec 15, 2024 4:40:19 AM domain.plants.ECIPlant generateSun
INFO: sol generado
Dec 15, 2024 4:40:19 AM domain.Game addZombie
INFO: Intentando añadir un zombie: conehead en (9, 4)
Dec 15, 2024 4:40:19 AM domain.Game addZombie
INFO: Zombie añadido exitosamente: conehead en (9, 4)
Dec 15, 2024 4:40:19 AM domain.Game addPlant
INFO: Intentando añadir una planta: eciplant en (1, 0)
Dec 15, 2024 4:40:19 AM domain.Game addPlant
SEVERE: Error al añadir planta: Cannot add the unit because there is already a unit in the cell
Dec 15, 2024 4:40:19 AM domain.Game addPlant
INFO: Intentando añadir una planta: potatomine en (7, 0)
Dec 15, 2024 4:40:19 AM domain.Game addPlant
SEVERE: Error al añadir planta: Cannot add the unit because there is already a unit in the cell
Dec 15, 2024 4:40:19 AM domain.Game addPlant
INFO: Intentando añadir una planta: potatomine en (7, 4)
Dec 15, 2024 4:40:19 AM domain.Game addPlant
INFO: Planta añadida exitosamente: potatomine en (7, 4)
Dec 15, 2024 4:40:20 AM domain.plants.ECIPlant generateSun
INFO: sol generado
Dec 15, 2024 4:40:20 AM domain.plants.Sunflower generateSun
INFO: sol generado
Dec 15, 2024 4:40:20 AM domain.plants.ECIPlant generateSun
INFO: sol generado
Dec 15, 2024 4:40:20 AM domain.plants.Sunflower generateSun
INFO: sol generado
Dec 15, 2024 4:40:20 AM domain.Game addZombie
INFO: Intentando añadir un zombie: basic en (9, 0)
Dec 15, 2024 4:40:20 AM domain.Game addZombie
INFO: Intentando añadir un zombie: basic en (9, 0)
Dec 15, 2024 4:40:20 AM domain.plants.Sunflower generateSun
INFO: sol generado
Dec 15, 2024 4:40:20 AM domain.plants.ECIPlant generateSun
INFO: sol generado
Dec 15, 2024 4:40:20 AM domain.Game addZombie
INFO: Zombie añadido exitosamente: basic en (9, 0)
Dec 15, 2024 4:40:20 AM domain.Game addZombie
INFO: Zombie añadido exitosamente: basic en (9, 0)
Dec 15, 2024 4:40:20 AM domain.Game addPlant
INFO: Intentando añadir una planta: potatomine en (6, 0)
Dec 15, 2024 4:40:20 AM domain.Game addPlant
SEVERE: Error al añadir planta: Cannot add the unit because there is already a unit in the cell
Dec 15, 2024 4:40:20 AM domain.plants.ECIPlant generateSun
INFO: sol generado
Dec 15, 2024 4:40:20 AM domain.plants.Sunflower generateSun
INFO: sol generado
Dec 15, 2024 4:40:20 AM domain.plants.Sunflower generateSun
INFO: sol generado
Dec 15, 2024 4:40:20 AM domain.plants.ECIPlant generateSun
INFO: sol generado
Dec 15, 2024 4:40:20 AM domain.plants.ECIPlant generateSun
INFO: sol generado
Dec 15, 2024 4:40:20 AM domain.Game addZombie
INFO: Intentando añadir un zombie: conehead en (9, 4)
Dec 15, 2024 4:40:20 AM domain.Game addZombie
INFO: Zombie añadido exitosamente: conehead en (9, 4)
Dec 15, 2024 4:40:20 AM domain.Game addPlant
INFO: Intentando añadir una planta: sunflower en (1, 0)
Dec 15, 2024 4:40:20 AM domain.Game addPlant
SEVERE: Error al añadir planta: Cannot add the unit because there is already a unit in the cell
Dec 15, 2024 4:40:20 AM domain.Game addPlant
INFO: Intentando añadir una planta: potatomine en (5, 2)
Dec 15, 2024 4:40:20 AM domain.Game addPlant
SEVERE: Error al añadir planta: Cannot add the unit because there is already a unit in the cell
Dec 15, 2024 4:40:20 AM domain.Game addPlant
INFO: Intentando añadir una planta: potatomine en (5, 4)
Dec 15, 2024 4:40:20 AM domain.Game addPlant
SEVERE: Error al añadir planta: Cannot add the unit because there is already a unit in the cell
Dec 15, 2024 4:40:21 AM domain.plants.Sunflower generateSun
INFO: sol generado
Dec 15, 2024 4:40:21 AM domain.plants.Sunflower generateSun
INFO: sol generado
Dec 15, 2024 4:40:21 AM domain.plants.Sunflower generateSun
INFO: sol generado
Dec 15, 2024 4:40:21 AM domain.plants.Sunflower generateSun
INFO: sol generado
Dec 15, 2024 4:40:21 AM domain.plants.ECIPlant generateSun
INFO: sol generado
Dec 15, 2024 4:40:21 AM domain.plants.ECIPlant generateSun
INFO: sol generado
Dec 15, 2024 4:40:21 AM domain.plants.Sunflower generateSun
INFO: sol generado
Dec 15, 2024 4:40:21 AM domain.plants.ECIPlant generateSun
INFO: sol generado
Dec 15, 2024 4:40:21 AM domain.plants.ECIPlant generateSun
INFO: sol generado
Dec 15, 2024 4:40:21 AM domain.Game addZombie
INFO: Intentando añadir un zombie: ecizombie en (9, 1)
Dec 15, 2024 4:40:21 AM domain.Game addZombie
INFO: Zombie añadido exitosamente: ecizombie en (9, 1)
Dec 15, 2024 4:40:21 AM domain.Game addZombie
INFO: Intentando añadir un zombie: conehead en (9, 0)
Dec 15, 2024 4:40:21 AM domain.Game addZombie
INFO: Zombie añadido exitosamente: conehead en (9, 0)
Dec 15, 2024 4:40:21 AM domain.Game addZombie
INFO: Intentando añadir un zombie: buckethead en (9, 4)
Dec 15, 2024 4:40:21 AM domain.Game addZombie
INFO: Zombie añadido exitosamente: buckethead en (9, 4)
Dec 15, 2024 4:40:21 AM domain.Game addPlant
INFO: Intentando añadir una planta: sunflower en (1, 0)
Dec 15, 2024 4:40:21 AM domain.Game addPlant
SEVERE: Error al añadir planta: Cannot add the unit because there is already a unit in the cell
Dec 15, 2024 4:40:22 AM domain.plants.ECIPlant generateSun
INFO: sol generado
Dec 15, 2024 4:40:22 AM domain.plants.Sunflower generateSun
INFO: sol generado
Dec 15, 2024 4:40:22 AM domain.Game addZombie
INFO: Intentando añadir un zombie: brainstein en (9, 3)
Dec 15, 2024 4:40:22 AM domain.Game addZombie
INFO: Zombie añadido exitosamente: brainstein en (9, 3)
Dec 15, 2024 4:40:22 AM domain.Game addZombie
INFO: Intentando añadir un zombie: brainstein en (10, 0)
Dec 15, 2024 4:40:22 AM domain.Game addZombie
INFO: Zombie añadido exitosamente: brainstein en (10, 0)
Dec 15, 2024 4:40:22 AM domain.plants.Sunflower generateSun
INFO: sol generado
Dec 15, 2024 4:40:22 AM domain.plants.ECIPlant generateSun
INFO: sol generado
Dec 15, 2024 4:40:22 AM domain.Game addZombie
INFO: Intentando añadir un zombie: brainstein en (10, 0)
Dec 15, 2024 4:40:22 AM domain.Game addZombie
INFO: Zombie añadido exitosamente: brainstein en (10, 0)
Dec 15, 2024 4:40:22 AM domain.Game addPlant
INFO: Intentando añadir una planta: sunflower en (1, 0)
Dec 15, 2024 4:40:22 AM domain.Game addPlant
SEVERE: Error al añadir planta: Cannot add the unit because there is already a unit in the cell
Dec 15, 2024 4:40:23 AM domain.plants.ECIPlant generateSun
INFO: sol generado
Dec 15, 2024 4:40:23 AM domain.plants.Sunflower generateSun
INFO: sol generado
Dec 15, 2024 4:40:23 AM domain.plants.ECIPlant generateSun
INFO: sol generado
Dec 15, 2024 4:40:23 AM domain.plants.Sunflower generateSun
INFO: sol generado
Dec 15, 2024 4:40:23 AM domain.plants.Sunflower generateSun
INFO: sol generado
Dec 15, 2024 4:40:23 AM domain.plants.ECIPlant generateSun
INFO: sol generado
Dec 15, 2024 4:40:23 AM domain.Game addZombie
INFO: Intentando añadir un zombie: brainstein en (9, 4)
Dec 15, 2024 4:40:23 AM domain.Game addZombie
INFO: Zombie añadido exitosamente: brainstein en (9, 4)
Dec 15, 2024 4:40:23 AM domain.Game addZombie
INFO: Intentando añadir un zombie: basic en (9, 0)
Dec 15, 2024 4:40:23 AM domain.Game addZombie
INFO: Zombie añadido exitosamente: basic en (9, 0)
Dec 15, 2024 4:40:23 AM domain.plants.ECIPlant generateSun
INFO: sol generado
Dec 15, 2024 4:40:23 AM domain.plants.Sunflower generateSun
INFO: sol generado
Dec 15, 2024 4:40:23 AM domain.plants.Sunflower generateSun
INFO: sol generado
Dec 15, 2024 4:40:23 AM domain.plants.ECIPlant generateSun
INFO: sol generado
Dec 15, 2024 4:40:23 AM domain.plants.ECIPlant generateSun
INFO: sol generado
Dec 15, 2024 4:40:23 AM domain.Game addZombie
INFO: Intentando añadir un zombie: basic en (9, 4)
Dec 15, 2024 4:40:23 AM domain.Game addZombie
INFO: Zombie añadido exitosamente: basic en (9, 4)
Dec 15, 2024 4:40:23 AM domain.Game addPlant
INFO: Intentando añadir una planta: eciplant en (1, 0)
Dec 15, 2024 4:40:23 AM domain.Game addPlant
SEVERE: Error al añadir planta: Cannot add the unit because there is already a unit in the cell
Dec 15, 2024 4:40:23 AM domain.Game addPlant
INFO: Intentando añadir una planta: potatomine en (6, 4)
Dec 15, 2024 4:40:23 AM domain.Game addPlant
SEVERE: Error al añadir planta: Cannot add the unit because there is already a unit in the cell
Dec 15, 2024 4:40:24 AM domain.plants.Sunflower generateSun
INFO: sol generado
Dec 15, 2024 4:40:24 AM domain.plants.Sunflower generateSun
INFO: sol generado
Dec 15, 2024 4:40:24 AM domain.plants.Sunflower generateSun
INFO: sol generado
Dec 15, 2024 4:40:24 AM domain.plants.Sunflower generateSun
INFO: sol generado
Dec 15, 2024 4:40:24 AM domain.plants.ECIPlant generateSun
INFO: sol generado
Dec 15, 2024 4:40:24 AM domain.plants.ECIPlant generateSun
INFO: sol generado
Dec 15, 2024 4:40:24 AM domain.plants.Sunflower generateSun
INFO: sol generado
Dec 15, 2024 4:40:24 AM domain.plants.ECIPlant generateSun
INFO: sol generado
Dec 15, 2024 4:40:24 AM domain.plants.ECIPlant generateSun
INFO: sol generado
Dec 15, 2024 4:40:24 AM domain.Game addZombie
INFO: Intentando añadir un zombie: brainstein en (10, 2)
Dec 15, 2024 4:40:24 AM domain.Game addZombie
INFO: Zombie añadido exitosamente: brainstein en (10, 2)
Dec 15, 2024 4:40:24 AM domain.Game addZombie
INFO: Intentando añadir un zombie: conehead en (9, 0)
Dec 15, 2024 4:40:24 AM domain.Game addZombie
INFO: Zombie añadido exitosamente: conehead en (9, 0)
Dec 15, 2024 4:40:24 AM domain.Game addPlant
INFO: Intentando añadir una planta: potatomine en (6, 0)
Dec 15, 2024 4:40:24 AM domain.Game addPlant
SEVERE: Error al añadir planta: Cannot add the unit because there is already a unit in the cell
Dec 15, 2024 4:40:24 AM domain.Game addZombie
INFO: Intentando añadir un zombie: basic en (9, 4)
Dec 15, 2024 4:40:24 AM domain.Game addZombie
INFO: Zombie añadido exitosamente: basic en (9, 4)
Dec 15, 2024 4:40:24 AM domain.Game addPlant
INFO: Intentando añadir una planta: sunflower en (1, 0)
Dec 15, 2024 4:40:24 AM domain.Game addPlant
SEVERE: Error al añadir planta: Cannot add the unit because there is already a unit in the cell
Dec 15, 2024 4:40:24 AM domain.Game addPlant
INFO: Intentando añadir una planta: potatomine en (5, 2)
Dec 15, 2024 4:40:24 AM domain.Game addPlant
SEVERE: Error al añadir planta: Cannot add the unit because there is already a unit in the cell
Dec 15, 2024 4:40:24 AM domain.Game addPlant
INFO: Intentando añadir una planta: potatomine en (5, 4)
Dec 15, 2024 4:40:24 AM domain.Game addPlant
SEVERE: Error al añadir planta: Cannot add the unit because there is already a unit in the cell
Dec 15, 2024 4:40:25 AM domain.plants.ECIPlant generateSun
INFO: sol generado
Dec 15, 2024 4:40:25 AM domain.plants.Sunflower generateSun
INFO: sol generado
Dec 15, 2024 4:40:25 AM domain.Game addZombie
INFO: Intentando añadir un zombie: basic en (9, 3)
Dec 15, 2024 4:40:25 AM domain.Game addZombie
INFO: Intentando añadir un zombie: buckethead en (9, 0)
Dec 15, 2024 4:40:25 AM domain.Game addZombie
INFO: Zombie añadido exitosamente: basic en (9, 3)
Dec 15, 2024 4:40:25 AM domain.Game addZombie
INFO: Zombie añadido exitosamente: buckethead en (9, 0)
Dec 15, 2024 4:40:25 AM domain.Game addPlant
INFO: Intentando añadir una planta: potatomine en (7, 0)
Dec 15, 2024 4:40:25 AM domain.Game addPlant
SEVERE: Error al añadir planta: Cannot add the unit because there is already a unit in the cell
Dec 15, 2024 4:40:25 AM domain.plants.Sunflower generateSun
INFO: sol generado
Dec 15, 2024 4:40:25 AM domain.plants.ECIPlant generateSun
INFO: sol generado
Dec 15, 2024 4:40:25 AM domain.Game addZombie
INFO: Intentando añadir un zombie: buckethead en (9, 4)
Dec 15, 2024 4:40:25 AM domain.Game addZombie
INFO: Zombie añadido exitosamente: buckethead en (9, 4)
Dec 15, 2024 4:40:25 AM domain.Game addPlant
INFO: Intentando añadir una planta: eciplant en (1, 0)
Dec 15, 2024 4:40:25 AM domain.Game addPlant
SEVERE: Error al añadir planta: Cannot add the unit because there is already a unit in the cell
Dec 15, 2024 4:40:25 AM domain.Game addPlant
INFO: Intentando añadir una planta: potatomine en (6, 4)
Dec 15, 2024 4:40:25 AM domain.Game addPlant
SEVERE: Error al añadir planta: Cannot add the unit because there is already a unit in the cell
Dec 15, 2024 4:40:26 AM domain.plants.ECIPlant generateSun
INFO: sol generado
Dec 15, 2024 4:40:26 AM domain.plants.Sunflower generateSun
INFO: sol generado
Dec 15, 2024 4:40:26 AM domain.plants.Sunflower generateSun
INFO: sol generado
Dec 15, 2024 4:40:26 AM domain.plants.ECIPlant generateSun
INFO: sol generado
Dec 15, 2024 4:40:26 AM domain.plants.Sunflower generateSun
INFO: sol generado
Dec 15, 2024 4:40:26 AM domain.plants.ECIPlant generateSun
INFO: sol generado
Dec 15, 2024 4:40:26 AM domain.Game addZombie
INFO: Intentando añadir un zombie: basic en (9, 0)
Dec 15, 2024 4:40:26 AM domain.Game addZombie
INFO: Intentando añadir un zombie: brainstein en (10, 0)
Dec 15, 2024 4:40:26 AM domain.Game addZombie
INFO: Zombie añadido exitosamente: basic en (9, 0)
Dec 15, 2024 4:40:26 AM domain.Game addZombie
INFO: Zombie añadido exitosamente: brainstein en (10, 0)
Dec 15, 2024 4:40:26 AM domain.Game addPlant
INFO: Intentando añadir una planta: wallnut en (5, 0)
Dec 15, 2024 4:40:26 AM domain.Game addPlant
SEVERE: Error al añadir planta: Cannot add the unit because there is already a unit in the cell
Dec 15, 2024 4:40:26 AM domain.plants.ECIPlant generateSun
INFO: sol generado
Dec 15, 2024 4:40:26 AM domain.plants.Sunflower generateSun
INFO: sol generado
Dec 15, 2024 4:40:26 AM domain.plants.Sunflower generateSun
INFO: sol generado
Dec 15, 2024 4:40:26 AM domain.plants.ECIPlant generateSun
INFO: sol generado
Dec 15, 2024 4:40:26 AM domain.plants.ECIPlant generateSun
INFO: sol generado
Dec 15, 2024 4:40:26 AM domain.Game addZombie
INFO: Intentando añadir un zombie: brainstein en (10, 0)
Dec 15, 2024 4:40:26 AM domain.Game addZombie
INFO: Zombie añadido exitosamente: brainstein en (10, 0)
Dec 15, 2024 4:40:26 AM domain.Game addPlant
INFO: Intentando añadir una planta: eciplant en (1, 0)
Dec 15, 2024 4:40:26 AM domain.Game addPlant
SEVERE: Error al añadir planta: Cannot add the unit because there is already a unit in the cell
Dec 15, 2024 4:40:26 AM domain.Game addPlant
INFO: Intentando añadir una planta: potatomine en (6, 4)
Dec 15, 2024 4:40:26 AM domain.Game addPlant
INFO: Planta añadida exitosamente: potatomine en (6, 4)
Dec 15, 2024 4:40:27 AM domain.plants.Sunflower generateSun
INFO: sol generado
Dec 15, 2024 4:40:27 AM domain.plants.Sunflower generateSun
INFO: sol generado
Dec 15, 2024 4:40:27 AM domain.plants.Sunflower generateSun
INFO: sol generado
Dec 15, 2024 4:40:27 AM domain.plants.Sunflower generateSun
INFO: sol generado
Dec 15, 2024 4:40:27 AM domain.plants.ECIPlant generateSun
INFO: sol generado
Dec 15, 2024 4:40:27 AM domain.plants.ECIPlant generateSun
INFO: sol generado
Dec 15, 2024 4:40:27 AM domain.plants.Sunflower generateSun
INFO: sol generado
Dec 15, 2024 4:40:27 AM domain.plants.ECIPlant generateSun
INFO: sol generado
Dec 15, 2024 4:40:27 AM domain.plants.ECIPlant generateSun
INFO: sol generado
Dec 15, 2024 4:40:27 AM domain.Game addZombie
INFO: Intentando añadir un zombie: buckethead en (9, 4)
Dec 15, 2024 4:40:27 AM domain.Game addZombie
INFO: Intentando añadir un zombie: buckethead en (9, 0)
Dec 15, 2024 4:40:27 AM domain.Game addZombie
INFO: Zombie añadido exitosamente: buckethead en (9, 4)
Dec 15, 2024 4:40:27 AM domain.Game addZombie
INFO: Zombie añadido exitosamente: buckethead en (9, 0)
Dec 15, 2024 4:40:27 AM domain.Game addPlant
INFO: Intentando añadir una planta: eciplant en (1, 0)
Dec 15, 2024 4:40:27 AM domain.Game addPlant
SEVERE: Error al añadir planta: Cannot add the unit because there is already a unit in the cell
Dec 15, 2024 4:40:27 AM domain.Game addZombie
INFO: Intentando añadir un zombie: conehead en (9, 4)
Dec 15, 2024 4:40:27 AM domain.Game addZombie
INFO: Zombie añadido exitosamente: conehead en (9, 4)
Dec 15, 2024 4:40:27 AM domain.Game addPlant
INFO: Intentando añadir una planta: eciplant en (1, 0)
Dec 15, 2024 4:40:27 AM domain.Game addPlant
SEVERE: Error al añadir planta: Cannot add the unit because there is already a unit in the cell
Dec 15, 2024 4:40:27 AM domain.Game addPlant
INFO: Intentando añadir una planta: potatomine en (6, 4)
Dec 15, 2024 4:40:27 AM domain.Game addPlant
SEVERE: Error al añadir planta: Cannot add the unit because there is already a unit in the cell
Dec 15, 2024 4:40:28 AM domain.plants.ECIPlant generateSun
INFO: sol generado
Dec 15, 2024 4:40:28 AM domain.plants.Sunflower generateSun
INFO: sol generado
Dec 15, 2024 4:40:28 AM domain.Game addZombie
INFO: Intentando añadir un zombie: conehead en (9, 0)
Dec 15, 2024 4:40:28 AM domain.Game addZombie
INFO: Intentando añadir un zombie: conehead en (9, 0)
Dec 15, 2024 4:40:28 AM domain.Game addZombie
INFO: Zombie añadido exitosamente: conehead en (9, 0)
Dec 15, 2024 4:40:28 AM domain.Game addZombie
INFO: Zombie añadido exitosamente: conehead en (9, 0)
Dec 15, 2024 4:40:28 AM domain.Game addPlant
INFO: Intentando añadir una planta: peashooter en (3, 0)
Dec 15, 2024 4:40:28 AM domain.Game addPlant
INFO: Planta añadida exitosamente: peashooter en (3, 0)
Dec 15, 2024 4:40:28 AM domain.plants.Sunflower generateSun
INFO: sol generado
Dec 15, 2024 4:40:28 AM domain.plants.ECIPlant generateSun
INFO: sol generado
Dec 15, 2024 4:40:28 AM domain.Game addZombie
INFO: Intentando añadir un zombie: conehead en (9, 4)
Dec 15, 2024 4:40:28 AM domain.Game addZombie
INFO: Zombie añadido exitosamente: conehead en (9, 4)
Dec 15, 2024 4:40:28 AM domain.Game addPlant
INFO: Intentando añadir una planta: eciplant en (1, 0)
Dec 15, 2024 4:40:28 AM domain.Game addPlant
SEVERE: Error al añadir planta: Cannot add the unit because there is already a unit in the cell
Dec 15, 2024 4:40:28 AM domain.Game addPlant
INFO: Intentando añadir una planta: wallnut en (4, 4)
Dec 15, 2024 4:40:28 AM domain.Game addPlant
INFO: Planta añadida exitosamente: wallnut en (4, 4)
Dec 15, 2024 4:40:29 AM domain.plants.ECIPlant generateSun
INFO: sol generado
Dec 15, 2024 4:40:29 AM domain.plants.Sunflower generateSun
INFO: sol generado
Dec 15, 2024 4:40:29 AM domain.plants.ECIPlant generateSun
INFO: sol generado
Dec 15, 2024 4:40:29 AM domain.plants.Sunflower generateSun
INFO: sol generado
Dec 15, 2024 4:40:29 AM domain.plants.Sunflower generateSun
INFO: sol generado
Dec 15, 2024 4:40:29 AM domain.plants.ECIPlant generateSun
INFO: sol generado
Dec 15, 2024 4:40:29 AM domain.Game addZombie
INFO: Intentando añadir un zombie: brainstein en (10, 1)
Dec 15, 2024 4:40:29 AM domain.Game addZombie
INFO: Intentando añadir un zombie: buckethead en (9, 0)
Dec 15, 2024 4:40:29 AM domain.Game addZombie
INFO: Zombie añadido exitosamente: brainstein en (10, 1)
Dec 15, 2024 4:40:29 AM domain.Game addZombie
INFO: Zombie añadido exitosamente: buckethead en (9, 0)
Dec 15, 2024 4:40:29 AM domain.Game addPlant
INFO: Intentando añadir una planta: wallnut en (5, 0)
Dec 15, 2024 4:40:29 AM domain.Game addPlant
INFO: Planta añadida exitosamente: wallnut en (5, 0)
Dec 15, 2024 4:40:29 AM domain.plants.ECIPlant generateSun
INFO: sol generado
Dec 15, 2024 4:40:29 AM domain.plants.Sunflower generateSun
INFO: sol generado
Dec 15, 2024 4:40:29 AM domain.plants.Sunflower generateSun
INFO: sol generado
Dec 15, 2024 4:40:29 AM domain.plants.ECIPlant generateSun
INFO: sol generado
Dec 15, 2024 4:40:29 AM domain.plants.ECIPlant generateSun
INFO: sol generado
Dec 15, 2024 4:40:29 AM domain.Game addZombie
INFO: Intentando añadir un zombie: basic en (9, 4)
Dec 15, 2024 4:40:29 AM domain.Game addZombie
INFO: Zombie añadido exitosamente: basic en (9, 4)
Dec 15, 2024 4:40:29 AM domain.Game addPlant
INFO: Intentando añadir una planta: eciplant en (1, 0)
Dec 15, 2024 4:40:29 AM domain.Game addPlant
SEVERE: Error al añadir planta: Cannot add the unit because there is already a unit in the cell
Dec 15, 2024 4:40:29 AM domain.Game addPlant
INFO: Intentando añadir una planta: wallnut en (4, 4)
Dec 15, 2024 4:40:29 AM domain.Game addPlant
SEVERE: Error al añadir planta: Cannot add the unit because there is already a unit in the cell
Dec 15, 2024 4:40:30 AM domain.plants.Sunflower generateSun
INFO: sol generado
Dec 15, 2024 4:40:30 AM domain.plants.Sunflower generateSun
INFO: sol generado
Dec 15, 2024 4:40:30 AM domain.plants.Sunflower generateSun
INFO: sol generado
Dec 15, 2024 4:40:30 AM domain.plants.Sunflower generateSun
INFO: sol generado
Dec 15, 2024 4:40:30 AM domain.plants.ECIPlant generateSun
INFO: sol generado
Dec 15, 2024 4:40:30 AM domain.plants.ECIPlant generateSun
INFO: sol generado
Dec 15, 2024 4:40:30 AM domain.plants.Sunflower generateSun
INFO: sol generado
Dec 15, 2024 4:40:30 AM domain.plants.ECIPlant generateSun
INFO: sol generado
Dec 15, 2024 4:40:30 AM domain.plants.ECIPlant generateSun
INFO: sol generado
Dec 15, 2024 4:40:30 AM domain.Game addZombie
INFO: Intentando añadir un zombie: buckethead en (10, 3)
Dec 15, 2024 4:40:30 AM domain.Game addZombie
INFO: Intentando añadir un zombie: brainstein en (10, 0)
Dec 15, 2024 4:40:30 AM domain.Game addZombie
INFO: Zombie añadido exitosamente: buckethead en (10, 3)
Dec 15, 2024 4:40:30 AM domain.Game addZombie
INFO: Zombie añadido exitosamente: brainstein en (10, 0)
Dec 15, 2024 4:40:30 AM domain.Game addPlant
INFO: Intentando añadir una planta: sunflower en (2, 0)
Dec 15, 2024 4:40:30 AM domain.Game addPlant
INFO: Planta añadida exitosamente: sunflower en (2, 0)
Dec 15, 2024 4:40:30 AM domain.plants.Sunflower generateSun
INFO: sol generado
Dec 15, 2024 4:40:30 AM domain.Game addPlant
INFO: Intentando añadir una planta: wallnut en (5, 0)
Dec 15, 2024 4:40:30 AM domain.Game addPlant
SEVERE: Error al añadir planta: Cannot add the unit because there is already a unit in the cell
Dec 15, 2024 4:40:30 AM domain.Game addZombie
INFO: Intentando añadir un zombie: brainstein en (10, 0)
Dec 15, 2024 4:40:30 AM domain.Game addZombie
INFO: Zombie añadido exitosamente: brainstein en (10, 0)
Dec 15, 2024 4:40:30 AM domain.Game addPlant
INFO: Intentando añadir una planta: sunflower en (1, 0)
Dec 15, 2024 4:40:30 AM domain.Game addPlant
SEVERE: Error al añadir planta: Cannot add the unit because there is already a unit in the cell
Dec 15, 2024 4:40:30 AM domain.Game addPlant
INFO: Intentando añadir una planta: potatomine en (6, 4)
Dec 15, 2024 4:40:30 AM domain.Game addPlant
INFO: Planta añadida exitosamente: potatomine en (6, 4)
Dec 15, 2024 4:40:31 AM domain.plants.ECIPlant generateSun
INFO: sol generado
Dec 15, 2024 4:40:31 AM domain.plants.Sunflower generateSun
INFO: sol generado
Dec 15, 2024 4:40:31 AM domain.Game addZombie
INFO: Intentando añadir un zombie: ecizombie en (10, 1)
Dec 15, 2024 4:40:31 AM domain.Game addZombie
INFO: Intentando añadir un zombie: basic en (9, 0)
Dec 15, 2024 4:40:31 AM domain.Game addZombie
INFO: Zombie añadido exitosamente: basic en (9, 0)
Dec 15, 2024 4:40:31 AM domain.Game addZombie
INFO: Zombie añadido exitosamente: ecizombie en (10, 1)
Dec 15, 2024 4:40:31 AM domain.plants.Sunflower generateSun
INFO: sol generado
Dec 15, 2024 4:40:31 AM domain.Game addPlant
INFO: Intentando añadir una planta: peashooter en (3, 0)
Dec 15, 2024 4:40:31 AM domain.Game addPlant
SEVERE: Error al añadir planta: Cannot add the unit because there is already a unit in the cell
Dec 15, 2024 4:40:31 AM domain.plants.ECIPlant generateSun
INFO: sol generado
Dec 15, 2024 4:40:31 AM domain.Game addZombie
INFO: Intentando añadir un zombie: buckethead en (9, 4)
Dec 15, 2024 4:40:31 AM domain.Game addZombie
INFO: Zombie añadido exitosamente: buckethead en (9, 4)
Dec 15, 2024 4:40:31 AM domain.Game addPlant
INFO: Intentando añadir una planta: eciplant en (1, 0)
Dec 15, 2024 4:40:31 AM domain.Game addPlant
SEVERE: Error al añadir planta: Cannot add the unit because there is already a unit in the cell
Dec 15, 2024 4:40:31 AM domain.Game addPlant
INFO: Intentando añadir una planta: potatomine en (7, 0)
Dec 15, 2024 4:40:31 AM domain.Game addPlant
SEVERE: Error al añadir planta: Cannot add the unit because there is already a unit in the cell
Dec 15, 2024 4:40:31 AM domain.Game addPlant
INFO: Intentando añadir una planta: potatomine en (7, 4)
Dec 15, 2024 4:40:31 AM domain.Game addPlant
INFO: Planta añadida exitosamente: potatomine en (7, 4)
Dec 15, 2024 4:40:32 AM domain.plants.ECIPlant generateSun
INFO: sol generado
Dec 15, 2024 4:40:32 AM domain.plants.Sunflower generateSun
INFO: sol generado
Dec 15, 2024 4:40:32 AM domain.plants.ECIPlant generateSun
INFO: sol generado
Dec 15, 2024 4:40:32 AM domain.plants.Sunflower generateSun
INFO: sol generado
Dec 15, 2024 4:40:32 AM domain.plants.ECIPlant generateSun
INFO: sol generado
Dec 15, 2024 4:40:32 AM domain.Game addZombie
INFO: Intentando añadir un zombie: buckethead en (9, 0)
Dec 15, 2024 4:40:32 AM domain.Game addZombie
INFO: Intentando añadir un zombie: brainstein en (9, 0)
Dec 15, 2024 4:40:32 AM domain.Game addZombie
INFO: Zombie añadido exitosamente: buckethead en (9, 0)
Dec 15, 2024 4:40:32 AM domain.Game addZombie
INFO: Zombie añadido exitosamente: brainstein en (9, 0)
Dec 15, 2024 4:40:32 AM domain.Game addPlant
INFO: Intentando añadir una planta: sunflower en (2, 0)
Dec 15, 2024 4:40:32 AM domain.Game addPlant
INFO: Planta añadida exitosamente: sunflower en (2, 0)
Dec 15, 2024 4:40:32 AM domain.plants.Sunflower generateSun
INFO: sol generado
Dec 15, 2024 4:40:32 AM domain.Game addPlant
INFO: Intentando añadir una planta: eciplant en (1, 0)
Dec 15, 2024 4:40:32 AM domain.Game addPlant
SEVERE: Error al añadir planta: Cannot add the unit because there is already a unit in the cell
Dec 15, 2024 4:40:32 AM domain.plants.Sunflower generateSun
INFO: sol generado
Dec 15, 2024 4:40:32 AM domain.plants.ECIPlant generateSun
INFO: sol generado
Dec 15, 2024 4:40:32 AM domain.plants.Sunflower generateSun
INFO: sol generado
Dec 15, 2024 4:40:32 AM domain.plants.ECIPlant generateSun
INFO: sol generado
Dec 15, 2024 4:40:32 AM domain.Game addZombie
INFO: Intentando añadir un zombie: basic en (9, 4)
Dec 15, 2024 4:40:32 AM domain.Game addZombie
INFO: Zombie añadido exitosamente: basic en (9, 4)
Dec 15, 2024 4:40:32 AM domain.Game addPlant
INFO: Intentando añadir una planta: sunflower en (1, 0)
Dec 15, 2024 4:40:32 AM domain.Game addPlant
SEVERE: Error al añadir planta: Cannot add the unit because there is already a unit in the cell
Dec 15, 2024 4:40:32 AM domain.Game addPlant
INFO: Intentando añadir una planta: potatomine en (6, 4)
Dec 15, 2024 4:40:32 AM domain.Game addPlant
SEVERE: Error al añadir planta: Cannot add the unit because there is already a unit in the cell
Dec 15, 2024 4:40:33 AM domain.LawnMower activate
INFO: LawnMower activado en la fila: 4
Dec 15, 2024 4:40:33 AM domain.plants.Sunflower generateSun
INFO: sol generado
Dec 15, 2024 4:40:33 AM domain.plants.Sunflower generateSun
INFO: sol generado
Dec 15, 2024 4:40:33 AM domain.plants.Sunflower generateSun
INFO: sol generado
Dec 15, 2024 4:40:33 AM domain.plants.Sunflower generateSun
INFO: sol generado
Dec 15, 2024 4:40:33 AM domain.plants.ECIPlant generateSun
INFO: sol generado
Dec 15, 2024 4:40:33 AM domain.plants.ECIPlant generateSun
INFO: sol generado
Dec 15, 2024 4:40:33 AM domain.plants.Sunflower generateSun
INFO: sol generado
Dec 15, 2024 4:40:33 AM domain.plants.ECIPlant generateSun
INFO: sol generado
Dec 15, 2024 4:40:33 AM domain.plants.ECIPlant generateSun
INFO: sol generado
Dec 15, 2024 4:40:33 AM domain.Game addZombie
INFO: Intentando añadir un zombie: buckethead en (9, 0)
Dec 15, 2024 4:40:33 AM domain.Game addZombie
INFO: Intentando añadir un zombie: ecizombie en (9, 3)
Dec 15, 2024 4:40:33 AM domain.Game addZombie
INFO: Zombie añadido exitosamente: buckethead en (9, 0)
Dec 15, 2024 4:40:33 AM domain.Game addZombie
INFO: Zombie añadido exitosamente: ecizombie en (9, 3)
Dec 15, 2024 4:40:33 AM domain.Game addPlant
INFO: Intentando añadir una planta: sunflower en (2, 0)
Dec 15, 2024 4:40:33 AM domain.Game addPlant
SEVERE: Error al añadir planta: Cannot add the unit because there is already a unit in the cell
Dec 15, 2024 4:40:33 AM domain.Game addPlant
INFO: Intentando añadir una planta: eciplant en (1, 0)
Dec 15, 2024 4:40:33 AM domain.Game addPlant
SEVERE: Error al añadir planta: Cannot add the unit because there is already a unit in the cell
Dec 15, 2024 4:40:33 AM domain.Game addZombie
INFO: Intentando añadir un zombie: buckethead en (9, 4)
Dec 15, 2024 4:40:33 AM domain.Game addZombie
INFO: Zombie añadido exitosamente: buckethead en (9, 4)
Dec 15, 2024 4:40:33 AM domain.Game addPlant
INFO: Intentando añadir una planta: sunflower en (1, 0)
Dec 15, 2024 4:40:33 AM domain.Game addPlant
SEVERE: Error al añadir planta: Cannot add the unit because there is already a unit in the cell
Dec 15, 2024 4:40:33 AM domain.Game addPlant
INFO: Intentando añadir una planta: wallnut en (3, 4)
Dec 15, 2024 4:40:33 AM domain.Game addPlant
SEVERE: Error al añadir planta: Cannot add the unit because there is already a unit in the cell
Dec 15, 2024 4:40:34 AM domain.plants.ECIPlant generateSun
INFO: sol generado
Dec 15, 2024 4:40:34 AM domain.plants.Sunflower generateSun
INFO: sol generado
Dec 15, 2024 4:40:34 AM domain.plants.Sunflower generateSun
INFO: sol generado
Dec 15, 2024 4:40:34 AM domain.plants.ECIPlant generateSun
INFO: sol generado
Dec 15, 2024 4:40:34 AM domain.Game addZombie
INFO: Intentando añadir un zombie: brainstein en (10, 0)
Dec 15, 2024 4:40:34 AM domain.Game addZombie
INFO: Zombie añadido exitosamente: brainstein en (10, 0)
Dec 15, 2024 4:40:34 AM domain.Game addZombie
INFO: Intentando añadir un zombie: brainstein en (10, 1)
Dec 15, 2024 4:40:34 AM domain.Game addZombie
INFO: Zombie añadido exitosamente: brainstein en (10, 1)
Dec 15, 2024 4:40:34 AM domain.Game addPlant
INFO: Intentando añadir una planta: sunflower en (2, 0)
Dec 15, 2024 4:40:34 AM domain.Game addPlant
SEVERE: Error al añadir planta: Cannot add the unit because there is already a unit in the cell
Dec 15, 2024 4:40:34 AM domain.Game addPlant
INFO: Intentando añadir una planta: wallnut en (5, 0)
Dec 15, 2024 4:40:34 AM domain.Game addPlant
SEVERE: Error al añadir planta: Cannot add the unit because there is already a unit in the cell
Dec 15, 2024 4:40:34 AM domain.Game addZombie
INFO: Intentando añadir un zombie: brainstein en (10, 0)
Dec 15, 2024 4:40:34 AM domain.Game addZombie
INFO: Zombie añadido exitosamente: brainstein en (10, 0)
Dec 15, 2024 4:40:34 AM domain.Game addPlant
INFO: Intentando añadir una planta: sunflower en (1, 0)
Dec 15, 2024 4:40:34 AM domain.Game addPlant
SEVERE: Error al añadir planta: Cannot add the unit because there is already a unit in the cell
Dec 15, 2024 4:40:34 AM domain.Game addPlant
INFO: Intentando añadir una planta: potatomine en (5, 2)
Dec 15, 2024 4:40:34 AM domain.Game addPlant
SEVERE: Error al añadir planta: Cannot add the unit because there is already a unit in the cell
Dec 15, 2024 4:40:34 AM domain.Game addPlant
INFO: Intentando añadir una planta: potatomine en (5, 4)
Dec 15, 2024 4:40:34 AM domain.Game addPlant
SEVERE: Error al añadir planta: Cannot add the unit because there is already a unit in the cell
Dec 15, 2024 4:40:35 AM domain.plants.ECIPlant generateSun
INFO: sol generado
Dec 15, 2024 4:40:35 AM domain.plants.Sunflower generateSun
INFO: sol generado
Dec 15, 2024 4:40:35 AM domain.plants.ECIPlant generateSun
INFO: sol generado
Dec 15, 2024 4:40:35 AM domain.plants.Sunflower generateSun
INFO: sol generado
Dec 15, 2024 4:40:35 AM domain.plants.ECIPlant generateSun
INFO: sol generado
Dec 15, 2024 4:40:35 AM domain.Game addZombie
INFO: Intentando añadir un zombie: buckethead en (9, 0)
Dec 15, 2024 4:40:35 AM domain.Game addPlant
INFO: Intentando añadir una planta: sunflower en (2, 0)
Dec 15, 2024 4:40:35 AM domain.Game addPlant
SEVERE: Error al añadir planta: Cannot add the unit because there is already a unit in the cell
Dec 15, 2024 4:40:35 AM domain.Game addPlant
INFO: Intentando añadir una planta: eciplant en (1, 0)
Dec 15, 2024 4:40:35 AM domain.Game addZombie
INFO: Zombie añadido exitosamente: buckethead en (9, 0)
Dec 15, 2024 4:40:35 AM domain.Game addZombie
INFO: Intentando añadir un zombie: ecizombie en (10, 0)
Dec 15, 2024 4:40:35 AM domain.plants.ECIPlant generateSun
INFO: sol generado
Dec 15, 2024 4:40:35 AM domain.Game addPlant
INFO: Planta añadida exitosamente: eciplant en (1, 0)
Dec 15, 2024 4:40:35 AM domain.Game addZombie
INFO: Zombie añadido exitosamente: ecizombie en (10, 0)
Dec 15, 2024 4:40:35 AM domain.plants.Sunflower generateSun
INFO: sol generado
Dec 15, 2024 4:40:35 AM domain.plants.ECIPlant generateSun
INFO: sol generado
Dec 15, 2024 4:40:35 AM domain.plants.Sunflower generateSun
INFO: sol generado
Dec 15, 2024 4:40:35 AM domain.plants.ECIPlant generateSun
INFO: sol generado
Dec 15, 2024 4:40:35 AM domain.Game addZombie
INFO: Intentando añadir un zombie: basic en (9, 4)
Dec 15, 2024 4:40:35 AM domain.Game addZombie
INFO: Zombie añadido exitosamente: basic en (9, 4)
Dec 15, 2024 4:40:35 AM domain.Game addPlant
INFO: Intentando añadir una planta: eciplant en (1, 0)
Dec 15, 2024 4:40:35 AM domain.Game addPlant
SEVERE: Error al añadir planta: Cannot add the unit because there is already a unit in the cell
Dec 15, 2024 4:40:35 AM domain.Game addPlant
INFO: Intentando añadir una planta: wallnut en (3, 4)
Dec 15, 2024 4:40:35 AM domain.Game addPlant
INFO: Planta añadida exitosamente: wallnut en (3, 4)
Dec 15, 2024 4:40:36 AM domain.plants.Sunflower generateSun
INFO: sol generado
Dec 15, 2024 4:40:36 AM domain.plants.Sunflower generateSun
INFO: sol generado
Dec 15, 2024 4:40:36 AM domain.plants.Sunflower generateSun
INFO: sol generado
Dec 15, 2024 4:40:36 AM domain.plants.Sunflower generateSun
INFO: sol generado
Dec 15, 2024 4:40:36 AM domain.plants.ECIPlant generateSun
INFO: sol generado
Dec 15, 2024 4:40:36 AM domain.plants.ECIPlant generateSun
INFO: sol generado
Dec 15, 2024 4:40:36 AM domain.plants.Sunflower generateSun
INFO: sol generado
Dec 15, 2024 4:40:36 AM domain.plants.ECIPlant generateSun
INFO: sol generado
Dec 15, 2024 4:40:36 AM domain.Game addZombie
INFO: Intentando añadir un zombie: conehead en (9, 0)
Dec 15, 2024 4:40:36 AM domain.Game addZombie
INFO: Zombie añadido exitosamente: conehead en (9, 0)
Dec 15, 2024 4:40:36 AM domain.Game addPlant
INFO: Intentando añadir una planta: sunflower en (2, 0)
Dec 15, 2024 4:40:36 AM domain.Game addPlant
SEVERE: Error al añadir planta: Cannot add the unit because there is already a unit in the cell
Dec 15, 2024 4:40:36 AM domain.Game addPlant
INFO: Intentando añadir una planta: potatomine en (6, 0)
Dec 15, 2024 4:40:36 AM domain.Game addPlant
SEVERE: Error al añadir planta: Cannot add the unit because there is already a unit in the cell
Dec 15, 2024 4:40:36 AM domain.Game addZombie
INFO: Intentando añadir un zombie: buckethead en (9, 0)
Dec 15, 2024 4:40:36 AM domain.Game addZombie
INFO: Zombie añadido exitosamente: buckethead en (9, 0)
Dec 15, 2024 4:40:36 AM domain.Game addZombie
INFO: Intentando añadir un zombie: buckethead en (9, 4)
Dec 15, 2024 4:40:36 AM domain.Game addZombie
INFO: Zombie añadido exitosamente: buckethead en (9, 4)
Dec 15, 2024 4:40:36 AM domain.Game addPlant
INFO: Intentando añadir una planta: sunflower en (1, 0)
Dec 15, 2024 4:40:36 AM domain.Game addPlant
SEVERE: Error al añadir planta: Cannot add the unit because there is already a unit in the cell
Dec 15, 2024 4:40:36 AM domain.Game addPlant
INFO: Intentando añadir una planta: wallnut en (5, 2)
Dec 15, 2024 4:40:36 AM domain.Game addPlant
SEVERE: Error al añadir planta: Cannot add the unit because there is already a unit in the cell
Dec 15, 2024 4:40:36 AM domain.Game addPlant
INFO: Intentando añadir una planta: wallnut en (5, 4)
Dec 15, 2024 4:40:36 AM domain.Game addPlant
INFO: Planta añadida exitosamente: wallnut en (5, 4)
Dec 15, 2024 4:40:37 AM domain.plants.ECIPlant generateSun
INFO: sol generado
Dec 15, 2024 4:40:37 AM domain.plants.Sunflower generateSun
INFO: sol generado
Dec 15, 2024 4:40:37 AM domain.plants.Sunflower generateSun
INFO: sol generado
Dec 15, 2024 4:40:37 AM domain.plants.ECIPlant generateSun
INFO: sol generado
Dec 15, 2024 4:40:37 AM domain.Game addZombie
INFO: Intentando añadir un zombie: basic en (9, 0)
Dec 15, 2024 4:40:37 AM domain.Game addZombie
INFO: Zombie añadido exitosamente: basic en (9, 0)
Dec 15, 2024 4:40:37 AM domain.Game addPlant
INFO: Intentando añadir una planta: sunflower en (2, 0)
Dec 15, 2024 4:40:37 AM domain.Game addPlant
SEVERE: Error al añadir planta: Cannot add the unit because there is already a unit in the cell
Dec 15, 2024 4:40:37 AM domain.Game addPlant
INFO: Intentando añadir una planta: peashooter en (3, 0)
Dec 15, 2024 4:40:37 AM domain.Game addPlant
SEVERE: Error al añadir planta: Cannot add the unit because there is already a unit in the cell
Dec 15, 2024 4:40:37 AM domain.Game addZombie
INFO: Intentando añadir un zombie: ecizombie en (10, 0)
Dec 15, 2024 4:40:37 AM domain.Game addZombie
INFO: Zombie añadido exitosamente: ecizombie en (10, 0)
Dec 15, 2024 4:40:37 AM domain.Game addZombie
INFO: Intentando añadir un zombie: basic en (9, 4)
Dec 15, 2024 4:40:37 AM domain.Game addZombie
INFO: Zombie añadido exitosamente: basic en (9, 4)
Dec 15, 2024 4:40:37 AM domain.Game addPlant
INFO: Intentando añadir una planta: eciplant en (1, 0)
Dec 15, 2024 4:40:37 AM domain.Game addPlant
SEVERE: Error al añadir planta: Cannot add the unit because there is already a unit in the cell
Dec 15, 2024 4:40:37 AM domain.Game addPlant
INFO: Intentando añadir una planta: wallnut en (4, 4)
Dec 15, 2024 4:40:37 AM domain.Game addPlant
INFO: Planta añadida exitosamente: wallnut en (4, 4)
Dec 15, 2024 4:40:38 AM domain.plants.ECIPlant generateSun
INFO: sol generado
Dec 15, 2024 4:40:38 AM domain.plants.Sunflower generateSun
INFO: sol generado
Dec 15, 2024 4:40:38 AM domain.plants.ECIPlant generateSun
INFO: sol generado
Dec 15, 2024 4:40:38 AM domain.plants.Sunflower generateSun
INFO: sol generado
Dec 15, 2024 4:40:38 AM domain.plants.ECIPlant generateSun
INFO: sol generado
Dec 15, 2024 4:40:38 AM domain.Game addZombie
INFO: Intentando añadir un zombie: brainstein en (10, 0)
Dec 15, 2024 4:40:38 AM domain.Game addZombie
INFO: Zombie añadido exitosamente: brainstein en (10, 0)
Dec 15, 2024 4:40:38 AM domain.Game addPlant
INFO: Intentando añadir una planta: sunflower en (2, 0)
Dec 15, 2024 4:40:38 AM domain.Game addPlant
INFO: Planta añadida exitosamente: sunflower en (2, 0)
Dec 15, 2024 4:40:38 AM domain.Game addPlant
INFO: Intentando añadir una planta: peashooter en (3, 0)
Dec 15, 2024 4:40:38 AM domain.Game addPlant
SEVERE: Error al añadir planta: Cannot add the unit because there is already a unit in the cell
Dec 15, 2024 4:40:38 AM domain.plants.Sunflower generateSun
INFO: sol generado
Dec 15, 2024 4:40:38 AM domain.Game addZombie
INFO: Intentando añadir un zombie: ecizombie en (10, 3)
Dec 15, 2024 4:40:38 AM domain.Game addZombie
INFO: Zombie añadido exitosamente: ecizombie en (10, 3)
Dec 15, 2024 4:40:38 AM domain.plants.ECIPlant generateSun
INFO: sol generado
Dec 15, 2024 4:40:38 AM domain.plants.Sunflower generateSun
INFO: sol generado
Dec 15, 2024 4:40:38 AM domain.plants.Sunflower generateSun
INFO: sol generado
Dec 15, 2024 4:40:38 AM domain.plants.ECIPlant generateSun
INFO: sol generado
Dec 15, 2024 4:40:38 AM domain.Game addZombie
INFO: Intentando añadir un zombie: brainstein en (10, 0)
Dec 15, 2024 4:40:38 AM domain.Game addZombie
INFO: Zombie añadido exitosamente: brainstein en (10, 0)
Dec 15, 2024 4:40:38 AM domain.Game addPlant
INFO: Intentando añadir una planta: sunflower en (1, 0)
Dec 15, 2024 4:40:38 AM domain.Game addPlant
SEVERE: Error al añadir planta: Cannot add the unit because there is already a unit in the cell
Dec 15, 2024 4:40:38 AM domain.Game addPlant
INFO: Intentando añadir una planta: wallnut en (3, 4)
Dec 15, 2024 4:40:38 AM domain.Game addPlant
INFO: Planta añadida exitosamente: wallnut en (3, 4)
Dec 15, 2024 4:40:39 AM domain.plants.Sunflower generateSun
INFO: sol generado
Dec 15, 2024 4:40:39 AM domain.plants.Sunflower generateSun
INFO: sol generado
Dec 15, 2024 4:40:39 AM domain.plants.Sunflower generateSun
INFO: sol generado
Dec 15, 2024 4:40:39 AM domain.plants.ECIPlant generateSun
INFO: sol generado
Dec 15, 2024 4:40:39 AM domain.plants.ECIPlant generateSun
INFO: sol generado
Dec 15, 2024 4:40:39 AM domain.plants.Sunflower generateSun
INFO: sol generado
Dec 15, 2024 4:40:39 AM domain.plants.Sunflower generateSun
INFO: sol generado
Dec 15, 2024 4:40:39 AM domain.plants.ECIPlant generateSun
INFO: sol generado
Dec 15, 2024 4:40:39 AM domain.Game addZombie
INFO: Intentando añadir un zombie: basic en (9, 0)
Dec 15, 2024 4:40:39 AM domain.Game addZombie
INFO: Zombie añadido exitosamente: basic en (9, 0)
Dec 15, 2024 4:40:39 AM domain.Game addPlant
INFO: Intentando añadir una planta: sunflower en (2, 0)
Dec 15, 2024 4:40:39 AM domain.Game addPlant
SEVERE: Error al añadir planta: Cannot add the unit because there is already a unit in the cell
Dec 15, 2024 4:40:39 AM domain.Game addPlant
INFO: Intentando añadir una planta: eciplant en (1, 0)
Dec 15, 2024 4:40:39 AM domain.Game addPlant
SEVERE: Error al añadir planta: Cannot add the unit because there is already a unit in the cell
Dec 15, 2024 4:40:39 AM domain.Game addZombie
INFO: Intentando añadir un zombie: brainstein en (10, 0)
Dec 15, 2024 4:40:39 AM domain.Game addZombie
INFO: Zombie añadido exitosamente: brainstein en (10, 0)
Dec 15, 2024 4:40:39 AM domain.Game addZombie
INFO: Intentando añadir un zombie: buckethead en (9, 4)
Dec 15, 2024 4:40:39 AM domain.Game addZombie
INFO: Zombie añadido exitosamente: buckethead en (9, 4)
Dec 15, 2024 4:40:39 AM domain.Game addPlant
INFO: Intentando añadir una planta: eciplant en (1, 0)
Dec 15, 2024 4:40:39 AM domain.Game addPlant
SEVERE: Error al añadir planta: Cannot add the unit because there is already a unit in the cell
Dec 15, 2024 4:40:39 AM domain.Game addPlant
INFO: Intentando añadir una planta: potatomine en (7, 0)
Dec 15, 2024 4:40:39 AM domain.Game addPlant
SEVERE: Error al añadir planta: Cannot add the unit because there is already a unit in the cell
Dec 15, 2024 4:40:39 AM domain.Game addPlant
INFO: Intentando añadir una planta: potatomine en (7, 4)
Dec 15, 2024 4:40:39 AM domain.Game addPlant
INFO: Planta añadida exitosamente: potatomine en (7, 4)
Dec 15, 2024 4:40:40 AM domain.plants.ECIPlant generateSun
INFO: sol generado
Dec 15, 2024 4:40:40 AM domain.plants.Sunflower generateSun
INFO: sol generado
Dec 15, 2024 4:40:40 AM domain.plants.Sunflower generateSun
INFO: sol generado
Dec 15, 2024 4:40:40 AM domain.plants.ECIPlant generateSun
INFO: sol generado
Dec 15, 2024 4:40:40 AM domain.Game addZombie
INFO: Intentando añadir un zombie: conehead en (9, 0)
Dec 15, 2024 4:40:40 AM domain.Game addZombie
INFO: Zombie añadido exitosamente: conehead en (9, 0)
Dec 15, 2024 4:40:40 AM domain.Game addPlant
INFO: Intentando añadir una planta: sunflower en (2, 0)
Dec 15, 2024 4:40:40 AM domain.Game addPlant
SEVERE: Error al añadir planta: Cannot add the unit because there is already a unit in the cell
Dec 15, 2024 4:40:40 AM domain.Game addPlant
INFO: Intentando añadir una planta: potatomine en (7, 0)
Dec 15, 2024 4:40:40 AM domain.Game addPlant
SEVERE: Error al añadir planta: Cannot add the unit because there is already a unit in the cell
Dec 15, 2024 4:40:40 AM domain.Game addZombie
INFO: Intentando añadir un zombie: brainstein en (9, 1)
Dec 15, 2024 4:40:40 AM domain.Game addZombie
INFO: Zombie añadido exitosamente: brainstein en (9, 1)
Dec 15, 2024 4:40:40 AM domain.Game addZombie
INFO: Intentando añadir un zombie: buckethead en (9, 4)
Dec 15, 2024 4:40:40 AM domain.Game addZombie
INFO: Zombie añadido exitosamente: buckethead en (9, 4)
Dec 15, 2024 4:40:40 AM domain.Game addPlant
INFO: Intentando añadir una planta: sunflower en (1, 0)
Dec 15, 2024 4:40:40 AM domain.Game addPlant
SEVERE: Error al añadir planta: Cannot add the unit because there is already a unit in the cell
Dec 15, 2024 4:40:40 AM domain.Game addPlant
INFO: Intentando añadir una planta: wallnut en (2, 4)
Dec 15, 2024 4:40:40 AM domain.Game addPlant
INFO: Planta añadida exitosamente: wallnut en (2, 4)
Dec 15, 2024 4:40:41 AM domain.plants.ECIPlant generateSun
INFO: sol generado
Dec 15, 2024 4:40:41 AM domain.plants.Sunflower generateSun
INFO: sol generado
Dec 15, 2024 4:40:41 AM domain.plants.ECIPlant generateSun
INFO: sol generado
Dec 15, 2024 4:40:41 AM domain.plants.Sunflower generateSun
INFO: sol generado
Dec 15, 2024 4:40:41 AM domain.plants.ECIPlant generateSun
INFO: sol generado
Dec 15, 2024 4:40:41 AM domain.Game addZombie
INFO: Intentando añadir un zombie: buckethead en (9, 0)
Dec 15, 2024 4:40:41 AM domain.plants.Sunflower generateSun
INFO: sol generado
Dec 15, 2024 4:40:41 AM domain.Game addZombie
INFO: Zombie añadido exitosamente: buckethead en (9, 0)
Dec 15, 2024 4:40:41 AM domain.Game addPlant
INFO: Intentando añadir una planta: sunflower en (2, 0)
Dec 15, 2024 4:40:41 AM domain.Game addPlant
SEVERE: Error al añadir planta: Cannot add the unit because there is already a unit in the cell
Dec 15, 2024 4:40:41 AM domain.Game addPlant
INFO: Intentando añadir una planta: eciplant en (1, 0)
Dec 15, 2024 4:40:41 AM domain.plants.ECIPlant generateSun
INFO: sol generado
Dec 15, 2024 4:40:41 AM domain.Game addPlant
INFO: Planta añadida exitosamente: eciplant en (1, 0)
Dec 15, 2024 4:40:41 AM domain.Game addZombie
INFO: Intentando añadir un zombie: basic en (9, 4)
Dec 15, 2024 4:40:41 AM domain.Game addZombie
INFO: Zombie añadido exitosamente: basic en (9, 4)
Dec 15, 2024 4:40:41 AM domain.plants.ECIPlant generateSun
INFO: sol generado
Dec 15, 2024 4:40:41 AM domain.plants.Sunflower generateSun
INFO: sol generado
Dec 15, 2024 4:40:41 AM domain.plants.Sunflower generateSun
INFO: sol generado
Dec 15, 2024 4:40:41 AM domain.plants.ECIPlant generateSun
INFO: sol generado
Dec 15, 2024 4:40:41 AM domain.Game addZombie
INFO: Intentando añadir un zombie: buckethead en (9, 4)
Dec 15, 2024 4:40:41 AM domain.Game addZombie
INFO: Zombie añadido exitosamente: buckethead en (9, 4)
Dec 15, 2024 4:40:41 AM domain.Game addPlant
INFO: Intentando añadir una planta: eciplant en (1, 0)
Dec 15, 2024 4:40:41 AM domain.Game addPlant
SEVERE: Error al añadir planta: Cannot add the unit because there is already a unit in the cell
Dec 15, 2024 4:40:41 AM domain.Game addPlant
INFO: Intentando añadir una planta: potatomine en (5, 2)
Dec 15, 2024 4:40:41 AM domain.Game addPlant
SEVERE: Error al añadir planta: Cannot add the unit because there is already a unit in the cell
Dec 15, 2024 4:40:42 AM domain.plants.Sunflower generateSun
INFO: sol generado
Dec 15, 2024 4:40:42 AM domain.plants.Sunflower generateSun
INFO: sol generado
Dec 15, 2024 4:40:42 AM domain.plants.Sunflower generateSun
INFO: sol generado
Dec 15, 2024 4:40:42 AM domain.plants.Sunflower generateSun
INFO: sol generado
Dec 15, 2024 4:40:42 AM domain.plants.ECIPlant generateSun
INFO: sol generado
Dec 15, 2024 4:40:42 AM domain.plants.ECIPlant generateSun
INFO: sol generado
Dec 15, 2024 4:40:42 AM domain.plants.Sunflower generateSun
INFO: sol generado
Dec 15, 2024 4:40:42 AM domain.plants.ECIPlant generateSun
INFO: sol generado
Dec 15, 2024 4:40:42 AM domain.Game addZombie
INFO: Intentando añadir un zombie: brainstein en (10, 0)
Dec 15, 2024 4:40:42 AM domain.Game addZombie
INFO: Zombie añadido exitosamente: brainstein en (10, 0)
Dec 15, 2024 4:40:42 AM domain.Game addPlant
INFO: Intentando añadir una planta: sunflower en (2, 0)
Dec 15, 2024 4:40:42 AM domain.Game addPlant
INFO: Planta añadida exitosamente: sunflower en (2, 0)
Dec 15, 2024 4:40:42 AM domain.Game addPlant
INFO: Intentando añadir una planta: wallnut en (4, 0)
Dec 15, 2024 4:40:42 AM domain.Game addPlant
SEVERE: Error al añadir planta: Cannot add the unit because there is already a unit in the cell
Dec 15, 2024 4:40:42 AM domain.Game addZombie
INFO: Intentando añadir un zombie: brainstein en (10, 1)
Dec 15, 2024 4:40:42 AM domain.plants.Sunflower generateSun
INFO: sol generado
Dec 15, 2024 4:40:42 AM domain.Game addZombie
INFO: Zombie añadido exitosamente: brainstein en (10, 1)
Dec 15, 2024 4:40:42 AM domain.Game addZombie
INFO: Intentando añadir un zombie: brainstein en (10, 0)
Dec 15, 2024 4:40:42 AM domain.Game addZombie
INFO: Zombie añadido exitosamente: brainstein en (10, 0)
Dec 15, 2024 4:40:42 AM domain.Game addPlant
INFO: Intentando añadir una planta: sunflower en (1, 0)
Dec 15, 2024 4:40:42 AM domain.Game addPlant
SEVERE: Error al añadir planta: Cannot add the unit because there is already a unit in the cell
Dec 15, 2024 4:40:43 AM domain.plants.ECIPlant generateSun
INFO: sol generado
Dec 15, 2024 4:40:43 AM domain.plants.Sunflower generateSun
INFO: sol generado
Dec 15, 2024 4:40:43 AM domain.plants.Sunflower generateSun
INFO: sol generado
Dec 15, 2024 4:40:43 AM domain.plants.ECIPlant generateSun
INFO: sol generado
Dec 15, 2024 4:40:43 AM domain.Game addZombie
INFO: Intentando añadir un zombie: buckethead en (9, 0)
Dec 15, 2024 4:40:43 AM domain.Game addZombie
INFO: Zombie añadido exitosamente: buckethead en (9, 0)
Dec 15, 2024 4:40:43 AM domain.Game addPlant
INFO: Intentando añadir una planta: sunflower en (2, 0)
Dec 15, 2024 4:40:43 AM domain.Game addPlant
INFO: Planta añadida exitosamente: sunflower en (2, 0)
Dec 15, 2024 4:40:43 AM domain.plants.Sunflower generateSun
INFO: sol generado
Dec 15, 2024 4:40:43 AM domain.Game addZombie
INFO: Intentando añadir un zombie: buckethead en (9, 1)
Dec 15, 2024 4:40:43 AM domain.Game addPlant
INFO: Intentando añadir una planta: potatomine en (6, 0)
Dec 15, 2024 4:40:43 AM domain.Game addPlant
SEVERE: Error al añadir planta: Cannot add the unit because there is already a unit in the cell
Dec 15, 2024 4:40:43 AM domain.Game addZombie
INFO: Zombie añadido exitosamente: buckethead en (9, 1)
Dec 15, 2024 4:40:43 AM domain.Game addZombie
INFO: Intentando añadir un zombie: buckethead en (9, 4)
Dec 15, 2024 4:40:43 AM domain.Game addZombie
INFO: Zombie añadido exitosamente: buckethead en (9, 4)
Dec 15, 2024 4:40:43 AM domain.Game addPlant
INFO: Intentando añadir una planta: sunflower en (1, 0)
Dec 15, 2024 4:40:43 AM domain.Game addPlant
SEVERE: Error al añadir planta: Cannot add the unit because there is already a unit in the cell
Dec 15, 2024 4:40:43 AM domain.Game addPlant
INFO: Intentando añadir una planta: potatomine en (6, 4)
Dec 15, 2024 4:40:43 AM domain.Game addPlant
INFO: Planta añadida exitosamente: potatomine en (6, 4)
Dec 15, 2024 4:40:44 AM domain.plants.ECIPlant generateSun
INFO: sol generado
Dec 15, 2024 4:40:44 AM domain.plants.Sunflower generateSun
INFO: sol generado
Dec 15, 2024 4:40:44 AM domain.plants.ECIPlant generateSun
INFO: sol generado
Dec 15, 2024 4:40:44 AM domain.plants.Sunflower generateSun
INFO: sol generado
Dec 15, 2024 4:40:44 AM domain.plants.ECIPlant generateSun
INFO: sol generado
Dec 15, 2024 4:40:44 AM domain.plants.Sunflower generateSun
INFO: sol generado
Dec 15, 2024 4:40:44 AM domain.Game addZombie
INFO: Intentando añadir un zombie: conehead en (9, 0)
Dec 15, 2024 4:40:44 AM domain.plants.ECIPlant generateSun
INFO: sol generado
Dec 15, 2024 4:40:44 AM domain.Game addZombie
INFO: Zombie añadido exitosamente: conehead en (9, 0)
Dec 15, 2024 4:40:44 AM domain.Game addPlant
INFO: Intentando añadir una planta: sunflower en (2, 0)
Dec 15, 2024 4:40:44 AM domain.Game addZombie
INFO: Intentando añadir un zombie: brainstein en (10, 4)
Dec 15, 2024 4:40:44 AM domain.Game addPlant
INFO: Planta añadida exitosamente: sunflower en (2, 0)
Dec 15, 2024 4:40:44 AM domain.plants.Sunflower generateSun
INFO: sol generado
Dec 15, 2024 4:40:44 AM domain.Game addPlant
INFO: Intentando añadir una planta: potatomine en (6, 0)
Dec 15, 2024 4:40:44 AM domain.Game addZombie
INFO: Zombie añadido exitosamente: brainstein en (10, 4)
Dec 15, 2024 4:40:44 AM domain.Game addPlant
SEVERE: Error al añadir planta: Cannot add the unit because there is already a unit in the cell
Dec 15, 2024 4:40:44 AM domain.plants.ECIPlant generateSun
INFO: sol generado
Dec 15, 2024 4:40:44 AM domain.plants.Sunflower generateSun
INFO: sol generado
Dec 15, 2024 4:40:44 AM domain.plants.Sunflower generateSun
INFO: sol generado
Dec 15, 2024 4:40:44 AM domain.plants.ECIPlant generateSun
INFO: sol generado
Dec 15, 2024 4:40:44 AM domain.Game addZombie
INFO: Intentando añadir un zombie: basic en (9, 4)
Dec 15, 2024 4:40:44 AM domain.Game addZombie
INFO: Zombie añadido exitosamente: basic en (9, 4)
Dec 15, 2024 4:40:44 AM domain.Game addPlant
INFO: Intentando añadir una planta: eciplant en (1, 0)
Dec 15, 2024 4:40:44 AM domain.Game addPlant
SEVERE: Error al añadir planta: Cannot add the unit because there is already a unit in the cell
Dec 15, 2024 4:40:44 AM domain.Game addPlant
INFO: Intentando añadir una planta: wallnut en (5, 2)
Dec 15, 2024 4:40:44 AM domain.Game addPlant
SEVERE: Error al añadir planta: Cannot add the unit because there is already a unit in the cell
Dec 15, 2024 4:40:45 AM domain.plants.Sunflower generateSun
INFO: sol generado
Dec 15, 2024 4:40:45 AM domain.plants.Sunflower generateSun
INFO: sol generado
Dec 15, 2024 4:40:45 AM domain.plants.Sunflower generateSun
INFO: sol generado
Dec 15, 2024 4:40:45 AM domain.plants.ECIPlant generateSun
INFO: sol generado
Dec 15, 2024 4:40:45 AM domain.plants.Sunflower generateSun
INFO: sol generado
Dec 15, 2024 4:40:45 AM domain.plants.ECIPlant generateSun
INFO: sol generado
Dec 15, 2024 4:40:45 AM domain.plants.Sunflower generateSun
INFO: sol generado
Dec 15, 2024 4:40:45 AM domain.plants.ECIPlant generateSun
INFO: sol generado
Dec 15, 2024 4:40:45 AM domain.Game addZombie
INFO: Intentando añadir un zombie: conehead en (9, 0)
Dec 15, 2024 4:40:45 AM domain.Game addZombie
INFO: Zombie añadido exitosamente: conehead en (9, 0)
Dec 15, 2024 4:40:45 AM domain.plants.Sunflower generateSun
INFO: sol generado
Dec 15, 2024 4:40:45 AM domain.Game addZombie
INFO: Intentando añadir un zombie: conehead en (9, 4)
Dec 15, 2024 4:40:45 AM domain.Game addPlant
INFO: Intentando añadir una planta: eciplant en (1, 0)
Dec 15, 2024 4:40:45 AM domain.Game addZombie
INFO: Zombie añadido exitosamente: conehead en (9, 4)
Dec 15, 2024 4:40:45 AM domain.plants.ECIPlant generateSun
INFO: sol generado
Dec 15, 2024 4:40:45 AM domain.Game addPlant
INFO: Planta añadida exitosamente: eciplant en (1, 0)
Dec 15, 2024 4:40:45 AM domain.Game addZombie
INFO: Intentando añadir un zombie: basic en (9, 4)
Dec 15, 2024 4:40:45 AM domain.Game addZombie
INFO: Zombie añadido exitosamente: basic en (9, 4)
Dec 15, 2024 4:40:45 AM domain.Game addPlant
INFO: Intentando añadir una planta: eciplant en (1, 0)
Dec 15, 2024 4:40:45 AM domain.Game addPlant
SEVERE: Error al añadir planta: Cannot add the unit because there is already a unit in the cell
Dec 15, 2024 4:40:45 AM domain.Game addPlant
INFO: Intentando añadir una planta: potatomine en (8, 0)
Dec 15, 2024 4:40:45 AM domain.Game addPlant
INFO: Planta añadida exitosamente: potatomine en (8, 0)
Dec 15, 2024 4:40:45 AM domain.Game addPlant
INFO: Intentando añadir una planta: potatomine en (8, 4)
Dec 15, 2024 4:40:45 AM domain.Game addPlant
INFO: Planta añadida exitosamente: potatomine en (8, 4)
Dec 15, 2024 4:40:46 AM domain.plants.ECIPlant generateSun
INFO: sol generado
Dec 15, 2024 4:40:46 AM domain.plants.Sunflower generateSun
INFO: sol generado
Dec 15, 2024 4:40:46 AM domain.plants.Sunflower generateSun
INFO: sol generado
Dec 15, 2024 4:40:46 AM domain.plants.ECIPlant generateSun
INFO: sol generado
Dec 15, 2024 4:40:46 AM domain.Game addZombie
INFO: Intentando añadir un zombie: brainstein en (10, 0)
Dec 15, 2024 4:40:46 AM domain.Game addZombie
INFO: Zombie añadido exitosamente: brainstein en (10, 0)
Dec 15, 2024 4:40:46 AM domain.plants.Sunflower generateSun
INFO: sol generado
Dec 15, 2024 4:40:46 AM domain.Game addZombie
INFO: Intentando añadir un zombie: basic en (9, 1)
Dec 15, 2024 4:40:46 AM domain.Game addPlant
INFO: Intentando añadir una planta: sunflower en (2, 0)
Dec 15, 2024 4:40:46 AM domain.Game addZombie
INFO: Zombie añadido exitosamente: basic en (9, 1)
Dec 15, 2024 4:40:46 AM domain.Game addPlant
INFO: Planta añadida exitosamente: sunflower en (2, 0)
Dec 15, 2024 4:40:46 AM domain.plants.Sunflower generateSun
INFO: sol generado
Dec 15, 2024 4:40:46 AM domain.Game addPlant
INFO: Intentando añadir una planta: peashooter en (3, 0)
Dec 15, 2024 4:40:46 AM domain.Game addPlant
SEVERE: Error al añadir planta: Cannot add the unit because there is already a unit in the cell
Dec 15, 2024 4:40:46 AM domain.Game addZombie
INFO: Intentando añadir un zombie: brainstein en (10, 0)
Dec 15, 2024 4:40:46 AM domain.Game addZombie
INFO: Zombie añadido exitosamente: brainstein en (10, 0)
Dec 15, 2024 4:40:46 AM domain.Game addPlant
INFO: Intentando añadir una planta: eciplant en (1, 0)
Dec 15, 2024 4:40:46 AM domain.Game addPlant
SEVERE: Error al añadir planta: Cannot add the unit because there is already a unit in the cell
Dec 15, 2024 4:40:47 AM domain.plants.ECIPlant generateSun
INFO: sol generado
Dec 15, 2024 4:40:47 AM domain.plants.Sunflower generateSun
INFO: sol generado
Dec 15, 2024 4:40:47 AM domain.plants.ECIPlant generateSun
INFO: sol generado
Dec 15, 2024 4:40:47 AM domain.plants.Sunflower generateSun
INFO: sol generado
Dec 15, 2024 4:40:47 AM domain.plants.ECIPlant generateSun
INFO: sol generado
Dec 15, 2024 4:40:47 AM domain.plants.Sunflower generateSun
INFO: sol generado
Dec 15, 2024 4:40:47 AM domain.plants.ECIPlant generateSun
INFO: sol generado
Dec 15, 2024 4:40:47 AM domain.Game addZombie
INFO: Intentando añadir un zombie: buckethead en (9, 0)
Dec 15, 2024 4:40:47 AM domain.Game addZombie
INFO: Zombie añadido exitosamente: buckethead en (9, 0)
Dec 15, 2024 4:40:47 AM domain.Game addZombie
INFO: Intentando añadir un zombie: ecizombie en (9, 0)
Dec 15, 2024 4:40:47 AM domain.Game addZombie
INFO: Zombie añadido exitosamente: ecizombie en (9, 0)
Dec 15, 2024 4:40:47 AM domain.Game addPlant
INFO: Intentando añadir una planta: peashooter en (3, 0)
Dec 15, 2024 4:40:47 AM domain.Game addPlant
SEVERE: Error al añadir planta: Cannot add the unit because there is already a unit in the cell
Dec 15, 2024 4:40:47 AM domain.plants.Sunflower generateSun
INFO: sol generado
Dec 15, 2024 4:40:47 AM domain.plants.ECIPlant generateSun
INFO: sol generado
Dec 15, 2024 4:40:47 AM domain.plants.Sunflower generateSun
INFO: sol generado
Dec 15, 2024 4:40:47 AM domain.plants.ECIPlant generateSun
INFO: sol generado
Dec 15, 2024 4:40:47 AM domain.Game addZombie
INFO: Intentando añadir un zombie: basic en (9, 4)
Dec 15, 2024 4:40:47 AM domain.Game addZombie
INFO: Zombie añadido exitosamente: basic en (9, 4)
Dec 15, 2024 4:40:47 AM domain.Game addPlant
INFO: Intentando añadir una planta: sunflower en (1, 0)
Dec 15, 2024 4:40:47 AM domain.Game addPlant
SEVERE: Error al añadir planta: Cannot add the unit because there is already a unit in the cell
Dec 15, 2024 4:40:47 AM domain.Game addPlant
INFO: Intentando añadir una planta: potatomine en (5, 2)
Dec 15, 2024 4:40:47 AM domain.Game addPlant
SEVERE: Error al añadir planta: Cannot add the unit because there is already a unit in the cell
Dec 15, 2024 4:40:48 AM domain.plants.Sunflower generateSun
INFO: sol generado
Dec 15, 2024 4:40:48 AM domain.plants.Sunflower generateSun
INFO: sol generado
Dec 15, 2024 4:40:48 AM domain.plants.Sunflower generateSun
INFO: sol generado
Dec 15, 2024 4:40:48 AM domain.plants.ECIPlant generateSun
INFO: sol generado
Dec 15, 2024 4:40:48 AM domain.plants.Sunflower generateSun
INFO: sol generado
Dec 15, 2024 4:40:48 AM domain.plants.ECIPlant generateSun
INFO: sol generado
Dec 15, 2024 4:40:48 AM domain.plants.Sunflower generateSun
INFO: sol generado
Dec 15, 2024 4:40:48 AM domain.plants.ECIPlant generateSun
INFO: sol generado
Dec 15, 2024 4:40:48 AM domain.plants.Sunflower generateSun
INFO: sol generado
Dec 15, 2024 4:40:48 AM domain.Game addZombie
INFO: Intentando añadir un zombie: conehead en (9, 0)
Dec 15, 2024 4:40:48 AM domain.Game addZombie
INFO: Zombie añadido exitosamente: conehead en (9, 0)
Dec 15, 2024 4:40:48 AM domain.plants.ECIPlant generateSun
INFO: sol generado
Dec 15, 2024 4:40:48 AM domain.Game addZombie
INFO: Intentando añadir un zombie: brainstein en (10, 0)
Dec 15, 2024 4:40:48 AM domain.Game addZombie
INFO: Zombie añadido exitosamente: brainstein en (10, 0)
Dec 15, 2024 4:40:48 AM domain.Game addPlant
INFO: Intentando añadir una planta: sunflower en (2, 0)
Dec 15, 2024 4:40:48 AM domain.Game addPlant
INFO: Planta añadida exitosamente: sunflower en (2, 0)
Dec 15, 2024 4:40:48 AM domain.plants.Sunflower generateSun
INFO: sol generado
Dec 15, 2024 4:40:48 AM domain.Game addPlant
INFO: Intentando añadir una planta: potatomine en (7, 0)
Dec 15, 2024 4:40:48 AM domain.Game addPlant
SEVERE: Error al añadir planta: Cannot add the unit because there is already a unit in the cell
Dec 15, 2024 4:40:48 AM domain.Game addZombie
INFO: Intentando añadir un zombie: basic en (9, 4)
Dec 15, 2024 4:40:48 AM domain.Game addZombie
INFO: Zombie añadido exitosamente: basic en (9, 4)
Dec 15, 2024 4:40:48 AM domain.Game addPlant
INFO: Intentando añadir una planta: sunflower en (1, 0)
Dec 15, 2024 4:40:48 AM domain.Game addPlant
SEVERE: Error al añadir planta: Cannot add the unit because there is already a unit in the cell
Dec 15, 2024 4:40:49 AM domain.plants.ECIPlant generateSun
INFO: sol generado
Dec 15, 2024 4:40:49 AM domain.plants.Sunflower generateSun
INFO: sol generado
Dec 15, 2024 4:40:49 AM domain.plants.Sunflower generateSun
INFO: sol generado
Dec 15, 2024 4:40:49 AM domain.plants.ECIPlant generateSun
INFO: sol generado
Dec 15, 2024 4:40:49 AM domain.plants.Sunflower generateSun
INFO: sol generado
Dec 15, 2024 4:40:49 AM domain.Game addZombie
INFO: Intentando añadir un zombie: basic en (9, 0)
Dec 15, 2024 4:40:49 AM domain.Game addZombie
INFO: Zombie añadido exitosamente: basic en (9, 0)
Dec 15, 2024 4:40:49 AM domain.Game addZombie
INFO: Intentando añadir un zombie: brainstein en (10, 2)
Dec 15, 2024 4:40:49 AM domain.Game addZombie
INFO: Zombie añadido exitosamente: brainstein en (10, 2)
Dec 15, 2024 4:40:49 AM domain.Game addPlant
INFO: Intentando añadir una planta: potatomine en (7, 0)
Dec 15, 2024 4:40:49 AM domain.Game addPlant
SEVERE: Error al añadir planta: Cannot add the unit because there is already a unit in the cell
Dec 15, 2024 4:40:49 AM domain.Game addZombie
INFO: Intentando añadir un zombie: conehead en (9, 4)
Dec 15, 2024 4:40:49 AM domain.Game addZombie
INFO: Zombie añadido exitosamente: conehead en (9, 4)
Dec 15, 2024 4:40:49 AM domain.Game addPlant
INFO: Intentando añadir una planta: eciplant en (1, 0)
Dec 15, 2024 4:40:49 AM domain.Game addPlant
SEVERE: Error al añadir planta: Cannot add the unit because there is already a unit in the cell
Dec 15, 2024 4:40:49 AM domain.Game addPlant
INFO: Intentando añadir una planta: wallnut en (5, 2)
Dec 15, 2024 4:40:49 AM domain.Game addPlant
SEVERE: Error al añadir planta: Cannot add the unit because there is already a unit in the cell
Dec 15, 2024 4:40:50 AM domain.plants.ECIPlant generateSun
INFO: sol generado
Dec 15, 2024 4:40:50 AM domain.plants.Sunflower generateSun
INFO: sol generado
Dec 15, 2024 4:40:50 AM domain.plants.ECIPlant generateSun
INFO: sol generado
Dec 15, 2024 4:40:50 AM domain.plants.Sunflower generateSun
INFO: sol generado
Dec 15, 2024 4:40:50 AM domain.plants.ECIPlant generateSun
INFO: sol generado
Dec 15, 2024 4:40:50 AM domain.plants.ECIPlant generateSun
INFO: sol generado
Dec 15, 2024 4:40:50 AM domain.plants.Sunflower generateSun
INFO: sol generado
Dec 15, 2024 4:40:50 AM domain.Game addZombie
INFO: Intentando añadir un zombie: brainstein en (10, 0)
Dec 15, 2024 4:40:50 AM domain.Game addZombie
INFO: Zombie añadido exitosamente: brainstein en (10, 0)
Dec 15, 2024 4:40:50 AM domain.Game addZombie
INFO: Intentando añadir un zombie: ecizombie en (10, 0)
Dec 15, 2024 4:40:50 AM domain.Game addZombie
INFO: Zombie añadido exitosamente: ecizombie en (10, 0)
Dec 15, 2024 4:40:50 AM domain.Game addPlant
INFO: Intentando añadir una planta: sunflower en (2, 0)
Dec 15, 2024 4:40:50 AM domain.Game addPlant
INFO: Planta añadida exitosamente: sunflower en (2, 0)
Dec 15, 2024 4:40:50 AM domain.plants.Sunflower generateSun
INFO: sol generado
Dec 15, 2024 4:40:50 AM domain.Game addPlant
INFO: Intentando añadir una planta: potatomine en (7, 0)
Dec 15, 2024 4:40:50 AM domain.Game addPlant
SEVERE: Error al añadir planta: Cannot add the unit because there is already a unit in the cell
Dec 15, 2024 4:40:50 AM domain.plants.ECIPlant generateSun
INFO: sol generado
Dec 15, 2024 4:40:50 AM domain.plants.Sunflower generateSun
INFO: sol generado
Dec 15, 2024 4:40:50 AM domain.plants.Sunflower generateSun
INFO: sol generado
Dec 15, 2024 4:40:50 AM domain.plants.ECIPlant generateSun
INFO: sol generado
Dec 15, 2024 4:40:50 AM domain.Game addZombie
INFO: Intentando añadir un zombie: brainstein en (10, 0)
Dec 15, 2024 4:40:50 AM domain.Game addZombie
INFO: Zombie añadido exitosamente: brainstein en (10, 0)
Dec 15, 2024 4:40:50 AM domain.Game addPlant
INFO: Intentando añadir una planta: sunflower en (1, 0)
Dec 15, 2024 4:40:50 AM domain.Game addPlant
SEVERE: Error al añadir planta: Cannot add the unit because there is already a unit in the cell
Dec 15, 2024 4:40:50 AM domain.Game addPlant
INFO: Intentando añadir una planta: potatomine en (8, 0)
Dec 15, 2024 4:40:50 AM domain.Game addPlant
INFO: Planta añadida exitosamente: potatomine en (8, 0)
Dec 15, 2024 4:40:50 AM domain.Game addPlant
INFO: Intentando añadir una planta: potatomine en (8, 4)
Dec 15, 2024 4:40:50 AM domain.Game addPlant
SEVERE: Error al añadir planta: Cannot add the unit because there is already a unit in the cell
Dec 15, 2024 4:40:51 AM domain.plants.Sunflower generateSun
INFO: sol generado
Dec 15, 2024 4:40:51 AM domain.plants.Sunflower generateSun
INFO: sol generado
Dec 15, 2024 4:40:51 AM domain.plants.ECIPlant generateSun
INFO: sol generado
Dec 15, 2024 4:40:51 AM domain.plants.Sunflower generateSun
INFO: sol generado
Dec 15, 2024 4:40:51 AM domain.plants.Sunflower generateSun
INFO: sol generado
Dec 15, 2024 4:40:51 AM domain.plants.ECIPlant generateSun
INFO: sol generado
Dec 15, 2024 4:40:51 AM domain.plants.Sunflower generateSun
INFO: sol generado
Dec 15, 2024 4:40:51 AM domain.plants.ECIPlant generateSun
INFO: sol generado
Dec 15, 2024 4:40:51 AM domain.plants.Sunflower generateSun
INFO: sol generado
Dec 15, 2024 4:40:51 AM domain.plants.ECIPlant generateSun
INFO: sol generado
Dec 15, 2024 4:40:51 AM domain.Game addZombie
INFO: Intentando añadir un zombie: basic en (9, 0)
Dec 15, 2024 4:40:51 AM domain.Game addZombie
INFO: Zombie añadido exitosamente: basic en (9, 0)
Dec 15, 2024 4:40:51 AM domain.Game addZombie
INFO: Intentando añadir un zombie: conehead en (10, 3)
Dec 15, 2024 4:40:51 AM domain.Game addZombie
INFO: Zombie añadido exitosamente: conehead en (10, 3)
Dec 15, 2024 4:40:51 AM domain.Game addPlant
INFO: Intentando añadir una planta: sunflower en (2, 0)
Dec 15, 2024 4:40:51 AM domain.Game addPlant
INFO: Planta añadida exitosamente: sunflower en (2, 0)
Dec 15, 2024 4:40:51 AM domain.Game addPlant
INFO: Intentando añadir una planta: wallnut en (5, 0)
Dec 15, 2024 4:40:51 AM domain.Game addPlant
SEVERE: Error al añadir planta: Cannot add the unit because there is already a unit in the cell
Dec 15, 2024 4:40:51 AM domain.plants.Sunflower generateSun
INFO: sol generado
Dec 15, 2024 4:40:51 AM domain.Game addZombie
INFO: Intentando añadir un zombie: basic en (9, 4)
Dec 15, 2024 4:40:51 AM domain.Game addZombie
INFO: Zombie añadido exitosamente: basic en (9, 4)
Dec 15, 2024 4:40:51 AM domain.Game addPlant
INFO: Intentando añadir una planta: sunflower en (1, 0)
Dec 15, 2024 4:40:51 AM domain.Game addPlant
SEVERE: Error al añadir planta: Cannot add the unit because there is already a unit in the cell
Dec 15, 2024 4:40:52 AM domain.plants.ECIPlant generateSun
INFO: sol generado
Dec 15, 2024 4:40:52 AM domain.plants.Sunflower generateSun
INFO: sol generado
Dec 15, 2024 4:40:52 AM domain.plants.Sunflower generateSun
INFO: sol generado
Dec 15, 2024 4:40:52 AM domain.plants.ECIPlant generateSun
INFO: sol generado
Dec 15, 2024 4:40:52 AM domain.plants.Sunflower generateSun
INFO: sol generado
Dec 15, 2024 4:40:52 AM domain.Game addZombie
INFO: Intentando añadir un zombie: basic en (9, 0)
Dec 15, 2024 4:40:52 AM domain.Game addZombie
INFO: Zombie añadido exitosamente: basic en (9, 0)
Dec 15, 2024 4:40:52 AM domain.Game addZombie
INFO: Intentando añadir un zombie: basic en (9, 3)
Dec 15, 2024 4:40:52 AM domain.Game addZombie
INFO: Zombie añadido exitosamente: basic en (9, 3)
Dec 15, 2024 4:40:52 AM domain.Game addPlant
INFO: Intentando añadir una planta: peashooter en (3, 0)
Dec 15, 2024 4:40:52 AM domain.Game addPlant
SEVERE: Error al añadir planta: Cannot add the unit because there is already a unit in the cell
Dec 15, 2024 4:40:52 AM domain.Game addZombie
INFO: Intentando añadir un zombie: basic en (9, 4)
Dec 15, 2024 4:40:52 AM domain.Game addZombie
INFO: Zombie añadido exitosamente: basic en (9, 4)
Dec 15, 2024 4:40:52 AM domain.Game addPlant
INFO: Intentando añadir una planta: sunflower en (1, 0)
Dec 15, 2024 4:40:52 AM domain.Game addPlant
SEVERE: Error al añadir planta: Cannot add the unit because there is already a unit in the cell
Dec 15, 2024 4:40:52 AM domain.Game addPlant
INFO: Intentando añadir una planta: potatomine en (8, 0)
Dec 15, 2024 4:40:52 AM domain.Game addPlant
SEVERE: Error al añadir planta: Cannot add the unit because there is already a unit in the cell
Dec 15, 2024 4:40:52 AM domain.Game addPlant
INFO: Intentando añadir una planta: potatomine en (8, 4)
Dec 15, 2024 4:40:52 AM domain.Game addPlant
INFO: Planta añadida exitosamente: potatomine en (8, 4)
Dec 15, 2024 4:40:53 AM domain.plants.ECIPlant generateSun
INFO: sol generado
Dec 15, 2024 4:40:53 AM domain.plants.Sunflower generateSun
INFO: sol generado
Dec 15, 2024 4:40:53 AM domain.plants.ECIPlant generateSun
INFO: sol generado
Dec 15, 2024 4:40:53 AM domain.plants.Sunflower generateSun
INFO: sol generado
Dec 15, 2024 4:40:53 AM domain.plants.ECIPlant generateSun
INFO: sol generado
Dec 15, 2024 4:40:53 AM domain.plants.ECIPlant generateSun
INFO: sol generado
Dec 15, 2024 4:40:53 AM domain.plants.Sunflower generateSun
INFO: sol generado
]]></system-err>
  </testcase>
  <testcase name="shouldAddMachineMedium" classname="GameTest" time="8.003">
    <system-out><![CDATA[[domain.players.Human@426b6a74, domain.players.ZombiesStrategic@4c51bb7]





Not enough brains to buy the plant



Not enough brains to buy the plant




Not enough brains to buy the plant





Not enough brains to buy the plant





Activated!






]]></system-out>
    <system-err><![CDATA[Dec 15, 2024 4:40:53 AM domain.Game addZombie
INFO: Intentando añadir un zombie: basic en (9, 0)
Dec 15, 2024 4:40:53 AM domain.Game addZombie
INFO: Zombie añadido exitosamente: basic en (9, 0)
Dec 15, 2024 4:40:53 AM domain.Game addZombie
INFO: Intentando añadir un zombie: brainstein en (10, 2)
Dec 15, 2024 4:40:53 AM domain.Game addZombie
INFO: Zombie añadido exitosamente: brainstein en (10, 2)
Dec 15, 2024 4:40:53 AM domain.Game addPlant
INFO: Intentando añadir una planta: sunflower en (2, 0)
Dec 15, 2024 4:40:53 AM domain.Game addPlant
INFO: Planta añadida exitosamente: sunflower en (2, 0)
Dec 15, 2024 4:40:53 AM domain.plants.Sunflower generateSun
INFO: sol generado
Dec 15, 2024 4:40:53 AM domain.Game addPlant
INFO: Intentando añadir una planta: potatomine en (6, 0)
Dec 15, 2024 4:40:53 AM domain.Game addPlant
SEVERE: Error al añadir planta: Cannot add the unit because there is already a unit in the cell
Dec 15, 2024 4:40:53 AM domain.plants.ECIPlant generateSun
INFO: sol generado
Dec 15, 2024 4:40:53 AM domain.plants.Sunflower generateSun
INFO: sol generado
Dec 15, 2024 4:40:53 AM domain.plants.Sunflower generateSun
INFO: sol generado
Dec 15, 2024 4:40:53 AM domain.plants.ECIPlant generateSun
INFO: sol generado
Dec 15, 2024 4:40:53 AM domain.Game addZombie
INFO: Intentando añadir un zombie: buckethead en (9, 4)
Dec 15, 2024 4:40:53 AM domain.Game addZombie
INFO: Zombie añadido exitosamente: buckethead en (9, 4)
Dec 15, 2024 4:40:53 AM domain.Game addPlant
INFO: Intentando añadir una planta: sunflower en (1, 0)
Dec 15, 2024 4:40:53 AM domain.Game addPlant
SEVERE: Error al añadir planta: Cannot add the unit because there is already a unit in the cell
Dec 15, 2024 4:40:53 AM domain.Game addPlant
INFO: Intentando añadir una planta: potatomine en (6, 4)
Dec 15, 2024 4:40:53 AM domain.Game addPlant
INFO: Planta añadida exitosamente: potatomine en (6, 4)
Dec 15, 2024 4:40:54 AM domain.plants.Sunflower generateSun
INFO: sol generado
Dec 15, 2024 4:40:54 AM domain.plants.Sunflower generateSun
INFO: sol generado
Dec 15, 2024 4:40:54 AM domain.plants.ECIPlant generateSun
INFO: sol generado
Dec 15, 2024 4:40:54 AM domain.plants.Sunflower generateSun
INFO: sol generado
Dec 15, 2024 4:40:54 AM domain.plants.ECIPlant generateSun
INFO: sol generado
Dec 15, 2024 4:40:54 AM domain.plants.Sunflower generateSun
INFO: sol generado
Dec 15, 2024 4:40:54 AM domain.plants.Sunflower generateSun
INFO: sol generado
Dec 15, 2024 4:40:54 AM domain.plants.ECIPlant generateSun
INFO: sol generado
Dec 15, 2024 4:40:54 AM domain.plants.Sunflower generateSun
INFO: sol generado
Dec 15, 2024 4:40:54 AM domain.plants.ECIPlant generateSun
INFO: sol generado
Dec 15, 2024 4:40:54 AM domain.Game addZombie
INFO: Intentando añadir un zombie: brainstein en (10, 0)
Dec 15, 2024 4:40:54 AM domain.Game addZombie
INFO: Zombie añadido exitosamente: brainstein en (10, 0)
Dec 15, 2024 4:40:54 AM domain.Game addZombie
INFO: Intentando añadir un zombie: brainstein en (10, 0)
Dec 15, 2024 4:40:54 AM domain.Game addZombie
INFO: Zombie añadido exitosamente: brainstein en (10, 0)
Dec 15, 2024 4:40:54 AM domain.Game addZombie
INFO: Intentando añadir un zombie: brainstein en (10, 2)
Dec 15, 2024 4:40:54 AM domain.Game addZombie
INFO: Zombie añadido exitosamente: brainstein en (10, 2)
Dec 15, 2024 4:40:54 AM domain.Game addPlant
INFO: Intentando añadir una planta: sunflower en (2, 0)
Dec 15, 2024 4:40:54 AM domain.Game addPlant
INFO: Planta añadida exitosamente: sunflower en (2, 0)
Dec 15, 2024 4:40:54 AM domain.plants.Sunflower generateSun
INFO: sol generado
Dec 15, 2024 4:40:54 AM domain.Game addPlant
INFO: Intentando añadir una planta: wallnut en (5, 0)
Dec 15, 2024 4:40:54 AM domain.Game addPlant
SEVERE: Error al añadir planta: Cannot add the unit because there is already a unit in the cell
Dec 15, 2024 4:40:54 AM domain.Game addZombie
INFO: Intentando añadir un zombie: brainstein en (10, 0)
Dec 15, 2024 4:40:54 AM domain.Game addZombie
INFO: Zombie añadido exitosamente: brainstein en (10, 0)
Dec 15, 2024 4:40:54 AM domain.Game addPlant
INFO: Intentando añadir una planta: eciplant en (1, 0)
Dec 15, 2024 4:40:54 AM domain.Game addPlant
SEVERE: Error al añadir planta: Cannot add the unit because there is already a unit in the cell
Dec 15, 2024 4:40:54 AM domain.Game addPlant
INFO: Intentando añadir una planta: wallnut en (5, 2)
Dec 15, 2024 4:40:54 AM domain.Game addPlant
SEVERE: Error al añadir planta: Cannot add the unit because there is already a unit in the cell
Dec 15, 2024 4:40:55 AM domain.plants.ECIPlant generateSun
INFO: sol generado
Dec 15, 2024 4:40:55 AM domain.plants.Sunflower generateSun
INFO: sol generado
Dec 15, 2024 4:40:55 AM domain.plants.ECIPlant generateSun
INFO: sol generado
Dec 15, 2024 4:40:55 AM domain.plants.Sunflower generateSun
INFO: sol generado
Dec 15, 2024 4:40:55 AM domain.plants.Sunflower generateSun
INFO: sol generado
Dec 15, 2024 4:40:55 AM domain.Game addZombie
INFO: Intentando añadir un zombie: brainstein en (10, 0)
Dec 15, 2024 4:40:55 AM domain.Game addZombie
WARNING: No hay suficientes cerebros para añadir el zombie: brainstein
Dec 15, 2024 4:40:55 AM domain.Game addZombie
SEVERE: Error al añadir zombie: Not enough brains to buy the plant
Dec 15, 2024 4:40:55 AM domain.Game addZombie
INFO: Intentando añadir un zombie: basic en (9, 0)
Dec 15, 2024 4:40:55 AM domain.Game addZombie
INFO: Zombie añadido exitosamente: basic en (9, 0)
Dec 15, 2024 4:40:55 AM domain.Game addZombie
INFO: Intentando añadir un zombie: conehead en (9, 4)
Dec 15, 2024 4:40:55 AM domain.Game addZombie
INFO: Zombie añadido exitosamente: conehead en (9, 4)
Dec 15, 2024 4:40:55 AM domain.Game addPlant
INFO: Intentando añadir una planta: potatomine en (6, 0)
Dec 15, 2024 4:40:55 AM domain.Game addPlant
SEVERE: Error al añadir planta: Cannot add the unit because there is already a unit in the cell
Dec 15, 2024 4:40:55 AM domain.Game addZombie
INFO: Intentando añadir un zombie: basic en (9, 4)
Dec 15, 2024 4:40:55 AM domain.Game addZombie
INFO: Zombie añadido exitosamente: basic en (9, 4)
Dec 15, 2024 4:40:55 AM domain.Game addPlant
INFO: Intentando añadir una planta: sunflower en (1, 0)
Dec 15, 2024 4:40:55 AM domain.Game addPlant
SEVERE: Error al añadir planta: Cannot add the unit because there is already a unit in the cell
Dec 15, 2024 4:40:55 AM domain.Game addPlant
INFO: Intentando añadir una planta: potatomine en (6, 4)
Dec 15, 2024 4:40:55 AM domain.Game addPlant
SEVERE: Error al añadir planta: Cannot add the unit because there is already a unit in the cell
Dec 15, 2024 4:40:56 AM domain.plants.ECIPlant generateSun
INFO: sol generado
Dec 15, 2024 4:40:56 AM domain.plants.Sunflower generateSun
INFO: sol generado
Dec 15, 2024 4:40:56 AM domain.plants.ECIPlant generateSun
INFO: sol generado
Dec 15, 2024 4:40:56 AM domain.plants.Sunflower generateSun
INFO: sol generado
Dec 15, 2024 4:40:56 AM domain.plants.ECIPlant generateSun
INFO: sol generado
Dec 15, 2024 4:40:56 AM domain.plants.ECIPlant generateSun
INFO: sol generado
Dec 15, 2024 4:40:56 AM domain.plants.Sunflower generateSun
INFO: sol generado
Dec 15, 2024 4:40:56 AM domain.Game addZombie
INFO: Intentando añadir un zombie: brainstein en (10, 0)
Dec 15, 2024 4:40:56 AM domain.Game addZombie
WARNING: No hay suficientes cerebros para añadir el zombie: brainstein
Dec 15, 2024 4:40:56 AM domain.Game addZombie
SEVERE: Error al añadir zombie: Not enough brains to buy the plant
Dec 15, 2024 4:40:56 AM domain.Game addZombie
INFO: Intentando añadir un zombie: conehead en (9, 0)
Dec 15, 2024 4:40:56 AM domain.Game addZombie
INFO: Zombie añadido exitosamente: conehead en (9, 0)
Dec 15, 2024 4:40:56 AM domain.Game addZombie
INFO: Intentando añadir un zombie: basic en (10, 4)
Dec 15, 2024 4:40:56 AM domain.Game addZombie
INFO: Zombie añadido exitosamente: basic en (10, 4)
Dec 15, 2024 4:40:56 AM domain.Game addPlant
INFO: Intentando añadir una planta: sunflower en (2, 0)
Dec 15, 2024 4:40:56 AM domain.Game addPlant
SEVERE: Error al añadir planta: Cannot add the unit because there is already a unit in the cell
Dec 15, 2024 4:40:56 AM domain.Game addPlant
INFO: Intentando añadir una planta: peashooter en (3, 0)
Dec 15, 2024 4:40:56 AM domain.Game addPlant
SEVERE: Error al añadir planta: Cannot add the unit because there is already a unit in the cell
Dec 15, 2024 4:40:56 AM domain.plants.ECIPlant generateSun
INFO: sol generado
Dec 15, 2024 4:40:56 AM domain.plants.Sunflower generateSun
INFO: sol generado
Dec 15, 2024 4:40:56 AM domain.plants.Sunflower generateSun
INFO: sol generado
Dec 15, 2024 4:40:56 AM domain.plants.ECIPlant generateSun
INFO: sol generado
Dec 15, 2024 4:40:56 AM domain.Game addZombie
INFO: Intentando añadir un zombie: basic en (9, 4)
Dec 15, 2024 4:40:56 AM domain.Game addZombie
INFO: Zombie añadido exitosamente: basic en (9, 4)
Dec 15, 2024 4:40:56 AM domain.Game addPlant
INFO: Intentando añadir una planta: sunflower en (1, 0)
Dec 15, 2024 4:40:56 AM domain.Game addPlant
SEVERE: Error al añadir planta: Cannot add the unit because there is already a unit in the cell
Dec 15, 2024 4:40:56 AM domain.Game addPlant
INFO: Intentando añadir una planta: wallnut en (5, 2)
Dec 15, 2024 4:40:56 AM domain.Game addPlant
SEVERE: Error al añadir planta: Cannot add the unit because there is already a unit in the cell
Dec 15, 2024 4:40:57 AM domain.plants.Sunflower generateSun
INFO: sol generado
Dec 15, 2024 4:40:57 AM domain.plants.Sunflower generateSun
INFO: sol generado
Dec 15, 2024 4:40:57 AM domain.plants.ECIPlant generateSun
INFO: sol generado
Dec 15, 2024 4:40:57 AM domain.plants.ECIPlant generateSun
INFO: sol generado
Dec 15, 2024 4:40:57 AM domain.plants.Sunflower generateSun
INFO: sol generado
Dec 15, 2024 4:40:57 AM domain.plants.Sunflower generateSun
INFO: sol generado
Dec 15, 2024 4:40:57 AM domain.plants.Sunflower generateSun
INFO: sol generado
Dec 15, 2024 4:40:57 AM domain.plants.ECIPlant generateSun
INFO: sol generado
Dec 15, 2024 4:40:57 AM domain.plants.Sunflower generateSun
INFO: sol generado
Dec 15, 2024 4:40:57 AM domain.plants.ECIPlant generateSun
INFO: sol generado
Dec 15, 2024 4:40:57 AM domain.Game addZombie
INFO: Intentando añadir un zombie: brainstein en (10, 0)
Dec 15, 2024 4:40:57 AM domain.Game addZombie
WARNING: No hay suficientes cerebros para añadir el zombie: brainstein
Dec 15, 2024 4:40:57 AM domain.Game addZombie
SEVERE: Error al añadir zombie: Not enough brains to buy the plant
Dec 15, 2024 4:40:57 AM domain.Game addZombie
INFO: Intentando añadir un zombie: basic en (9, 0)
Dec 15, 2024 4:40:57 AM domain.Game addZombie
INFO: Zombie añadido exitosamente: basic en (9, 0)
Dec 15, 2024 4:40:57 AM domain.Game addZombie
INFO: Intentando añadir un zombie: buckethead en (10, 2)
Dec 15, 2024 4:40:57 AM domain.Game addZombie
INFO: Zombie añadido exitosamente: buckethead en (10, 2)
Dec 15, 2024 4:40:57 AM domain.Game addPlant
INFO: Intentando añadir una planta: sunflower en (2, 0)
Dec 15, 2024 4:40:57 AM domain.Game addPlant
SEVERE: Error al añadir planta: Cannot add the unit because there is already a unit in the cell
Dec 15, 2024 4:40:57 AM domain.Game addPlant
INFO: Intentando añadir una planta: peashooter en (3, 0)
Dec 15, 2024 4:40:57 AM domain.Game addPlant
SEVERE: Error al añadir planta: Cannot add the unit because there is already a unit in the cell
Dec 15, 2024 4:40:57 AM domain.Game addZombie
INFO: Intentando añadir un zombie: conehead en (9, 4)
Dec 15, 2024 4:40:57 AM domain.Game addZombie
INFO: Zombie añadido exitosamente: conehead en (9, 4)
Dec 15, 2024 4:40:57 AM domain.Game addPlant
INFO: Intentando añadir una planta: sunflower en (1, 0)
Dec 15, 2024 4:40:57 AM domain.Game addPlant
SEVERE: Error al añadir planta: Cannot add the unit because there is already a unit in the cell
Dec 15, 2024 4:40:57 AM domain.Game addPlant
INFO: Intentando añadir una planta: potatomine en (7, 0)
Dec 15, 2024 4:40:57 AM domain.Game addPlant
SEVERE: Error al añadir planta: Cannot add the unit because there is already a unit in the cell
Dec 15, 2024 4:40:57 AM domain.Game addPlant
INFO: Intentando añadir una planta: potatomine en (7, 4)
Dec 15, 2024 4:40:57 AM domain.Game addPlant
SEVERE: Error al añadir planta: Cannot add the unit because there is already a unit in the cell
Dec 15, 2024 4:40:58 AM domain.plants.ECIPlant generateSun
INFO: sol generado
Dec 15, 2024 4:40:58 AM domain.plants.Sunflower generateSun
INFO: sol generado
Dec 15, 2024 4:40:58 AM domain.plants.ECIPlant generateSun
INFO: sol generado
Dec 15, 2024 4:40:58 AM domain.plants.Sunflower generateSun
INFO: sol generado
Dec 15, 2024 4:40:58 AM domain.plants.Sunflower generateSun
INFO: sol generado
Dec 15, 2024 4:40:58 AM domain.Game addZombie
INFO: Intentando añadir un zombie: brainstein en (10, 0)
Dec 15, 2024 4:40:58 AM domain.Game addZombie
WARNING: No hay suficientes cerebros para añadir el zombie: brainstein
Dec 15, 2024 4:40:58 AM domain.Game addZombie
SEVERE: Error al añadir zombie: Not enough brains to buy the plant
Dec 15, 2024 4:40:58 AM domain.Game addZombie
INFO: Intentando añadir un zombie: brainstein en (10, 0)
Dec 15, 2024 4:40:58 AM domain.Game addZombie
INFO: Zombie añadido exitosamente: brainstein en (10, 0)
Dec 15, 2024 4:40:58 AM domain.Game addZombie
INFO: Intentando añadir un zombie: ecizombie en (10, 1)
Dec 15, 2024 4:40:58 AM domain.Game addZombie
INFO: Zombie añadido exitosamente: ecizombie en (10, 1)
Dec 15, 2024 4:40:58 AM domain.Game addPlant
INFO: Intentando añadir una planta: sunflower en (2, 0)
Dec 15, 2024 4:40:58 AM domain.Game addPlant
SEVERE: Error al añadir planta: Cannot add the unit because there is already a unit in the cell
Dec 15, 2024 4:40:58 AM domain.Game addPlant
INFO: Intentando añadir una planta: wallnut en (5, 0)
Dec 15, 2024 4:40:58 AM domain.Game addPlant
SEVERE: Error al añadir planta: Cannot add the unit because there is already a unit in the cell
Dec 15, 2024 4:40:58 AM domain.Game addZombie
INFO: Intentando añadir un zombie: brainstein en (10, 0)
Dec 15, 2024 4:40:58 AM domain.Game addZombie
INFO: Zombie añadido exitosamente: brainstein en (10, 0)
Dec 15, 2024 4:40:58 AM domain.Game addPlant
INFO: Intentando añadir una planta: sunflower en (1, 0)
Dec 15, 2024 4:40:58 AM domain.Game addPlant
SEVERE: Error al añadir planta: Cannot add the unit because there is already a unit in the cell
Dec 15, 2024 4:40:59 AM domain.plants.ECIPlant generateSun
INFO: sol generado
Dec 15, 2024 4:40:59 AM domain.plants.Sunflower generateSun
INFO: sol generado
Dec 15, 2024 4:40:59 AM domain.plants.ECIPlant generateSun
INFO: sol generado
Dec 15, 2024 4:40:59 AM domain.plants.Sunflower generateSun
INFO: sol generado
Dec 15, 2024 4:40:59 AM domain.plants.ECIPlant generateSun
INFO: sol generado
Dec 15, 2024 4:40:59 AM domain.plants.ECIPlant generateSun
INFO: sol generado
Dec 15, 2024 4:40:59 AM domain.plants.Sunflower generateSun
INFO: sol generado
Dec 15, 2024 4:40:59 AM domain.Game addZombie
INFO: Intentando añadir un zombie: brainstein en (10, 0)
Dec 15, 2024 4:40:59 AM domain.Game addZombie
INFO: Zombie añadido exitosamente: brainstein en (10, 0)
Dec 15, 2024 4:40:59 AM domain.Game addZombie
INFO: Intentando añadir un zombie: conehead en (9, 0)
Dec 15, 2024 4:40:59 AM domain.Game addZombie
INFO: Zombie añadido exitosamente: conehead en (9, 0)
Dec 15, 2024 4:40:59 AM domain.Game addZombie
INFO: Intentando añadir un zombie: brainstein en (10, 1)
Dec 15, 2024 4:40:59 AM domain.Game addZombie
INFO: Zombie añadido exitosamente: brainstein en (10, 1)
Dec 15, 2024 4:40:59 AM domain.Game addPlant
INFO: Intentando añadir una planta: sunflower en (2, 0)
Dec 15, 2024 4:40:59 AM domain.Game addPlant
SEVERE: Error al añadir planta: Cannot add the unit because there is already a unit in the cell
Dec 15, 2024 4:40:59 AM domain.Game addPlant
INFO: Intentando añadir una planta: wallnut en (4, 0)
Dec 15, 2024 4:40:59 AM domain.Game addPlant
SEVERE: Error al añadir planta: Cannot add the unit because there is already a unit in the cell
Dec 15, 2024 4:40:59 AM domain.plants.ECIPlant generateSun
INFO: sol generado
Dec 15, 2024 4:40:59 AM domain.plants.Sunflower generateSun
INFO: sol generado
Dec 15, 2024 4:40:59 AM domain.plants.Sunflower generateSun
INFO: sol generado
Dec 15, 2024 4:40:59 AM domain.plants.ECIPlant generateSun
INFO: sol generado
Dec 15, 2024 4:40:59 AM domain.Game addZombie
INFO: Intentando añadir un zombie: conehead en (9, 4)
Dec 15, 2024 4:40:59 AM domain.Game addZombie
INFO: Zombie añadido exitosamente: conehead en (9, 4)
Dec 15, 2024 4:40:59 AM domain.Game addPlant
INFO: Intentando añadir una planta: eciplant en (1, 0)
Dec 15, 2024 4:40:59 AM domain.Game addPlant
SEVERE: Error al añadir planta: Cannot add the unit because there is already a unit in the cell
Dec 15, 2024 4:40:59 AM domain.Game addPlant
INFO: Intentando añadir una planta: potatomine en (6, 4)
Dec 15, 2024 4:40:59 AM domain.Game addPlant
SEVERE: Error al añadir planta: Cannot add the unit because there is already a unit in the cell
Dec 15, 2024 4:41:00 AM domain.plants.Sunflower generateSun
INFO: sol generado
Dec 15, 2024 4:41:00 AM domain.plants.Sunflower generateSun
INFO: sol generado
Dec 15, 2024 4:41:00 AM domain.plants.ECIPlant generateSun
INFO: sol generado
Dec 15, 2024 4:41:00 AM domain.plants.Sunflower generateSun
INFO: sol generado
Dec 15, 2024 4:41:00 AM domain.plants.ECIPlant generateSun
INFO: sol generado
Dec 15, 2024 4:41:00 AM domain.plants.Sunflower generateSun
INFO: sol generado
Dec 15, 2024 4:41:00 AM domain.plants.Sunflower generateSun
INFO: sol generado
Dec 15, 2024 4:41:00 AM domain.plants.ECIPlant generateSun
INFO: sol generado
Dec 15, 2024 4:41:00 AM domain.plants.Sunflower generateSun
INFO: sol generado
Dec 15, 2024 4:41:00 AM domain.plants.ECIPlant generateSun
INFO: sol generado
Dec 15, 2024 4:41:00 AM domain.Game addZombie
INFO: Intentando añadir un zombie: basic en (9, 4)
Dec 15, 2024 4:41:00 AM domain.Game addZombie
INFO: Zombie añadido exitosamente: basic en (9, 4)
Dec 15, 2024 4:41:00 AM domain.Game addZombie
INFO: Intentando añadir un zombie: buckethead en (9, 0)
Dec 15, 2024 4:41:00 AM domain.Game addZombie
INFO: Zombie añadido exitosamente: buckethead en (9, 0)
Dec 15, 2024 4:41:00 AM domain.Game addZombie
INFO: Intentando añadir un zombie: brainstein en (10, 0)
Dec 15, 2024 4:41:00 AM domain.Game addZombie
INFO: Zombie añadido exitosamente: brainstein en (10, 0)
Dec 15, 2024 4:41:00 AM domain.Game addPlant
INFO: Intentando añadir una planta: sunflower en (2, 0)
Dec 15, 2024 4:41:00 AM domain.Game addPlant
SEVERE: Error al añadir planta: Cannot add the unit because there is already a unit in the cell
Dec 15, 2024 4:41:00 AM domain.Game addPlant
INFO: Intentando añadir una planta: potatomine en (6, 0)
Dec 15, 2024 4:41:00 AM domain.Game addPlant
SEVERE: Error al añadir planta: Cannot add the unit because there is already a unit in the cell
Dec 15, 2024 4:41:00 AM domain.Game addZombie
INFO: Intentando añadir un zombie: conehead en (9, 4)
Dec 15, 2024 4:41:00 AM domain.Game addZombie
INFO: Zombie añadido exitosamente: conehead en (9, 4)
Dec 15, 2024 4:41:00 AM domain.Game addPlant
INFO: Intentando añadir una planta: eciplant en (1, 0)
Dec 15, 2024 4:41:00 AM domain.Game addPlant
SEVERE: Error al añadir planta: Cannot add the unit because there is already a unit in the cell
Dec 15, 2024 4:41:00 AM domain.Game addPlant
INFO: Intentando añadir una planta: wallnut en (5, 2)
Dec 15, 2024 4:41:00 AM domain.Game addPlant
SEVERE: Error al añadir planta: Cannot add the unit because there is already a unit in the cell
Dec 15, 2024 4:41:01 AM domain.plants.ECIPlant generateSun
INFO: sol generado
Dec 15, 2024 4:41:01 AM domain.plants.Sunflower generateSun
INFO: sol generado
Dec 15, 2024 4:41:01 AM domain.plants.ECIPlant generateSun
INFO: sol generado
Dec 15, 2024 4:41:01 AM domain.plants.Sunflower generateSun
INFO: sol generado
Dec 15, 2024 4:41:01 AM domain.plants.Sunflower generateSun
INFO: sol generado
]]></system-err>
  </testcase>
  <testcase name="shouldNotSearchZombie" classname="GameTest" time="0.002">
    <system-out><![CDATA[[domain.players.Human@42a9e5d1, domain.players.Human@5b080f3a]
]]></system-out>
  </testcase>
  <testcase name="shouldAddBrain" classname="GameTest" time="0.002">
    <system-out><![CDATA[[domain.players.Human@6b54655f, domain.players.Human@665e9289]
]]></system-out>
  </testcase>
  <testcase name="shouldNotAddPlant2" classname="GameTest" time="0.003">
    <system-out><![CDATA[[domain.players.Human@2756c0a7, domain.players.Human@350ec41e]
]]></system-out>
    <system-err><![CDATA[Dec 15, 2024 4:41:01 AM domain.Game addZombie
INFO: Intentando añadir un zombie: basic en (10, 0)
Dec 15, 2024 4:41:01 AM domain.Game addZombie
INFO: Intentando añadir un zombie: basic en (9, 0)
Dec 15, 2024 4:41:01 AM domain.Game addZombie
INFO: Zombie añadido exitosamente: basic en (10, 0)
Dec 15, 2024 4:41:01 AM domain.Game addPlant
INFO: Intentando añadir una planta: wallnut en (4, 2)
Dec 15, 2024 4:41:01 AM domain.Game addZombie
INFO: Zombie añadido exitosamente: basic en (9, 0)
Dec 15, 2024 4:41:01 AM domain.Game addPlant
INFO: Planta añadida exitosamente: wallnut en (4, 2)
Dec 15, 2024 4:41:01 AM domain.Game addPlant
INFO: Intentando añadir una planta: sunflower en (4, 2)
Dec 15, 2024 4:41:01 AM domain.Game addPlant
SEVERE: Error al añadir planta: Cannot add the unit because there is already a unit in the cell
]]></system-err>
  </testcase>
  <testcase name="shouldAddPlant" classname="GameTest" time="0.006">
    <system-out><![CDATA[[domain.players.Human@71984c3, domain.players.Human@165b2f7f]

]]></system-out>
    <system-err><![CDATA[Dec 15, 2024 4:41:01 AM domain.Game addZombie
INFO: Intentando añadir un zombie: brainstein en (10, 3)
Dec 15, 2024 4:41:01 AM domain.Game addZombie
INFO: Zombie añadido exitosamente: brainstein en (10, 3)
Dec 15, 2024 4:41:01 AM domain.Game addPlant
INFO: Intentando añadir una planta: sunflower en (2, 0)
Dec 15, 2024 4:41:01 AM domain.Game addPlant
INFO: Planta añadida exitosamente: sunflower en (2, 0)
Dec 15, 2024 4:41:01 AM domain.plants.Sunflower generateSun
INFO: sol generado
Dec 15, 2024 4:41:01 AM domain.Game addPlant
INFO: Intentando añadir una planta: peashooter en (3, 0)
Dec 15, 2024 4:41:01 AM domain.Game addPlant
INFO: Intentando añadir una planta: wallnut en (4, 2)
Dec 15, 2024 4:41:01 AM domain.Game addPlant
INFO: Planta añadida exitosamente: wallnut en (4, 2)
Dec 15, 2024 4:41:01 AM domain.Game addPlant
INFO: Intentando añadir una planta: sunflower en (3, 2)
Dec 15, 2024 4:41:01 AM domain.Game addPlant
SEVERE: Error al añadir planta: Cannot add the unit because there is already a unit in the cell
Dec 15, 2024 4:41:01 AM domain.Game addPlant
INFO: Planta añadida exitosamente: sunflower en (3, 2)
Dec 15, 2024 4:41:01 AM domain.plants.Sunflower generateSun
INFO: sol generado
Dec 15, 2024 4:41:01 AM domain.Game addPlant
INFO: Intentando añadir una planta: eciplant en (2, 2)
Dec 15, 2024 4:41:01 AM domain.Game addPlant
INFO: Planta añadida exitosamente: eciplant en (2, 2)
Dec 15, 2024 4:41:01 AM domain.plants.ECIPlant generateSun
INFO: sol generado
Dec 15, 2024 4:41:01 AM domain.Game addPlant
INFO: Intentando añadir una planta: potatomine en (5, 2)
Dec 15, 2024 4:41:01 AM domain.Game addPlant
INFO: Planta añadida exitosamente: potatomine en (5, 2)
Dec 15, 2024 4:41:01 AM domain.Game addPlant
INFO: Intentando añadir una planta: peashooter en (6, 2)
Dec 15, 2024 4:41:01 AM domain.Game addPlant
INFO: Planta añadida exitosamente: peashooter en (6, 2)
]]></system-err>
  </testcase>
</testsuite>