<?xml version="1.0" encoding="UTF-8"?>
<testsuite xmlns:xsi="http://www.w3.org/2001/XMLSchema-instance" xsi:noNamespaceSchemaLocation="https://maven.apache.org/surefire/maven-surefire-plugin/xsd/surefire-test-report-3.0.xsd" version="3.0" name="GameTest" time="32.143" tests="39" errors="0" skipped="0" failures="0">
  <properties>
    <property name="java.specification.version" value="23"/>
    <property name="sun.jnu.encoding" value="UTF-8"/>
    <property name="java.class.path" value="/home/andr3xc/dev/PvZ-ECI/target/test-classes:/home/andr3xc/dev/PvZ-ECI/target/classes:/home/andr3xc/.m2/repository/org/junit/jupiter/junit-jupiter/5.8.1/junit-jupiter-5.8.1.jar:/home/andr3xc/.m2/repository/org/junit/jupiter/junit-jupiter-api/5.8.1/junit-jupiter-api-5.8.1.jar:/home/andr3xc/.m2/repository/org/opentest4j/opentest4j/1.2.0/opentest4j-1.2.0.jar:/home/andr3xc/.m2/repository/org/junit/platform/junit-platform-commons/1.8.1/junit-platform-commons-1.8.1.jar:/home/andr3xc/.m2/repository/org/apiguardian/apiguardian-api/1.1.2/apiguardian-api-1.1.2.jar:/home/andr3xc/.m2/repository/org/junit/jupiter/junit-jupiter-params/5.8.1/junit-jupiter-params-5.8.1.jar:/home/andr3xc/.m2/repository/org/junit/jupiter/junit-jupiter-engine/5.8.1/junit-jupiter-engine-5.8.1.jar:/home/andr3xc/.m2/repository/org/junit/platform/junit-platform-engine/1.8.1/junit-platform-engine-1.8.1.jar:"/>
    <property name="java.vm.vendor" value="Arch Linux"/>
    <property name="sun.arch.data.model" value="64"/>
    <property name="java.vendor.url" value="https://openjdk.org/"/>
    <property name="os.name" value="Linux"/>
    <property name="java.vm.specification.version" value="23"/>
    <property name="sun.java.launcher" value="SUN_STANDARD"/>
    <property name="user.country" value="US"/>
    <property name="sun.boot.library.path" value="/usr/lib/jvm/java-23-openjdk/lib"/>
    <property name="sun.java.command" value="/home/andr3xc/dev/PvZ-ECI/target/surefire/surefirebooter-20241209043204550_3.jar /home/andr3xc/dev/PvZ-ECI/target/surefire 2024-12-09T04-32-04_485-jvmRun1 surefire-20241209043204550_1tmp surefire_0-20241209043204550_2tmp"/>
    <property name="jdk.debug" value="release"/>
    <property name="surefire.test.class.path" value="/home/andr3xc/dev/PvZ-ECI/target/test-classes:/home/andr3xc/dev/PvZ-ECI/target/classes:/home/andr3xc/.m2/repository/org/junit/jupiter/junit-jupiter/5.8.1/junit-jupiter-5.8.1.jar:/home/andr3xc/.m2/repository/org/junit/jupiter/junit-jupiter-api/5.8.1/junit-jupiter-api-5.8.1.jar:/home/andr3xc/.m2/repository/org/opentest4j/opentest4j/1.2.0/opentest4j-1.2.0.jar:/home/andr3xc/.m2/repository/org/junit/platform/junit-platform-commons/1.8.1/junit-platform-commons-1.8.1.jar:/home/andr3xc/.m2/repository/org/apiguardian/apiguardian-api/1.1.2/apiguardian-api-1.1.2.jar:/home/andr3xc/.m2/repository/org/junit/jupiter/junit-jupiter-params/5.8.1/junit-jupiter-params-5.8.1.jar:/home/andr3xc/.m2/repository/org/junit/jupiter/junit-jupiter-engine/5.8.1/junit-jupiter-engine-5.8.1.jar:/home/andr3xc/.m2/repository/org/junit/platform/junit-platform-engine/1.8.1/junit-platform-engine-1.8.1.jar:"/>
    <property name="sun.cpu.endian" value="little"/>
    <property name="user.home" value="/home/andr3xc"/>
    <property name="user.language" value="en"/>
    <property name="java.specification.vendor" value="Oracle Corporation"/>
    <property name="java.version.date" value="2024-09-17"/>
    <property name="java.home" value="/usr/lib/jvm/java-23-openjdk"/>
    <property name="file.separator" value="/"/>
    <property name="basedir" value="/home/andr3xc/dev/PvZ-ECI"/>
    <property name="java.vm.compressedOopsMode" value="Zero based"/>
    <property name="line.separator" value="&#10;"/>
    <property name="java.specification.name" value="Java Platform API Specification"/>
    <property name="java.vm.specification.vendor" value="Oracle Corporation"/>
    <property name="surefire.real.class.path" value="/home/andr3xc/dev/PvZ-ECI/target/surefire/surefirebooter-20241209043204550_3.jar"/>
    <property name="sun.management.compiler" value="HotSpot 64-Bit Tiered Compilers"/>
    <property name="java.runtime.version" value="23"/>
    <property name="user.name" value="andr3xc"/>
    <property name="stdout.encoding" value="UTF-8"/>
    <property name="path.separator" value=":"/>
    <property name="os.version" value="6.12.1-arch1-1"/>
    <property name="java.runtime.name" value="OpenJDK Runtime Environment"/>
    <property name="file.encoding" value="UTF-8"/>
    <property name="java.vm.name" value="OpenJDK 64-Bit Server VM"/>
    <property name="localRepository" value="/home/andr3xc/.m2/repository"/>
    <property name="java.vendor.url.bug" value="https://bugreport.java.com/bugreport/"/>
    <property name="java.io.tmpdir" value="/tmp"/>
    <property name="java.version" value="23"/>
    <property name="user.dir" value="/home/andr3xc/dev/PvZ-ECI"/>
    <property name="os.arch" value="amd64"/>
    <property name="java.vm.specification.name" value="Java Virtual Machine Specification"/>
    <property name="native.encoding" value="UTF-8"/>
    <property name="java.library.path" value="/usr/java/packages/lib:/usr/lib64:/lib64:/lib:/usr/lib"/>
    <property name="java.vm.info" value="mixed mode, sharing"/>
    <property name="stderr.encoding" value="UTF-8"/>
    <property name="java.vendor" value="Arch Linux"/>
    <property name="java.vm.version" value="23"/>
    <property name="sun.io.unicode.encoding" value="UnicodeLittle"/>
    <property name="java.class.version" value="67.0"/>
  </properties>
  <testcase name="shouldNotAttackZombie" classname="GameTest" time="0.023"/>
  <testcase name="shouldNotAddZombie" classname="GameTest" time="0.009"/>
  <testcase name="shouldNotHaveSun" classname="GameTest" time="0.003"/>
  <testcase name="shouldAttackZombieWithPeaShooter" classname="GameTest" time="10.003"/>
  <testcase name="shouldAddSun" classname="GameTest" time="0.002"/>
  <testcase name="shouldAttackZombie" classname="GameTest" time="0.001"/>
  <testcase name="shouldEndGame" classname="GameTest" time="0.001"/>
  <testcase name="shouldPrintBoard" classname="GameTest" time="5.01">
    <system-out><![CDATA[Game Board:
. . . . . . . . . . . 
. . . . . . . . . . . 
. . . . P . . . . . . 
. . . . . . . . . . . 
. . . . . . . . . . . 
Bullets:
. . . . . . . . . . . 
. . . . . . . . . . . 
. . . . B . B B . B . 
. . . . . . . . . . . 
. . . . . . . . . . . 

]]></system-out>
  </testcase>
  <testcase name="shouldGenerateSunFlower" classname="GameTest" time="3.003"/>
  <testcase name="shouldExploitedPotato" classname="GameTest" time="5.003"/>
  <testcase name="shouldNotRemoveSun" classname="GameTest" time="0.001"/>
  <testcase name="shouldGenerateEciplant" classname="GameTest" time="3.002"/>
  <testcase name="shouldAddZombie" classname="GameTest" time="0.004"/>
  <testcase name="shouldNotDeletePlant" classname="GameTest" time="0.002"/>
  <testcase name="shouldDeletePlant" classname="GameTest" time="0.002"/>
  <testcase name="shouldNotAddBrain" classname="GameTest" time="0.001"/>
  <testcase name="shouldNotAddPlant" classname="GameTest" time="0.0"/>
  <testcase name="shouldNotAttackPlant" classname="GameTest" time="0.001"/>
  <testcase name="shouldAttackPlant" classname="GameTest" time="0.0"/>
  <testcase name="shouldNotAddSun" classname="GameTest" time="0.001"/>
  <testcase name="shouldAddPlayers" classname="GameTest" time="0.0"/>
  <testcase name="shouldNotEndGame" classname="GameTest" time="0.0"/>
  <testcase name="shouldGetZombie" classname="GameTest" time="0.006">
    <system-out><![CDATA[100 50 100 basic
]]></system-out>
  </testcase>
  <testcase name="shouldNotRemoveBrain" classname="GameTest" time="0.001"/>
  <testcase name="shouldNotRemovePlant" classname="GameTest" time="0.0"/>
  <testcase name="shouldRemoveBrain" classname="GameTest" time="0.0"/>
  <testcase name="shouldRemovePlant" classname="GameTest" time="0.001"/>
  <testcase name="shouldNotActivateMower" classname="GameTest" time="0.001"/>
  <testcase name="shouldActivateMower" classname="GameTest" time="0.001"/>
  <testcase name="shouldRemoveSun" classname="GameTest" time="0.001"/>
  <testcase name="shouldNotHaveBrain" classname="GameTest" time="0.001"/>
  <testcase name="shouldBrainsteinGenerate" classname="GameTest" time="6.001">
    <system-out><![CDATA[tamo activo papi
]]></system-out>
  </testcase>
  <testcase name="shouldGetPlant" classname="GameTest" time="0.002">
    <system-out><![CDATA[300 100 150 peashooter
]]></system-out>
  </testcase>
  <testcase name="shouldUpdateZombie" classname="GameTest" time="0.001"/>
  <testcase name="shouldAddMachine" classname="GameTest" time="0.001"/>
  <testcase name="shouldNotSearchZombie" classname="GameTest" time="0.001"/>
  <testcase name="shouldAddBrain" classname="GameTest" time="0.001"/>
  <testcase name="shouldNotAddPlant2" classname="GameTest" time="0.001"/>
  <testcase name="shouldAddPlant" classname="GameTest" time="0.002"/>
</testsuite>