<?xml version="1.0" encoding="UTF-8"?>
<testsuite xmlns:xsi="http://www.w3.org/2001/XMLSchema-instance" xsi:noNamespaceSchemaLocation="https://maven.apache.org/surefire/maven-surefire-plugin/xsd/surefire-test-report-3.0.xsd" version="3.0" name="GameTest" time="163.104" tests="41" errors="0" skipped="0" failures="0">
  <properties>
    <property name="java.specification.version" value="23"/>
    <property name="sun.cpu.isalist" value="amd64"/>
    <property name="sun.jnu.encoding" value="Cp1252"/>
    <property name="java.class.path" value="C:\Users\Andre\Desktop\poob\PvZ-ECI\target\test-classes;C:\Users\Andre\Desktop\poob\PvZ-ECI\target\classes;C:\Users\Andre\.m2\repository\org\junit\jupiter\junit-jupiter\5.8.1\junit-jupiter-5.8.1.jar;C:\Users\Andre\.m2\repository\org\junit\jupiter\junit-jupiter-api\5.8.1\junit-jupiter-api-5.8.1.jar;C:\Users\Andre\.m2\repository\org\opentest4j\opentest4j\1.2.0\opentest4j-1.2.0.jar;C:\Users\Andre\.m2\repository\org\junit\platform\junit-platform-commons\1.8.1\junit-platform-commons-1.8.1.jar;C:\Users\Andre\.m2\repository\org\apiguardian\apiguardian-api\1.1.2\apiguardian-api-1.1.2.jar;C:\Users\Andre\.m2\repository\org\junit\jupiter\junit-jupiter-params\5.8.1\junit-jupiter-params-5.8.1.jar;C:\Users\Andre\.m2\repository\org\junit\jupiter\junit-jupiter-engine\5.8.1\junit-jupiter-engine-5.8.1.jar;C:\Users\Andre\.m2\repository\org\junit\platform\junit-platform-engine\1.8.1\junit-platform-engine-1.8.1.jar;"/>
    <property name="java.vm.vendor" value="Oracle Corporation"/>
    <property name="sun.arch.data.model" value="64"/>
    <property name="user.variant" value=""/>
    <property name="java.vendor.url" value="https://java.oracle.com/"/>
    <property name="user.timezone" value="America/Bogota"/>
    <property name="os.name" value="Windows 11"/>
    <property name="java.vm.specification.version" value="23"/>
    <property name="sun.java.launcher" value="SUN_STANDARD"/>
    <property name="user.country" value="CO"/>
    <property name="sun.boot.library.path" value="C:\Users\Andre\.jdks\openjdk-23.0.1\bin"/>
    <property name="sun.java.command" value="C:\Users\Andre\AppData\Local\Temp\surefire16036652622714377510\surefirebooter-20241215153046202_3.jar C:\Users\Andre\AppData\Local\Temp\surefire16036652622714377510 2024-12-15T15-30-46_004-jvmRun1 surefire-20241215153046202_1tmp surefire_0-20241215153046202_2tmp"/>
    <property name="jdk.debug" value="release"/>
    <property name="surefire.test.class.path" value="C:\Users\Andre\Desktop\poob\PvZ-ECI\target\test-classes;C:\Users\Andre\Desktop\poob\PvZ-ECI\target\classes;C:\Users\Andre\.m2\repository\org\junit\jupiter\junit-jupiter\5.8.1\junit-jupiter-5.8.1.jar;C:\Users\Andre\.m2\repository\org\junit\jupiter\junit-jupiter-api\5.8.1\junit-jupiter-api-5.8.1.jar;C:\Users\Andre\.m2\repository\org\opentest4j\opentest4j\1.2.0\opentest4j-1.2.0.jar;C:\Users\Andre\.m2\repository\org\junit\platform\junit-platform-commons\1.8.1\junit-platform-commons-1.8.1.jar;C:\Users\Andre\.m2\repository\org\apiguardian\apiguardian-api\1.1.2\apiguardian-api-1.1.2.jar;C:\Users\Andre\.m2\repository\org\junit\jupiter\junit-jupiter-params\5.8.1\junit-jupiter-params-5.8.1.jar;C:\Users\Andre\.m2\repository\org\junit\jupiter\junit-jupiter-engine\5.8.1\junit-jupiter-engine-5.8.1.jar;C:\Users\Andre\.m2\repository\org\junit\platform\junit-platform-engine\1.8.1\junit-platform-engine-1.8.1.jar;"/>
    <property name="sun.cpu.endian" value="little"/>
    <property name="user.home" value="C:\Users\Andre"/>
    <property name="user.language" value="es"/>
    <property name="java.specification.vendor" value="Oracle Corporation"/>
    <property name="java.version.date" value="2024-10-15"/>
    <property name="java.home" value="C:\Users\Andre\.jdks\openjdk-23.0.1"/>
    <property name="file.separator" value="\"/>
    <property name="basedir" value="C:\Users\Andre\Desktop\poob\PvZ-ECI"/>
    <property name="java.vm.compressedOopsMode" value="32-bit"/>
    <property name="line.separator" value="&#10;"/>
    <property name="java.vm.specification.vendor" value="Oracle Corporation"/>
    <property name="java.specification.name" value="Java Platform API Specification"/>
    <property name="surefire.real.class.path" value="C:\Users\Andre\AppData\Local\Temp\surefire16036652622714377510\surefirebooter-20241215153046202_3.jar"/>
    <property name="user.script" value=""/>
    <property name="sun.management.compiler" value="HotSpot 64-Bit Tiered Compilers"/>
    <property name="java.runtime.version" value="23.0.1+11-39"/>
    <property name="user.name" value="Andre"/>
    <property name="stdout.encoding" value="Cp1252"/>
    <property name="path.separator" value=";"/>
    <property name="os.version" value="10.0"/>
    <property name="java.runtime.name" value="OpenJDK Runtime Environment"/>
    <property name="file.encoding" value="UTF-8"/>
    <property name="java.vm.name" value="OpenJDK 64-Bit Server VM"/>
    <property name="localRepository" value="C:\Users\Andre\.m2\repository"/>
    <property name="java.vendor.url.bug" value="https://bugreport.java.com/bugreport/"/>
    <property name="java.io.tmpdir" value="C:\Users\Andre\AppData\Local\Temp\"/>
    <property name="idea.version" value="2024.2.5"/>
    <property name="java.version" value="23.0.1"/>
    <property name="user.dir" value="C:\Users\Andre\Desktop\poob\PvZ-ECI"/>
    <property name="os.arch" value="amd64"/>
    <property name="java.vm.specification.name" value="Java Virtual Machine Specification"/>
    <property name="sun.os.patch.level" value=""/>
    <property name="native.encoding" value="Cp1252"/>
    <property name="java.library.path" value="C:\Users\Andre\.jdks\openjdk-23.0.1\bin;C:\WINDOWS\Sun\Java\bin;C:\WINDOWS\system32;C:\WINDOWS;C:\Program Files\Common Files\Oracle\Java\javapath;C:\WINDOWS\system32;C:\WINDOWS;C:\WINDOWS\System32\Wbem;C:\WINDOWS\System32\WindowsPowerShell\v1.0\;C:\WINDOWS\System32\OpenSSH\;C:\ProgramData\chocolatey\bin;C:\Program Files\Git\cmd;C:\Users\Andre\AppData\Local\Programs\Python\Launcher\;C:\Users\Andre\AppData\Local\Microsoft\WindowsApps;;C:\Users\Andre\AppData\Local\Programs\Microsoft VS Code\bin;C:\ghcup\bin;C:\Users\Andre\AppData\Local\Programs\oh-my-posh\bin;."/>
    <property name="java.vm.info" value="mixed mode, sharing"/>
    <property name="stderr.encoding" value="Cp1252"/>
    <property name="java.vendor" value="Oracle Corporation"/>
    <property name="java.vm.version" value="23.0.1+11-39"/>
    <property name="sun.io.unicode.encoding" value="UnicodeLittle"/>
    <property name="java.class.version" value="67.0"/>
  </properties>
  <testcase name="shouldNotAddZombie" classname="GameTest" time="0.206">
    <system-out><![CDATA[[domain.players.Human@c5dc4a2, domain.players.Human@4a194c39]
]]></system-out>
    <system-err><![CDATA[dic 15, 2024 3:30:48 P. M. domain.Game addZombie
INFO: Intentando añadir un zombie: basic en (1, 0)
dic 15, 2024 3:30:48 P. M. domain.Game addZombie
WARNING: Posición inválida para el zombie: (1, 0)
dic 15, 2024 3:30:48 P. M. domain.Game addZombie
SEVERE: Error al añadir zombie: Given position is out of range for the zombie
]]></system-err>
  </testcase>
  <testcase name="shouldNotHaveSun" classname="GameTest" time="0.02">
    <system-out><![CDATA[[domain.players.Human@708400f6, domain.players.Human@5829e4f4]
]]></system-out>
    <system-err><![CDATA[dic 15, 2024 3:30:48 P. M. domain.Game addPlant
INFO: Intentando añadir una planta: peashooter en (2, 2)
dic 15, 2024 3:30:48 P. M. domain.Game addPlant
WARNING: No hay suficientes soles para añadir la planta: peashooter
dic 15, 2024 3:30:48 P. M. domain.Game addPlant
SEVERE: Error al añadir planta: Not enough suns to buy the plant
]]></system-err>
  </testcase>
  <testcase name="shouldAttackZombieWithPeaShooter" classname="GameTest" time="10.017">
    <system-out><![CDATA[[domain.players.Human@7f6f61c8, domain.players.Human@4c2cc639]
]]></system-out>
    <system-err><![CDATA[dic 15, 2024 3:30:48 P. M. domain.Game addPlant
INFO: Intentando añadir una planta: peashooter en (4, 2)
dic 15, 2024 3:30:48 P. M. domain.Game addPlant
INFO: Planta añadida exitosamente: peashooter en (4, 2)
dic 15, 2024 3:30:48 P. M. domain.Game addZombie
INFO: Intentando añadir un zombie: basic en (9, 2)
dic 15, 2024 3:30:48 P. M. domain.Game addZombie
INFO: Zombie añadido exitosamente: basic en (9, 2)
]]></system-err>
  </testcase>
  <testcase name="shouldAddSun" classname="GameTest" time="0.005">
    <system-out><![CDATA[[domain.players.Human@35e5d0e5, domain.players.Human@73173f63]
]]></system-out>
  </testcase>
  <testcase name="shouldAddMachineIAvIA" classname="GameTest" time="8.024">
    <system-out><![CDATA[[domain.players.PlantsIntelligent@3a0d172f, domain.players.ZombiesStrategic@68ad99fe]




Not enough brains to buy the plant




Not enough brains to buy the plant



Not enough brains to buy the plant



Not enough brains to buy the plant







]]></system-out>
    <system-err><![CDATA[dic 15, 2024 3:30:59 P. M. domain.Game addZombie
INFO: Intentando añadir un zombie: brainstein en (10, 0)
dic 15, 2024 3:30:59 P. M. domain.Game addPlant
INFO: Intentando añadir una planta: sunflower en (2, 0)
dic 15, 2024 3:30:59 P. M. domain.Game addZombie
INFO: Zombie añadido exitosamente: brainstein en (10, 0)
dic 15, 2024 3:30:59 P. M. domain.Game addPlant
INFO: Planta añadida exitosamente: sunflower en (2, 0)
dic 15, 2024 3:30:59 P. M. domain.plants.Sunflower generateSun
INFO: sol generado
dic 15, 2024 3:30:59 P. M. domain.Game addPlant
INFO: Intentando añadir una planta: sunflower en (2, 1)
dic 15, 2024 3:30:59 P. M. domain.Game addPlant
WARNING: No hay suficientes soles para añadir la planta: sunflower
dic 15, 2024 3:30:59 P. M. domain.plants.Sunflower generateSun
INFO: sol generado
dic 15, 2024 3:30:59 P. M. domain.Game addPlant
SEVERE: Error al añadir planta: Not enough suns to buy the plant
dic 15, 2024 3:30:59 P. M. domain.Game addPlant
INFO: Intentando añadir una planta: sunflower en (2, 2)
dic 15, 2024 3:30:59 P. M. domain.Game addPlant
INFO: Planta añadida exitosamente: sunflower en (2, 2)
dic 15, 2024 3:30:59 P. M. domain.plants.Sunflower generateSun
INFO: sol generado
dic 15, 2024 3:30:59 P. M. domain.Game addPlant
INFO: Intentando añadir una planta: sunflower en (2, 3)
dic 15, 2024 3:30:59 P. M. domain.Game addPlant
WARNING: No hay suficientes soles para añadir la planta: sunflower
dic 15, 2024 3:30:59 P. M. domain.plants.Sunflower generateSun
INFO: sol generado
dic 15, 2024 3:30:59 P. M. domain.Game addPlant
SEVERE: Error al añadir planta: Not enough suns to buy the plant
dic 15, 2024 3:30:59 P. M. domain.Game addPlant
INFO: Intentando añadir una planta: sunflower en (2, 4)
dic 15, 2024 3:30:59 P. M. domain.Game addPlant
INFO: Planta añadida exitosamente: sunflower en (2, 4)
dic 15, 2024 3:30:59 P. M. domain.plants.Sunflower generateSun
INFO: sol generado
dic 15, 2024 3:30:59 P. M. domain.Game addPlant
INFO: Intentando añadir una planta: eciplant en (1, 0)
dic 15, 2024 3:30:59 P. M. domain.Game addPlant
WARNING: No hay suficientes soles para añadir la planta: eciplant
dic 15, 2024 3:30:59 P. M. domain.plants.ECIPlant generateSun
INFO: sol generado
dic 15, 2024 3:30:59 P. M. domain.Game addPlant
SEVERE: Error al añadir planta: Not enough suns to buy the plant
dic 15, 2024 3:30:59 P. M. domain.Game addPlant
INFO: Intentando añadir una planta: eciplant en (1, 1)
dic 15, 2024 3:30:59 P. M. domain.Game addPlant
INFO: Planta añadida exitosamente: eciplant en (1, 1)
dic 15, 2024 3:30:59 P. M. domain.plants.ECIPlant generateSun
INFO: sol generado
dic 15, 2024 3:30:59 P. M. domain.Game addPlant
INFO: Intentando añadir una planta: eciplant en (1, 2)
dic 15, 2024 3:30:59 P. M. domain.Game addPlant
WARNING: No hay suficientes soles para añadir la planta: eciplant
dic 15, 2024 3:30:59 P. M. domain.plants.ECIPlant generateSun
INFO: sol generado
dic 15, 2024 3:30:59 P. M. domain.Game addPlant
SEVERE: Error al añadir planta: Not enough suns to buy the plant
dic 15, 2024 3:30:59 P. M. domain.Game addPlant
INFO: Intentando añadir una planta: eciplant en (1, 3)
dic 15, 2024 3:30:59 P. M. domain.Game addPlant
INFO: Planta añadida exitosamente: eciplant en (1, 3)
dic 15, 2024 3:30:59 P. M. domain.plants.ECIPlant generateSun
INFO: sol generado
dic 15, 2024 3:30:59 P. M. domain.Game addPlant
INFO: Intentando añadir una planta: eciplant en (1, 4)
dic 15, 2024 3:30:59 P. M. domain.Game addPlant
INFO: Planta añadida exitosamente: eciplant en (1, 4)
dic 15, 2024 3:30:59 P. M. domain.plants.ECIPlant generateSun
INFO: sol generado
dic 15, 2024 3:31:00 P. M. domain.Game addZombie
INFO: Intentando añadir un zombie: brainstein en (10, 0)
dic 15, 2024 3:31:00 P. M. domain.Game addZombie
WARNING: No hay suficientes cerebros para añadir el zombie: brainstein
dic 15, 2024 3:31:00 P. M. domain.Game addZombie
SEVERE: Error al añadir zombie: Not enough brains to buy the plant
dic 15, 2024 3:31:00 P. M. domain.Game addPlant
INFO: Intentando añadir una planta: sunflower en (2, 1)
dic 15, 2024 3:31:00 P. M. domain.Game addPlant
INFO: Planta añadida exitosamente: sunflower en (2, 1)
dic 15, 2024 3:31:00 P. M. domain.plants.Sunflower generateSun
INFO: sol generado
dic 15, 2024 3:31:00 P. M. domain.Game addPlant
INFO: Intentando añadir una planta: sunflower en (2, 3)
dic 15, 2024 3:31:00 P. M. domain.Game addPlant
WARNING: No hay suficientes soles para añadir la planta: sunflower
dic 15, 2024 3:31:00 P. M. domain.Game addPlant
SEVERE: Error al añadir planta: Not enough suns to buy the plant
dic 15, 2024 3:31:00 P. M. domain.Game addPlant
INFO: Intentando añadir una planta: eciplant en (1, 0)
dic 15, 2024 3:31:00 P. M. domain.Game addPlant
WARNING: No hay suficientes soles para añadir la planta: eciplant
dic 15, 2024 3:31:00 P. M. domain.plants.ECIPlant generateSun
INFO: sol generado
dic 15, 2024 3:31:00 P. M. domain.Game addPlant
SEVERE: Error al añadir planta: Not enough suns to buy the plant
dic 15, 2024 3:31:00 P. M. domain.Game addPlant
INFO: Intentando añadir una planta: eciplant en (1, 3)
dic 15, 2024 3:31:00 P. M. domain.Game addPlant
SEVERE: Error al añadir planta: Cannot add the unit because there is already a unit in the cell
dic 15, 2024 3:31:00 P. M. domain.Game addPlant
INFO: Intentando añadir una planta: eciplant en (1, 4)
dic 15, 2024 3:31:00 P. M. domain.Game addPlant
SEVERE: Error al añadir planta: Cannot add the unit because there is already a unit in the cell
dic 15, 2024 3:31:01 P. M. domain.Game addZombie
INFO: Intentando añadir un zombie: brainstein en (10, 0)
dic 15, 2024 3:31:01 P. M. domain.Game addZombie
WARNING: No hay suficientes cerebros para añadir el zombie: brainstein
dic 15, 2024 3:31:01 P. M. domain.Game addZombie
SEVERE: Error al añadir zombie: Not enough brains to buy the plant
dic 15, 2024 3:31:01 P. M. domain.Game addPlant
INFO: Intentando añadir una planta: sunflower en (2, 3)
dic 15, 2024 3:31:01 P. M. domain.Game addPlant
INFO: Planta añadida exitosamente: sunflower en (2, 3)
dic 15, 2024 3:31:01 P. M. domain.plants.Sunflower generateSun
INFO: sol generado
dic 15, 2024 3:31:01 P. M. domain.Game addPlant
INFO: Intentando añadir una planta: potatomine en (7, 0)
dic 15, 2024 3:31:01 P. M. domain.Game addPlant
INFO: Planta añadida exitosamente: potatomine en (7, 0)
dic 15, 2024 3:31:01 P. M. domain.Game addPlant
INFO: Intentando añadir una planta: potatomine en (7, 1)
dic 15, 2024 3:31:01 P. M. domain.Game addPlant
INFO: Planta añadida exitosamente: potatomine en (7, 1)
dic 15, 2024 3:31:01 P. M. domain.Game addPlant
INFO: Intentando añadir una planta: potatomine en (7, 2)
dic 15, 2024 3:31:01 P. M. domain.Game addPlant
WARNING: No hay suficientes soles para añadir la planta: potatomine
dic 15, 2024 3:31:01 P. M. domain.Game addPlant
SEVERE: Error al añadir planta: Not enough suns to buy the plant
dic 15, 2024 3:31:01 P. M. domain.Game addPlant
INFO: Intentando añadir una planta: potatomine en (7, 3)
dic 15, 2024 3:31:01 P. M. domain.Game addPlant
WARNING: No hay suficientes soles para añadir la planta: potatomine
dic 15, 2024 3:31:01 P. M. domain.Game addPlant
SEVERE: Error al añadir planta: Not enough suns to buy the plant
dic 15, 2024 3:31:01 P. M. domain.Game addPlant
INFO: Intentando añadir una planta: potatomine en (7, 4)
dic 15, 2024 3:31:01 P. M. domain.Game addPlant
WARNING: No hay suficientes soles para añadir la planta: potatomine
dic 15, 2024 3:31:01 P. M. domain.Game addPlant
SEVERE: Error al añadir planta: Not enough suns to buy the plant
dic 15, 2024 3:31:02 P. M. domain.plants.Sunflower generateSun
INFO: sol generado
dic 15, 2024 3:31:02 P. M. domain.plants.Sunflower generateSun
INFO: sol generado
dic 15, 2024 3:31:02 P. M. domain.plants.ECIPlant generateSun
INFO: sol generado
dic 15, 2024 3:31:02 P. M. domain.plants.ECIPlant generateSun
INFO: sol generado
dic 15, 2024 3:31:02 P. M. domain.Game addZombie
INFO: Intentando añadir un zombie: brainstein en (10, 0)
dic 15, 2024 3:31:02 P. M. domain.plants.ECIPlant generateSun
INFO: sol generado
dic 15, 2024 3:31:02 P. M. domain.plants.Sunflower generateSun
INFO: sol generado
dic 15, 2024 3:31:02 P. M. domain.Game addZombie
WARNING: No hay suficientes cerebros para añadir el zombie: brainstein
dic 15, 2024 3:31:02 P. M. domain.Game addZombie
SEVERE: Error al añadir zombie: Not enough brains to buy the plant
dic 15, 2024 3:31:02 P. M. domain.Game addPlant
INFO: Intentando añadir una planta: peashooter en (3, 0)
dic 15, 2024 3:31:02 P. M. domain.Game addPlant
INFO: Planta añadida exitosamente: peashooter en (3, 0)
dic 15, 2024 3:31:02 P. M. domain.Game addPlant
INFO: Intentando añadir una planta: peashooter en (3, 1)
dic 15, 2024 3:31:02 P. M. domain.Game addPlant
INFO: Planta añadida exitosamente: peashooter en (3, 1)
dic 15, 2024 3:31:02 P. M. domain.Game addPlant
INFO: Intentando añadir una planta: peashooter en (3, 2)
dic 15, 2024 3:31:02 P. M. domain.Game addPlant
WARNING: No hay suficientes soles para añadir la planta: peashooter
dic 15, 2024 3:31:02 P. M. domain.Game addPlant
SEVERE: Error al añadir planta: Not enough suns to buy the plant
dic 15, 2024 3:31:02 P. M. domain.Game addPlant
INFO: Intentando añadir una planta: peashooter en (3, 3)
dic 15, 2024 3:31:02 P. M. domain.Game addPlant
WARNING: No hay suficientes soles para añadir la planta: peashooter
dic 15, 2024 3:31:02 P. M. domain.Game addPlant
SEVERE: Error al añadir planta: Not enough suns to buy the plant
dic 15, 2024 3:31:02 P. M. domain.Game addPlant
INFO: Intentando añadir una planta: peashooter en (3, 4)
dic 15, 2024 3:31:02 P. M. domain.Game addPlant
WARNING: No hay suficientes soles para añadir la planta: peashooter
dic 15, 2024 3:31:02 P. M. domain.Game addPlant
SEVERE: Error al añadir planta: Not enough suns to buy the plant
dic 15, 2024 3:31:03 P. M. domain.plants.Sunflower generateSun
INFO: sol generado
dic 15, 2024 3:31:03 P. M. domain.Game addZombie
INFO: Intentando añadir un zombie: brainstein en (10, 0)
dic 15, 2024 3:31:03 P. M. domain.Game addZombie
WARNING: No hay suficientes cerebros para añadir el zombie: brainstein
dic 15, 2024 3:31:03 P. M. domain.Game addZombie
SEVERE: Error al añadir zombie: Not enough brains to buy the plant
dic 15, 2024 3:31:03 P. M. domain.Game addPlant
INFO: Intentando añadir una planta: peashooter en (3, 2)
dic 15, 2024 3:31:03 P. M. domain.Game addPlant
WARNING: No hay suficientes soles para añadir la planta: peashooter
dic 15, 2024 3:31:03 P. M. domain.Game addPlant
SEVERE: Error al añadir planta: Not enough suns to buy the plant
dic 15, 2024 3:31:03 P. M. domain.Game addPlant
INFO: Intentando añadir una planta: peashooter en (3, 3)
dic 15, 2024 3:31:03 P. M. domain.Game addPlant
WARNING: No hay suficientes soles para añadir la planta: peashooter
dic 15, 2024 3:31:03 P. M. domain.Game addPlant
SEVERE: Error al añadir planta: Not enough suns to buy the plant
dic 15, 2024 3:31:03 P. M. domain.Game addPlant
INFO: Intentando añadir una planta: peashooter en (3, 4)
dic 15, 2024 3:31:03 P. M. domain.Game addPlant
WARNING: No hay suficientes soles para añadir la planta: peashooter
dic 15, 2024 3:31:03 P. M. domain.Game addPlant
SEVERE: Error al añadir planta: Not enough suns to buy the plant
dic 15, 2024 3:31:04 P. M. domain.Game addZombie
INFO: Intentando añadir un zombie: brainstein en (10, 0)
dic 15, 2024 3:31:04 P. M. domain.Game addZombie
INFO: Zombie añadido exitosamente: brainstein en (10, 0)
dic 15, 2024 3:31:04 P. M. domain.plants.Sunflower generateSun
INFO: sol generado
dic 15, 2024 3:31:04 P. M. domain.Game addPlant
INFO: Intentando añadir una planta: peashooter en (3, 2)
dic 15, 2024 3:31:04 P. M. domain.Game addPlant
WARNING: No hay suficientes soles para añadir la planta: peashooter
dic 15, 2024 3:31:04 P. M. domain.Game addPlant
SEVERE: Error al añadir planta: Not enough suns to buy the plant
dic 15, 2024 3:31:04 P. M. domain.Game addPlant
INFO: Intentando añadir una planta: peashooter en (3, 3)
dic 15, 2024 3:31:04 P. M. domain.Game addPlant
WARNING: No hay suficientes soles para añadir la planta: peashooter
dic 15, 2024 3:31:04 P. M. domain.Game addPlant
SEVERE: Error al añadir planta: Not enough suns to buy the plant
dic 15, 2024 3:31:04 P. M. domain.Game addPlant
INFO: Intentando añadir una planta: peashooter en (3, 4)
dic 15, 2024 3:31:04 P. M. domain.Game addPlant
WARNING: No hay suficientes soles para añadir la planta: peashooter
dic 15, 2024 3:31:04 P. M. domain.Game addPlant
SEVERE: Error al añadir planta: Not enough suns to buy the plant
dic 15, 2024 3:31:05 P. M. domain.plants.Sunflower generateSun
INFO: sol generado
dic 15, 2024 3:31:05 P. M. domain.plants.Sunflower generateSun
INFO: sol generado
dic 15, 2024 3:31:05 P. M. domain.plants.Sunflower generateSun
INFO: sol generado
dic 15, 2024 3:31:05 P. M. domain.plants.ECIPlant generateSun
INFO: sol generado
dic 15, 2024 3:31:05 P. M. domain.plants.ECIPlant generateSun
INFO: sol generado
dic 15, 2024 3:31:05 P. M. domain.plants.ECIPlant generateSun
INFO: sol generado
dic 15, 2024 3:31:05 P. M. domain.Game addZombie
INFO: Intentando añadir un zombie: basic en (10, 1)
dic 15, 2024 3:31:05 P. M. domain.Game addZombie
INFO: Zombie añadido exitosamente: basic en (10, 1)
dic 15, 2024 3:31:05 P. M. domain.Game addPlant
INFO: Intentando añadir una planta: eciplant en (1, 0)
dic 15, 2024 3:31:05 P. M. domain.Game addPlant
INFO: Planta añadida exitosamente: eciplant en (1, 0)
dic 15, 2024 3:31:05 P. M. domain.Game addPlant
INFO: Intentando añadir una planta: eciplant en (1, 4)
dic 15, 2024 3:31:05 P. M. domain.Game addPlant
SEVERE: Error al añadir planta: Cannot add the unit because there is already a unit in the cell
dic 15, 2024 3:31:05 P. M. domain.plants.ECIPlant generateSun
INFO: sol generado
]]></system-err>
  </testcase>
  <testcase name="shouldEndGame" classname="GameTest" time="0.005"/>
  <testcase name="shouldPrintBoard" classname="GameTest" time="5.017">
    <system-out><![CDATA[[domain.players.Human@781f10f2, domain.players.Human@2a79d4b1]








Game Board:
. . . . . . . . . . . 
. . . . . . . . . . . 
. . . . P . . . . . . 
. . . . . . . . . . . 
. . . . . . . . . . . 
LawnMowers:
L . . . . . . . . . . 
L . . . . . . . . . . 
L . . . . . . . . . . 
L . . . . . . . . . . 
L . . . . . . . . . . 

]]></system-out>
    <system-err><![CDATA[dic 15, 2024 3:31:06 P. M. domain.Game addPlant
INFO: Intentando añadir una planta: peashooter en (4, 2)
dic 15, 2024 3:31:06 P. M. domain.Game addPlant
INFO: Planta añadida exitosamente: peashooter en (4, 2)
dic 15, 2024 3:31:06 P. M. domain.plants.Sunflower generateSun
INFO: sol generado
dic 15, 2024 3:31:06 P. M. domain.Game addZombie
INFO: Intentando añadir un zombie: basic en (9, 2)
dic 15, 2024 3:31:06 P. M. domain.Game addZombie
INFO: Zombie añadido exitosamente: basic en (9, 2)
dic 15, 2024 3:31:06 P. M. domain.Game addPlant
INFO: Intentando añadir una planta: eciplant en (1, 0)
dic 15, 2024 3:31:06 P. M. domain.Game addPlant
SEVERE: Error al añadir planta: Cannot add the unit because there is already a unit in the cell
dic 15, 2024 3:31:06 P. M. domain.Game addPlant
INFO: Intentando añadir una planta: eciplant en (1, 4)
dic 15, 2024 3:31:06 P. M. domain.Game addPlant
SEVERE: Error al añadir planta: Cannot add the unit because there is already a unit in the cell
dic 15, 2024 3:31:07 P. M. domain.Game addZombie
INFO: Intentando añadir un zombie: brainstein en (10, 0)
dic 15, 2024 3:31:07 P. M. domain.plants.Sunflower generateSun
INFO: sol generado
dic 15, 2024 3:31:07 P. M. domain.Game addZombie
INFO: Zombie añadido exitosamente: brainstein en (10, 0)
dic 15, 2024 3:31:07 P. M. domain.Game addPlant
INFO: Intentando añadir una planta: eciplant en (1, 0)
dic 15, 2024 3:31:07 P. M. domain.Game addPlant
SEVERE: Error al añadir planta: Cannot add the unit because there is already a unit in the cell
dic 15, 2024 3:31:07 P. M. domain.Game addPlant
INFO: Intentando añadir una planta: eciplant en (1, 4)
dic 15, 2024 3:31:07 P. M. domain.Game addPlant
SEVERE: Error al añadir planta: Cannot add the unit because there is already a unit in the cell
dic 15, 2024 3:31:08 P. M. domain.plants.Sunflower generateSun
INFO: sol generado
dic 15, 2024 3:31:08 P. M. domain.plants.Sunflower generateSun
INFO: sol generado
dic 15, 2024 3:31:08 P. M. domain.plants.ECIPlant generateSun
INFO: sol generado
dic 15, 2024 3:31:08 P. M. domain.plants.ECIPlant generateSun
INFO: sol generado
dic 15, 2024 3:31:08 P. M. domain.plants.Sunflower generateSun
INFO: sol generado
dic 15, 2024 3:31:08 P. M. domain.plants.ECIPlant generateSun
INFO: sol generado
dic 15, 2024 3:31:08 P. M. domain.Game addZombie
INFO: Intentando añadir un zombie: basic en (9, 4)
dic 15, 2024 3:31:08 P. M. domain.Game addZombie
INFO: Zombie añadido exitosamente: basic en (9, 4)
dic 15, 2024 3:31:08 P. M. domain.plants.ECIPlant generateSun
INFO: sol generado
dic 15, 2024 3:31:08 P. M. domain.Game addPlant
INFO: Intentando añadir una planta: eciplant en (1, 0)
dic 15, 2024 3:31:08 P. M. domain.Game addPlant
SEVERE: Error al añadir planta: Cannot add the unit because there is already a unit in the cell
dic 15, 2024 3:31:08 P. M. domain.Game addPlant
INFO: Intentando añadir una planta: eciplant en (1, 4)
dic 15, 2024 3:31:08 P. M. domain.Game addPlant
SEVERE: Error al añadir planta: Cannot add the unit because there is already a unit in the cell
dic 15, 2024 3:31:09 P. M. domain.plants.Sunflower generateSun
INFO: sol generado
dic 15, 2024 3:31:09 P. M. domain.Game addZombie
INFO: Intentando añadir un zombie: basic en (10, 0)
dic 15, 2024 3:31:09 P. M. domain.Game addZombie
INFO: Zombie añadido exitosamente: basic en (10, 0)
dic 15, 2024 3:31:09 P. M. domain.Game addPlant
INFO: Intentando añadir una planta: peashooter en (3, 2)
dic 15, 2024 3:31:09 P. M. domain.Game addPlant
INFO: Planta añadida exitosamente: peashooter en (3, 2)
dic 15, 2024 3:31:09 P. M. domain.Game addPlant
INFO: Intentando añadir una planta: peashooter en (3, 3)
dic 15, 2024 3:31:09 P. M. domain.Game addPlant
INFO: Planta añadida exitosamente: peashooter en (3, 3)
dic 15, 2024 3:31:09 P. M. domain.Game addPlant
INFO: Intentando añadir una planta: peashooter en (3, 4)
dic 15, 2024 3:31:09 P. M. domain.Game addPlant
INFO: Planta añadida exitosamente: peashooter en (3, 4)
dic 15, 2024 3:31:10 P. M. domain.plants.Sunflower generateSun
INFO: sol generado
dic 15, 2024 3:31:10 P. M. domain.Game addZombie
INFO: Intentando añadir un zombie: basic en (9, 2)
dic 15, 2024 3:31:10 P. M. domain.Game addZombie
INFO: Zombie añadido exitosamente: basic en (9, 2)
dic 15, 2024 3:31:10 P. M. domain.Game addPlant
INFO: Intentando añadir una planta: eciplant en (1, 0)
dic 15, 2024 3:31:10 P. M. domain.Game addPlant
SEVERE: Error al añadir planta: Cannot add the unit because there is already a unit in the cell
dic 15, 2024 3:31:10 P. M. domain.Game addPlant
INFO: Intentando añadir una planta: eciplant en (1, 4)
dic 15, 2024 3:31:10 P. M. domain.Game addPlant
SEVERE: Error al añadir planta: Cannot add the unit because there is already a unit in the cell
]]></system-err>
  </testcase>
  <testcase name="shouldGenerateSunFlower" classname="GameTest" time="3.02">
    <system-out><![CDATA[[domain.players.Human@14dda234, domain.players.Human@3f390d63]


]]></system-out>
    <system-err><![CDATA[dic 15, 2024 3:31:11 P. M. domain.Game addPlant
INFO: Intentando añadir una planta: sunflower en (4, 2)
dic 15, 2024 3:31:11 P. M. domain.Game addPlant
INFO: Planta añadida exitosamente: sunflower en (4, 2)
dic 15, 2024 3:31:11 P. M. domain.plants.Sunflower generateSun
INFO: sol generado
dic 15, 2024 3:31:11 P. M. domain.plants.Sunflower generateSun
INFO: sol generado
dic 15, 2024 3:31:11 P. M. domain.plants.Sunflower generateSun
INFO: sol generado
dic 15, 2024 3:31:11 P. M. domain.plants.Sunflower generateSun
INFO: sol generado
dic 15, 2024 3:31:11 P. M. domain.plants.ECIPlant generateSun
INFO: sol generado
dic 15, 2024 3:31:11 P. M. domain.plants.ECIPlant generateSun
INFO: sol generado
dic 15, 2024 3:31:11 P. M. domain.plants.ECIPlant generateSun
INFO: sol generado
dic 15, 2024 3:31:11 P. M. domain.Game addZombie
INFO: Intentando añadir un zombie: brainstein en (10, 0)
dic 15, 2024 3:31:11 P. M. domain.Game addZombie
INFO: Zombie añadido exitosamente: brainstein en (10, 0)
dic 15, 2024 3:31:11 P. M. domain.plants.ECIPlant generateSun
INFO: sol generado
dic 15, 2024 3:31:11 P. M. domain.Game addPlant
INFO: Intentando añadir una planta: eciplant en (1, 0)
dic 15, 2024 3:31:11 P. M. domain.Game addPlant
SEVERE: Error al añadir planta: Cannot add the unit because there is already a unit in the cell
dic 15, 2024 3:31:11 P. M. domain.Game addPlant
INFO: Intentando añadir una planta: eciplant en (1, 4)
dic 15, 2024 3:31:11 P. M. domain.Game addPlant
SEVERE: Error al añadir planta: Cannot add the unit because there is already a unit in the cell
dic 15, 2024 3:31:12 P. M. domain.plants.Sunflower generateSun
INFO: sol generado
dic 15, 2024 3:31:12 P. M. domain.Game addZombie
INFO: Intentando añadir un zombie: conehead en (9, 3)
dic 15, 2024 3:31:12 P. M. domain.Game addZombie
INFO: Zombie añadido exitosamente: conehead en (9, 3)
dic 15, 2024 3:31:12 P. M. domain.Game addPlant
INFO: Intentando añadir una planta: potatomine en (6, 0)
dic 15, 2024 3:31:12 P. M. domain.Game addPlant
INFO: Planta añadida exitosamente: potatomine en (6, 0)
dic 15, 2024 3:31:12 P. M. domain.Game addPlant
INFO: Intentando añadir una planta: potatomine en (6, 1)
dic 15, 2024 3:31:12 P. M. domain.Game addPlant
INFO: Planta añadida exitosamente: potatomine en (6, 1)
dic 15, 2024 3:31:12 P. M. domain.Game addPlant
INFO: Intentando añadir una planta: potatomine en (6, 2)
dic 15, 2024 3:31:12 P. M. domain.Game addPlant
INFO: Planta añadida exitosamente: potatomine en (6, 2)
dic 15, 2024 3:31:12 P. M. domain.Game addPlant
INFO: Intentando añadir una planta: potatomine en (6, 3)
dic 15, 2024 3:31:12 P. M. domain.Game addPlant
INFO: Planta añadida exitosamente: potatomine en (6, 3)
dic 15, 2024 3:31:12 P. M. domain.Game addPlant
INFO: Intentando añadir una planta: potatomine en (6, 4)
dic 15, 2024 3:31:12 P. M. domain.Game addPlant
INFO: Planta añadida exitosamente: potatomine en (6, 4)
dic 15, 2024 3:31:13 P. M. domain.plants.Sunflower generateSun
INFO: sol generado
dic 15, 2024 3:31:13 P. M. domain.Game addZombie
INFO: Intentando añadir un zombie: buckethead en (9, 3)
dic 15, 2024 3:31:13 P. M. domain.Game addZombie
INFO: Zombie añadido exitosamente: buckethead en (9, 3)
dic 15, 2024 3:31:13 P. M. domain.Game addPlant
INFO: Intentando añadir una planta: wallnut en (4, 0)
dic 15, 2024 3:31:13 P. M. domain.Game addPlant
INFO: Planta añadida exitosamente: wallnut en (4, 0)
dic 15, 2024 3:31:13 P. M. domain.Game addPlant
INFO: Intentando añadir una planta: wallnut en (4, 1)
dic 15, 2024 3:31:13 P. M. domain.Game addPlant
INFO: Planta añadida exitosamente: wallnut en (4, 1)
dic 15, 2024 3:31:13 P. M. domain.Game addPlant
INFO: Intentando añadir una planta: wallnut en (4, 2)
dic 15, 2024 3:31:13 P. M. domain.Game addPlant
INFO: Planta añadida exitosamente: wallnut en (4, 2)
dic 15, 2024 3:31:13 P. M. domain.Game addPlant
INFO: Intentando añadir una planta: wallnut en (4, 3)
dic 15, 2024 3:31:13 P. M. domain.Game addPlant
INFO: Planta añadida exitosamente: wallnut en (4, 3)
dic 15, 2024 3:31:13 P. M. domain.Game addPlant
INFO: Intentando añadir una planta: wallnut en (4, 4)
dic 15, 2024 3:31:13 P. M. domain.Game addPlant
INFO: Planta añadida exitosamente: wallnut en (4, 4)
dic 15, 2024 3:31:14 P. M. domain.plants.Sunflower generateSun
INFO: sol generado
dic 15, 2024 3:31:14 P. M. domain.plants.Sunflower generateSun
INFO: sol generado
dic 15, 2024 3:31:14 P. M. domain.plants.Sunflower generateSun
INFO: sol generado
]]></system-err>
  </testcase>
  <testcase name="shouldExploitedPotato" classname="GameTest" time="15.009">
    <system-out><![CDATA[[domain.players.Human@5a411614, domain.players.Human@2374d36a]
Activated!
Activated!

Activated!
Activated!
Activated!

Activated!
]]></system-out>
    <system-err><![CDATA[dic 15, 2024 3:31:14 P. M. domain.Game addPlant
INFO: Intentando añadir una planta: potatomine en (2, 2)
dic 15, 2024 3:31:14 P. M. domain.Game addPlant
INFO: Planta añadida exitosamente: potatomine en (2, 2)
dic 15, 2024 3:31:14 P. M. domain.Game addZombie
INFO: Intentando añadir un zombie: basic en (9, 2)
dic 15, 2024 3:31:14 P. M. domain.Game addZombie
INFO: Zombie añadido exitosamente: basic en (9, 2)
dic 15, 2024 3:31:14 P. M. domain.plants.ECIPlant generateSun
INFO: sol generado
dic 15, 2024 3:31:14 P. M. domain.plants.ECIPlant generateSun
INFO: sol generado
dic 15, 2024 3:31:14 P. M. domain.plants.ECIPlant generateSun
INFO: sol generado
dic 15, 2024 3:31:14 P. M. domain.plants.Sunflower generateSun
INFO: sol generado
dic 15, 2024 3:31:14 P. M. domain.plants.ECIPlant generateSun
INFO: sol generado
dic 15, 2024 3:31:14 P. M. domain.Game addZombie
INFO: Intentando añadir un zombie: conehead en (9, 3)
dic 15, 2024 3:31:14 P. M. domain.Game addZombie
INFO: Zombie añadido exitosamente: conehead en (9, 3)
dic 15, 2024 3:31:15 P. M. domain.plants.Sunflower generateSun
INFO: sol generado
dic 15, 2024 3:31:15 P. M. domain.Game addZombie
INFO: Intentando añadir un zombie: brainstein en (10, 0)
dic 15, 2024 3:31:15 P. M. domain.Game addZombie
INFO: Zombie añadido exitosamente: brainstein en (10, 0)
dic 15, 2024 3:31:16 P. M. domain.plants.Sunflower generateSun
INFO: sol generado
dic 15, 2024 3:31:16 P. M. domain.Game addZombie
INFO: Intentando añadir un zombie: conehead en (9, 3)
dic 15, 2024 3:31:16 P. M. domain.Game addZombie
INFO: Zombie añadido exitosamente: conehead en (9, 3)
dic 15, 2024 3:31:16 P. M. domain.Game addPlant
INFO: Intentando añadir una planta: wallnut en (5, 0)
dic 15, 2024 3:31:16 P. M. domain.Game addPlant
INFO: Planta añadida exitosamente: wallnut en (5, 0)
dic 15, 2024 3:31:16 P. M. domain.Game addPlant
INFO: Intentando añadir una planta: wallnut en (5, 1)
dic 15, 2024 3:31:16 P. M. domain.Game addPlant
INFO: Planta añadida exitosamente: wallnut en (5, 1)
dic 15, 2024 3:31:16 P. M. domain.Game addPlant
INFO: Intentando añadir una planta: wallnut en (5, 2)
dic 15, 2024 3:31:16 P. M. domain.Game addPlant
INFO: Planta añadida exitosamente: wallnut en (5, 2)
dic 15, 2024 3:31:16 P. M. domain.Game addPlant
INFO: Intentando añadir una planta: wallnut en (5, 3)
dic 15, 2024 3:31:16 P. M. domain.Game addPlant
INFO: Planta añadida exitosamente: wallnut en (5, 3)
dic 15, 2024 3:31:16 P. M. domain.Game addPlant
INFO: Intentando añadir una planta: wallnut en (5, 4)
dic 15, 2024 3:31:16 P. M. domain.Game addPlant
INFO: Planta añadida exitosamente: wallnut en (5, 4)
dic 15, 2024 3:31:17 P. M. domain.plants.Sunflower generateSun
INFO: sol generado
dic 15, 2024 3:31:17 P. M. domain.plants.Sunflower generateSun
INFO: sol generado
dic 15, 2024 3:31:17 P. M. domain.plants.ECIPlant generateSun
INFO: sol generado
dic 15, 2024 3:31:17 P. M. domain.plants.ECIPlant generateSun
INFO: sol generado
dic 15, 2024 3:31:17 P. M. domain.plants.ECIPlant generateSun
INFO: sol generado
dic 15, 2024 3:31:17 P. M. domain.plants.Sunflower generateSun
INFO: sol generado
dic 15, 2024 3:31:17 P. M. domain.plants.ECIPlant generateSun
INFO: sol generado
dic 15, 2024 3:31:17 P. M. domain.Game addZombie
INFO: Intentando añadir un zombie: basic en (9, 3)
dic 15, 2024 3:31:17 P. M. domain.Game addZombie
INFO: Zombie añadido exitosamente: basic en (9, 3)
dic 15, 2024 3:31:18 P. M. domain.plants.Sunflower generateSun
INFO: sol generado
dic 15, 2024 3:31:18 P. M. domain.Game addZombie
INFO: Intentando añadir un zombie: conehead en (9, 3)
dic 15, 2024 3:31:18 P. M. domain.Game addZombie
INFO: Zombie añadido exitosamente: conehead en (9, 3)
dic 15, 2024 3:31:19 P. M. domain.plants.Sunflower generateSun
INFO: sol generado
dic 15, 2024 3:31:19 P. M. domain.Game addZombie
INFO: Intentando añadir un zombie: brainstein en (10, 0)
dic 15, 2024 3:31:19 P. M. domain.Game addZombie
INFO: Zombie añadido exitosamente: brainstein en (10, 0)
dic 15, 2024 3:31:20 P. M. domain.plants.Sunflower generateSun
INFO: sol generado
dic 15, 2024 3:31:20 P. M. domain.plants.Sunflower generateSun
INFO: sol generado
dic 15, 2024 3:31:20 P. M. domain.plants.ECIPlant generateSun
INFO: sol generado
dic 15, 2024 3:31:20 P. M. domain.plants.ECIPlant generateSun
INFO: sol generado
dic 15, 2024 3:31:20 P. M. domain.plants.Sunflower generateSun
INFO: sol generado
dic 15, 2024 3:31:20 P. M. domain.plants.ECIPlant generateSun
INFO: sol generado
dic 15, 2024 3:31:20 P. M. domain.plants.ECIPlant generateSun
INFO: sol generado
dic 15, 2024 3:31:20 P. M. domain.Game addZombie
INFO: Intentando añadir un zombie: conehead en (9, 3)
dic 15, 2024 3:31:20 P. M. domain.Game addZombie
INFO: Zombie añadido exitosamente: conehead en (9, 3)
dic 15, 2024 3:31:21 P. M. domain.plants.Sunflower generateSun
INFO: sol generado
dic 15, 2024 3:31:21 P. M. domain.Game addZombie
INFO: Intentando añadir un zombie: basic en (9, 3)
dic 15, 2024 3:31:21 P. M. domain.Game addZombie
INFO: Zombie añadido exitosamente: basic en (9, 3)
dic 15, 2024 3:31:21 P. M. domain.Game addPlant
INFO: Intentando añadir una planta: potatomine en (6, 0)
dic 15, 2024 3:31:21 P. M. domain.Game addPlant
INFO: Planta añadida exitosamente: potatomine en (6, 0)
dic 15, 2024 3:31:21 P. M. domain.Game addPlant
INFO: Intentando añadir una planta: potatomine en (6, 3)
dic 15, 2024 3:31:21 P. M. domain.Game addPlant
INFO: Planta añadida exitosamente: potatomine en (6, 3)
dic 15, 2024 3:31:22 P. M. domain.plants.Sunflower generateSun
INFO: sol generado
dic 15, 2024 3:31:22 P. M. domain.Game addZombie
INFO: Intentando añadir un zombie: buckethead en (9, 3)
dic 15, 2024 3:31:22 P. M. domain.Game addZombie
INFO: Zombie añadido exitosamente: buckethead en (9, 3)
dic 15, 2024 3:31:22 P. M. domain.Game addPlant
INFO: Intentando añadir una planta: eciplant en (1, 0)
dic 15, 2024 3:31:22 P. M. domain.Game addPlant
SEVERE: Error al añadir planta: Cannot add the unit because there is already a unit in the cell
dic 15, 2024 3:31:23 P. M. domain.plants.Sunflower generateSun
INFO: sol generado
dic 15, 2024 3:31:23 P. M. domain.plants.Sunflower generateSun
INFO: sol generado
dic 15, 2024 3:31:23 P. M. domain.plants.ECIPlant generateSun
INFO: sol generado
dic 15, 2024 3:31:23 P. M. domain.plants.ECIPlant generateSun
INFO: sol generado
dic 15, 2024 3:31:23 P. M. domain.plants.Sunflower generateSun
INFO: sol generado
dic 15, 2024 3:31:23 P. M. domain.plants.ECIPlant generateSun
INFO: sol generado
dic 15, 2024 3:31:23 P. M. domain.plants.ECIPlant generateSun
INFO: sol generado
dic 15, 2024 3:31:23 P. M. domain.Game addZombie
INFO: Intentando añadir un zombie: brainstein en (10, 0)
dic 15, 2024 3:31:23 P. M. domain.Game addZombie
INFO: Zombie añadido exitosamente: brainstein en (10, 0)
dic 15, 2024 3:31:24 P. M. domain.plants.Sunflower generateSun
INFO: sol generado
dic 15, 2024 3:31:24 P. M. domain.Game addZombie
INFO: Intentando añadir un zombie: buckethead en (9, 3)
dic 15, 2024 3:31:24 P. M. domain.Game addZombie
INFO: Zombie añadido exitosamente: buckethead en (9, 3)
dic 15, 2024 3:31:25 P. M. domain.plants.Sunflower generateSun
INFO: sol generado
dic 15, 2024 3:31:25 P. M. domain.Game addZombie
INFO: Intentando añadir un zombie: conehead en (9, 3)
dic 15, 2024 3:31:25 P. M. domain.Game addZombie
INFO: Zombie añadido exitosamente: conehead en (9, 3)
dic 15, 2024 3:31:26 P. M. domain.plants.Sunflower generateSun
INFO: sol generado
dic 15, 2024 3:31:26 P. M. domain.plants.Sunflower generateSun
INFO: sol generado
dic 15, 2024 3:31:26 P. M. domain.plants.Sunflower generateSun
INFO: sol generado
dic 15, 2024 3:31:26 P. M. domain.plants.ECIPlant generateSun
INFO: sol generado
dic 15, 2024 3:31:26 P. M. domain.plants.ECIPlant generateSun
INFO: sol generado
dic 15, 2024 3:31:26 P. M. domain.plants.ECIPlant generateSun
INFO: sol generado
dic 15, 2024 3:31:26 P. M. domain.plants.ECIPlant generateSun
INFO: sol generado
dic 15, 2024 3:31:26 P. M. domain.Game addZombie
INFO: Intentando añadir un zombie: buckethead en (9, 3)
dic 15, 2024 3:31:26 P. M. domain.Game addZombie
INFO: Zombie añadido exitosamente: buckethead en (9, 3)
dic 15, 2024 3:31:26 P. M. domain.Game addPlant
INFO: Intentando añadir una planta: eciplant en (1, 0)
dic 15, 2024 3:31:26 P. M. domain.Game addPlant
SEVERE: Error al añadir planta: Cannot add the unit because there is already a unit in the cell
dic 15, 2024 3:31:27 P. M. domain.plants.Sunflower generateSun
INFO: sol generado
dic 15, 2024 3:31:27 P. M. domain.Game addZombie
INFO: Intentando añadir un zombie: brainstein en (10, 0)
dic 15, 2024 3:31:27 P. M. domain.Game addZombie
INFO: Zombie añadido exitosamente: brainstein en (10, 0)
dic 15, 2024 3:31:28 P. M. domain.plants.Sunflower generateSun
INFO: sol generado
dic 15, 2024 3:31:28 P. M. domain.Game addZombie
INFO: Intentando añadir un zombie: buckethead en (9, 3)
dic 15, 2024 3:31:28 P. M. domain.Game addZombie
INFO: Zombie añadido exitosamente: buckethead en (9, 3)
]]></system-err>
  </testcase>
  <testcase name="shouldNotRemoveSun" classname="GameTest" time="0.003">
    <system-out><![CDATA[[domain.players.Human@6c25e6c4, domain.players.Human@85e6769]
]]></system-out>
  </testcase>
  <testcase name="shouldNotGameOver" classname="GameTest" time="8.01">
    <system-out><![CDATA[[domain.players.Human@48a12036, domain.players.Human@bf1ec20]




POW :D
Activated!


]]></system-out>
    <system-err><![CDATA[dic 15, 2024 3:31:29 P. M. domain.Game addZombie
INFO: Intentando añadir un zombie: basic en (10, 2)
dic 15, 2024 3:31:29 P. M. domain.Game addZombie
INFO: Zombie añadido exitosamente: basic en (10, 2)
dic 15, 2024 3:31:29 P. M. domain.plants.Sunflower generateSun
INFO: sol generado
dic 15, 2024 3:31:29 P. M. domain.plants.Sunflower generateSun
INFO: sol generado
dic 15, 2024 3:31:29 P. M. domain.plants.ECIPlant generateSun
INFO: sol generado
dic 15, 2024 3:31:29 P. M. domain.plants.ECIPlant generateSun
INFO: sol generado
dic 15, 2024 3:31:29 P. M. domain.plants.Sunflower generateSun
INFO: sol generado
dic 15, 2024 3:31:29 P. M. domain.plants.ECIPlant generateSun
INFO: sol generado
dic 15, 2024 3:31:29 P. M. domain.plants.ECIPlant generateSun
INFO: sol generado
dic 15, 2024 3:31:29 P. M. domain.Game addZombie
INFO: Intentando añadir un zombie: basic en (9, 3)
dic 15, 2024 3:31:29 P. M. domain.Game addZombie
INFO: Zombie añadido exitosamente: basic en (9, 3)
dic 15, 2024 3:31:30 P. M. domain.plants.Sunflower generateSun
INFO: sol generado
dic 15, 2024 3:31:30 P. M. domain.Game addZombie
INFO: Intentando añadir un zombie: conehead en (9, 3)
dic 15, 2024 3:31:30 P. M. domain.Game addZombie
INFO: Zombie añadido exitosamente: conehead en (9, 3)
dic 15, 2024 3:31:31 P. M. domain.plants.Sunflower generateSun
INFO: sol generado
dic 15, 2024 3:31:31 P. M. domain.Game addZombie
INFO: Intentando añadir un zombie: brainstein en (10, 0)
dic 15, 2024 3:31:31 P. M. domain.Game addZombie
INFO: Zombie añadido exitosamente: brainstein en (10, 0)
dic 15, 2024 3:31:32 P. M. domain.plants.Sunflower generateSun
INFO: sol generado
dic 15, 2024 3:31:32 P. M. domain.plants.Sunflower generateSun
INFO: sol generado
dic 15, 2024 3:31:32 P. M. domain.plants.ECIPlant generateSun
INFO: sol generado
dic 15, 2024 3:31:32 P. M. domain.plants.Sunflower generateSun
INFO: sol generado
dic 15, 2024 3:31:32 P. M. domain.plants.ECIPlant generateSun
INFO: sol generado
dic 15, 2024 3:31:32 P. M. domain.plants.ECIPlant generateSun
INFO: sol generado
dic 15, 2024 3:31:32 P. M. domain.plants.ECIPlant generateSun
INFO: sol generado
dic 15, 2024 3:31:32 P. M. domain.Game addZombie
INFO: Intentando añadir un zombie: buckethead en (9, 3)
dic 15, 2024 3:31:32 P. M. domain.Game addZombie
INFO: Zombie añadido exitosamente: buckethead en (9, 3)
dic 15, 2024 3:31:32 P. M. domain.Game addPlant
INFO: Intentando añadir una planta: potatomine en (7, 0)
dic 15, 2024 3:31:32 P. M. domain.Game addPlant
SEVERE: Error al añadir planta: Cannot add the unit because there is already a unit in the cell
dic 15, 2024 3:31:32 P. M. domain.Game addPlant
INFO: Intentando añadir una planta: potatomine en (7, 2)
dic 15, 2024 3:31:32 P. M. domain.Game addPlant
INFO: Planta añadida exitosamente: potatomine en (7, 2)
dic 15, 2024 3:31:32 P. M. domain.Game addPlant
INFO: Intentando añadir una planta: potatomine en (7, 3)
dic 15, 2024 3:31:32 P. M. domain.Game addPlant
INFO: Planta añadida exitosamente: potatomine en (7, 3)
dic 15, 2024 3:31:32 P. M. domain.Game addPlant
INFO: Intentando añadir una planta: potatomine en (7, 4)
dic 15, 2024 3:31:32 P. M. domain.Game addPlant
INFO: Planta añadida exitosamente: potatomine en (7, 4)
dic 15, 2024 3:31:33 P. M. domain.Game addZombie
INFO: Intentando añadir un zombie: basic en (10, 2)
dic 15, 2024 3:31:33 P. M. domain.Game addZombie
INFO: Zombie añadido exitosamente: basic en (10, 2)
dic 15, 2024 3:31:33 P. M. domain.plants.Sunflower generateSun
INFO: sol generado
dic 15, 2024 3:31:33 P. M. domain.Game addZombie
INFO: Intentando añadir un zombie: basic en (9, 3)
dic 15, 2024 3:31:33 P. M. domain.Game addZombie
INFO: Zombie añadido exitosamente: basic en (9, 3)
dic 15, 2024 3:31:33 P. M. domain.Game addPlant
INFO: Intentando añadir una planta: eciplant en (1, 0)
dic 15, 2024 3:31:33 P. M. domain.Game addPlant
SEVERE: Error al añadir planta: Cannot add the unit because there is already a unit in the cell
dic 15, 2024 3:31:34 P. M. domain.plants.Sunflower generateSun
INFO: sol generado
dic 15, 2024 3:31:34 P. M. domain.Game addZombie
INFO: Intentando añadir un zombie: basic en (9, 3)
dic 15, 2024 3:31:34 P. M. domain.Game addZombie
INFO: Zombie añadido exitosamente: basic en (9, 3)
dic 15, 2024 3:31:34 P. M. domain.Game addPlant
INFO: Intentando añadir una planta: potatomine en (7, 0)
dic 15, 2024 3:31:34 P. M. domain.Game addPlant
SEVERE: Error al añadir planta: Cannot add the unit because there is already a unit in the cell
dic 15, 2024 3:31:34 P. M. domain.Game addPlant
INFO: Intentando añadir una planta: potatomine en (7, 3)
dic 15, 2024 3:31:34 P. M. domain.Game addPlant
SEVERE: Error al añadir planta: Cannot add the unit because there is already a unit in the cell
dic 15, 2024 3:31:34 P. M. domain.Game deleteUnit
INFO: Unidad eliminada exitosamente en la posición (2, 2)
dic 15, 2024 3:31:35 P. M. domain.plants.Sunflower generateSun
INFO: sol generado
dic 15, 2024 3:31:35 P. M. domain.plants.Sunflower generateSun
INFO: sol generado
dic 15, 2024 3:31:35 P. M. domain.plants.Sunflower generateSun
INFO: sol generado
dic 15, 2024 3:31:35 P. M. domain.plants.ECIPlant generateSun
INFO: sol generado
dic 15, 2024 3:31:35 P. M. domain.plants.ECIPlant generateSun
INFO: sol generado
dic 15, 2024 3:31:35 P. M. domain.plants.ECIPlant generateSun
INFO: sol generado
dic 15, 2024 3:31:35 P. M. domain.plants.ECIPlant generateSun
INFO: sol generado
dic 15, 2024 3:31:35 P. M. domain.Game addZombie
INFO: Intentando añadir un zombie: brainstein en (10, 0)
dic 15, 2024 3:31:35 P. M. domain.Game addZombie
INFO: Zombie añadido exitosamente: brainstein en (10, 0)
dic 15, 2024 3:31:35 P. M. domain.Game addPlant
INFO: Intentando añadir una planta: potatomine en (6, 3)
dic 15, 2024 3:31:35 P. M. domain.Game addPlant
SEVERE: Error al añadir planta: Cannot add the unit because there is already a unit in the cell
dic 15, 2024 3:31:36 P. M. domain.plants.Sunflower generateSun
INFO: sol generado
dic 15, 2024 3:31:36 P. M. domain.Game addZombie
INFO: Intentando añadir un zombie: basic en (9, 3)
dic 15, 2024 3:31:36 P. M. domain.Game addZombie
INFO: Zombie añadido exitosamente: basic en (9, 3)
dic 15, 2024 3:31:36 P. M. domain.Game addPlant
INFO: Intentando añadir una planta: eciplant en (1, 0)
dic 15, 2024 3:31:36 P. M. domain.Game addPlant
SEVERE: Error al añadir planta: Cannot add the unit because there is already a unit in the cell
]]></system-err>
  </testcase>
  <testcase name="shouldGenerateEciplant" classname="GameTest" time="3.013">
    <system-out><![CDATA[[domain.players.Human@b7838a9, domain.players.Human@696f0212]

]]></system-out>
    <system-err><![CDATA[dic 15, 2024 3:31:37 P. M. domain.Game addPlant
INFO: Intentando añadir una planta: eciplant en (4, 2)
dic 15, 2024 3:31:37 P. M. domain.Game addPlant
INFO: Planta añadida exitosamente: eciplant en (4, 2)
dic 15, 2024 3:31:37 P. M. domain.plants.ECIPlant generateSun
INFO: sol generado
dic 15, 2024 3:31:37 P. M. domain.plants.Sunflower generateSun
INFO: sol generado
dic 15, 2024 3:31:37 P. M. domain.Game addZombie
INFO: Intentando añadir un zombie: buckethead en (9, 3)
dic 15, 2024 3:31:37 P. M. domain.Game addZombie
INFO: Zombie añadido exitosamente: buckethead en (9, 3)
dic 15, 2024 3:31:38 P. M. domain.plants.Sunflower generateSun
INFO: sol generado
dic 15, 2024 3:31:38 P. M. domain.plants.Sunflower generateSun
INFO: sol generado
dic 15, 2024 3:31:38 P. M. domain.plants.ECIPlant generateSun
INFO: sol generado
dic 15, 2024 3:31:38 P. M. domain.plants.Sunflower generateSun
INFO: sol generado
dic 15, 2024 3:31:38 P. M. domain.plants.ECIPlant generateSun
INFO: sol generado
dic 15, 2024 3:31:38 P. M. domain.plants.ECIPlant generateSun
INFO: sol generado
dic 15, 2024 3:31:38 P. M. domain.plants.ECIPlant generateSun
INFO: sol generado
dic 15, 2024 3:31:38 P. M. domain.Game addZombie
INFO: Intentando añadir un zombie: basic en (9, 3)
dic 15, 2024 3:31:38 P. M. domain.Game addZombie
INFO: Zombie añadido exitosamente: basic en (9, 3)
dic 15, 2024 3:31:38 P. M. domain.Game addPlant
INFO: Intentando añadir una planta: eciplant en (1, 0)
dic 15, 2024 3:31:38 P. M. domain.Game addPlant
SEVERE: Error al añadir planta: Cannot add the unit because there is already a unit in the cell
dic 15, 2024 3:31:39 P. M. domain.plants.Sunflower generateSun
INFO: sol generado
dic 15, 2024 3:31:39 P. M. domain.Game addZombie
INFO: Intentando añadir un zombie: brainstein en (10, 0)
dic 15, 2024 3:31:39 P. M. domain.Game addZombie
INFO: Zombie añadido exitosamente: brainstein en (10, 0)
dic 15, 2024 3:31:40 P. M. domain.plants.ECIPlant generateSun
INFO: sol generado
]]></system-err>
  </testcase>
  <testcase name="shouldAddZombie" classname="GameTest" time="0.008">
    <system-out><![CDATA[[domain.players.Human@56c698e3, domain.players.Human@47a86fbb]
]]></system-out>
    <system-err><![CDATA[dic 15, 2024 3:31:40 P. M. domain.Game addZombie
INFO: Intentando añadir un zombie: basic en (10, 0)
dic 15, 2024 3:31:40 P. M. domain.Game addZombie
INFO: Zombie añadido exitosamente: basic en (10, 0)
dic 15, 2024 3:31:40 P. M. domain.Game addZombie
INFO: Intentando añadir un zombie: brainstein en (10, 1)
dic 15, 2024 3:31:40 P. M. domain.Game addZombie
INFO: Zombie añadido exitosamente: brainstein en (10, 1)
dic 15, 2024 3:31:40 P. M. domain.Game addZombie
INFO: Intentando añadir un zombie: buckethead en (10, 2)
dic 15, 2024 3:31:40 P. M. domain.Game addZombie
INFO: Zombie añadido exitosamente: buckethead en (10, 2)
dic 15, 2024 3:31:40 P. M. domain.Game addZombie
INFO: Intentando añadir un zombie: conehead en (10, 3)
dic 15, 2024 3:31:40 P. M. domain.Game addZombie
INFO: Zombie añadido exitosamente: conehead en (10, 3)
dic 15, 2024 3:31:40 P. M. domain.Game addZombie
INFO: Intentando añadir un zombie: ecizombie en (10, 4)
dic 15, 2024 3:31:40 P. M. domain.Game addZombie
INFO: Zombie añadido exitosamente: ecizombie en (10, 4)
]]></system-err>
  </testcase>
  <testcase name="shouldNotDeletePlant" classname="GameTest" time="0.009">
    <system-out><![CDATA[[domain.players.Human@73dce0e6, domain.players.Human@5a85c92]
]]></system-out>
    <system-err><![CDATA[dic 15, 2024 3:31:40 P. M. domain.Game addPlant
INFO: Intentando añadir una planta: wallnut en (4, 2)
dic 15, 2024 3:31:40 P. M. domain.Game addPlant
INFO: Planta añadida exitosamente: wallnut en (4, 2)
dic 15, 2024 3:31:40 P. M. domain.Game addPlant
INFO: Intentando añadir una planta: sunflower en (3, 2)
dic 15, 2024 3:31:40 P. M. domain.Game addPlant
INFO: Planta añadida exitosamente: sunflower en (3, 2)
dic 15, 2024 3:31:40 P. M. domain.Game addPlant
INFO: Intentando añadir una planta: eciplant en (2, 2)
dic 15, 2024 3:31:40 P. M. domain.plants.Sunflower generateSun
INFO: sol generado
dic 15, 2024 3:31:40 P. M. domain.Game addPlant
INFO: Planta añadida exitosamente: eciplant en (2, 2)
dic 15, 2024 3:31:40 P. M. domain.plants.ECIPlant generateSun
INFO: sol generado
dic 15, 2024 3:31:40 P. M. domain.Game addPlant
INFO: Intentando añadir una planta: potatomine en (5, 2)
dic 15, 2024 3:31:40 P. M. domain.Game addPlant
INFO: Planta añadida exitosamente: potatomine en (5, 2)
dic 15, 2024 3:31:40 P. M. domain.Game addPlant
INFO: Intentando añadir una planta: peashooter en (6, 2)
dic 15, 2024 3:31:40 P. M. domain.Game addPlant
INFO: Planta añadida exitosamente: peashooter en (6, 2)
]]></system-err>
  </testcase>
  <testcase name="shouldDeletePlant" classname="GameTest" time="0.011">
    <system-out><![CDATA[[domain.players.Human@3f07b12c, domain.players.Human@4bd1f8dd]
]]></system-out>
    <system-err><![CDATA[dic 15, 2024 3:31:40 P. M. domain.Game addPlant
INFO: Intentando añadir una planta: wallnut en (4, 2)
dic 15, 2024 3:31:40 P. M. domain.Game addPlant
INFO: Planta añadida exitosamente: wallnut en (4, 2)
dic 15, 2024 3:31:40 P. M. domain.Game addPlant
INFO: Intentando añadir una planta: sunflower en (3, 2)
dic 15, 2024 3:31:40 P. M. domain.Game addPlant
INFO: Planta añadida exitosamente: sunflower en (3, 2)
dic 15, 2024 3:31:40 P. M. domain.plants.Sunflower generateSun
INFO: sol generado
dic 15, 2024 3:31:40 P. M. domain.Game addPlant
INFO: Intentando añadir una planta: eciplant en (2, 2)
dic 15, 2024 3:31:40 P. M. domain.Game addPlant
INFO: Planta añadida exitosamente: eciplant en (2, 2)
dic 15, 2024 3:31:40 P. M. domain.Game addPlant
INFO: Intentando añadir una planta: potatomine en (5, 2)
dic 15, 2024 3:31:40 P. M. domain.plants.ECIPlant generateSun
INFO: sol generado
dic 15, 2024 3:31:40 P. M. domain.Game addPlant
INFO: Planta añadida exitosamente: potatomine en (5, 2)
dic 15, 2024 3:31:40 P. M. domain.Game addPlant
INFO: Intentando añadir una planta: peashooter en (6, 2)
dic 15, 2024 3:31:40 P. M. domain.Game addPlant
INFO: Planta añadida exitosamente: peashooter en (6, 2)
dic 15, 2024 3:31:40 P. M. domain.Game deleteUnit
INFO: Unidad eliminada exitosamente en la posición (4, 2)
dic 15, 2024 3:31:40 P. M. domain.Game deleteUnit
INFO: Unidad eliminada exitosamente en la posición (3, 2)
dic 15, 2024 3:31:40 P. M. domain.Game deleteUnit
INFO: Unidad eliminada exitosamente en la posición (2, 2)
dic 15, 2024 3:31:40 P. M. domain.Game deleteUnit
INFO: Unidad eliminada exitosamente en la posición (5, 2)
dic 15, 2024 3:31:40 P. M. domain.Game deleteUnit
INFO: Unidad eliminada exitosamente en la posición (6, 2)
]]></system-err>
  </testcase>
  <testcase name="shouldAddMachineEasy" classname="GameTest" time="8.012">
    <system-out><![CDATA[[domain.players.Human@62f68dff, domain.players.ZombiesOriginal@f001896]

Error to put zombie: Not enough brains to buy the plant
Error to put zombie: Not enough brains to buy the plant
Error to put zombie: Not enough brains to buy the plant
Error to put zombie: Not enough brains to buy the plant

Activated!
Activated!
Activated!
Error to put zombie: Not enough brains to buy the plant
]]></system-out>
    <system-err><![CDATA[dic 15, 2024 3:31:40 P. M. domain.plants.Sunflower generateSun
INFO: sol generado
dic 15, 2024 3:31:40 P. M. domain.Game addZombie
INFO: Intentando añadir un zombie: buckethead en (9, 3)
dic 15, 2024 3:31:40 P. M. domain.Game addZombie
INFO: Zombie añadido exitosamente: buckethead en (9, 3)
dic 15, 2024 3:31:40 P. M. domain.Game addPlant
INFO: Intentando añadir una planta: eciplant en (1, 0)
dic 15, 2024 3:31:40 P. M. domain.Game addPlant
SEVERE: Error al añadir planta: Cannot add the unit because there is already a unit in the cell
dic 15, 2024 3:31:40 P. M. domain.LawnMower activate
INFO: LawnMower activado en la fila: 2
dic 15, 2024 3:31:41 P. M. domain.plants.Sunflower generateSun
INFO: sol generado
dic 15, 2024 3:31:41 P. M. domain.plants.Sunflower generateSun
INFO: sol generado
dic 15, 2024 3:31:41 P. M. domain.plants.ECIPlant generateSun
INFO: sol generado
dic 15, 2024 3:31:41 P. M. domain.plants.Sunflower generateSun
INFO: sol generado
dic 15, 2024 3:31:41 P. M. domain.plants.ECIPlant generateSun
INFO: sol generado
dic 15, 2024 3:31:41 P. M. domain.plants.ECIPlant generateSun
INFO: sol generado
dic 15, 2024 3:31:41 P. M. domain.Game addZombie
INFO: Intentando añadir un zombie: brainstein en (10, 1)
dic 15, 2024 3:31:41 P. M. domain.Game addZombie
INFO: Zombie añadido exitosamente: brainstein en (10, 1)
dic 15, 2024 3:31:41 P. M. domain.plants.ECIPlant generateSun
INFO: sol generado
dic 15, 2024 3:31:41 P. M. domain.Game addZombie
INFO: Intentando añadir un zombie: conehead en (9, 3)
dic 15, 2024 3:31:41 P. M. domain.Game addZombie
INFO: Zombie añadido exitosamente: conehead en (9, 3)
dic 15, 2024 3:31:42 P. M. domain.Game addZombie
INFO: Intentando añadir un zombie: brainstein en (10, 2)
dic 15, 2024 3:31:42 P. M. domain.plants.Sunflower generateSun
INFO: sol generado
dic 15, 2024 3:31:42 P. M. domain.Game addZombie
WARNING: No hay suficientes cerebros para añadir el zombie: brainstein
dic 15, 2024 3:31:42 P. M. domain.Game addZombie
SEVERE: Error al añadir zombie: Not enough brains to buy the plant
dic 15, 2024 3:31:42 P. M. domain.Game addZombie
INFO: Intentando añadir un zombie: conehead en (9, 3)
dic 15, 2024 3:31:42 P. M. domain.Game addZombie
INFO: Zombie añadido exitosamente: conehead en (9, 3)
dic 15, 2024 3:31:43 P. M. domain.plants.ECIPlant generateSun
INFO: sol generado
dic 15, 2024 3:31:43 P. M. domain.plants.Sunflower generateSun
INFO: sol generado
dic 15, 2024 3:31:43 P. M. domain.plants.ECIPlant generateSun
INFO: sol generado
dic 15, 2024 3:31:43 P. M. domain.plants.Sunflower generateSun
INFO: sol generado
dic 15, 2024 3:31:43 P. M. domain.plants.Sunflower generateSun
INFO: sol generado
dic 15, 2024 3:31:43 P. M. domain.Game addZombie
INFO: Intentando añadir un zombie: basic en (9, 2)
dic 15, 2024 3:31:43 P. M. domain.Game addZombie
WARNING: No hay suficientes cerebros para añadir el zombie: basic
dic 15, 2024 3:31:43 P. M. domain.Game addZombie
SEVERE: Error al añadir zombie: Not enough brains to buy the plant
dic 15, 2024 3:31:43 P. M. domain.Game addZombie
INFO: Intentando añadir un zombie: brainstein en (10, 0)
dic 15, 2024 3:31:43 P. M. domain.Game addZombie
INFO: Zombie añadido exitosamente: brainstein en (10, 0)
dic 15, 2024 3:31:44 P. M. domain.plants.Sunflower generateSun
INFO: sol generado
dic 15, 2024 3:31:44 P. M. domain.plants.Sunflower generateSun
INFO: sol generado
dic 15, 2024 3:31:44 P. M. domain.plants.ECIPlant generateSun
INFO: sol generado
dic 15, 2024 3:31:44 P. M. domain.plants.Sunflower generateSun
INFO: sol generado
dic 15, 2024 3:31:44 P. M. domain.plants.ECIPlant generateSun
INFO: sol generado
dic 15, 2024 3:31:44 P. M. domain.plants.ECIPlant generateSun
INFO: sol generado
dic 15, 2024 3:31:44 P. M. domain.Game addZombie
INFO: Intentando añadir un zombie: conehead en (9, 0)
dic 15, 2024 3:31:44 P. M. domain.Game addZombie
WARNING: No hay suficientes cerebros para añadir el zombie: conehead
dic 15, 2024 3:31:44 P. M. domain.Game addZombie
SEVERE: Error al añadir zombie: Not enough brains to buy the plant
dic 15, 2024 3:31:44 P. M. domain.plants.ECIPlant generateSun
INFO: sol generado
dic 15, 2024 3:31:44 P. M. domain.Game addZombie
INFO: Intentando añadir un zombie: basic en (9, 3)
dic 15, 2024 3:31:44 P. M. domain.Game addZombie
INFO: Zombie añadido exitosamente: basic en (9, 3)
dic 15, 2024 3:31:45 P. M. domain.plants.Sunflower generateSun
INFO: sol generado
dic 15, 2024 3:31:45 P. M. domain.Game addZombie
INFO: Intentando añadir un zombie: basic en (10, 3)
dic 15, 2024 3:31:45 P. M. domain.Game addZombie
WARNING: No hay suficientes cerebros para añadir el zombie: basic
dic 15, 2024 3:31:45 P. M. domain.Game addZombie
SEVERE: Error al añadir zombie: Not enough brains to buy the plant
dic 15, 2024 3:31:45 P. M. domain.Game addZombie
INFO: Intentando añadir un zombie: conehead en (9, 3)
dic 15, 2024 3:31:45 P. M. domain.Game addZombie
INFO: Zombie añadido exitosamente: conehead en (9, 3)
dic 15, 2024 3:31:45 P. M. domain.Game addPlant
INFO: Intentando añadir una planta: potatomine en (7, 0)
dic 15, 2024 3:31:45 P. M. domain.Game addPlant
INFO: Planta añadida exitosamente: potatomine en (7, 0)
dic 15, 2024 3:31:45 P. M. domain.Game addPlant
INFO: Intentando añadir una planta: potatomine en (7, 3)
dic 15, 2024 3:31:45 P. M. domain.Game addPlant
SEVERE: Error al añadir planta: Cannot add the unit because there is already a unit in the cell
dic 15, 2024 3:31:46 P. M. domain.plants.Sunflower generateSun
INFO: sol generado
dic 15, 2024 3:31:46 P. M. domain.plants.ECIPlant generateSun
INFO: sol generado
dic 15, 2024 3:31:46 P. M. domain.plants.Sunflower generateSun
INFO: sol generado
dic 15, 2024 3:31:46 P. M. domain.plants.ECIPlant generateSun
INFO: sol generado
dic 15, 2024 3:31:46 P. M. domain.plants.Sunflower generateSun
INFO: sol generado
dic 15, 2024 3:31:46 P. M. domain.Game addZombie
INFO: Intentando añadir un zombie: basic en (9, 2)
dic 15, 2024 3:31:46 P. M. domain.Game addZombie
INFO: Zombie añadido exitosamente: basic en (9, 2)
dic 15, 2024 3:31:46 P. M. domain.Game addZombie
INFO: Intentando añadir un zombie: basic en (9, 3)
dic 15, 2024 3:31:46 P. M. domain.Game addZombie
INFO: Zombie añadido exitosamente: basic en (9, 3)
dic 15, 2024 3:31:47 P. M. domain.plants.Sunflower generateSun
INFO: sol generado
dic 15, 2024 3:31:47 P. M. domain.plants.Sunflower generateSun
INFO: sol generado
dic 15, 2024 3:31:47 P. M. domain.plants.ECIPlant generateSun
INFO: sol generado
dic 15, 2024 3:31:47 P. M. domain.plants.ECIPlant generateSun
INFO: sol generado
dic 15, 2024 3:31:47 P. M. domain.plants.Sunflower generateSun
INFO: sol generado
dic 15, 2024 3:31:47 P. M. domain.plants.ECIPlant generateSun
INFO: sol generado
dic 15, 2024 3:31:47 P. M. domain.plants.ECIPlant generateSun
INFO: sol generado
dic 15, 2024 3:31:47 P. M. domain.Game addZombie
INFO: Intentando añadir un zombie: buckethead en (10, 4)
dic 15, 2024 3:31:47 P. M. domain.Game addZombie
WARNING: No hay suficientes cerebros para añadir el zombie: buckethead
dic 15, 2024 3:31:47 P. M. domain.Game addZombie
SEVERE: Error al añadir zombie: Not enough brains to buy the plant
dic 15, 2024 3:31:47 P. M. domain.Game addZombie
INFO: Intentando añadir un zombie: brainstein en (10, 0)
dic 15, 2024 3:31:47 P. M. domain.Game addZombie
INFO: Zombie añadido exitosamente: brainstein en (10, 0)
dic 15, 2024 3:31:47 P. M. domain.Game addPlant
INFO: Intentando añadir una planta: potatomine en (6, 3)
dic 15, 2024 3:31:47 P. M. domain.Game addPlant
INFO: Planta añadida exitosamente: potatomine en (6, 3)
]]></system-err>
  </testcase>
  <testcase name="shouldNotAddBrain" classname="GameTest" time="0.003">
    <system-out><![CDATA[[domain.players.Human@4bc28c33, domain.players.Human@4409e975]
]]></system-out>
  </testcase>
  <testcase name="shouldNotAddPlant" classname="GameTest" time="0.005">
    <system-out><![CDATA[[domain.players.Human@758a34ce, domain.players.Human@7ec3394b]
]]></system-out>
    <system-err><![CDATA[dic 15, 2024 3:31:48 P. M. domain.Game addPlant
INFO: Intentando añadir una planta: wallnut en (4, 2)
dic 15, 2024 3:31:48 P. M. domain.Game addPlant
INFO: Planta añadida exitosamente: wallnut en (4, 2)
dic 15, 2024 3:31:48 P. M. domain.Game addPlant
INFO: Intentando añadir una planta: sunflower en (0, 2)
dic 15, 2024 3:31:48 P. M. domain.Game addPlant
WARNING: Posición inválida para la planta: (0, 2)
dic 15, 2024 3:31:48 P. M. domain.Game addPlant
SEVERE: Error al añadir planta: Given position is out of range for the plant
]]></system-err>
  </testcase>
  <testcase name="shouldLoad" classname="GameTest" time="0.031">
    <system-out><![CDATA[[domain.players.Human@312ab28e, domain.players.Human@5644dc81]
]]></system-out>
    <system-err><![CDATA[dic 15, 2024 3:31:48 P. M. domain.plants.Sunflower generateSun
INFO: sol generado
java.io.WriteAbortedException: writing aborted; java.io.NotSerializableException: domain.Game
	at java.base/java.io.ObjectInputStream.readObject0(ObjectInputStream.java:1757)
	at java.base/java.io.ObjectInputStream.readObject(ObjectInputStream.java:528)
	at java.base/java.io.ObjectInputStream.readObject(ObjectInputStream.java:486)
	at domain.Game.open(Game.java:423)
	at GameTest.lambda$shouldLoad$21(GameTest.java:569)
	at org.junit.jupiter.api.AssertThrows.assertThrows(AssertThrows.java:55)
	at org.junit.jupiter.api.AssertThrows.assertThrows(AssertThrows.java:37)
	at org.junit.jupiter.api.Assertions.assertThrows(Assertions.java:3082)
	at GameTest.shouldLoad(GameTest.java:567)
	at java.base/jdk.internal.reflect.DirectMethodHandleAccessor.invoke(DirectMethodHandleAccessor.java:103)
	at java.base/java.lang.reflect.Method.invoke(Method.java:580)
	at org.junit.platform.commons.util.ReflectionUtils.invokeMethod(ReflectionUtils.java:725)
	at org.junit.jupiter.engine.execution.MethodInvocation.proceed(MethodInvocation.java:60)
	at org.junit.jupiter.engine.execution.InvocationInterceptorChain$ValidatingInvocation.proceed(InvocationInterceptorChain.java:131)
	at org.junit.jupiter.engine.extension.TimeoutExtension.intercept(TimeoutExtension.java:149)
	at org.junit.jupiter.engine.extension.TimeoutExtension.interceptTestableMethod(TimeoutExtension.java:140)
	at org.junit.jupiter.engine.extension.TimeoutExtension.interceptTestMethod(TimeoutExtension.java:84)
	at org.junit.jupiter.engine.execution.ExecutableInvoker$ReflectiveInterceptorCall.lambda$ofVoidMethod$0(ExecutableInvoker.java:115)
	at org.junit.jupiter.engine.execution.ExecutableInvoker.lambda$invoke$0(ExecutableInvoker.java:105)
	at org.junit.jupiter.engine.execution.InvocationInterceptorChain$InterceptedInvocation.proceed(InvocationInterceptorChain.java:106)
	at org.junit.jupiter.engine.execution.InvocationInterceptorChain.proceed(InvocationInterceptorChain.java:64)
	at org.junit.jupiter.engine.execution.InvocationInterceptorChain.chainAndInvoke(InvocationInterceptorChain.java:45)
	at org.junit.jupiter.engine.execution.InvocationInterceptorChain.invoke(InvocationInterceptorChain.java:37)
	at org.junit.jupiter.engine.execution.ExecutableInvoker.invoke(ExecutableInvoker.java:104)
	at org.junit.jupiter.engine.execution.ExecutableInvoker.invoke(ExecutableInvoker.java:98)
	at org.junit.jupiter.engine.descriptor.TestMethodTestDescriptor.lambda$invokeTestMethod$7(TestMethodTestDescriptor.java:214)
	at org.junit.platform.engine.support.hierarchical.ThrowableCollector.execute(ThrowableCollector.java:73)
	at org.junit.jupiter.engine.descriptor.TestMethodTestDescriptor.invokeTestMethod(TestMethodTestDescriptor.java:210)
	at org.junit.jupiter.engine.descriptor.TestMethodTestDescriptor.execute(TestMethodTestDescriptor.java:135)
	at org.junit.jupiter.engine.descriptor.TestMethodTestDescriptor.execute(TestMethodTestDescriptor.java:66)
	at org.junit.platform.engine.support.hierarchical.NodeTestTask.lambda$executeRecursively$6(NodeTestTask.java:151)
	at org.junit.platform.engine.support.hierarchical.ThrowableCollector.execute(ThrowableCollector.java:73)
	at org.junit.platform.engine.support.hierarchical.NodeTestTask.lambda$executeRecursively$8(NodeTestTask.java:141)
	at org.junit.platform.engine.support.hierarchical.Node.around(Node.java:137)
	at org.junit.platform.engine.support.hierarchical.NodeTestTask.lambda$executeRecursively$9(NodeTestTask.java:139)
	at org.junit.platform.engine.support.hierarchical.ThrowableCollector.execute(ThrowableCollector.java:73)
	at org.junit.platform.engine.support.hierarchical.NodeTestTask.executeRecursively(NodeTestTask.java:138)
	at org.junit.platform.engine.support.hierarchical.NodeTestTask.execute(NodeTestTask.java:95)
	at java.base/java.util.ArrayList.forEach(ArrayList.java:1597)
	at org.junit.platform.engine.support.hierarchical.SameThreadHierarchicalTestExecutorService.invokeAll(SameThreadHierarchicalTestExecutorService.java:41)
	at org.junit.platform.engine.support.hierarchical.NodeTestTask.lambda$executeRecursively$6(NodeTestTask.java:155)
	at org.junit.platform.engine.support.hierarchical.ThrowableCollector.execute(ThrowableCollector.java:73)
	at org.junit.platform.engine.support.hierarchical.NodeTestTask.lambda$executeRecursively$8(NodeTestTask.java:141)
	at org.junit.platform.engine.support.hierarchical.Node.around(Node.java:137)
	at org.junit.platform.engine.support.hierarchical.NodeTestTask.lambda$executeRecursively$9(NodeTestTask.java:139)
	at org.junit.platform.engine.support.hierarchical.ThrowableCollector.execute(ThrowableCollector.java:73)
	at org.junit.platform.engine.support.hierarchical.NodeTestTask.executeRecursively(NodeTestTask.java:138)
	at org.junit.platform.engine.support.hierarchical.NodeTestTask.execute(NodeTestTask.java:95)
	at java.base/java.util.ArrayList.forEach(ArrayList.java:1597)
	at org.junit.platform.engine.support.hierarchical.SameThreadHierarchicalTestExecutorService.invokeAll(SameThreadHierarchicalTestExecutorService.java:41)
	at org.junit.platform.engine.support.hierarchical.NodeTestTask.lambda$executeRecursively$6(NodeTestTask.java:155)
	at org.junit.platform.engine.support.hierarchical.ThrowableCollector.execute(ThrowableCollector.java:73)
	at org.junit.platform.engine.support.hierarchical.NodeTestTask.lambda$executeRecursively$8(NodeTestTask.java:141)
	at org.junit.platform.engine.support.hierarchical.Node.around(Node.java:137)
	at org.junit.platform.engine.support.hierarchical.NodeTestTask.lambda$executeRecursively$9(NodeTestTask.java:139)
	at org.junit.platform.engine.support.hierarchical.ThrowableCollector.execute(ThrowableCollector.java:73)
	at org.junit.platform.engine.support.hierarchical.NodeTestTask.executeRecursively(NodeTestTask.java:138)
	at org.junit.platform.engine.support.hierarchical.NodeTestTask.execute(NodeTestTask.java:95)
	at org.junit.platform.engine.support.hierarchical.SameThreadHierarchicalTestExecutorService.submit(SameThreadHierarchicalTestExecutorService.java:35)
	at org.junit.platform.engine.support.hierarchical.HierarchicalTestExecutor.execute(HierarchicalTestExecutor.java:57)
	at org.junit.platform.engine.support.hierarchical.HierarchicalTestEngine.execute(HierarchicalTestEngine.java:54)
	at org.junit.platform.launcher.core.EngineExecutionOrchestrator.execute(EngineExecutionOrchestrator.java:107)
	at org.junit.platform.launcher.core.EngineExecutionOrchestrator.execute(EngineExecutionOrchestrator.java:88)
	at org.junit.platform.launcher.core.EngineExecutionOrchestrator.lambda$execute$0(EngineExecutionOrchestrator.java:54)
	at org.junit.platform.launcher.core.EngineExecutionOrchestrator.withInterceptedStreams(EngineExecutionOrchestrator.java:67)
	at org.junit.platform.launcher.core.EngineExecutionOrchestrator.execute(EngineExecutionOrchestrator.java:52)
	at org.junit.platform.launcher.core.DefaultLauncher.execute(DefaultLauncher.java:114)
	at org.junit.platform.launcher.core.DefaultLauncher.execute(DefaultLauncher.java:86)
	at org.junit.platform.launcher.core.DefaultLauncherSession$DelegatingLauncher.execute(DefaultLauncherSession.java:86)
	at org.apache.maven.surefire.junitplatform.LazyLauncher.execute(LazyLauncher.java:56)
	at org.apache.maven.surefire.junitplatform.JUnitPlatformProvider.execute(JUnitPlatformProvider.java:184)
	at org.apache.maven.surefire.junitplatform.JUnitPlatformProvider.invokeAllTests(JUnitPlatformProvider.java:148)
	at org.apache.maven.surefire.junitplatform.JUnitPlatformProvider.invoke(JUnitPlatformProvider.java:122)
	at org.apache.maven.surefire.booter.ForkedBooter.runSuitesInProcess(ForkedBooter.java:385)
	at org.apache.maven.surefire.booter.ForkedBooter.execute(ForkedBooter.java:162)
	at org.apache.maven.surefire.booter.ForkedBooter.run(ForkedBooter.java:507)
	at org.apache.maven.surefire.booter.ForkedBooter.main(ForkedBooter.java:495)
Caused by: java.io.NotSerializableException: domain.Game
	at java.base/java.io.ObjectOutputStream.writeObject0(ObjectOutputStream.java:1201)
	at java.base/java.io.ObjectOutputStream.writeObject(ObjectOutputStream.java:359)
	at domain.Game.save(Game.java:400)
	at GameTest.lambda$shouldSave$20(GameTest.java:561)
	at org.junit.jupiter.api.AssertThrows.assertThrows(AssertThrows.java:55)
	at org.junit.jupiter.api.AssertThrows.assertThrows(AssertThrows.java:37)
	at org.junit.jupiter.api.Assertions.assertThrows(Assertions.java:3082)
	at GameTest.shouldSave(GameTest.java:559)
	... 68 more
]]></system-err>
  </testcase>
  <testcase name="shouldSave" classname="GameTest" time="0.036">
    <system-out><![CDATA[[domain.players.Human@77a98a6a, domain.players.Human@78fbff54]
]]></system-out>
    <system-err><![CDATA[java.io.NotSerializableException: domain.Game
	at java.base/java.io.ObjectOutputStream.writeObject0(ObjectOutputStream.java:1201)
	at java.base/java.io.ObjectOutputStream.writeObject(ObjectOutputStream.java:359)
	at domain.Game.save(Game.java:399)
	at GameTest.lambda$shouldSave$20(GameTest.java:561)
	at org.junit.jupiter.api.AssertThrows.assertThrows(AssertThrows.java:55)
	at org.junit.jupiter.api.AssertThrows.assertThrows(AssertThrows.java:37)
	at org.junit.jupiter.api.Assertions.assertThrows(Assertions.java:3082)
	at GameTest.shouldSave(GameTest.java:559)
	at java.base/jdk.internal.reflect.DirectMethodHandleAccessor.invoke(DirectMethodHandleAccessor.java:103)
	at java.base/java.lang.reflect.Method.invoke(Method.java:580)
	at org.junit.platform.commons.util.ReflectionUtils.invokeMethod(ReflectionUtils.java:725)
	at org.junit.jupiter.engine.execution.MethodInvocation.proceed(MethodInvocation.java:60)
	at org.junit.jupiter.engine.execution.InvocationInterceptorChain$ValidatingInvocation.proceed(InvocationInterceptorChain.java:131)
	at org.junit.jupiter.engine.extension.TimeoutExtension.intercept(TimeoutExtension.java:149)
	at org.junit.jupiter.engine.extension.TimeoutExtension.interceptTestableMethod(TimeoutExtension.java:140)
	at org.junit.jupiter.engine.extension.TimeoutExtension.interceptTestMethod(TimeoutExtension.java:84)
	at org.junit.jupiter.engine.execution.ExecutableInvoker$ReflectiveInterceptorCall.lambda$ofVoidMethod$0(ExecutableInvoker.java:115)
	at org.junit.jupiter.engine.execution.ExecutableInvoker.lambda$invoke$0(ExecutableInvoker.java:105)
	at org.junit.jupiter.engine.execution.InvocationInterceptorChain$InterceptedInvocation.proceed(InvocationInterceptorChain.java:106)
	at org.junit.jupiter.engine.execution.InvocationInterceptorChain.proceed(InvocationInterceptorChain.java:64)
	at org.junit.jupiter.engine.execution.InvocationInterceptorChain.chainAndInvoke(InvocationInterceptorChain.java:45)
	at org.junit.jupiter.engine.execution.InvocationInterceptorChain.invoke(InvocationInterceptorChain.java:37)
	at org.junit.jupiter.engine.execution.ExecutableInvoker.invoke(ExecutableInvoker.java:104)
	at org.junit.jupiter.engine.execution.ExecutableInvoker.invoke(ExecutableInvoker.java:98)
	at org.junit.jupiter.engine.descriptor.TestMethodTestDescriptor.lambda$invokeTestMethod$7(TestMethodTestDescriptor.java:214)
	at org.junit.platform.engine.support.hierarchical.ThrowableCollector.execute(ThrowableCollector.java:73)
	at org.junit.jupiter.engine.descriptor.TestMethodTestDescriptor.invokeTestMethod(TestMethodTestDescriptor.java:210)
	at org.junit.jupiter.engine.descriptor.TestMethodTestDescriptor.execute(TestMethodTestDescriptor.java:135)
	at org.junit.jupiter.engine.descriptor.TestMethodTestDescriptor.execute(TestMethodTestDescriptor.java:66)
	at org.junit.platform.engine.support.hierarchical.NodeTestTask.lambda$executeRecursively$6(NodeTestTask.java:151)
	at org.junit.platform.engine.support.hierarchical.ThrowableCollector.execute(ThrowableCollector.java:73)
	at org.junit.platform.engine.support.hierarchical.NodeTestTask.lambda$executeRecursively$8(NodeTestTask.java:141)
	at org.junit.platform.engine.support.hierarchical.Node.around(Node.java:137)
	at org.junit.platform.engine.support.hierarchical.NodeTestTask.lambda$executeRecursively$9(NodeTestTask.java:139)
	at org.junit.platform.engine.support.hierarchical.ThrowableCollector.execute(ThrowableCollector.java:73)
	at org.junit.platform.engine.support.hierarchical.NodeTestTask.executeRecursively(NodeTestTask.java:138)
	at org.junit.platform.engine.support.hierarchical.NodeTestTask.execute(NodeTestTask.java:95)
	at java.base/java.util.ArrayList.forEach(ArrayList.java:1597)
	at org.junit.platform.engine.support.hierarchical.SameThreadHierarchicalTestExecutorService.invokeAll(SameThreadHierarchicalTestExecutorService.java:41)
	at org.junit.platform.engine.support.hierarchical.NodeTestTask.lambda$executeRecursively$6(NodeTestTask.java:155)
	at org.junit.platform.engine.support.hierarchical.ThrowableCollector.execute(ThrowableCollector.java:73)
	at org.junit.platform.engine.support.hierarchical.NodeTestTask.lambda$executeRecursively$8(NodeTestTask.java:141)
	at org.junit.platform.engine.support.hierarchical.Node.around(Node.java:137)
	at org.junit.platform.engine.support.hierarchical.NodeTestTask.lambda$executeRecursively$9(NodeTestTask.java:139)
	at org.junit.platform.engine.support.hierarchical.ThrowableCollector.execute(ThrowableCollector.java:73)
	at org.junit.platform.engine.support.hierarchical.NodeTestTask.executeRecursively(NodeTestTask.java:138)
	at org.junit.platform.engine.support.hierarchical.NodeTestTask.execute(NodeTestTask.java:95)
	at java.base/java.util.ArrayList.forEach(ArrayList.java:1597)
	at org.junit.platform.engine.support.hierarchical.SameThreadHierarchicalTestExecutorService.invokeAll(SameThreadHierarchicalTestExecutorService.java:41)
	at org.junit.platform.engine.support.hierarchical.NodeTestTask.lambda$executeRecursively$6(NodeTestTask.java:155)
	at org.junit.platform.engine.support.hierarchical.ThrowableCollector.execute(ThrowableCollector.java:73)
	at org.junit.platform.engine.support.hierarchical.NodeTestTask.lambda$executeRecursively$8(NodeTestTask.java:141)
	at org.junit.platform.engine.support.hierarchical.Node.around(Node.java:137)
	at org.junit.platform.engine.support.hierarchical.NodeTestTask.lambda$executeRecursively$9(NodeTestTask.java:139)
	at org.junit.platform.engine.support.hierarchical.ThrowableCollector.execute(ThrowableCollector.java:73)
	at org.junit.platform.engine.support.hierarchical.NodeTestTask.executeRecursively(NodeTestTask.java:138)
	at org.junit.platform.engine.support.hierarchical.NodeTestTask.execute(NodeTestTask.java:95)
	at org.junit.platform.engine.support.hierarchical.SameThreadHierarchicalTestExecutorService.submit(SameThreadHierarchicalTestExecutorService.java:35)
	at org.junit.platform.engine.support.hierarchical.HierarchicalTestExecutor.execute(HierarchicalTestExecutor.java:57)
	at org.junit.platform.engine.support.hierarchical.HierarchicalTestEngine.execute(HierarchicalTestEngine.java:54)
	at org.junit.platform.launcher.core.EngineExecutionOrchestrator.execute(EngineExecutionOrchestrator.java:107)
	at org.junit.platform.launcher.core.EngineExecutionOrchestrator.execute(EngineExecutionOrchestrator.java:88)
	at org.junit.platform.launcher.core.EngineExecutionOrchestrator.lambda$execute$0(EngineExecutionOrchestrator.java:54)
	at org.junit.platform.launcher.core.EngineExecutionOrchestrator.withInterceptedStreams(EngineExecutionOrchestrator.java:67)
	at org.junit.platform.launcher.core.EngineExecutionOrchestrator.execute(EngineExecutionOrchestrator.java:52)
	at org.junit.platform.launcher.core.DefaultLauncher.execute(DefaultLauncher.java:114)
	at org.junit.platform.launcher.core.DefaultLauncher.execute(DefaultLauncher.java:86)
	at org.junit.platform.launcher.core.DefaultLauncherSession$DelegatingLauncher.execute(DefaultLauncherSession.java:86)
	at org.apache.maven.surefire.junitplatform.LazyLauncher.execute(LazyLauncher.java:56)
	at org.apache.maven.surefire.junitplatform.JUnitPlatformProvider.execute(JUnitPlatformProvider.java:184)
	at org.apache.maven.surefire.junitplatform.JUnitPlatformProvider.invokeAllTests(JUnitPlatformProvider.java:148)
	at org.apache.maven.surefire.junitplatform.JUnitPlatformProvider.invoke(JUnitPlatformProvider.java:122)
	at org.apache.maven.surefire.booter.ForkedBooter.runSuitesInProcess(ForkedBooter.java:385)
	at org.apache.maven.surefire.booter.ForkedBooter.execute(ForkedBooter.java:162)
	at org.apache.maven.surefire.booter.ForkedBooter.run(ForkedBooter.java:507)
	at org.apache.maven.surefire.booter.ForkedBooter.main(ForkedBooter.java:495)
]]></system-err>
  </testcase>
  <testcase name="shouldNotAddSun" classname="GameTest" time="0.008">
    <system-out><![CDATA[[domain.players.Human@71b3bc45, domain.players.Human@a8c1f44]
]]></system-out>
  </testcase>
  <testcase name="shouldAddPlayers" classname="GameTest" time="0.005">
    <system-out><![CDATA[[domain.players.Human@50fe837a, domain.players.Human@3a62c01e]
]]></system-out>
  </testcase>
  <testcase name="shouldGetZombie" classname="GameTest" time="0.009">
    <system-out><![CDATA[[domain.players.Human@5ce33a58, domain.players.Human@78a287ed]
100 50 100 basic
]]></system-out>
    <system-err><![CDATA[dic 15, 2024 3:31:48 P. M. domain.Game addZombie
INFO: Intentando añadir un zombie: basic en (10, 4)
dic 15, 2024 3:31:48 P. M. domain.Game addZombie
INFO: Zombie añadido exitosamente: basic en (10, 4)
dic 15, 2024 3:31:48 P. M. domain.Game addZombie
INFO: Intentando añadir un zombie: basic en (10, 2)
dic 15, 2024 3:31:48 P. M. domain.Game addZombie
INFO: Zombie añadido exitosamente: basic en (10, 2)
]]></system-err>
  </testcase>
  <testcase name="shouldNotRemoveBrain" classname="GameTest" time="0.005">
    <system-out><![CDATA[[domain.players.Human@2453f95d, domain.players.Human@44828f6b]
]]></system-out>
    <system-err><![CDATA[dic 15, 2024 3:31:48 P. M. domain.Game addZombie
INFO: Intentando añadir un zombie: basic en (2, 6)
dic 15, 2024 3:31:48 P. M. domain.Game addZombie
WARNING: Posición inválida para el zombie: (2, 6)
dic 15, 2024 3:31:48 P. M. domain.Game addZombie
SEVERE: Error al añadir zombie: Given position is out of range for the zombie
]]></system-err>
  </testcase>
  <testcase name="shouldNotRemovePlant" classname="GameTest" time="0.006">
    <system-out><![CDATA[[domain.players.Human@6e1d8f9e, domain.players.Human@3e34ace1]
]]></system-out>
    <system-err><![CDATA[dic 15, 2024 3:31:48 P. M. domain.Game addPlant
INFO: Intentando añadir una planta: wallnut en (4, 2)
dic 15, 2024 3:31:48 P. M. domain.Game addPlant
INFO: Planta añadida exitosamente: wallnut en (4, 2)
dic 15, 2024 3:31:48 P. M. domain.Game deleteUnit
WARNING: No hay unidad para eliminar en la posición (0, 2)
dic 15, 2024 3:31:48 P. M. domain.Game deleteUnit
SEVERE: Error al eliminar unidad: Cannot delete the unit because there is no unit in the cell
]]></system-err>
  </testcase>
  <testcase name="shouldRemoveBrain" classname="GameTest" time="0.005">
    <system-out><![CDATA[[domain.players.Human@4f071df8, domain.players.Human@4de41af9]
]]></system-out>
    <system-err><![CDATA[dic 15, 2024 3:31:48 P. M. domain.Game addZombie
INFO: Intentando añadir un zombie: basic en (10, 2)
dic 15, 2024 3:31:48 P. M. domain.Game addZombie
INFO: Zombie añadido exitosamente: basic en (10, 2)
]]></system-err>
  </testcase>
  <testcase name="shouldRemovePlant" classname="GameTest" time="0.012">
    <system-out><![CDATA[[domain.players.Human@305f7627, domain.players.Human@5d018107]
]]></system-out>
    <system-err><![CDATA[dic 15, 2024 3:31:48 P. M. domain.Game addPlant
INFO: Intentando añadir una planta: wallnut en (4, 2)
dic 15, 2024 3:31:48 P. M. domain.Game addPlant
INFO: Planta añadida exitosamente: wallnut en (4, 2)
dic 15, 2024 3:31:48 P. M. domain.Game deleteUnit
INFO: Unidad eliminada exitosamente en la posición (4, 2)
dic 15, 2024 3:31:48 P. M. domain.Game addPlant
INFO: Intentando añadir una planta: sunflower en (4, 2)
dic 15, 2024 3:31:48 P. M. domain.Game addPlant
INFO: Planta añadida exitosamente: sunflower en (4, 2)
dic 15, 2024 3:31:48 P. M. domain.plants.Sunflower generateSun
INFO: sol generado
dic 15, 2024 3:31:48 P. M. domain.Game deleteUnit
INFO: Unidad eliminada exitosamente en la posición (4, 2)
dic 15, 2024 3:31:48 P. M. domain.Game addPlant
INFO: Intentando añadir una planta: eciplant en (4, 2)
dic 15, 2024 3:31:48 P. M. domain.Game addPlant
INFO: Planta añadida exitosamente: eciplant en (4, 2)
dic 15, 2024 3:31:48 P. M. domain.plants.ECIPlant generateSun
INFO: sol generado
dic 15, 2024 3:31:48 P. M. domain.Game deleteUnit
INFO: Unidad eliminada exitosamente en la posición (4, 2)
dic 15, 2024 3:31:48 P. M. domain.Game addPlant
INFO: Intentando añadir una planta: potatomine en (4, 2)
dic 15, 2024 3:31:48 P. M. domain.Game addPlant
INFO: Planta añadida exitosamente: potatomine en (4, 2)
dic 15, 2024 3:31:48 P. M. domain.Game deleteUnit
INFO: Unidad eliminada exitosamente en la posición (4, 2)
dic 15, 2024 3:31:48 P. M. domain.Game addPlant
INFO: Intentando añadir una planta: potatomine en (4, 2)
dic 15, 2024 3:31:48 P. M. domain.Game addPlant
INFO: Planta añadida exitosamente: potatomine en (4, 2)
dic 15, 2024 3:31:48 P. M. domain.Game addPlant
INFO: Intentando añadir una planta: peashooter en (4, 2)
dic 15, 2024 3:31:48 P. M. domain.Game addPlant
INFO: Planta añadida exitosamente: peashooter en (4, 2)
dic 15, 2024 3:31:48 P. M. domain.Game deleteUnit
INFO: Unidad eliminada exitosamente en la posición (4, 2)
]]></system-err>
  </testcase>
  <testcase name="shouldNotActivateMower" classname="GameTest" time="0.002"/>
  <testcase name="shouldActivateMower" classname="GameTest" time="0.002"/>
  <testcase name="shouldRemoveSun" classname="GameTest" time="0.004">
    <system-out><![CDATA[[domain.players.Human@40e10ff8, domain.players.Human@557a1e2d]
]]></system-out>
    <system-err><![CDATA[dic 15, 2024 3:31:48 P. M. domain.Game addPlant
INFO: Intentando añadir una planta: wallnut en (1, 2)
dic 15, 2024 3:31:48 P. M. domain.Game addPlant
INFO: Planta añadida exitosamente: wallnut en (1, 2)
]]></system-err>
  </testcase>
  <testcase name="shouldNotHaveBrain" classname="GameTest" time="0.006">
    <system-out><![CDATA[[domain.players.Human@366ef90e, domain.players.Human@33e01298]
]]></system-out>
    <system-err><![CDATA[dic 15, 2024 3:31:48 P. M. domain.Game addZombie
INFO: Intentando añadir un zombie: ecizombie en (10, 2)
dic 15, 2024 3:31:48 P. M. domain.Game addZombie
WARNING: No hay suficientes cerebros para añadir el zombie: ecizombie
dic 15, 2024 3:31:48 P. M. domain.Game addZombie
SEVERE: Error al añadir zombie: Not enough brains to buy the plant
]]></system-err>
  </testcase>
  <testcase name="shouldBrainsteinGenerate" classname="GameTest" time="6.016">
    <system-out><![CDATA[[domain.players.Human@73ff4fae, domain.players.Human@21aa6d6c]
Error to put zombie: Not enough brains to buy the plant
Error to put zombie: Not enough brains to buy the plant


Activated!
Activated!
]]></system-out>
    <system-err><![CDATA[dic 15, 2024 3:31:48 P. M. domain.Game addZombie
INFO: Intentando añadir un zombie: brainstein en (9, 2)
dic 15, 2024 3:31:48 P. M. domain.Game addZombie
INFO: Zombie añadido exitosamente: brainstein en (9, 2)
dic 15, 2024 3:31:48 P. M. domain.Game addZombie
INFO: Intentando añadir un zombie: conehead en (9, 3)
dic 15, 2024 3:31:48 P. M. domain.Game addZombie
INFO: Zombie añadido exitosamente: conehead en (9, 3)
dic 15, 2024 3:31:49 P. M. domain.plants.ECIPlant generateSun
INFO: sol generado
dic 15, 2024 3:31:49 P. M. domain.plants.Sunflower generateSun
INFO: sol generado
dic 15, 2024 3:31:49 P. M. domain.plants.ECIPlant generateSun
INFO: sol generado
dic 15, 2024 3:31:49 P. M. domain.plants.Sunflower generateSun
INFO: sol generado
dic 15, 2024 3:31:49 P. M. domain.plants.Sunflower generateSun
INFO: sol generado
dic 15, 2024 3:31:49 P. M. domain.Game addZombie
INFO: Intentando añadir un zombie: buckethead en (9, 0)
dic 15, 2024 3:31:49 P. M. domain.Game addZombie
WARNING: No hay suficientes cerebros para añadir el zombie: buckethead
dic 15, 2024 3:31:49 P. M. domain.Game addZombie
SEVERE: Error al añadir zombie: Not enough brains to buy the plant
dic 15, 2024 3:31:49 P. M. domain.Game addZombie
INFO: Intentando añadir un zombie: buckethead en (9, 3)
dic 15, 2024 3:31:49 P. M. domain.Game addZombie
INFO: Zombie añadido exitosamente: buckethead en (9, 3)
dic 15, 2024 3:31:50 P. M. domain.plants.Sunflower generateSun
INFO: sol generado
dic 15, 2024 3:31:50 P. M. domain.plants.Sunflower generateSun
INFO: sol generado
dic 15, 2024 3:31:50 P. M. domain.plants.ECIPlant generateSun
INFO: sol generado
dic 15, 2024 3:31:50 P. M. domain.plants.ECIPlant generateSun
INFO: sol generado
dic 15, 2024 3:31:50 P. M. domain.plants.ECIPlant generateSun
INFO: sol generado
dic 15, 2024 3:31:50 P. M. domain.plants.Sunflower generateSun
INFO: sol generado
dic 15, 2024 3:31:50 P. M. domain.plants.ECIPlant generateSun
INFO: sol generado
dic 15, 2024 3:31:50 P. M. domain.Game addZombie
INFO: Intentando añadir un zombie: basic en (9, 4)
dic 15, 2024 3:31:50 P. M. domain.Game addZombie
INFO: Zombie añadido exitosamente: basic en (9, 4)
dic 15, 2024 3:31:50 P. M. domain.Game addZombie
INFO: Intentando añadir un zombie: conehead en (9, 3)
dic 15, 2024 3:31:50 P. M. domain.Game addZombie
INFO: Zombie añadido exitosamente: conehead en (9, 3)
dic 15, 2024 3:31:51 P. M. domain.plants.Sunflower generateSun
INFO: sol generado
dic 15, 2024 3:31:51 P. M. domain.Game addZombie
INFO: Intentando añadir un zombie: ecizombie en (9, 1)
dic 15, 2024 3:31:51 P. M. domain.Game addZombie
WARNING: No hay suficientes cerebros para añadir el zombie: ecizombie
dic 15, 2024 3:31:51 P. M. domain.Game addZombie
SEVERE: Error al añadir zombie: Not enough brains to buy the plant
dic 15, 2024 3:31:51 P. M. domain.plants.ECIPlant generateSun
INFO: sol generado
dic 15, 2024 3:31:51 P. M. domain.plants.Sunflower generateSun
INFO: sol generado
dic 15, 2024 3:31:51 P. M. domain.Game addZombie
INFO: Intentando añadir un zombie: brainstein en (10, 0)
dic 15, 2024 3:31:51 P. M. domain.Game addZombie
INFO: Zombie añadido exitosamente: brainstein en (10, 0)
dic 15, 2024 3:31:51 P. M. domain.Game addPlant
INFO: Intentando añadir una planta: wallnut en (5, 3)
dic 15, 2024 3:31:51 P. M. domain.Game addPlant
SEVERE: Error al añadir planta: Cannot add the unit because there is already a unit in the cell
dic 15, 2024 3:31:52 P. M. domain.plants.Sunflower generateSun
INFO: sol generado
dic 15, 2024 3:31:52 P. M. domain.plants.ECIPlant generateSun
INFO: sol generado
dic 15, 2024 3:31:52 P. M. domain.plants.ECIPlant generateSun
INFO: sol generado
dic 15, 2024 3:31:52 P. M. domain.plants.Sunflower generateSun
INFO: sol generado
dic 15, 2024 3:31:52 P. M. domain.plants.Sunflower generateSun
INFO: sol generado
dic 15, 2024 3:31:52 P. M. domain.Game addZombie
INFO: Intentando añadir un zombie: conehead en (10, 3)
dic 15, 2024 3:31:52 P. M. domain.Game addZombie
INFO: Zombie añadido exitosamente: conehead en (10, 3)
dic 15, 2024 3:31:52 P. M. domain.Game addZombie
INFO: Intentando añadir un zombie: conehead en (9, 3)
dic 15, 2024 3:31:52 P. M. domain.Game addZombie
INFO: Zombie añadido exitosamente: conehead en (9, 3)
dic 15, 2024 3:31:53 P. M. domain.plants.Sunflower generateSun
INFO: sol generado
dic 15, 2024 3:31:53 P. M. domain.plants.Sunflower generateSun
INFO: sol generado
dic 15, 2024 3:31:53 P. M. domain.plants.ECIPlant generateSun
INFO: sol generado
dic 15, 2024 3:31:53 P. M. domain.plants.Sunflower generateSun
INFO: sol generado
dic 15, 2024 3:31:53 P. M. domain.plants.ECIPlant generateSun
INFO: sol generado
dic 15, 2024 3:31:53 P. M. domain.plants.ECIPlant generateSun
INFO: sol generado
dic 15, 2024 3:31:53 P. M. domain.plants.ECIPlant generateSun
INFO: sol generado
dic 15, 2024 3:31:53 P. M. domain.Game addZombie
INFO: Intentando añadir un zombie: brainstein en (10, 0)
dic 15, 2024 3:31:53 P. M. domain.Game addZombie
INFO: Zombie añadido exitosamente: brainstein en (10, 0)
dic 15, 2024 3:31:53 P. M. domain.Game addZombie
INFO: Intentando añadir un zombie: buckethead en (9, 3)
dic 15, 2024 3:31:53 P. M. domain.Game addZombie
INFO: Zombie añadido exitosamente: buckethead en (9, 3)
dic 15, 2024 3:31:53 P. M. domain.Game addPlant
INFO: Intentando añadir una planta: potatomine en (6, 3)
dic 15, 2024 3:31:53 P. M. domain.Game addPlant
SEVERE: Error al añadir planta: Cannot add the unit because there is already a unit in the cell
dic 15, 2024 3:31:54 P. M. domain.plants.Sunflower generateSun
INFO: sol generado
dic 15, 2024 3:31:54 P. M. domain.plants.ECIPlant generateSun
INFO: sol generado
dic 15, 2024 3:31:54 P. M. domain.plants.Sunflower generateSun
INFO: sol generado
dic 15, 2024 3:31:54 P. M. domain.Game addZombie
INFO: Intentando añadir un zombie: buckethead en (10, 4)
dic 15, 2024 3:31:54 P. M. domain.Game addZombie
WARNING: No hay suficientes cerebros para añadir el zombie: buckethead
]]></system-err>
  </testcase>
  <testcase name="shouldGetPlant" classname="GameTest" time="0.005">
    <system-out><![CDATA[Error to put zombie: Not enough brains to buy the plant
[domain.players.Human@2f9a01c1, domain.players.Human@2611b9a3]
300 100 150 peashooter
]]></system-out>
    <system-err><![CDATA[dic 15, 2024 3:31:54 P. M. domain.Game addZombie
SEVERE: Error al añadir zombie: Not enough brains to buy the plant
dic 15, 2024 3:31:54 P. M. domain.Game addPlant
INFO: Intentando añadir una planta: peashooter en (6, 2)
dic 15, 2024 3:31:54 P. M. domain.Game addPlant
INFO: Planta añadida exitosamente: peashooter en (6, 2)
]]></system-err>
  </testcase>
  <testcase name="shouldUpdateZombie" classname="GameTest" time="0.003">
    <system-out><![CDATA[[domain.players.Human@7829b776, domain.players.Human@5778826f]
]]></system-out>
    <system-err><![CDATA[dic 15, 2024 3:31:54 P. M. domain.Game addZombie
INFO: Intentando añadir un zombie: brainstein en (10, 2)
dic 15, 2024 3:31:54 P. M. domain.Game addZombie
INFO: Zombie añadido exitosamente: brainstein en (10, 2)
]]></system-err>
  </testcase>
  <testcase name="shouldAddMachineIAvIA2" classname="GameTest" time="8.015">
    <system-out><![CDATA[[domain.players.PlantsStrategic@4f2613d1, domain.players.ZombiesStrategic@6d24ffa1]
Error to put zombie: Not enough brains to buy the plant






Not enough brains to buy the plant







Not enough brains to buy the plant









Not enough brains to buy the plant










Not enough brains to buy the plant








Activated!















Activated!


Activated!
]]></system-out>
    <system-err><![CDATA[dic 15, 2024 3:31:54 P. M. domain.Game addZombie
INFO: Intentando añadir un zombie: buckethead en (9, 3)
dic 15, 2024 3:31:54 P. M. domain.Game addZombie
INFO: Zombie añadido exitosamente: buckethead en (9, 3)
dic 15, 2024 3:31:55 P. M. domain.plants.Sunflower generateSun
INFO: sol generado
dic 15, 2024 3:31:55 P. M. domain.plants.ECIPlant generateSun
INFO: sol generado
dic 15, 2024 3:31:55 P. M. domain.plants.Sunflower generateSun
INFO: sol generado
dic 15, 2024 3:31:55 P. M. domain.plants.ECIPlant generateSun
INFO: sol generado
dic 15, 2024 3:31:55 P. M. domain.plants.Sunflower generateSun
INFO: sol generado
dic 15, 2024 3:31:55 P. M. domain.Game addZombie
INFO: Intentando añadir un zombie: ecizombie en (10, 1)
dic 15, 2024 3:31:55 P. M. domain.Game addZombie
WARNING: No hay suficientes cerebros para añadir el zombie: ecizombie
dic 15, 2024 3:31:55 P. M. domain.Game addZombie
SEVERE: Error al añadir zombie: Not enough brains to buy the plant
dic 15, 2024 3:31:55 P. M. domain.Game addZombie
INFO: Intentando añadir un zombie: brainstein en (10, 0)
dic 15, 2024 3:31:55 P. M. domain.Game addZombie
INFO: Zombie añadido exitosamente: brainstein en (10, 0)
dic 15, 2024 3:31:55 P. M. domain.Game addPlant
INFO: Intentando añadir una planta: sunflower en (1, 0)
dic 15, 2024 3:31:55 P. M. domain.Game addPlant
INFO: Planta añadida exitosamente: sunflower en (1, 0)
dic 15, 2024 3:31:55 P. M. domain.plants.Sunflower generateSun
INFO: sol generado
dic 15, 2024 3:31:55 P. M. domain.Game addPlant
INFO: Intentando añadir una planta: sunflower en (1, 1)
dic 15, 2024 3:31:55 P. M. domain.Game addPlant
WARNING: No hay suficientes soles para añadir la planta: sunflower
dic 15, 2024 3:31:55 P. M. domain.plants.Sunflower generateSun
INFO: sol generado
dic 15, 2024 3:31:55 P. M. domain.Game addPlant
SEVERE: Error al añadir planta: Not enough suns to buy the plant
dic 15, 2024 3:31:55 P. M. domain.Game addPlant
INFO: Intentando añadir una planta: eciplant en (1, 2)
dic 15, 2024 3:31:55 P. M. domain.Game addPlant
WARNING: No hay suficientes soles para añadir la planta: eciplant
dic 15, 2024 3:31:55 P. M. domain.plants.ECIPlant generateSun
INFO: sol generado
dic 15, 2024 3:31:55 P. M. domain.Game addPlant
SEVERE: Error al añadir planta: Not enough suns to buy the plant
dic 15, 2024 3:31:55 P. M. domain.Game addPlant
INFO: Intentando añadir una planta: sunflower en (1, 3)
dic 15, 2024 3:31:55 P. M. domain.Game addPlant
INFO: Planta añadida exitosamente: sunflower en (1, 3)
dic 15, 2024 3:31:55 P. M. domain.plants.Sunflower generateSun
INFO: sol generado
dic 15, 2024 3:31:55 P. M. domain.Game addPlant
INFO: Intentando añadir una planta: sunflower en (1, 4)
dic 15, 2024 3:31:55 P. M. domain.Game addPlant
INFO: Planta añadida exitosamente: sunflower en (1, 4)
dic 15, 2024 3:31:55 P. M. domain.plants.Sunflower generateSun
INFO: sol generado
dic 15, 2024 3:31:55 P. M. domain.Game addPlant
INFO: Intentando añadir una planta: potatomine en (6, 0)
dic 15, 2024 3:31:55 P. M. domain.Game addPlant
INFO: Planta añadida exitosamente: potatomine en (6, 0)
dic 15, 2024 3:31:55 P. M. domain.Game addPlant
INFO: Intentando añadir una planta: potatomine en (6, 1)
dic 15, 2024 3:31:55 P. M. domain.Game addPlant
INFO: Planta añadida exitosamente: potatomine en (6, 1)
dic 15, 2024 3:31:55 P. M. domain.Game addPlant
INFO: Intentando añadir una planta: potatomine en (6, 2)
dic 15, 2024 3:31:55 P. M. domain.Game addPlant
WARNING: No hay suficientes soles para añadir la planta: potatomine
dic 15, 2024 3:31:55 P. M. domain.Game addPlant
SEVERE: Error al añadir planta: Not enough suns to buy the plant
dic 15, 2024 3:31:55 P. M. domain.Game addPlant
INFO: Intentando añadir una planta: potatomine en (6, 3)
dic 15, 2024 3:31:55 P. M. domain.Game addPlant
WARNING: No hay suficientes soles para añadir la planta: potatomine
dic 15, 2024 3:31:55 P. M. domain.Game addPlant
SEVERE: Error al añadir planta: Not enough suns to buy the plant
dic 15, 2024 3:31:55 P. M. domain.Game addPlant
INFO: Intentando añadir una planta: potatomine en (6, 4)
dic 15, 2024 3:31:55 P. M. domain.Game addPlant
WARNING: No hay suficientes soles para añadir la planta: potatomine
dic 15, 2024 3:31:55 P. M. domain.Game addPlant
SEVERE: Error al añadir planta: Not enough suns to buy the plant
dic 15, 2024 3:31:55 P. M. domain.Game addZombie
INFO: Intentando añadir un zombie: brainstein en (10, 0)
dic 15, 2024 3:31:55 P. M. domain.Game addZombie
INFO: Zombie añadido exitosamente: brainstein en (10, 0)
dic 15, 2024 3:31:55 P. M. domain.Game addPlant
INFO: Intentando añadir una planta: wallnut en (5, 3)
dic 15, 2024 3:31:55 P. M. domain.Game addPlant
SEVERE: Error al añadir planta: Cannot add the unit because there is already a unit in the cell
dic 15, 2024 3:31:55 P. M. domain.LawnMower activate
INFO: LawnMower activado en la fila: 2
dic 15, 2024 3:31:56 P. M. domain.plants.Sunflower generateSun
INFO: sol generado
dic 15, 2024 3:31:56 P. M. domain.plants.Sunflower generateSun
INFO: sol generado
dic 15, 2024 3:31:56 P. M. domain.plants.ECIPlant generateSun
INFO: sol generado
dic 15, 2024 3:31:56 P. M. domain.plants.ECIPlant generateSun
INFO: sol generado
dic 15, 2024 3:31:56 P. M. domain.plants.ECIPlant generateSun
INFO: sol generado
dic 15, 2024 3:31:56 P. M. domain.plants.Sunflower generateSun
INFO: sol generado
dic 15, 2024 3:31:56 P. M. domain.plants.ECIPlant generateSun
INFO: sol generado
dic 15, 2024 3:31:56 P. M. domain.Game addZombie
INFO: Intentando añadir un zombie: conehead en (9, 2)
dic 15, 2024 3:31:56 P. M. domain.Game addZombie
INFO: Zombie añadido exitosamente: conehead en (9, 2)
dic 15, 2024 3:31:56 P. M. domain.Game addZombie
INFO: Intentando añadir un zombie: brainstein en (10, 0)
dic 15, 2024 3:31:56 P. M. domain.Game addZombie
WARNING: No hay suficientes cerebros para añadir el zombie: brainstein
dic 15, 2024 3:31:56 P. M. domain.Game addZombie
SEVERE: Error al añadir zombie: Not enough brains to buy the plant
dic 15, 2024 3:31:56 P. M. domain.Game addPlant
INFO: Intentando añadir una planta: sunflower en (1, 0)
dic 15, 2024 3:31:56 P. M. domain.Game addPlant
SEVERE: Error al añadir planta: Cannot add the unit because there is already a unit in the cell
dic 15, 2024 3:31:56 P. M. domain.Game addPlant
INFO: Intentando añadir una planta: sunflower en (1, 1)
dic 15, 2024 3:31:56 P. M. domain.Game addPlant
WARNING: No hay suficientes soles para añadir la planta: sunflower
dic 15, 2024 3:31:56 P. M. domain.plants.Sunflower generateSun
INFO: sol generado
dic 15, 2024 3:31:56 P. M. domain.Game addPlant
SEVERE: Error al añadir planta: Not enough suns to buy the plant
dic 15, 2024 3:31:56 P. M. domain.Game addPlant
INFO: Intentando añadir una planta: eciplant en (1, 2)
dic 15, 2024 3:31:56 P. M. domain.Game addPlant
WARNING: No hay suficientes soles para añadir la planta: eciplant
dic 15, 2024 3:31:56 P. M. domain.plants.ECIPlant generateSun
INFO: sol generado
dic 15, 2024 3:31:56 P. M. domain.Game addPlant
SEVERE: Error al añadir planta: Not enough suns to buy the plant
dic 15, 2024 3:31:56 P. M. domain.Game addPlant
INFO: Intentando añadir una planta: eciplant en (1, 3)
dic 15, 2024 3:31:56 P. M. domain.Game addPlant
SEVERE: Error al añadir planta: Cannot add the unit because there is already a unit in the cell
dic 15, 2024 3:31:56 P. M. domain.Game addPlant
INFO: Intentando añadir una planta: sunflower en (1, 4)
dic 15, 2024 3:31:56 P. M. domain.Game addPlant
SEVERE: Error al añadir planta: Cannot add the unit because there is already a unit in the cell
dic 15, 2024 3:31:56 P. M. domain.Game addPlant
INFO: Intentando añadir una planta: potatomine en (8, 0)
dic 15, 2024 3:31:56 P. M. domain.Game addPlant
INFO: Planta añadida exitosamente: potatomine en (8, 0)
dic 15, 2024 3:31:56 P. M. domain.Game addPlant
INFO: Intentando añadir una planta: potatomine en (8, 1)
dic 15, 2024 3:31:56 P. M. domain.Game addPlant
INFO: Planta añadida exitosamente: potatomine en (8, 1)
dic 15, 2024 3:31:56 P. M. domain.Game addPlant
INFO: Intentando añadir una planta: potatomine en (8, 2)
dic 15, 2024 3:31:56 P. M. domain.Game addPlant
INFO: Planta añadida exitosamente: potatomine en (8, 2)
dic 15, 2024 3:31:56 P. M. domain.Game addPlant
INFO: Intentando añadir una planta: potatomine en (8, 3)
dic 15, 2024 3:31:56 P. M. domain.Game addPlant
WARNING: No hay suficientes soles para añadir la planta: potatomine
dic 15, 2024 3:31:56 P. M. domain.Game addPlant
SEVERE: Error al añadir planta: Not enough suns to buy the plant
dic 15, 2024 3:31:56 P. M. domain.Game addPlant
INFO: Intentando añadir una planta: potatomine en (8, 4)
dic 15, 2024 3:31:56 P. M. domain.Game addPlant
WARNING: No hay suficientes soles para añadir la planta: potatomine
dic 15, 2024 3:31:56 P. M. domain.Game addPlant
SEVERE: Error al añadir planta: Not enough suns to buy the plant
dic 15, 2024 3:31:56 P. M. domain.Game addZombie
INFO: Intentando añadir un zombie: conehead en (9, 3)
dic 15, 2024 3:31:56 P. M. domain.Game addZombie
INFO: Zombie añadido exitosamente: conehead en (9, 3)
dic 15, 2024 3:31:56 P. M. domain.Game addPlant
INFO: Intentando añadir una planta: peashooter en (3, 3)
dic 15, 2024 3:31:56 P. M. domain.Game addPlant
INFO: Planta añadida exitosamente: peashooter en (3, 3)
dic 15, 2024 3:31:57 P. M. domain.plants.Sunflower generateSun
INFO: sol generado
dic 15, 2024 3:31:57 P. M. domain.plants.ECIPlant generateSun
INFO: sol generado
dic 15, 2024 3:31:57 P. M. domain.plants.Sunflower generateSun
INFO: sol generado
dic 15, 2024 3:31:57 P. M. domain.Game addZombie
INFO: Intentando añadir un zombie: basic en (10, 1)
dic 15, 2024 3:31:57 P. M. domain.Game addZombie
INFO: Zombie añadido exitosamente: basic en (10, 1)
dic 15, 2024 3:31:57 P. M. domain.Game addZombie
INFO: Intentando añadir un zombie: brainstein en (10, 0)
dic 15, 2024 3:31:57 P. M. domain.Game addZombie
WARNING: No hay suficientes cerebros para añadir el zombie: brainstein
dic 15, 2024 3:31:57 P. M. domain.Game addZombie
SEVERE: Error al añadir zombie: Not enough brains to buy the plant
dic 15, 2024 3:31:57 P. M. domain.Game addPlant
INFO: Intentando añadir una planta: sunflower en (1, 0)
dic 15, 2024 3:31:57 P. M. domain.Game addPlant
SEVERE: Error al añadir planta: Cannot add the unit because there is already a unit in the cell
dic 15, 2024 3:31:57 P. M. domain.Game addPlant
INFO: Intentando añadir una planta: eciplant en (1, 1)
dic 15, 2024 3:31:57 P. M. domain.Game addPlant
WARNING: No hay suficientes soles para añadir la planta: eciplant
dic 15, 2024 3:31:57 P. M. domain.Game addPlant
SEVERE: Error al añadir planta: Not enough suns to buy the plant
dic 15, 2024 3:31:57 P. M. domain.Game addPlant
INFO: Intentando añadir una planta: eciplant en (1, 2)
dic 15, 2024 3:31:57 P. M. domain.Game addPlant
WARNING: No hay suficientes soles para añadir la planta: eciplant
dic 15, 2024 3:31:57 P. M. domain.Game addPlant
SEVERE: Error al añadir planta: Not enough suns to buy the plant
dic 15, 2024 3:31:57 P. M. domain.Game addPlant
INFO: Intentando añadir una planta: eciplant en (1, 3)
dic 15, 2024 3:31:57 P. M. domain.Game addPlant
SEVERE: Error al añadir planta: Cannot add the unit because there is already a unit in the cell
dic 15, 2024 3:31:57 P. M. domain.Game addPlant
INFO: Intentando añadir una planta: eciplant en (1, 4)
dic 15, 2024 3:31:57 P. M. domain.Game addPlant
SEVERE: Error al añadir planta: Cannot add the unit because there is already a unit in the cell
dic 15, 2024 3:31:57 P. M. domain.Game addPlant
INFO: Intentando añadir una planta: potatomine en (8, 0)
dic 15, 2024 3:31:57 P. M. domain.Game addPlant
SEVERE: Error al añadir planta: Cannot add the unit because there is already a unit in the cell
dic 15, 2024 3:31:57 P. M. domain.Game addPlant
INFO: Intentando añadir una planta: potatomine en (8, 3)
dic 15, 2024 3:31:57 P. M. domain.Game addPlant
WARNING: No hay suficientes soles para añadir la planta: potatomine
dic 15, 2024 3:31:57 P. M. domain.Game addPlant
SEVERE: Error al añadir planta: Not enough suns to buy the plant
dic 15, 2024 3:31:57 P. M. domain.Game addPlant
INFO: Intentando añadir una planta: potatomine en (8, 4)
dic 15, 2024 3:31:57 P. M. domain.Game addPlant
WARNING: No hay suficientes soles para añadir la planta: potatomine
dic 15, 2024 3:31:57 P. M. domain.Game addPlant
SEVERE: Error al añadir planta: Not enough suns to buy the plant
dic 15, 2024 3:31:57 P. M. domain.Game addZombie
INFO: Intentando añadir un zombie: basic en (9, 3)
dic 15, 2024 3:31:57 P. M. domain.Game addZombie
INFO: Zombie añadido exitosamente: basic en (9, 3)
dic 15, 2024 3:31:57 P. M. domain.Game addPlant
INFO: Intentando añadir una planta: potatomine en (6, 3)
dic 15, 2024 3:31:57 P. M. domain.Game addPlant
SEVERE: Error al añadir planta: Cannot add the unit because there is already a unit in the cell
dic 15, 2024 3:31:58 P. M. domain.plants.ECIPlant generateSun
INFO: sol generado
dic 15, 2024 3:31:58 P. M. domain.plants.Sunflower generateSun
INFO: sol generado
dic 15, 2024 3:31:58 P. M. domain.plants.ECIPlant generateSun
INFO: sol generado
dic 15, 2024 3:31:58 P. M. domain.plants.Sunflower generateSun
INFO: sol generado
dic 15, 2024 3:31:58 P. M. domain.Game addZombie
INFO: Intentando añadir un zombie: basic en (10, 1)
dic 15, 2024 3:31:58 P. M. domain.plants.Sunflower generateSun
INFO: sol generado
dic 15, 2024 3:31:58 P. M. domain.plants.Sunflower generateSun
INFO: sol generado
dic 15, 2024 3:31:58 P. M. domain.plants.Sunflower generateSun
INFO: sol generado
dic 15, 2024 3:31:58 P. M. domain.Game addZombie
INFO: Zombie añadido exitosamente: basic en (10, 1)
dic 15, 2024 3:31:58 P. M. domain.Game addZombie
INFO: Intentando añadir un zombie: brainstein en (10, 0)
dic 15, 2024 3:31:58 P. M. domain.Game addZombie
WARNING: No hay suficientes cerebros para añadir el zombie: brainstein
dic 15, 2024 3:31:58 P. M. domain.Game addZombie
SEVERE: Error al añadir zombie: Not enough brains to buy the plant
dic 15, 2024 3:31:58 P. M. domain.Game addPlant
INFO: Intentando añadir una planta: sunflower en (1, 0)
dic 15, 2024 3:31:58 P. M. domain.Game addPlant
SEVERE: Error al añadir planta: Cannot add the unit because there is already a unit in the cell
dic 15, 2024 3:31:58 P. M. domain.Game addPlant
INFO: Intentando añadir una planta: eciplant en (1, 1)
dic 15, 2024 3:31:58 P. M. domain.Game addPlant
INFO: Planta añadida exitosamente: eciplant en (1, 1)
dic 15, 2024 3:31:58 P. M. domain.plants.ECIPlant generateSun
INFO: sol generado
dic 15, 2024 3:31:58 P. M. domain.Game addPlant
INFO: Intentando añadir una planta: sunflower en (1, 2)
dic 15, 2024 3:31:58 P. M. domain.Game addPlant
INFO: Planta añadida exitosamente: sunflower en (1, 2)
dic 15, 2024 3:31:58 P. M. domain.plants.Sunflower generateSun
INFO: sol generado
dic 15, 2024 3:31:58 P. M. domain.Game addPlant
INFO: Intentando añadir una planta: sunflower en (1, 3)
dic 15, 2024 3:31:58 P. M. domain.Game addPlant
SEVERE: Error al añadir planta: Cannot add the unit because there is already a unit in the cell
dic 15, 2024 3:31:58 P. M. domain.Game addPlant
INFO: Intentando añadir una planta: eciplant en (1, 4)
dic 15, 2024 3:31:58 P. M. domain.Game addPlant
SEVERE: Error al añadir planta: Cannot add the unit because there is already a unit in the cell
dic 15, 2024 3:31:58 P. M. domain.Game addPlant
INFO: Intentando añadir una planta: wallnut en (3, 0)
dic 15, 2024 3:31:58 P. M. domain.Game addPlant
WARNING: No hay suficientes soles para añadir la planta: wallnut
dic 15, 2024 3:31:58 P. M. domain.Game addPlant
SEVERE: Error al añadir planta: Not enough suns to buy the plant
dic 15, 2024 3:31:58 P. M. domain.Game addPlant
INFO: Intentando añadir una planta: wallnut en (3, 1)
dic 15, 2024 3:31:58 P. M. domain.Game addPlant
WARNING: No hay suficientes soles para añadir la planta: wallnut
dic 15, 2024 3:31:58 P. M. domain.Game addPlant
SEVERE: Error al añadir planta: Not enough suns to buy the plant
dic 15, 2024 3:31:58 P. M. domain.Game addPlant
INFO: Intentando añadir una planta: wallnut en (3, 2)
dic 15, 2024 3:31:58 P. M. domain.Game addPlant
WARNING: No hay suficientes soles para añadir la planta: wallnut
dic 15, 2024 3:31:58 P. M. domain.Game addPlant
SEVERE: Error al añadir planta: Not enough suns to buy the plant
dic 15, 2024 3:31:58 P. M. domain.Game addPlant
INFO: Intentando añadir una planta: wallnut en (3, 3)
dic 15, 2024 3:31:58 P. M. domain.Game addPlant
WARNING: No hay suficientes soles para añadir la planta: wallnut
dic 15, 2024 3:31:58 P. M. domain.Game addPlant
SEVERE: Error al añadir planta: Not enough suns to buy the plant
dic 15, 2024 3:31:58 P. M. domain.Game addPlant
INFO: Intentando añadir una planta: wallnut en (3, 4)
dic 15, 2024 3:31:58 P. M. domain.Game addPlant
WARNING: No hay suficientes soles para añadir la planta: wallnut
dic 15, 2024 3:31:58 P. M. domain.Game addPlant
SEVERE: Error al añadir planta: Not enough suns to buy the plant
dic 15, 2024 3:31:58 P. M. domain.Game addZombie
INFO: Intentando añadir un zombie: buckethead en (9, 3)
dic 15, 2024 3:31:58 P. M. domain.Game addZombie
INFO: Zombie añadido exitosamente: buckethead en (9, 3)
dic 15, 2024 3:31:58 P. M. domain.Game addPlant
INFO: Intentando añadir una planta: sunflower en (2, 3)
dic 15, 2024 3:31:58 P. M. domain.Game addPlant
INFO: Planta añadida exitosamente: sunflower en (2, 3)
dic 15, 2024 3:31:58 P. M. domain.plants.Sunflower generateSun
INFO: sol generado
dic 15, 2024 3:31:58 P. M. domain.Game addPlant
INFO: Intentando añadir una planta: potatomine en (7, 0)
dic 15, 2024 3:31:58 P. M. domain.Game addPlant
SEVERE: Error al añadir planta: Cannot add the unit because there is already a unit in the cell
dic 15, 2024 3:31:58 P. M. domain.Game addPlant
INFO: Intentando añadir una planta: potatomine en (7, 3)
dic 15, 2024 3:31:58 P. M. domain.Game addPlant
SEVERE: Error al añadir planta: Cannot add the unit because there is already a unit in the cell
dic 15, 2024 3:31:59 P. M. domain.plants.Sunflower generateSun
INFO: sol generado
dic 15, 2024 3:31:59 P. M. domain.plants.Sunflower generateSun
INFO: sol generado
dic 15, 2024 3:31:59 P. M. domain.plants.ECIPlant generateSun
INFO: sol generado
dic 15, 2024 3:31:59 P. M. domain.plants.Sunflower generateSun
INFO: sol generado
dic 15, 2024 3:31:59 P. M. domain.plants.ECIPlant generateSun
INFO: sol generado
dic 15, 2024 3:31:59 P. M. domain.plants.ECIPlant generateSun
INFO: sol generado
dic 15, 2024 3:31:59 P. M. domain.plants.ECIPlant generateSun
INFO: sol generado
dic 15, 2024 3:31:59 P. M. domain.Game addZombie
INFO: Intentando añadir un zombie: brainstein en (9, 3)
dic 15, 2024 3:31:59 P. M. domain.Game addZombie
INFO: Zombie añadido exitosamente: brainstein en (9, 3)
dic 15, 2024 3:31:59 P. M. domain.Game addZombie
INFO: Intentando añadir un zombie: brainstein en (10, 0)
dic 15, 2024 3:31:59 P. M. domain.Game addZombie
WARNING: No hay suficientes cerebros para añadir el zombie: brainstein
dic 15, 2024 3:31:59 P. M. domain.Game addZombie
SEVERE: Error al añadir zombie: Not enough brains to buy the plant
dic 15, 2024 3:31:59 P. M. domain.Game addPlant
INFO: Intentando añadir una planta: eciplant en (1, 0)
dic 15, 2024 3:31:59 P. M. domain.Game addPlant
SEVERE: Error al añadir planta: Cannot add the unit because there is already a unit in the cell
dic 15, 2024 3:31:59 P. M. domain.Game addPlant
INFO: Intentando añadir una planta: sunflower en (1, 2)
dic 15, 2024 3:31:59 P. M. domain.Game addPlant
SEVERE: Error al añadir planta: Cannot add the unit because there is already a unit in the cell
dic 15, 2024 3:31:59 P. M. domain.Game addPlant
INFO: Intentando añadir una planta: eciplant en (1, 3)
dic 15, 2024 3:31:59 P. M. domain.Game addPlant
SEVERE: Error al añadir planta: Cannot add the unit because there is already a unit in the cell
dic 15, 2024 3:31:59 P. M. domain.Game addPlant
INFO: Intentando añadir una planta: eciplant en (1, 4)
dic 15, 2024 3:31:59 P. M. domain.Game addPlant
SEVERE: Error al añadir planta: Cannot add the unit because there is already a unit in the cell
dic 15, 2024 3:31:59 P. M. domain.Game addPlant
INFO: Intentando añadir una planta: potatomine en (5, 0)
dic 15, 2024 3:31:59 P. M. domain.Game addPlant
INFO: Planta añadida exitosamente: potatomine en (5, 0)
dic 15, 2024 3:31:59 P. M. domain.Game addPlant
INFO: Intentando añadir una planta: potatomine en (5, 1)
dic 15, 2024 3:31:59 P. M. domain.Game addPlant
WARNING: No hay suficientes soles para añadir la planta: potatomine
dic 15, 2024 3:31:59 P. M. domain.Game addPlant
SEVERE: Error al añadir planta: Not enough suns to buy the plant
dic 15, 2024 3:31:59 P. M. domain.Game addPlant
INFO: Intentando añadir una planta: potatomine en (5, 2)
dic 15, 2024 3:31:59 P. M. domain.Game addPlant
WARNING: No hay suficientes soles para añadir la planta: potatomine
dic 15, 2024 3:31:59 P. M. domain.Game addPlant
SEVERE: Error al añadir planta: Not enough suns to buy the plant
dic 15, 2024 3:31:59 P. M. domain.Game addPlant
INFO: Intentando añadir una planta: potatomine en (5, 3)
dic 15, 2024 3:31:59 P. M. domain.Game addPlant
WARNING: No hay suficientes soles para añadir la planta: potatomine
dic 15, 2024 3:31:59 P. M. domain.Game addPlant
SEVERE: Error al añadir planta: Not enough suns to buy the plant
dic 15, 2024 3:31:59 P. M. domain.Game addPlant
INFO: Intentando añadir una planta: potatomine en (5, 4)
dic 15, 2024 3:31:59 P. M. domain.Game addPlant
WARNING: No hay suficientes soles para añadir la planta: potatomine
dic 15, 2024 3:31:59 P. M. domain.Game addPlant
SEVERE: Error al añadir planta: Not enough suns to buy the plant
dic 15, 2024 3:31:59 P. M. domain.Game addZombie
INFO: Intentando añadir un zombie: brainstein en (10, 0)
dic 15, 2024 3:31:59 P. M. domain.Game addZombie
INFO: Zombie añadido exitosamente: brainstein en (10, 0)
dic 15, 2024 3:31:59 P. M. domain.Game addPlant
INFO: Intentando añadir una planta: sunflower en (2, 3)
dic 15, 2024 3:31:59 P. M. domain.Game addPlant
INFO: Planta añadida exitosamente: sunflower en (2, 3)
dic 15, 2024 3:31:59 P. M. domain.Game addPlant
INFO: Intentando añadir una planta: eciplant en (1, 0)
dic 15, 2024 3:31:59 P. M. domain.plants.Sunflower generateSun
INFO: sol generado
dic 15, 2024 3:31:59 P. M. domain.Game addPlant
SEVERE: Error al añadir planta: Cannot add the unit because there is already a unit in the cell
dic 15, 2024 3:32:00 P. M. domain.plants.Sunflower generateSun
INFO: sol generado
dic 15, 2024 3:32:00 P. M. domain.plants.ECIPlant generateSun
INFO: sol generado
dic 15, 2024 3:32:00 P. M. domain.plants.Sunflower generateSun
INFO: sol generado
dic 15, 2024 3:32:00 P. M. domain.Game addZombie
INFO: Intentando añadir un zombie: brainstein en (10, 3)
dic 15, 2024 3:32:00 P. M. domain.Game addZombie
INFO: Zombie añadido exitosamente: brainstein en (10, 3)
dic 15, 2024 3:32:00 P. M. domain.Game addZombie
INFO: Intentando añadir un zombie: brainstein en (10, 0)
dic 15, 2024 3:32:00 P. M. domain.Game addZombie
INFO: Zombie añadido exitosamente: brainstein en (10, 0)
dic 15, 2024 3:32:00 P. M. domain.Game addPlant
INFO: Intentando añadir una planta: sunflower en (1, 0)
dic 15, 2024 3:32:00 P. M. domain.Game addPlant
SEVERE: Error al añadir planta: Cannot add the unit because there is already a unit in the cell
dic 15, 2024 3:32:00 P. M. domain.Game addPlant
INFO: Intentando añadir una planta: eciplant en (1, 2)
dic 15, 2024 3:32:00 P. M. domain.Game addPlant
SEVERE: Error al añadir planta: Cannot add the unit because there is already a unit in the cell
dic 15, 2024 3:32:00 P. M. domain.Game addPlant
INFO: Intentando añadir una planta: sunflower en (1, 3)
dic 15, 2024 3:32:00 P. M. domain.Game addPlant
SEVERE: Error al añadir planta: Cannot add the unit because there is already a unit in the cell
dic 15, 2024 3:32:00 P. M. domain.Game addPlant
INFO: Intentando añadir una planta: sunflower en (1, 4)
dic 15, 2024 3:32:00 P. M. domain.Game addPlant
SEVERE: Error al añadir planta: Cannot add the unit because there is already a unit in the cell
dic 15, 2024 3:32:00 P. M. domain.Game addPlant
INFO: Intentando añadir una planta: wallnut en (4, 0)
dic 15, 2024 3:32:00 P. M. domain.Game addPlant
WARNING: No hay suficientes soles para añadir la planta: wallnut
dic 15, 2024 3:32:00 P. M. domain.Game addPlant
SEVERE: Error al añadir planta: Not enough suns to buy the plant
dic 15, 2024 3:32:00 P. M. domain.Game addPlant
INFO: Intentando añadir una planta: wallnut en (4, 1)
dic 15, 2024 3:32:00 P. M. domain.Game addPlant
WARNING: No hay suficientes soles para añadir la planta: wallnut
dic 15, 2024 3:32:00 P. M. domain.Game addPlant
SEVERE: Error al añadir planta: Not enough suns to buy the plant
dic 15, 2024 3:32:00 P. M. domain.Game addPlant
INFO: Intentando añadir una planta: wallnut en (4, 2)
dic 15, 2024 3:32:00 P. M. domain.Game addPlant
WARNING: No hay suficientes soles para añadir la planta: wallnut
dic 15, 2024 3:32:00 P. M. domain.Game addPlant
SEVERE: Error al añadir planta: Not enough suns to buy the plant
dic 15, 2024 3:32:00 P. M. domain.Game addPlant
INFO: Intentando añadir una planta: wallnut en (4, 3)
dic 15, 2024 3:32:00 P. M. domain.Game addPlant
WARNING: No hay suficientes soles para añadir la planta: wallnut
dic 15, 2024 3:32:00 P. M. domain.Game addPlant
SEVERE: Error al añadir planta: Not enough suns to buy the plant
dic 15, 2024 3:32:00 P. M. domain.Game addPlant
INFO: Intentando añadir una planta: wallnut en (4, 4)
dic 15, 2024 3:32:00 P. M. domain.Game addPlant
WARNING: No hay suficientes soles para añadir la planta: wallnut
dic 15, 2024 3:32:00 P. M. domain.Game addPlant
SEVERE: Error al añadir planta: Not enough suns to buy the plant
dic 15, 2024 3:32:00 P. M. domain.Game addZombie
INFO: Intentando añadir un zombie: buckethead en (9, 3)
dic 15, 2024 3:32:00 P. M. domain.Game addZombie
INFO: Zombie añadido exitosamente: buckethead en (9, 3)
dic 15, 2024 3:32:00 P. M. domain.Game addPlant
INFO: Intentando añadir una planta: eciplant en (1, 0)
dic 15, 2024 3:32:00 P. M. domain.Game addPlant
SEVERE: Error al añadir planta: Cannot add the unit because there is already a unit in the cell
dic 15, 2024 3:32:01 P. M. domain.plants.Sunflower generateSun
INFO: sol generado
dic 15, 2024 3:32:01 P. M. domain.plants.ECIPlant generateSun
INFO: sol generado
dic 15, 2024 3:32:01 P. M. domain.plants.ECIPlant generateSun
INFO: sol generado
dic 15, 2024 3:32:01 P. M. domain.plants.Sunflower generateSun
INFO: sol generado
dic 15, 2024 3:32:01 P. M. domain.plants.Sunflower generateSun
INFO: sol generado
dic 15, 2024 3:32:01 P. M. domain.plants.Sunflower generateSun
INFO: sol generado
dic 15, 2024 3:32:01 P. M. domain.plants.Sunflower generateSun
INFO: sol generado
dic 15, 2024 3:32:01 P. M. domain.Game addZombie
INFO: Intentando añadir un zombie: buckethead en (10, 4)
dic 15, 2024 3:32:01 P. M. domain.Game addZombie
INFO: Zombie añadido exitosamente: buckethead en (10, 4)
dic 15, 2024 3:32:01 P. M. domain.plants.ECIPlant generateSun
INFO: sol generado
dic 15, 2024 3:32:01 P. M. domain.plants.Sunflower generateSun
INFO: sol generado
dic 15, 2024 3:32:01 P. M. domain.Game addZombie
INFO: Intentando añadir un zombie: basic en (9, 2)
dic 15, 2024 3:32:01 P. M. domain.Game addZombie
INFO: Zombie añadido exitosamente: basic en (9, 2)
dic 15, 2024 3:32:01 P. M. domain.Game addPlant
INFO: Intentando añadir una planta: eciplant en (1, 0)
dic 15, 2024 3:32:01 P. M. domain.Game addPlant
SEVERE: Error al añadir planta: Cannot add the unit because there is already a unit in the cell
dic 15, 2024 3:32:01 P. M. domain.Game addPlant
INFO: Intentando añadir una planta: sunflower en (1, 2)
dic 15, 2024 3:32:01 P. M. domain.Game addPlant
SEVERE: Error al añadir planta: Cannot add the unit because there is already a unit in the cell
dic 15, 2024 3:32:01 P. M. domain.Game addPlant
INFO: Intentando añadir una planta: sunflower en (1, 3)
dic 15, 2024 3:32:01 P. M. domain.Game addPlant
SEVERE: Error al añadir planta: Cannot add the unit because there is already a unit in the cell
dic 15, 2024 3:32:01 P. M. domain.Game addPlant
INFO: Intentando añadir una planta: sunflower en (1, 4)
dic 15, 2024 3:32:01 P. M. domain.Game addPlant
SEVERE: Error al añadir planta: Cannot add the unit because there is already a unit in the cell
dic 15, 2024 3:32:01 P. M. domain.Game addPlant
INFO: Intentando añadir una planta: potatomine en (5, 1)
dic 15, 2024 3:32:01 P. M. domain.Game addPlant
INFO: Planta añadida exitosamente: potatomine en (5, 1)
dic 15, 2024 3:32:01 P. M. domain.Game addPlant
INFO: Intentando añadir una planta: potatomine en (5, 2)
dic 15, 2024 3:32:01 P. M. domain.Game addPlant
INFO: Planta añadida exitosamente: potatomine en (5, 2)
dic 15, 2024 3:32:01 P. M. domain.Game addPlant
INFO: Intentando añadir una planta: potatomine en (5, 3)
dic 15, 2024 3:32:01 P. M. domain.Game addPlant
INFO: Planta añadida exitosamente: potatomine en (5, 3)
dic 15, 2024 3:32:01 P. M. domain.Game addPlant
INFO: Intentando añadir una planta: potatomine en (5, 4)
dic 15, 2024 3:32:01 P. M. domain.Game addPlant
INFO: Planta añadida exitosamente: potatomine en (5, 4)
dic 15, 2024 3:32:01 P. M. domain.Game addZombie
INFO: Intentando añadir un zombie: basic en (9, 3)
dic 15, 2024 3:32:01 P. M. domain.Game addZombie
INFO: Zombie añadido exitosamente: basic en (9, 3)
dic 15, 2024 3:32:01 P. M. domain.Game addPlant
INFO: Intentando añadir una planta: sunflower en (2, 3)
dic 15, 2024 3:32:01 P. M. domain.Game addPlant
SEVERE: Error al añadir planta: Cannot add the unit because there is already a unit in the cell
dic 15, 2024 3:32:01 P. M. domain.Game addPlant
INFO: Intentando añadir una planta: eciplant en (1, 0)
dic 15, 2024 3:32:01 P. M. domain.Game addPlant
SEVERE: Error al añadir planta: Cannot add the unit because there is already a unit in the cell
dic 15, 2024 3:32:02 P. M. domain.plants.Sunflower generateSun
INFO: sol generado
dic 15, 2024 3:32:02 P. M. domain.plants.Sunflower generateSun
INFO: sol generado
dic 15, 2024 3:32:02 P. M. domain.plants.ECIPlant generateSun
INFO: sol generado
dic 15, 2024 3:32:02 P. M. domain.plants.Sunflower generateSun
INFO: sol generado
dic 15, 2024 3:32:02 P. M. domain.plants.ECIPlant generateSun
INFO: sol generado
dic 15, 2024 3:32:02 P. M. domain.plants.ECIPlant generateSun
INFO: sol generado
]]></system-err>
  </testcase>
  <testcase name="shouldGameOver" classname="GameTest" time="80.127">
    <system-out><![CDATA[[domain.players.Human@773f7880, domain.players.Human@878452d]












































Activated!
Activated!





Activated!
Activated!




POW :D











Activated!





POW :D





Activated!
Activated!
Activated!












Activated!


POW :D





Activated!


Activated!






Activated!
Activated!
















Activated!
Activated!

Activated!














Activated!







Activated!



Activated!
Activated!
Activated!







Activated!



















Activated!




Activated!










Activated!











Activated!


Activated!
Activated!





Activated!
Activated!














Activated!





POW :D
















Activated!
]]></system-out>
    <system-err><![CDATA[dic 15, 2024 3:32:02 P. M. domain.Game addZombie
INFO: Intentando añadir un zombie: basic en (10, 2)
dic 15, 2024 3:32:02 P. M. domain.Game addZombie
INFO: Zombie añadido exitosamente: basic en (10, 2)
dic 15, 2024 3:32:02 P. M. domain.Game addZombie
INFO: Intentando añadir un zombie: basic en (9, 3)
dic 15, 2024 3:32:02 P. M. domain.Game addZombie
INFO: Zombie añadido exitosamente: basic en (9, 3)
dic 15, 2024 3:32:02 P. M. domain.Game addZombie
INFO: Intentando añadir un zombie: basic en (9, 0)
dic 15, 2024 3:32:02 P. M. domain.Game addZombie
INFO: Zombie añadido exitosamente: basic en (9, 0)
dic 15, 2024 3:32:02 P. M. domain.Game addPlant
INFO: Intentando añadir una planta: sunflower en (1, 0)
dic 15, 2024 3:32:02 P. M. domain.Game addPlant
SEVERE: Error al añadir planta: Cannot add the unit because there is already a unit in the cell
dic 15, 2024 3:32:02 P. M. domain.Game addPlant
INFO: Intentando añadir una planta: eciplant en (1, 2)
dic 15, 2024 3:32:02 P. M. domain.Game addPlant
SEVERE: Error al añadir planta: Cannot add the unit because there is already a unit in the cell
dic 15, 2024 3:32:02 P. M. domain.Game addPlant
INFO: Intentando añadir una planta: sunflower en (1, 3)
dic 15, 2024 3:32:02 P. M. domain.Game addPlant
SEVERE: Error al añadir planta: Cannot add the unit because there is already a unit in the cell
dic 15, 2024 3:32:02 P. M. domain.Game addPlant
INFO: Intentando añadir una planta: sunflower en (1, 4)
dic 15, 2024 3:32:02 P. M. domain.Game addPlant
SEVERE: Error al añadir planta: Cannot add the unit because there is already a unit in the cell
dic 15, 2024 3:32:02 P. M. domain.Game addPlant
INFO: Intentando añadir una planta: wallnut en (2, 0)
dic 15, 2024 3:32:02 P. M. domain.Game addPlant
INFO: Planta añadida exitosamente: wallnut en (2, 0)
dic 15, 2024 3:32:02 P. M. domain.Game addPlant
INFO: Intentando añadir una planta: wallnut en (2, 1)
dic 15, 2024 3:32:02 P. M. domain.Game addPlant
WARNING: No hay suficientes soles para añadir la planta: wallnut
dic 15, 2024 3:32:02 P. M. domain.Game addPlant
SEVERE: Error al añadir planta: Not enough suns to buy the plant
dic 15, 2024 3:32:02 P. M. domain.Game addPlant
INFO: Intentando añadir una planta: wallnut en (2, 2)
dic 15, 2024 3:32:02 P. M. domain.Game addPlant
WARNING: No hay suficientes soles para añadir la planta: wallnut
dic 15, 2024 3:32:02 P. M. domain.Game addPlant
SEVERE: Error al añadir planta: Not enough suns to buy the plant
dic 15, 2024 3:32:02 P. M. domain.Game addPlant
INFO: Intentando añadir una planta: wallnut en (2, 3)
dic 15, 2024 3:32:02 P. M. domain.Game addPlant
WARNING: No hay suficientes soles para añadir la planta: wallnut
dic 15, 2024 3:32:02 P. M. domain.Game addPlant
SEVERE: Error al añadir planta: Not enough suns to buy the plant
dic 15, 2024 3:32:02 P. M. domain.Game addPlant
INFO: Intentando añadir una planta: wallnut en (2, 4)
dic 15, 2024 3:32:02 P. M. domain.Game addPlant
WARNING: No hay suficientes soles para añadir la planta: wallnut
dic 15, 2024 3:32:02 P. M. domain.Game addPlant
SEVERE: Error al añadir planta: Not enough suns to buy the plant
dic 15, 2024 3:32:02 P. M. domain.Game addZombie
INFO: Intentando añadir un zombie: buckethead en (9, 3)
dic 15, 2024 3:32:02 P. M. domain.Game addZombie
INFO: Zombie añadido exitosamente: buckethead en (9, 3)
dic 15, 2024 3:32:02 P. M. domain.Game addPlant
INFO: Intentando añadir una planta: sunflower en (2, 3)
dic 15, 2024 3:32:02 P. M. domain.Game addPlant
SEVERE: Error al añadir planta: Cannot add the unit because there is already a unit in the cell
dic 15, 2024 3:32:02 P. M. domain.Game addPlant
INFO: Intentando añadir una planta: peashooter en (3, 3)
dic 15, 2024 3:32:02 P. M. domain.Game addPlant
SEVERE: Error al añadir planta: Cannot add the unit because there is already a unit in the cell
dic 15, 2024 3:32:03 P. M. domain.plants.Sunflower generateSun
INFO: sol generado
dic 15, 2024 3:32:03 P. M. domain.plants.Sunflower generateSun
INFO: sol generado
dic 15, 2024 3:32:03 P. M. domain.plants.ECIPlant generateSun
INFO: sol generado
dic 15, 2024 3:32:03 P. M. domain.Game addZombie
INFO: Intentando añadir un zombie: conehead en (10, 0)
dic 15, 2024 3:32:03 P. M. domain.Game addZombie
INFO: Zombie añadido exitosamente: conehead en (10, 0)
dic 15, 2024 3:32:03 P. M. domain.Game addZombie
INFO: Intentando añadir un zombie: brainstein en (10, 0)
dic 15, 2024 3:32:03 P. M. domain.Game addZombie
INFO: Zombie añadido exitosamente: brainstein en (10, 0)
dic 15, 2024 3:32:03 P. M. domain.Game addPlant
INFO: Intentando añadir una planta: sunflower en (1, 0)
dic 15, 2024 3:32:03 P. M. domain.Game addPlant
SEVERE: Error al añadir planta: Cannot add the unit because there is already a unit in the cell
dic 15, 2024 3:32:03 P. M. domain.Game addPlant
INFO: Intentando añadir una planta: sunflower en (1, 2)
dic 15, 2024 3:32:03 P. M. domain.Game addPlant
SEVERE: Error al añadir planta: Cannot add the unit because there is already a unit in the cell
dic 15, 2024 3:32:03 P. M. domain.Game addPlant
INFO: Intentando añadir una planta: eciplant en (1, 3)
dic 15, 2024 3:32:03 P. M. domain.Game addPlant
SEVERE: Error al añadir planta: Cannot add the unit because there is already a unit in the cell
dic 15, 2024 3:32:03 P. M. domain.Game addPlant
INFO: Intentando añadir una planta: eciplant en (1, 4)
dic 15, 2024 3:32:03 P. M. domain.Game addPlant
SEVERE: Error al añadir planta: Cannot add the unit because there is already a unit in the cell
dic 15, 2024 3:32:03 P. M. domain.Game addPlant
INFO: Intentando añadir una planta: wallnut en (4, 0)
dic 15, 2024 3:32:03 P. M. domain.Game addPlant
WARNING: No hay suficientes soles para añadir la planta: wallnut
dic 15, 2024 3:32:03 P. M. domain.Game addPlant
SEVERE: Error al añadir planta: Not enough suns to buy the plant
dic 15, 2024 3:32:03 P. M. domain.Game addPlant
INFO: Intentando añadir una planta: wallnut en (4, 1)
dic 15, 2024 3:32:03 P. M. domain.Game addPlant
WARNING: No hay suficientes soles para añadir la planta: wallnut
dic 15, 2024 3:32:03 P. M. domain.Game addPlant
SEVERE: Error al añadir planta: Not enough suns to buy the plant
dic 15, 2024 3:32:03 P. M. domain.Game addPlant
INFO: Intentando añadir una planta: wallnut en (4, 2)
dic 15, 2024 3:32:03 P. M. domain.Game addPlant
WARNING: No hay suficientes soles para añadir la planta: wallnut
dic 15, 2024 3:32:03 P. M. domain.Game addPlant
SEVERE: Error al añadir planta: Not enough suns to buy the plant
dic 15, 2024 3:32:03 P. M. domain.Game addPlant
INFO: Intentando añadir una planta: wallnut en (4, 3)
dic 15, 2024 3:32:03 P. M. domain.Game addPlant
WARNING: No hay suficientes soles para añadir la planta: wallnut
dic 15, 2024 3:32:03 P. M. domain.Game addPlant
SEVERE: Error al añadir planta: Not enough suns to buy the plant
dic 15, 2024 3:32:03 P. M. domain.Game addPlant
INFO: Intentando añadir una planta: wallnut en (4, 4)
dic 15, 2024 3:32:03 P. M. domain.Game addPlant
WARNING: No hay suficientes soles para añadir la planta: wallnut
dic 15, 2024 3:32:03 P. M. domain.Game addPlant
SEVERE: Error al añadir planta: Not enough suns to buy the plant
dic 15, 2024 3:32:03 P. M. domain.Game addZombie
INFO: Intentando añadir un zombie: brainstein en (10, 0)
dic 15, 2024 3:32:03 P. M. domain.Game addZombie
INFO: Zombie añadido exitosamente: brainstein en (10, 0)
dic 15, 2024 3:32:03 P. M. domain.Game addPlant
INFO: Intentando añadir una planta: sunflower en (2, 3)
dic 15, 2024 3:32:03 P. M. domain.Game addPlant
SEVERE: Error al añadir planta: Cannot add the unit because there is already a unit in the cell
dic 15, 2024 3:32:03 P. M. domain.Game addPlant
INFO: Intentando añadir una planta: peashooter en (3, 3)
dic 15, 2024 3:32:03 P. M. domain.Game addPlant
SEVERE: Error al añadir planta: Cannot add the unit because there is already a unit in the cell
dic 15, 2024 3:32:04 P. M. domain.LawnMower activate
INFO: LawnMower activado en la fila: 3
dic 15, 2024 3:32:04 P. M. domain.plants.ECIPlant generateSun
INFO: sol generado
dic 15, 2024 3:32:04 P. M. domain.plants.Sunflower generateSun
INFO: sol generado
dic 15, 2024 3:32:04 P. M. domain.plants.ECIPlant generateSun
INFO: sol generado
dic 15, 2024 3:32:04 P. M. domain.plants.Sunflower generateSun
INFO: sol generado
dic 15, 2024 3:32:04 P. M. domain.plants.Sunflower generateSun
INFO: sol generado
dic 15, 2024 3:32:04 P. M. domain.plants.Sunflower generateSun
INFO: sol generado
dic 15, 2024 3:32:04 P. M. domain.plants.Sunflower generateSun
INFO: sol generado
dic 15, 2024 3:32:04 P. M. domain.plants.Sunflower generateSun
INFO: sol generado
dic 15, 2024 3:32:04 P. M. domain.plants.ECIPlant generateSun
INFO: sol generado
dic 15, 2024 3:32:04 P. M. domain.Game addZombie
INFO: Intentando añadir un zombie: brainstein en (10, 0)
dic 15, 2024 3:32:04 P. M. domain.Game addZombie
INFO: Zombie añadido exitosamente: brainstein en (10, 0)
dic 15, 2024 3:32:04 P. M. domain.Game addZombie
INFO: Intentando añadir un zombie: basic en (10, 2)
dic 15, 2024 3:32:04 P. M. domain.Game addZombie
INFO: Zombie añadido exitosamente: basic en (10, 2)
dic 15, 2024 3:32:04 P. M. domain.Game addPlant
INFO: Intentando añadir una planta: eciplant en (1, 0)
dic 15, 2024 3:32:04 P. M. domain.Game addPlant
SEVERE: Error al añadir planta: Cannot add the unit because there is already a unit in the cell
dic 15, 2024 3:32:04 P. M. domain.Game addPlant
INFO: Intentando añadir una planta: sunflower en (1, 2)
dic 15, 2024 3:32:04 P. M. domain.Game addPlant
SEVERE: Error al añadir planta: Cannot add the unit because there is already a unit in the cell
dic 15, 2024 3:32:04 P. M. domain.Game addPlant
INFO: Intentando añadir una planta: eciplant en (1, 3)
dic 15, 2024 3:32:04 P. M. domain.Game addPlant
SEVERE: Error al añadir planta: Cannot add the unit because there is already a unit in the cell
dic 15, 2024 3:32:04 P. M. domain.Game addPlant
INFO: Intentando añadir una planta: sunflower en (1, 4)
dic 15, 2024 3:32:04 P. M. domain.Game addPlant
SEVERE: Error al añadir planta: Cannot add the unit because there is already a unit in the cell
dic 15, 2024 3:32:04 P. M. domain.Game addZombie
INFO: Intentando añadir un zombie: buckethead en (9, 3)
dic 15, 2024 3:32:04 P. M. domain.Game addZombie
INFO: Zombie añadido exitosamente: buckethead en (9, 3)
dic 15, 2024 3:32:04 P. M. domain.Game addPlant
INFO: Intentando añadir una planta: sunflower en (2, 3)
dic 15, 2024 3:32:04 P. M. domain.Game addPlant
SEVERE: Error al añadir planta: Cannot add the unit because there is already a unit in the cell
dic 15, 2024 3:32:04 P. M. domain.Game addPlant
INFO: Intentando añadir una planta: peashooter en (3, 3)
dic 15, 2024 3:32:04 P. M. domain.Game addPlant
INFO: Planta añadida exitosamente: peashooter en (3, 3)
dic 15, 2024 3:32:05 P. M. domain.plants.Sunflower generateSun
INFO: sol generado
dic 15, 2024 3:32:05 P. M. domain.plants.Sunflower generateSun
INFO: sol generado
dic 15, 2024 3:32:05 P. M. domain.plants.ECIPlant generateSun
INFO: sol generado
dic 15, 2024 3:32:05 P. M. domain.plants.Sunflower generateSun
INFO: sol generado
dic 15, 2024 3:32:05 P. M. domain.plants.ECIPlant generateSun
INFO: sol generado
dic 15, 2024 3:32:05 P. M. domain.plants.ECIPlant generateSun
INFO: sol generado
dic 15, 2024 3:32:05 P. M. domain.Game addZombie
INFO: Intentando añadir un zombie: brainstein en (10, 3)
dic 15, 2024 3:32:05 P. M. domain.Game addZombie
INFO: Zombie añadido exitosamente: brainstein en (10, 3)
dic 15, 2024 3:32:05 P. M. domain.Game addZombie
INFO: Intentando añadir un zombie: basic en (9, 4)
dic 15, 2024 3:32:05 P. M. domain.Game addZombie
INFO: Zombie añadido exitosamente: basic en (9, 4)
dic 15, 2024 3:32:05 P. M. domain.Game addPlant
INFO: Intentando añadir una planta: sunflower en (1, 0)
dic 15, 2024 3:32:05 P. M. domain.Game addPlant
SEVERE: Error al añadir planta: Cannot add the unit because there is already a unit in the cell
dic 15, 2024 3:32:05 P. M. domain.Game addPlant
INFO: Intentando añadir una planta: eciplant en (1, 2)
dic 15, 2024 3:32:05 P. M. domain.Game addPlant
SEVERE: Error al añadir planta: Cannot add the unit because there is already a unit in the cell
dic 15, 2024 3:32:05 P. M. domain.Game addPlant
INFO: Intentando añadir una planta: sunflower en (1, 3)
dic 15, 2024 3:32:05 P. M. domain.Game addPlant
SEVERE: Error al añadir planta: Cannot add the unit because there is already a unit in the cell
dic 15, 2024 3:32:05 P. M. domain.Game addPlant
INFO: Intentando añadir una planta: eciplant en (1, 4)
dic 15, 2024 3:32:05 P. M. domain.Game addPlant
SEVERE: Error al añadir planta: Cannot add the unit because there is already a unit in the cell
dic 15, 2024 3:32:05 P. M. domain.Game addZombie
INFO: Intentando añadir un zombie: conehead en (9, 3)
dic 15, 2024 3:32:05 P. M. domain.Game addZombie
INFO: Zombie añadido exitosamente: conehead en (9, 3)
dic 15, 2024 3:32:05 P. M. domain.Game addPlant
INFO: Intentando añadir una planta: sunflower en (2, 3)
dic 15, 2024 3:32:05 P. M. domain.Game addPlant
SEVERE: Error al añadir planta: Cannot add the unit because there is already a unit in the cell
dic 15, 2024 3:32:05 P. M. domain.Game addPlant
INFO: Intentando añadir una planta: potatomine en (7, 0)
dic 15, 2024 3:32:05 P. M. domain.Game addPlant
INFO: Planta añadida exitosamente: potatomine en (7, 0)
dic 15, 2024 3:32:05 P. M. domain.Game addPlant
INFO: Intentando añadir una planta: potatomine en (7, 3)
dic 15, 2024 3:32:05 P. M. domain.Game addPlant
SEVERE: Error al añadir planta: Cannot add the unit because there is already a unit in the cell
dic 15, 2024 3:32:06 P. M. domain.plants.Sunflower generateSun
INFO: sol generado
dic 15, 2024 3:32:06 P. M. domain.plants.ECIPlant generateSun
INFO: sol generado
dic 15, 2024 3:32:06 P. M. domain.plants.Sunflower generateSun
INFO: sol generado
dic 15, 2024 3:32:06 P. M. domain.Game addZombie
INFO: Intentando añadir un zombie: brainstein en (10, 2)
dic 15, 2024 3:32:06 P. M. domain.Game addZombie
INFO: Zombie añadido exitosamente: brainstein en (10, 2)
dic 15, 2024 3:32:06 P. M. domain.Game addZombie
INFO: Intentando añadir un zombie: buckethead en (9, 2)
dic 15, 2024 3:32:06 P. M. domain.Game addZombie
INFO: Zombie añadido exitosamente: buckethead en (9, 2)
dic 15, 2024 3:32:06 P. M. domain.Game addPlant
INFO: Intentando añadir una planta: sunflower en (1, 0)
dic 15, 2024 3:32:06 P. M. domain.Game addPlant
SEVERE: Error al añadir planta: Cannot add the unit because there is already a unit in the cell
dic 15, 2024 3:32:06 P. M. domain.Game addPlant
INFO: Intentando añadir una planta: eciplant en (1, 2)
dic 15, 2024 3:32:06 P. M. domain.Game addPlant
SEVERE: Error al añadir planta: Cannot add the unit because there is already a unit in the cell
dic 15, 2024 3:32:06 P. M. domain.Game addPlant
INFO: Intentando añadir una planta: sunflower en (1, 3)
dic 15, 2024 3:32:06 P. M. domain.Game addPlant
SEVERE: Error al añadir planta: Cannot add the unit because there is already a unit in the cell
dic 15, 2024 3:32:06 P. M. domain.Game addPlant
INFO: Intentando añadir una planta: sunflower en (1, 4)
dic 15, 2024 3:32:06 P. M. domain.Game addPlant
SEVERE: Error al añadir planta: Cannot add the unit because there is already a unit in the cell
dic 15, 2024 3:32:06 P. M. domain.Game addPlant
INFO: Intentando añadir una planta: wallnut en (3, 0)
dic 15, 2024 3:32:06 P. M. domain.Game addPlant
INFO: Planta añadida exitosamente: wallnut en (3, 0)
dic 15, 2024 3:32:06 P. M. domain.Game addPlant
INFO: Intentando añadir una planta: wallnut en (3, 1)
dic 15, 2024 3:32:06 P. M. domain.Game addPlant
INFO: Planta añadida exitosamente: wallnut en (3, 1)
dic 15, 2024 3:32:06 P. M. domain.Game addPlant
INFO: Intentando añadir una planta: wallnut en (3, 2)
dic 15, 2024 3:32:06 P. M. domain.Game addPlant
INFO: Planta añadida exitosamente: wallnut en (3, 2)
dic 15, 2024 3:32:06 P. M. domain.Game addPlant
INFO: Intentando añadir una planta: wallnut en (3, 3)
dic 15, 2024 3:32:06 P. M. domain.Game addPlant
WARNING: No hay suficientes soles para añadir la planta: wallnut
dic 15, 2024 3:32:06 P. M. domain.Game addPlant
SEVERE: Error al añadir planta: Not enough suns to buy the plant
dic 15, 2024 3:32:06 P. M. domain.Game addPlant
INFO: Intentando añadir una planta: wallnut en (3, 4)
dic 15, 2024 3:32:06 P. M. domain.Game addPlant
WARNING: No hay suficientes soles para añadir la planta: wallnut
dic 15, 2024 3:32:06 P. M. domain.Game addPlant
SEVERE: Error al añadir planta: Not enough suns to buy the plant
dic 15, 2024 3:32:06 P. M. domain.Game addZombie
INFO: Intentando añadir un zombie: basic en (9, 3)
dic 15, 2024 3:32:06 P. M. domain.Game addZombie
INFO: Zombie añadido exitosamente: basic en (9, 3)
dic 15, 2024 3:32:06 P. M. domain.LawnMower activate
INFO: LawnMower activado en la fila: 3
dic 15, 2024 3:32:06 P. M. domain.LawnMower activate
INFO: LawnMower activado en la fila: 0
dic 15, 2024 3:32:06 P. M. domain.Game addPlant
INFO: Intentando añadir una planta: sunflower en (2, 3)
dic 15, 2024 3:32:06 P. M. domain.LawnMower activate
INFO: LawnMower activado en la fila: 4
dic 15, 2024 3:32:06 P. M. domain.Game addPlant
INFO: Planta añadida exitosamente: sunflower en (2, 3)
dic 15, 2024 3:32:06 P. M. domain.Game addPlant
INFO: Intentando añadir una planta: wallnut en (4, 3)
dic 15, 2024 3:32:06 P. M. domain.Game addPlant
INFO: Planta añadida exitosamente: wallnut en (4, 3)
dic 15, 2024 3:32:06 P. M. domain.LawnMower activate
INFO: LawnMower activado en la fila: 2
dic 15, 2024 3:32:06 P. M. domain.plants.Sunflower generateSun
INFO: sol generado
dic 15, 2024 3:32:07 P. M. domain.plants.ECIPlant generateSun
INFO: sol generado
dic 15, 2024 3:32:07 P. M. domain.plants.Sunflower generateSun
INFO: sol generado
dic 15, 2024 3:32:07 P. M. domain.plants.Sunflower generateSun
INFO: sol generado
dic 15, 2024 3:32:07 P. M. domain.plants.ECIPlant generateSun
INFO: sol generado
dic 15, 2024 3:32:07 P. M. domain.plants.Sunflower generateSun
INFO: sol generado
dic 15, 2024 3:32:07 P. M. domain.plants.Sunflower generateSun
INFO: sol generado
dic 15, 2024 3:32:07 P. M. domain.plants.Sunflower generateSun
INFO: sol generado
dic 15, 2024 3:32:07 P. M. domain.plants.Sunflower generateSun
INFO: sol generado
dic 15, 2024 3:32:07 P. M. domain.plants.ECIPlant generateSun
INFO: sol generado
dic 15, 2024 3:32:07 P. M. domain.Game addZombie
INFO: Intentando añadir un zombie: basic en (10, 1)
dic 15, 2024 3:32:07 P. M. domain.Game addZombie
INFO: Zombie añadido exitosamente: basic en (10, 1)
dic 15, 2024 3:32:07 P. M. domain.Game addZombie
INFO: Intentando añadir un zombie: brainstein en (10, 0)
dic 15, 2024 3:32:07 P. M. domain.Game addZombie
INFO: Zombie añadido exitosamente: brainstein en (10, 0)
dic 15, 2024 3:32:07 P. M. domain.Game addPlant
INFO: Intentando añadir una planta: eciplant en (1, 0)
dic 15, 2024 3:32:07 P. M. domain.Game addPlant
SEVERE: Error al añadir planta: Cannot add the unit because there is already a unit in the cell
dic 15, 2024 3:32:07 P. M. domain.Game addPlant
INFO: Intentando añadir una planta: eciplant en (1, 2)
dic 15, 2024 3:32:07 P. M. domain.Game addPlant
SEVERE: Error al añadir planta: Cannot add the unit because there is already a unit in the cell
dic 15, 2024 3:32:07 P. M. domain.Game addPlant
INFO: Intentando añadir una planta: eciplant en (1, 4)
dic 15, 2024 3:32:07 P. M. domain.Game addPlant
SEVERE: Error al añadir planta: Cannot add the unit because there is already a unit in the cell
dic 15, 2024 3:32:07 P. M. domain.Game addZombie
INFO: Intentando añadir un zombie: brainstein en (10, 0)
dic 15, 2024 3:32:07 P. M. domain.Game addZombie
INFO: Zombie añadido exitosamente: brainstein en (10, 0)
dic 15, 2024 3:32:07 P. M. domain.Game addPlant
INFO: Intentando añadir una planta: sunflower en (2, 3)
dic 15, 2024 3:32:07 P. M. domain.Game addPlant
INFO: Planta añadida exitosamente: sunflower en (2, 3)
dic 15, 2024 3:32:07 P. M. domain.Game addPlant
INFO: Intentando añadir una planta: wallnut en (5, 3)
dic 15, 2024 3:32:07 P. M. domain.Game addPlant
INFO: Planta añadida exitosamente: wallnut en (5, 3)
dic 15, 2024 3:32:07 P. M. domain.plants.Sunflower generateSun
INFO: sol generado
dic 15, 2024 3:32:08 P. M. domain.plants.Sunflower generateSun
INFO: sol generado
dic 15, 2024 3:32:08 P. M. domain.plants.Sunflower generateSun
INFO: sol generado
dic 15, 2024 3:32:08 P. M. domain.plants.ECIPlant generateSun
INFO: sol generado
dic 15, 2024 3:32:08 P. M. domain.plants.ECIPlant generateSun
INFO: sol generado
dic 15, 2024 3:32:08 P. M. domain.plants.Sunflower generateSun
INFO: sol generado
dic 15, 2024 3:32:08 P. M. domain.plants.ECIPlant generateSun
INFO: sol generado
dic 15, 2024 3:32:08 P. M. domain.Game addZombie
INFO: Intentando añadir un zombie: ecizombie en (10, 4)
dic 15, 2024 3:32:08 P. M. domain.Game addZombie
INFO: Zombie añadido exitosamente: ecizombie en (10, 4)
dic 15, 2024 3:32:08 P. M. domain.Game addZombie
INFO: Intentando añadir un zombie: basic en (9, 2)
dic 15, 2024 3:32:08 P. M. domain.Game addZombie
INFO: Zombie añadido exitosamente: basic en (9, 2)
dic 15, 2024 3:32:08 P. M. domain.Game addPlant
INFO: Intentando añadir una planta: sunflower en (1, 0)
dic 15, 2024 3:32:08 P. M. domain.Game addPlant
SEVERE: Error al añadir planta: Cannot add the unit because there is already a unit in the cell
dic 15, 2024 3:32:08 P. M. domain.Game addPlant
INFO: Intentando añadir una planta: sunflower en (1, 2)
dic 15, 2024 3:32:08 P. M. domain.Game addPlant
SEVERE: Error al añadir planta: Cannot add the unit because there is already a unit in the cell
dic 15, 2024 3:32:08 P. M. domain.Game addPlant
INFO: Intentando añadir una planta: sunflower en (1, 4)
dic 15, 2024 3:32:08 P. M. domain.Game addPlant
SEVERE: Error al añadir planta: Cannot add the unit because there is already a unit in the cell
dic 15, 2024 3:32:08 P. M. domain.Game addPlant
INFO: Intentando añadir una planta: potatomine en (6, 2)
dic 15, 2024 3:32:08 P. M. domain.Game addPlant
INFO: Planta añadida exitosamente: potatomine en (6, 2)
dic 15, 2024 3:32:08 P. M. domain.Game addPlant
INFO: Intentando añadir una planta: potatomine en (6, 3)
dic 15, 2024 3:32:08 P. M. domain.Game addPlant
INFO: Planta añadida exitosamente: potatomine en (6, 3)
dic 15, 2024 3:32:08 P. M. domain.Game addPlant
INFO: Intentando añadir una planta: potatomine en (6, 4)
dic 15, 2024 3:32:08 P. M. domain.Game addPlant
INFO: Planta añadida exitosamente: potatomine en (6, 4)
dic 15, 2024 3:32:08 P. M. domain.Game addZombie
INFO: Intentando añadir un zombie: buckethead en (9, 3)
dic 15, 2024 3:32:08 P. M. domain.Game addZombie
INFO: Zombie añadido exitosamente: buckethead en (9, 3)
dic 15, 2024 3:32:08 P. M. domain.Game addPlant
INFO: Intentando añadir una planta: sunflower en (2, 3)
dic 15, 2024 3:32:08 P. M. domain.Game addPlant
INFO: Planta añadida exitosamente: sunflower en (2, 3)
dic 15, 2024 3:32:08 P. M. domain.plants.Sunflower generateSun
INFO: sol generado
dic 15, 2024 3:32:09 P. M. domain.plants.Sunflower generateSun
INFO: sol generado
dic 15, 2024 3:32:09 P. M. domain.plants.Sunflower generateSun
INFO: sol generado
dic 15, 2024 3:32:09 P. M. domain.plants.ECIPlant generateSun
INFO: sol generado
dic 15, 2024 3:32:09 P. M. domain.Game addZombie
INFO: Intentando añadir un zombie: ecizombie en (9, 3)
dic 15, 2024 3:32:09 P. M. domain.Game addZombie
INFO: Zombie añadido exitosamente: ecizombie en (9, 3)
dic 15, 2024 3:32:09 P. M. domain.Game addZombie
INFO: Intentando añadir un zombie: conehead en (9, 2)
dic 15, 2024 3:32:09 P. M. domain.Game addZombie
INFO: Zombie añadido exitosamente: conehead en (9, 2)
dic 15, 2024 3:32:09 P. M. domain.Game addPlant
INFO: Intentando añadir una planta: sunflower en (1, 0)
dic 15, 2024 3:32:09 P. M. domain.Game addPlant
SEVERE: Error al añadir planta: Cannot add the unit because there is already a unit in the cell
dic 15, 2024 3:32:09 P. M. domain.Game addPlant
INFO: Intentando añadir una planta: sunflower en (1, 2)
dic 15, 2024 3:32:09 P. M. domain.Game addPlant
SEVERE: Error al añadir planta: Cannot add the unit because there is already a unit in the cell
dic 15, 2024 3:32:09 P. M. domain.Game addPlant
INFO: Intentando añadir una planta: eciplant en (1, 4)
dic 15, 2024 3:32:09 P. M. domain.Game addPlant
SEVERE: Error al añadir planta: Cannot add the unit because there is already a unit in the cell
dic 15, 2024 3:32:09 P. M. domain.Game addPlant
INFO: Intentando añadir una planta: potatomine en (8, 0)
dic 15, 2024 3:32:09 P. M. domain.Game addPlant
SEVERE: Error al añadir planta: Cannot add the unit because there is already a unit in the cell
dic 15, 2024 3:32:09 P. M. domain.Game addPlant
INFO: Intentando añadir una planta: potatomine en (8, 2)
dic 15, 2024 3:32:09 P. M. domain.Game addPlant
SEVERE: Error al añadir planta: Cannot add the unit because there is already a unit in the cell
dic 15, 2024 3:32:09 P. M. domain.Game addPlant
INFO: Intentando añadir una planta: potatomine en (8, 3)
dic 15, 2024 3:32:09 P. M. domain.Game addPlant
INFO: Planta añadida exitosamente: potatomine en (8, 3)
dic 15, 2024 3:32:09 P. M. domain.Game addPlant
INFO: Intentando añadir una planta: potatomine en (8, 4)
dic 15, 2024 3:32:09 P. M. domain.Game addPlant
INFO: Planta añadida exitosamente: potatomine en (8, 4)
dic 15, 2024 3:32:09 P. M. domain.Game addZombie
INFO: Intentando añadir un zombie: basic en (9, 3)
dic 15, 2024 3:32:09 P. M. domain.Game addZombie
INFO: Zombie añadido exitosamente: basic en (9, 3)
dic 15, 2024 3:32:09 P. M. domain.plants.Sunflower generateSun
INFO: sol generado
dic 15, 2024 3:32:09 P. M. domain.Game addPlant
INFO: Intentando añadir una planta: wallnut en (4, 3)
dic 15, 2024 3:32:09 P. M. domain.Game addPlant
INFO: Planta añadida exitosamente: wallnut en (4, 3)
dic 15, 2024 3:32:10 P. M. domain.plants.ECIPlant generateSun
INFO: sol generado
dic 15, 2024 3:32:10 P. M. domain.plants.Sunflower generateSun
INFO: sol generado
dic 15, 2024 3:32:10 P. M. domain.plants.Sunflower generateSun
INFO: sol generado
dic 15, 2024 3:32:10 P. M. domain.plants.ECIPlant generateSun
INFO: sol generado
dic 15, 2024 3:32:10 P. M. domain.plants.Sunflower generateSun
INFO: sol generado
dic 15, 2024 3:32:10 P. M. domain.plants.Sunflower generateSun
INFO: sol generado
dic 15, 2024 3:32:10 P. M. domain.plants.Sunflower generateSun
INFO: sol generado
dic 15, 2024 3:32:10 P. M. domain.plants.ECIPlant generateSun
INFO: sol generado
dic 15, 2024 3:32:10 P. M. domain.plants.Sunflower generateSun
INFO: sol generado
dic 15, 2024 3:32:10 P. M. domain.Game addZombie
INFO: Intentando añadir un zombie: brainstein en (10, 1)
dic 15, 2024 3:32:10 P. M. domain.Game addZombie
INFO: Zombie añadido exitosamente: brainstein en (10, 1)
dic 15, 2024 3:32:10 P. M. domain.Game addZombie
INFO: Intentando añadir un zombie: buckethead en (9, 2)
dic 15, 2024 3:32:10 P. M. domain.Game addZombie
INFO: Zombie añadido exitosamente: buckethead en (9, 2)
dic 15, 2024 3:32:10 P. M. domain.Game addPlant
INFO: Intentando añadir una planta: eciplant en (1, 0)
dic 15, 2024 3:32:10 P. M. domain.Game addPlant
SEVERE: Error al añadir planta: Cannot add the unit because there is already a unit in the cell
dic 15, 2024 3:32:10 P. M. domain.Game addPlant
INFO: Intentando añadir una planta: sunflower en (1, 2)
dic 15, 2024 3:32:10 P. M. domain.Game addPlant
SEVERE: Error al añadir planta: Cannot add the unit because there is already a unit in the cell
dic 15, 2024 3:32:10 P. M. domain.Game addPlant
INFO: Intentando añadir una planta: eciplant en (1, 4)
dic 15, 2024 3:32:10 P. M. domain.Game addPlant
SEVERE: Error al añadir planta: Cannot add the unit because there is already a unit in the cell
dic 15, 2024 3:32:10 P. M. domain.plants.Sunflower generateSun
INFO: sol generado
dic 15, 2024 3:32:10 P. M. domain.Game addZombie
INFO: Intentando añadir un zombie: conehead en (9, 3)
dic 15, 2024 3:32:10 P. M. domain.Game addZombie
INFO: Zombie añadido exitosamente: conehead en (9, 3)
dic 15, 2024 3:32:10 P. M. domain.Game addPlant
INFO: Intentando añadir una planta: eciplant en (1, 0)
dic 15, 2024 3:32:10 P. M. domain.Game addPlant
SEVERE: Error al añadir planta: Cannot add the unit because there is already a unit in the cell
dic 15, 2024 3:32:11 P. M. domain.Game deleteUnit
INFO: Unidad eliminada exitosamente en la posición (6, 0)
dic 15, 2024 3:32:11 P. M. domain.plants.Sunflower generateSun
INFO: sol generado
dic 15, 2024 3:32:11 P. M. domain.plants.Sunflower generateSun
INFO: sol generado
dic 15, 2024 3:32:11 P. M. domain.plants.ECIPlant generateSun
INFO: sol generado
dic 15, 2024 3:32:11 P. M. domain.plants.Sunflower generateSun
INFO: sol generado
dic 15, 2024 3:32:11 P. M. domain.plants.ECIPlant generateSun
INFO: sol generado
dic 15, 2024 3:32:11 P. M. domain.plants.ECIPlant generateSun
INFO: sol generado
dic 15, 2024 3:32:11 P. M. domain.Game addZombie
INFO: Intentando añadir un zombie: buckethead en (10, 2)
dic 15, 2024 3:32:11 P. M. domain.Game addZombie
INFO: Zombie añadido exitosamente: buckethead en (10, 2)
dic 15, 2024 3:32:11 P. M. domain.Game addZombie
INFO: Intentando añadir un zombie: brainstein en (10, 0)
dic 15, 2024 3:32:11 P. M. domain.Game addZombie
INFO: Zombie añadido exitosamente: brainstein en (10, 0)
dic 15, 2024 3:32:11 P. M. domain.Game addPlant
INFO: Intentando añadir una planta: sunflower en (1, 0)
dic 15, 2024 3:32:11 P. M. domain.Game addPlant
SEVERE: Error al añadir planta: Cannot add the unit because there is already a unit in the cell
dic 15, 2024 3:32:11 P. M. domain.Game addPlant
INFO: Intentando añadir una planta: sunflower en (1, 2)
dic 15, 2024 3:32:11 P. M. domain.Game addPlant
SEVERE: Error al añadir planta: Cannot add the unit because there is already a unit in the cell
dic 15, 2024 3:32:11 P. M. domain.Game addPlant
INFO: Intentando añadir una planta: sunflower en (1, 4)
dic 15, 2024 3:32:11 P. M. domain.Game addPlant
SEVERE: Error al añadir planta: Cannot add the unit because there is already a unit in the cell
dic 15, 2024 3:32:11 P. M. domain.Game addPlant
INFO: Intentando añadir una planta: potatomine en (7, 0)
dic 15, 2024 3:32:11 P. M. domain.Game addPlant
SEVERE: Error al añadir planta: Cannot add the unit because there is already a unit in the cell
dic 15, 2024 3:32:11 P. M. domain.Game addPlant
INFO: Intentando añadir una planta: potatomine en (7, 1)
dic 15, 2024 3:32:11 P. M. domain.Game addPlant
INFO: Planta añadida exitosamente: potatomine en (7, 1)
dic 15, 2024 3:32:11 P. M. domain.Game addPlant
INFO: Intentando añadir una planta: potatomine en (7, 2)
dic 15, 2024 3:32:11 P. M. domain.Game addPlant
SEVERE: Error al añadir planta: Cannot add the unit because there is already a unit in the cell
dic 15, 2024 3:32:11 P. M. domain.Game addPlant
INFO: Intentando añadir una planta: potatomine en (7, 3)
dic 15, 2024 3:32:11 P. M. domain.Game addPlant
INFO: Planta añadida exitosamente: potatomine en (7, 3)
dic 15, 2024 3:32:11 P. M. domain.Game addPlant
INFO: Intentando añadir una planta: potatomine en (7, 4)
dic 15, 2024 3:32:11 P. M. domain.Game addPlant
INFO: Planta añadida exitosamente: potatomine en (7, 4)
dic 15, 2024 3:32:11 P. M. domain.plants.Sunflower generateSun
INFO: sol generado
dic 15, 2024 3:32:11 P. M. domain.Game addZombie
INFO: Intentando añadir un zombie: brainstein en (10, 0)
dic 15, 2024 3:32:11 P. M. domain.Game addZombie
INFO: Zombie añadido exitosamente: brainstein en (10, 0)
dic 15, 2024 3:32:12 P. M. domain.plants.Sunflower generateSun
INFO: sol generado
dic 15, 2024 3:32:12 P. M. domain.plants.Sunflower generateSun
INFO: sol generado
dic 15, 2024 3:32:12 P. M. domain.plants.ECIPlant generateSun
INFO: sol generado
dic 15, 2024 3:32:12 P. M. domain.Game addZombie
INFO: Intentando añadir un zombie: brainstein en (9, 2)
dic 15, 2024 3:32:12 P. M. domain.Game addZombie
INFO: Zombie añadido exitosamente: brainstein en (9, 2)
dic 15, 2024 3:32:12 P. M. domain.Game addZombie
INFO: Intentando añadir un zombie: basic en (9, 2)
dic 15, 2024 3:32:12 P. M. domain.Game addZombie
INFO: Zombie añadido exitosamente: basic en (9, 2)
dic 15, 2024 3:32:12 P. M. domain.Game addPlant
INFO: Intentando añadir una planta: sunflower en (1, 0)
dic 15, 2024 3:32:12 P. M. domain.Game addPlant
SEVERE: Error al añadir planta: Cannot add the unit because there is already a unit in the cell
dic 15, 2024 3:32:12 P. M. domain.Game addPlant
INFO: Intentando añadir una planta: sunflower en (1, 2)
dic 15, 2024 3:32:12 P. M. domain.Game addPlant
SEVERE: Error al añadir planta: Cannot add the unit because there is already a unit in the cell
dic 15, 2024 3:32:12 P. M. domain.Game addPlant
INFO: Intentando añadir una planta: sunflower en (1, 4)
dic 15, 2024 3:32:12 P. M. domain.Game addPlant
SEVERE: Error al añadir planta: Cannot add the unit because there is already a unit in the cell
dic 15, 2024 3:32:12 P. M. domain.Game addPlant
INFO: Intentando añadir una planta: potatomine en (7, 0)
dic 15, 2024 3:32:12 P. M. domain.Game addPlant
SEVERE: Error al añadir planta: Cannot add the unit because there is already a unit in the cell
dic 15, 2024 3:32:12 P. M. domain.Game addPlant
INFO: Intentando añadir una planta: potatomine en (7, 2)
dic 15, 2024 3:32:12 P. M. domain.Game addPlant
SEVERE: Error al añadir planta: Cannot add the unit because there is already a unit in the cell
dic 15, 2024 3:32:12 P. M. domain.plants.Sunflower generateSun
INFO: sol generado
dic 15, 2024 3:32:12 P. M. domain.Game addZombie
INFO: Intentando añadir un zombie: buckethead en (9, 3)
dic 15, 2024 3:32:12 P. M. domain.Game addZombie
INFO: Zombie añadido exitosamente: buckethead en (9, 3)
dic 15, 2024 3:32:12 P. M. domain.LawnMower activate
INFO: LawnMower activado en la fila: 2
dic 15, 2024 3:32:12 P. M. domain.Game addPlant
INFO: Intentando añadir una planta: potatomine en (7, 0)
dic 15, 2024 3:32:12 P. M. domain.Game addPlant
SEVERE: Error al añadir planta: Cannot add the unit because there is already a unit in the cell
dic 15, 2024 3:32:12 P. M. domain.Game addPlant
INFO: Intentando añadir una planta: potatomine en (7, 3)
dic 15, 2024 3:32:12 P. M. domain.Game addPlant
INFO: Planta añadida exitosamente: potatomine en (7, 3)
dic 15, 2024 3:32:13 P. M. domain.plants.ECIPlant generateSun
INFO: sol generado
dic 15, 2024 3:32:13 P. M. domain.plants.Sunflower generateSun
INFO: sol generado
dic 15, 2024 3:32:13 P. M. domain.plants.Sunflower generateSun
INFO: sol generado
dic 15, 2024 3:32:13 P. M. domain.plants.ECIPlant generateSun
INFO: sol generado
dic 15, 2024 3:32:13 P. M. domain.plants.Sunflower generateSun
INFO: sol generado
dic 15, 2024 3:32:13 P. M. domain.plants.Sunflower generateSun
INFO: sol generado
dic 15, 2024 3:32:13 P. M. domain.plants.Sunflower generateSun
INFO: sol generado
dic 15, 2024 3:32:13 P. M. domain.plants.Sunflower generateSun
INFO: sol generado
dic 15, 2024 3:32:13 P. M. domain.plants.ECIPlant generateSun
INFO: sol generado
dic 15, 2024 3:32:13 P. M. domain.Game addZombie
INFO: Intentando añadir un zombie: conehead en (9, 4)
dic 15, 2024 3:32:13 P. M. domain.Game addZombie
INFO: Zombie añadido exitosamente: conehead en (9, 4)
dic 15, 2024 3:32:13 P. M. domain.Game addZombie
INFO: Intentando añadir un zombie: conehead en (9, 2)
dic 15, 2024 3:32:13 P. M. domain.Game addZombie
INFO: Zombie añadido exitosamente: conehead en (9, 2)
dic 15, 2024 3:32:13 P. M. domain.Game addPlant
INFO: Intentando añadir una planta: eciplant en (1, 0)
dic 15, 2024 3:32:13 P. M. domain.Game addPlant
SEVERE: Error al añadir planta: Cannot add the unit because there is already a unit in the cell
dic 15, 2024 3:32:13 P. M. domain.Game addPlant
INFO: Intentando añadir una planta: eciplant en (1, 2)
dic 15, 2024 3:32:13 P. M. domain.Game addPlant
SEVERE: Error al añadir planta: Cannot add the unit because there is already a unit in the cell
dic 15, 2024 3:32:13 P. M. domain.Game addPlant
INFO: Intentando añadir una planta: sunflower en (1, 4)
dic 15, 2024 3:32:13 P. M. domain.Game addPlant
SEVERE: Error al añadir planta: Cannot add the unit because there is already a unit in the cell
dic 15, 2024 3:32:13 P. M. domain.Game addPlant
INFO: Intentando añadir una planta: wallnut en (4, 0)
dic 15, 2024 3:32:13 P. M. domain.Game addPlant
INFO: Planta añadida exitosamente: wallnut en (4, 0)
dic 15, 2024 3:32:13 P. M. domain.Game addPlant
INFO: Intentando añadir una planta: wallnut en (4, 1)
dic 15, 2024 3:32:13 P. M. domain.Game addPlant
INFO: Planta añadida exitosamente: wallnut en (4, 1)
dic 15, 2024 3:32:13 P. M. domain.Game addPlant
INFO: Intentando añadir una planta: wallnut en (4, 2)
dic 15, 2024 3:32:13 P. M. domain.Game addPlant
INFO: Planta añadida exitosamente: wallnut en (4, 2)
dic 15, 2024 3:32:13 P. M. domain.Game addPlant
INFO: Intentando añadir una planta: wallnut en (4, 3)
dic 15, 2024 3:32:13 P. M. domain.Game addPlant
WARNING: No hay suficientes soles para añadir la planta: wallnut
dic 15, 2024 3:32:13 P. M. domain.Game addPlant
SEVERE: Error al añadir planta: Not enough suns to buy the plant
dic 15, 2024 3:32:13 P. M. domain.Game addPlant
INFO: Intentando añadir una planta: wallnut en (4, 4)
dic 15, 2024 3:32:13 P. M. domain.Game addPlant
WARNING: No hay suficientes soles para añadir la planta: wallnut
dic 15, 2024 3:32:13 P. M. domain.Game addPlant
SEVERE: Error al añadir planta: Not enough suns to buy the plant
dic 15, 2024 3:32:13 P. M. domain.plants.Sunflower generateSun
INFO: sol generado
dic 15, 2024 3:32:13 P. M. domain.Game addZombie
INFO: Intentando añadir un zombie: basic en (9, 3)
dic 15, 2024 3:32:13 P. M. domain.Game addZombie
INFO: Zombie añadido exitosamente: basic en (9, 3)
dic 15, 2024 3:32:13 P. M. domain.Game addPlant
INFO: Intentando añadir una planta: peashooter en (3, 3)
dic 15, 2024 3:32:13 P. M. domain.Game addPlant
INFO: Planta añadida exitosamente: peashooter en (3, 3)
dic 15, 2024 3:32:14 P. M. domain.Game deleteUnit
INFO: Unidad eliminada exitosamente en la posición (5, 0)
dic 15, 2024 3:32:14 P. M. domain.plants.Sunflower generateSun
INFO: sol generado
dic 15, 2024 3:32:14 P. M. domain.plants.Sunflower generateSun
INFO: sol generado
dic 15, 2024 3:32:14 P. M. domain.plants.ECIPlant generateSun
INFO: sol generado
dic 15, 2024 3:32:14 P. M. domain.plants.ECIPlant generateSun
INFO: sol generado
dic 15, 2024 3:32:14 P. M. domain.plants.Sunflower generateSun
INFO: sol generado
dic 15, 2024 3:32:14 P. M. domain.plants.ECIPlant generateSun
INFO: sol generado
dic 15, 2024 3:32:14 P. M. domain.Game addZombie
INFO: Intentando añadir un zombie: ecizombie en (9, 1)
dic 15, 2024 3:32:14 P. M. domain.Game addZombie
INFO: Zombie añadido exitosamente: ecizombie en (9, 1)
dic 15, 2024 3:32:14 P. M. domain.Game addZombie
INFO: Intentando añadir un zombie: conehead en (9, 2)
dic 15, 2024 3:32:14 P. M. domain.Game addZombie
INFO: Zombie añadido exitosamente: conehead en (9, 2)
dic 15, 2024 3:32:14 P. M. domain.Game addPlant
INFO: Intentando añadir una planta: sunflower en (1, 0)
dic 15, 2024 3:32:14 P. M. domain.Game addPlant
SEVERE: Error al añadir planta: Cannot add the unit because there is already a unit in the cell
dic 15, 2024 3:32:14 P. M. domain.Game addPlant
INFO: Intentando añadir una planta: sunflower en (1, 2)
dic 15, 2024 3:32:14 P. M. domain.Game addPlant
SEVERE: Error al añadir planta: Cannot add the unit because there is already a unit in the cell
dic 15, 2024 3:32:14 P. M. domain.Game addPlant
INFO: Intentando añadir una planta: potatomine en (6, 0)
dic 15, 2024 3:32:14 P. M. domain.Game addPlant
SEVERE: Error al añadir planta: Cannot add the unit because there is already a unit in the cell
dic 15, 2024 3:32:14 P. M. domain.Game addPlant
INFO: Intentando añadir una planta: potatomine en (6, 2)
dic 15, 2024 3:32:14 P. M. domain.Game addPlant
SEVERE: Error al añadir planta: Cannot add the unit because there is already a unit in the cell
dic 15, 2024 3:32:14 P. M. domain.plants.Sunflower generateSun
INFO: sol generado
dic 15, 2024 3:32:14 P. M. domain.Game addZombie
INFO: Intentando añadir un zombie: buckethead en (9, 3)
dic 15, 2024 3:32:14 P. M. domain.Game addZombie
INFO: Zombie añadido exitosamente: buckethead en (9, 3)
dic 15, 2024 3:32:15 P. M. domain.Game addPlant
INFO: Intentando añadir una planta: potatomine en (7, 0)
dic 15, 2024 3:32:15 P. M. domain.Game addPlant
SEVERE: Error al añadir planta: Cannot add the unit because there is already a unit in the cell
dic 15, 2024 3:32:15 P. M. domain.LawnMower activate
INFO: LawnMower activado en la fila: 2
dic 15, 2024 3:32:15 P. M. domain.LawnMower activate
INFO: LawnMower activado en la fila: 4
dic 15, 2024 3:32:15 P. M. domain.LawnMower activate
INFO: LawnMower activado en la fila: 2
dic 15, 2024 3:32:15 P. M. domain.plants.Sunflower generateSun
INFO: sol generado
dic 15, 2024 3:32:15 P. M. domain.plants.ECIPlant generateSun
INFO: sol generado
dic 15, 2024 3:32:15 P. M. domain.plants.Sunflower generateSun
INFO: sol generado
dic 15, 2024 3:32:15 P. M. domain.Game addZombie
INFO: Intentando añadir un zombie: brainstein en (10, 4)
dic 15, 2024 3:32:15 P. M. domain.Game addZombie
INFO: Zombie añadido exitosamente: brainstein en (10, 4)
dic 15, 2024 3:32:15 P. M. domain.Game addZombie
INFO: Intentando añadir un zombie: brainstein en (10, 0)
dic 15, 2024 3:32:15 P. M. domain.Game addZombie
INFO: Zombie añadido exitosamente: brainstein en (10, 0)
dic 15, 2024 3:32:15 P. M. domain.Game addPlant
INFO: Intentando añadir una planta: sunflower en (1, 0)
dic 15, 2024 3:32:15 P. M. domain.Game addPlant
SEVERE: Error al añadir planta: Cannot add the unit because there is already a unit in the cell
dic 15, 2024 3:32:15 P. M. domain.Game addPlant
INFO: Intentando añadir una planta: sunflower en (1, 2)
dic 15, 2024 3:32:15 P. M. domain.Game addPlant
SEVERE: Error al añadir planta: Cannot add the unit because there is already a unit in the cell
dic 15, 2024 3:32:15 P. M. domain.Game addPlant
INFO: Intentando añadir una planta: potatomine en (5, 0)
dic 15, 2024 3:32:15 P. M. domain.Game addPlant
INFO: Planta añadida exitosamente: potatomine en (5, 0)
dic 15, 2024 3:32:15 P. M. domain.Game addPlant
INFO: Intentando añadir una planta: potatomine en (5, 2)
dic 15, 2024 3:32:15 P. M. domain.Game addPlant
WARNING: No hay suficientes soles para añadir la planta: potatomine
dic 15, 2024 3:32:15 P. M. domain.Game addPlant
SEVERE: Error al añadir planta: Not enough suns to buy the plant
dic 15, 2024 3:32:15 P. M. domain.plants.Sunflower generateSun
INFO: sol generado
dic 15, 2024 3:32:15 P. M. domain.Game addZombie
INFO: Intentando añadir un zombie: brainstein en (10, 0)
dic 15, 2024 3:32:15 P. M. domain.Game addZombie
INFO: Zombie añadido exitosamente: brainstein en (10, 0)
dic 15, 2024 3:32:16 P. M. domain.plants.Sunflower generateSun
INFO: sol generado
dic 15, 2024 3:32:16 P. M. domain.plants.ECIPlant generateSun
INFO: sol generado
dic 15, 2024 3:32:16 P. M. domain.plants.ECIPlant generateSun
INFO: sol generado
dic 15, 2024 3:32:16 P. M. domain.plants.Sunflower generateSun
INFO: sol generado
dic 15, 2024 3:32:16 P. M. domain.plants.Sunflower generateSun
INFO: sol generado
dic 15, 2024 3:32:16 P. M. domain.plants.Sunflower generateSun
INFO: sol generado
dic 15, 2024 3:32:16 P. M. domain.plants.Sunflower generateSun
INFO: sol generado
dic 15, 2024 3:32:16 P. M. domain.plants.Sunflower generateSun
INFO: sol generado
dic 15, 2024 3:32:16 P. M. domain.plants.ECIPlant generateSun
INFO: sol generado
dic 15, 2024 3:32:16 P. M. domain.Game addZombie
INFO: Intentando añadir un zombie: conehead en (10, 1)
dic 15, 2024 3:32:16 P. M. domain.Game addZombie
INFO: Zombie añadido exitosamente: conehead en (10, 1)
dic 15, 2024 3:32:16 P. M. domain.Game addZombie
INFO: Intentando añadir un zombie: conehead en (9, 2)
dic 15, 2024 3:32:16 P. M. domain.Game addZombie
INFO: Zombie añadido exitosamente: conehead en (9, 2)
dic 15, 2024 3:32:16 P. M. domain.Game addPlant
INFO: Intentando añadir una planta: eciplant en (1, 0)
dic 15, 2024 3:32:16 P. M. domain.Game addPlant
SEVERE: Error al añadir planta: Cannot add the unit because there is already a unit in the cell
dic 15, 2024 3:32:16 P. M. domain.Game addPlant
INFO: Intentando añadir una planta: sunflower en (1, 2)
dic 15, 2024 3:32:16 P. M. domain.Game addPlant
SEVERE: Error al añadir planta: Cannot add the unit because there is already a unit in the cell
dic 15, 2024 3:32:16 P. M. domain.Game addPlant
INFO: Intentando añadir una planta: potatomine en (5, 2)
dic 15, 2024 3:32:16 P. M. domain.Game addPlant
SEVERE: Error al añadir planta: Cannot add the unit because there is already a unit in the cell
dic 15, 2024 3:32:16 P. M. domain.plants.Sunflower generateSun
INFO: sol generado
dic 15, 2024 3:32:17 P. M. domain.Game addZombie
INFO: Intentando añadir un zombie: basic en (9, 3)
dic 15, 2024 3:32:17 P. M. domain.Game addZombie
INFO: Zombie añadido exitosamente: basic en (9, 3)
dic 15, 2024 3:32:17 P. M. domain.plants.Sunflower generateSun
INFO: sol generado
dic 15, 2024 3:32:17 P. M. domain.plants.Sunflower generateSun
INFO: sol generado
dic 15, 2024 3:32:17 P. M. domain.plants.Sunflower generateSun
INFO: sol generado
dic 15, 2024 3:32:17 P. M. domain.plants.ECIPlant generateSun
INFO: sol generado
dic 15, 2024 3:32:17 P. M. domain.plants.ECIPlant generateSun
INFO: sol generado
dic 15, 2024 3:32:17 P. M. domain.plants.ECIPlant generateSun
INFO: sol generado
dic 15, 2024 3:32:17 P. M. domain.Game addZombie
INFO: Intentando añadir un zombie: ecizombie en (9, 2)
dic 15, 2024 3:32:17 P. M. domain.Game addZombie
INFO: Zombie añadido exitosamente: ecizombie en (9, 2)
dic 15, 2024 3:32:17 P. M. domain.Game addZombie
INFO: Intentando añadir un zombie: buckethead en (9, 2)
dic 15, 2024 3:32:17 P. M. domain.Game addZombie
INFO: Zombie añadido exitosamente: buckethead en (9, 2)
dic 15, 2024 3:32:17 P. M. domain.Game addPlant
INFO: Intentando añadir una planta: sunflower en (1, 0)
dic 15, 2024 3:32:17 P. M. domain.Game addPlant
SEVERE: Error al añadir planta: Cannot add the unit because there is already a unit in the cell
dic 15, 2024 3:32:17 P. M. domain.Game addPlant
INFO: Intentando añadir una planta: eciplant en (1, 2)
dic 15, 2024 3:32:17 P. M. domain.Game addPlant
SEVERE: Error al añadir planta: Cannot add the unit because there is already a unit in the cell
dic 15, 2024 3:32:17 P. M. domain.Game addPlant
INFO: Intentando añadir una planta: potatomine en (8, 0)
dic 15, 2024 3:32:17 P. M. domain.Game addPlant
SEVERE: Error al añadir planta: Cannot add the unit because there is already a unit in the cell
dic 15, 2024 3:32:17 P. M. domain.Game addPlant
INFO: Intentando añadir una planta: potatomine en (8, 2)
dic 15, 2024 3:32:17 P. M. domain.Game addPlant
INFO: Planta añadida exitosamente: potatomine en (8, 2)
dic 15, 2024 3:32:17 P. M. domain.Game addPlant
INFO: Intentando añadir una planta: potatomine en (8, 4)
dic 15, 2024 3:32:17 P. M. domain.Game addPlant
INFO: Planta añadida exitosamente: potatomine en (8, 4)
dic 15, 2024 3:32:17 P. M. domain.plants.Sunflower generateSun
INFO: sol generado
dic 15, 2024 3:32:18 P. M. domain.Game addZombie
INFO: Intentando añadir un zombie: buckethead en (9, 3)
dic 15, 2024 3:32:18 P. M. domain.Game addZombie
INFO: Zombie añadido exitosamente: buckethead en (9, 3)
dic 15, 2024 3:32:18 P. M. domain.plants.Sunflower generateSun
INFO: sol generado
dic 15, 2024 3:32:18 P. M. domain.plants.Sunflower generateSun
INFO: sol generado
dic 15, 2024 3:32:18 P. M. domain.plants.ECIPlant generateSun
INFO: sol generado
dic 15, 2024 3:32:18 P. M. domain.Game addZombie
INFO: Intentando añadir un zombie: basic en (9, 3)
dic 15, 2024 3:32:18 P. M. domain.Game addZombie
INFO: Zombie añadido exitosamente: basic en (9, 3)
dic 15, 2024 3:32:18 P. M. domain.Game addZombie
INFO: Intentando añadir un zombie: conehead en (9, 2)
dic 15, 2024 3:32:18 P. M. domain.Game addZombie
INFO: Zombie añadido exitosamente: conehead en (9, 2)
dic 15, 2024 3:32:18 P. M. domain.Game addPlant
INFO: Intentando añadir una planta: eciplant en (1, 0)
dic 15, 2024 3:32:18 P. M. domain.Game addPlant
SEVERE: Error al añadir planta: Cannot add the unit because there is already a unit in the cell
dic 15, 2024 3:32:18 P. M. domain.Game addPlant
INFO: Intentando añadir una planta: sunflower en (1, 2)
dic 15, 2024 3:32:18 P. M. domain.Game addPlant
SEVERE: Error al añadir planta: Cannot add the unit because there is already a unit in the cell
dic 15, 2024 3:32:18 P. M. domain.Game addPlant
INFO: Intentando añadir una planta: potatomine en (8, 0)
dic 15, 2024 3:32:18 P. M. domain.Game addPlant
INFO: Planta añadida exitosamente: potatomine en (8, 0)
dic 15, 2024 3:32:18 P. M. domain.Game addPlant
INFO: Intentando añadir una planta: potatomine en (8, 2)
dic 15, 2024 3:32:18 P. M. domain.Game addPlant
SEVERE: Error al añadir planta: Cannot add the unit because there is already a unit in the cell
dic 15, 2024 3:32:18 P. M. domain.plants.Sunflower generateSun
INFO: sol generado
dic 15, 2024 3:32:19 P. M. domain.Game addZombie
INFO: Intentando añadir un zombie: basic en (9, 3)
dic 15, 2024 3:32:19 P. M. domain.Game addZombie
INFO: Zombie añadido exitosamente: basic en (9, 3)
dic 15, 2024 3:32:19 P. M. domain.LawnMower activate
INFO: LawnMower activado en la fila: 3
dic 15, 2024 3:32:19 P. M. domain.plants.Sunflower generateSun
INFO: sol generado
dic 15, 2024 3:32:19 P. M. domain.plants.ECIPlant generateSun
INFO: sol generado
dic 15, 2024 3:32:19 P. M. domain.plants.ECIPlant generateSun
INFO: sol generado
dic 15, 2024 3:32:19 P. M. domain.plants.Sunflower generateSun
INFO: sol generado
dic 15, 2024 3:32:19 P. M. domain.plants.Sunflower generateSun
INFO: sol generado
dic 15, 2024 3:32:19 P. M. domain.plants.Sunflower generateSun
INFO: sol generado
dic 15, 2024 3:32:19 P. M. domain.plants.Sunflower generateSun
INFO: sol generado
dic 15, 2024 3:32:19 P. M. domain.plants.Sunflower generateSun
INFO: sol generado
dic 15, 2024 3:32:19 P. M. domain.plants.ECIPlant generateSun
INFO: sol generado
dic 15, 2024 3:32:19 P. M. domain.Game addZombie
INFO: Intentando añadir un zombie: basic en (10, 2)
dic 15, 2024 3:32:19 P. M. domain.Game addZombie
INFO: Zombie añadido exitosamente: basic en (10, 2)
dic 15, 2024 3:32:19 P. M. domain.Game addZombie
INFO: Intentando añadir un zombie: brainstein en (10, 0)
dic 15, 2024 3:32:19 P. M. domain.Game addZombie
INFO: Zombie añadido exitosamente: brainstein en (10, 0)
dic 15, 2024 3:32:19 P. M. domain.Game addPlant
INFO: Intentando añadir una planta: eciplant en (1, 0)
dic 15, 2024 3:32:19 P. M. domain.Game addPlant
SEVERE: Error al añadir planta: Cannot add the unit because there is already a unit in the cell
dic 15, 2024 3:32:20 P. M. domain.Game addPlant
INFO: Intentando añadir una planta: sunflower en (1, 2)
dic 15, 2024 3:32:20 P. M. domain.Game addPlant
SEVERE: Error al añadir planta: Cannot add the unit because there is already a unit in the cell
dic 15, 2024 3:32:20 P. M. domain.Game addPlant
INFO: Intentando añadir una planta: wallnut en (3, 3)
dic 15, 2024 3:32:20 P. M. domain.Game addPlant
INFO: Planta añadida exitosamente: wallnut en (3, 3)
dic 15, 2024 3:32:20 P. M. domain.Game addPlant
INFO: Intentando añadir una planta: wallnut en (3, 4)
dic 15, 2024 3:32:20 P. M. domain.Game addPlant
INFO: Planta añadida exitosamente: wallnut en (3, 4)
dic 15, 2024 3:32:20 P. M. domain.plants.Sunflower generateSun
INFO: sol generado
dic 15, 2024 3:32:20 P. M. domain.Game addZombie
INFO: Intentando añadir un zombie: brainstein en (10, 0)
dic 15, 2024 3:32:20 P. M. domain.Game addZombie
INFO: Zombie añadido exitosamente: brainstein en (10, 0)
dic 15, 2024 3:32:20 P. M. domain.Game deleteUnit
INFO: Unidad eliminada exitosamente en la posición (5, 4)
dic 15, 2024 3:32:20 P. M. domain.plants.Sunflower generateSun
INFO: sol generado
dic 15, 2024 3:32:20 P. M. domain.plants.Sunflower generateSun
INFO: sol generado
dic 15, 2024 3:32:20 P. M. domain.plants.ECIPlant generateSun
INFO: sol generado
dic 15, 2024 3:32:20 P. M. domain.plants.Sunflower generateSun
INFO: sol generado
dic 15, 2024 3:32:20 P. M. domain.plants.ECIPlant generateSun
INFO: sol generado
dic 15, 2024 3:32:20 P. M. domain.plants.ECIPlant generateSun
INFO: sol generado
dic 15, 2024 3:32:20 P. M. domain.Game addZombie
INFO: Intentando añadir un zombie: brainstein en (10, 3)
dic 15, 2024 3:32:20 P. M. domain.Game addZombie
INFO: Zombie añadido exitosamente: brainstein en (10, 3)
dic 15, 2024 3:32:20 P. M. domain.Game addZombie
INFO: Intentando añadir un zombie: conehead en (9, 2)
dic 15, 2024 3:32:20 P. M. domain.Game addZombie
INFO: Zombie añadido exitosamente: conehead en (9, 2)
dic 15, 2024 3:32:21 P. M. domain.plants.Sunflower generateSun
INFO: sol generado
dic 15, 2024 3:32:21 P. M. domain.Game addPlant
INFO: Intentando añadir una planta: eciplant en (1, 0)
dic 15, 2024 3:32:21 P. M. domain.Game addPlant
SEVERE: Error al añadir planta: Cannot add the unit because there is already a unit in the cell
dic 15, 2024 3:32:21 P. M. domain.Game addPlant
INFO: Intentando añadir una planta: eciplant en (1, 2)
dic 15, 2024 3:32:21 P. M. domain.Game addPlant
SEVERE: Error al añadir planta: Cannot add the unit because there is already a unit in the cell
dic 15, 2024 3:32:21 P. M. domain.Game addPlant
INFO: Intentando añadir una planta: potatomine en (8, 2)
dic 15, 2024 3:32:21 P. M. domain.Game addPlant
SEVERE: Error al añadir planta: Cannot add the unit because there is already a unit in the cell
dic 15, 2024 3:32:21 P. M. domain.Game addZombie
INFO: Intentando añadir un zombie: basic en (9, 3)
dic 15, 2024 3:32:21 P. M. domain.Game addZombie
INFO: Zombie añadido exitosamente: basic en (9, 3)
dic 15, 2024 3:32:21 P. M. domain.plants.Sunflower generateSun
INFO: sol generado
dic 15, 2024 3:32:21 P. M. domain.plants.ECIPlant generateSun
INFO: sol generado
dic 15, 2024 3:32:21 P. M. domain.plants.Sunflower generateSun
INFO: sol generado
dic 15, 2024 3:32:21 P. M. domain.Game addZombie
INFO: Intentando añadir un zombie: buckethead en (10, 3)
dic 15, 2024 3:32:21 P. M. domain.Game addZombie
INFO: Zombie añadido exitosamente: buckethead en (10, 3)
dic 15, 2024 3:32:21 P. M. domain.Game addZombie
INFO: Intentando añadir un zombie: buckethead en (9, 2)
dic 15, 2024 3:32:22 P. M. domain.Game addZombie
INFO: Zombie añadido exitosamente: buckethead en (9, 2)
dic 15, 2024 3:32:22 P. M. domain.plants.Sunflower generateSun
INFO: sol generado
dic 15, 2024 3:32:22 P. M. domain.Game addPlant
INFO: Intentando añadir una planta: eciplant en (1, 0)
dic 15, 2024 3:32:22 P. M. domain.Game addPlant
SEVERE: Error al añadir planta: Cannot add the unit because there is already a unit in the cell
dic 15, 2024 3:32:22 P. M. domain.Game addPlant
INFO: Intentando añadir una planta: eciplant en (1, 2)
dic 15, 2024 3:32:22 P. M. domain.Game addPlant
SEVERE: Error al añadir planta: Cannot add the unit because there is already a unit in the cell
dic 15, 2024 3:32:22 P. M. domain.Game addZombie
INFO: Intentando añadir un zombie: conehead en (9, 3)
dic 15, 2024 3:32:22 P. M. domain.Game addZombie
INFO: Zombie añadido exitosamente: conehead en (9, 3)
dic 15, 2024 3:32:22 P. M. domain.plants.Sunflower generateSun
INFO: sol generado
dic 15, 2024 3:32:22 P. M. domain.plants.Sunflower generateSun
INFO: sol generado
dic 15, 2024 3:32:22 P. M. domain.plants.ECIPlant generateSun
INFO: sol generado
dic 15, 2024 3:32:22 P. M. domain.plants.ECIPlant generateSun
INFO: sol generado
dic 15, 2024 3:32:22 P. M. domain.plants.Sunflower generateSun
INFO: sol generado
dic 15, 2024 3:32:22 P. M. domain.plants.Sunflower generateSun
INFO: sol generado
dic 15, 2024 3:32:22 P. M. domain.plants.Sunflower generateSun
INFO: sol generado
dic 15, 2024 3:32:22 P. M. domain.plants.Sunflower generateSun
INFO: sol generado
dic 15, 2024 3:32:22 P. M. domain.plants.ECIPlant generateSun
INFO: sol generado
dic 15, 2024 3:32:22 P. M. domain.Game addZombie
INFO: Intentando añadir un zombie: ecizombie en (9, 2)
dic 15, 2024 3:32:22 P. M. domain.Game addZombie
INFO: Zombie añadido exitosamente: ecizombie en (9, 2)
dic 15, 2024 3:32:23 P. M. domain.Game addZombie
INFO: Intentando añadir un zombie: basic en (9, 2)
dic 15, 2024 3:32:23 P. M. domain.plants.Sunflower generateSun
INFO: sol generado
dic 15, 2024 3:32:23 P. M. domain.Game addZombie
INFO: Zombie añadido exitosamente: basic en (9, 2)
dic 15, 2024 3:32:23 P. M. domain.Game addPlant
INFO: Intentando añadir una planta: eciplant en (1, 0)
dic 15, 2024 3:32:23 P. M. domain.Game addPlant
SEVERE: Error al añadir planta: Cannot add the unit because there is already a unit in the cell
dic 15, 2024 3:32:23 P. M. domain.Game addPlant
INFO: Intentando añadir una planta: sunflower en (1, 2)
dic 15, 2024 3:32:23 P. M. domain.Game addPlant
SEVERE: Error al añadir planta: Cannot add the unit because there is already a unit in the cell
dic 15, 2024 3:32:23 P. M. domain.Game addPlant
INFO: Intentando añadir una planta: wallnut en (2, 1)
dic 15, 2024 3:32:23 P. M. domain.Game addPlant
INFO: Planta añadida exitosamente: wallnut en (2, 1)
dic 15, 2024 3:32:23 P. M. domain.Game addPlant
INFO: Intentando añadir una planta: wallnut en (2, 2)
dic 15, 2024 3:32:23 P. M. domain.Game addPlant
INFO: Planta añadida exitosamente: wallnut en (2, 2)
dic 15, 2024 3:32:23 P. M. domain.Game addPlant
INFO: Intentando añadir una planta: wallnut en (2, 3)
dic 15, 2024 3:32:23 P. M. domain.Game addPlant
INFO: Planta añadida exitosamente: wallnut en (2, 3)
dic 15, 2024 3:32:23 P. M. domain.Game addPlant
INFO: Intentando añadir una planta: wallnut en (2, 4)
dic 15, 2024 3:32:23 P. M. domain.Game addPlant
INFO: Planta añadida exitosamente: wallnut en (2, 4)
dic 15, 2024 3:32:23 P. M. domain.Game addZombie
INFO: Intentando añadir un zombie: buckethead en (9, 3)
dic 15, 2024 3:32:23 P. M. domain.Game addZombie
INFO: Zombie añadido exitosamente: buckethead en (9, 3)
dic 15, 2024 3:32:23 P. M. domain.plants.Sunflower generateSun
INFO: sol generado
dic 15, 2024 3:32:23 P. M. domain.plants.Sunflower generateSun
INFO: sol generado
dic 15, 2024 3:32:23 P. M. domain.plants.ECIPlant generateSun
INFO: sol generado
dic 15, 2024 3:32:23 P. M. domain.plants.ECIPlant generateSun
INFO: sol generado
dic 15, 2024 3:32:23 P. M. domain.plants.Sunflower generateSun
INFO: sol generado
dic 15, 2024 3:32:23 P. M. domain.plants.ECIPlant generateSun
INFO: sol generado
dic 15, 2024 3:32:23 P. M. domain.Game addZombie
INFO: Intentando añadir un zombie: buckethead en (9, 3)
dic 15, 2024 3:32:23 P. M. domain.Game addZombie
INFO: Zombie añadido exitosamente: buckethead en (9, 3)
dic 15, 2024 3:32:24 P. M. domain.plants.Sunflower generateSun
INFO: sol generado
dic 15, 2024 3:32:24 P. M. domain.Game addZombie
INFO: Intentando añadir un zombie: brainstein en (10, 0)
dic 15, 2024 3:32:24 P. M. domain.Game addZombie
INFO: Zombie añadido exitosamente: brainstein en (10, 0)
dic 15, 2024 3:32:24 P. M. domain.Game addPlant
INFO: Intentando añadir una planta: eciplant en (1, 0)
dic 15, 2024 3:32:24 P. M. domain.Game addPlant
SEVERE: Error al añadir planta: Cannot add the unit because there is already a unit in the cell
dic 15, 2024 3:32:24 P. M. domain.Game addPlant
INFO: Intentando añadir una planta: wallnut en (4, 3)
dic 15, 2024 3:32:24 P. M. domain.Game addPlant
INFO: Planta añadida exitosamente: wallnut en (4, 3)
dic 15, 2024 3:32:24 P. M. domain.Game addPlant
INFO: Intentando añadir una planta: wallnut en (4, 4)
dic 15, 2024 3:32:24 P. M. domain.Game addPlant
WARNING: No hay suficientes soles para añadir la planta: wallnut
dic 15, 2024 3:32:24 P. M. domain.Game addPlant
SEVERE: Error al añadir planta: Not enough suns to buy the plant
dic 15, 2024 3:32:24 P. M. domain.Game addZombie
INFO: Intentando añadir un zombie: brainstein en (10, 0)
dic 15, 2024 3:32:24 P. M. domain.Game addZombie
INFO: Zombie añadido exitosamente: brainstein en (10, 0)
dic 15, 2024 3:32:24 P. M. domain.LawnMower activate
INFO: LawnMower activado en la fila: 1
dic 15, 2024 3:32:24 P. M. domain.Game addPlant
INFO: Intentando añadir una planta: eciplant en (1, 0)
dic 15, 2024 3:32:24 P. M. domain.Game addPlant
SEVERE: Error al añadir planta: Cannot add the unit because there is already a unit in the cell
dic 15, 2024 3:32:24 P. M. domain.plants.Sunflower generateSun
INFO: sol generado
dic 15, 2024 3:32:24 P. M. domain.plants.ECIPlant generateSun
INFO: sol generado
dic 15, 2024 3:32:24 P. M. domain.plants.Sunflower generateSun
INFO: sol generado
dic 15, 2024 3:32:24 P. M. domain.Game addZombie
INFO: Intentando añadir un zombie: brainstein en (9, 1)
dic 15, 2024 3:32:24 P. M. domain.Game addZombie
INFO: Zombie añadido exitosamente: brainstein en (9, 1)
dic 15, 2024 3:32:25 P. M. domain.plants.Sunflower generateSun
INFO: sol generado
dic 15, 2024 3:32:25 P. M. domain.Game addZombie
INFO: Intentando añadir un zombie: buckethead en (9, 2)
dic 15, 2024 3:32:25 P. M. domain.Game addZombie
INFO: Zombie añadido exitosamente: buckethead en (9, 2)
dic 15, 2024 3:32:25 P. M. domain.Game addPlant
INFO: Intentando añadir una planta: sunflower en (1, 0)
dic 15, 2024 3:32:25 P. M. domain.Game addPlant
SEVERE: Error al añadir planta: Cannot add the unit because there is already a unit in the cell
dic 15, 2024 3:32:25 P. M. domain.Game addPlant
INFO: Intentando añadir una planta: potatomine en (8, 0)
dic 15, 2024 3:32:25 P. M. domain.Game addPlant
INFO: Planta añadida exitosamente: potatomine en (8, 0)
dic 15, 2024 3:32:25 P. M. domain.Game addPlant
INFO: Intentando añadir una planta: potatomine en (8, 2)
dic 15, 2024 3:32:25 P. M. domain.Game addPlant
SEVERE: Error al añadir planta: Cannot add the unit because there is already a unit in the cell
dic 15, 2024 3:32:25 P. M. domain.Game addZombie
INFO: Intentando añadir un zombie: buckethead en (9, 3)
dic 15, 2024 3:32:25 P. M. domain.Game addZombie
INFO: Zombie añadido exitosamente: buckethead en (9, 3)
dic 15, 2024 3:32:25 P. M. domain.Game addPlant
INFO: Intentando añadir una planta: eciplant en (1, 0)
dic 15, 2024 3:32:25 P. M. domain.Game addPlant
SEVERE: Error al añadir planta: Cannot add the unit because there is already a unit in the cell
dic 15, 2024 3:32:25 P. M. domain.plants.Sunflower generateSun
INFO: sol generado
dic 15, 2024 3:32:25 P. M. domain.plants.ECIPlant generateSun
INFO: sol generado
dic 15, 2024 3:32:25 P. M. domain.plants.Sunflower generateSun
INFO: sol generado
dic 15, 2024 3:32:25 P. M. domain.plants.ECIPlant generateSun
INFO: sol generado
dic 15, 2024 3:32:25 P. M. domain.plants.Sunflower generateSun
INFO: sol generado
dic 15, 2024 3:32:25 P. M. domain.plants.Sunflower generateSun
INFO: sol generado
dic 15, 2024 3:32:25 P. M. domain.plants.Sunflower generateSun
INFO: sol generado
dic 15, 2024 3:32:25 P. M. domain.plants.Sunflower generateSun
INFO: sol generado
dic 15, 2024 3:32:25 P. M. domain.plants.ECIPlant generateSun
INFO: sol generado
dic 15, 2024 3:32:25 P. M. domain.Game addZombie
INFO: Intentando añadir un zombie: brainstein en (10, 0)
dic 15, 2024 3:32:25 P. M. domain.Game addZombie
INFO: Zombie añadido exitosamente: brainstein en (10, 0)
dic 15, 2024 3:32:26 P. M. domain.plants.Sunflower generateSun
INFO: sol generado
dic 15, 2024 3:32:26 P. M. domain.Game addZombie
INFO: Intentando añadir un zombie: conehead en (9, 2)
dic 15, 2024 3:32:26 P. M. domain.Game addZombie
INFO: Zombie añadido exitosamente: conehead en (9, 2)
dic 15, 2024 3:32:26 P. M. domain.Game addPlant
INFO: Intentando añadir una planta: eciplant en (1, 0)
dic 15, 2024 3:32:26 P. M. domain.Game addPlant
SEVERE: Error al añadir planta: Cannot add the unit because there is already a unit in the cell
dic 15, 2024 3:32:26 P. M. domain.Game addZombie
INFO: Intentando añadir un zombie: buckethead en (9, 3)
dic 15, 2024 3:32:26 P. M. domain.Game addZombie
INFO: Zombie añadido exitosamente: buckethead en (9, 3)
dic 15, 2024 3:32:26 P. M. domain.Game addPlant
INFO: Intentando añadir una planta: eciplant en (1, 0)
dic 15, 2024 3:32:26 P. M. domain.Game addPlant
SEVERE: Error al añadir planta: Cannot add the unit because there is already a unit in the cell
dic 15, 2024 3:32:26 P. M. domain.plants.Sunflower generateSun
INFO: sol generado
dic 15, 2024 3:32:26 P. M. domain.plants.Sunflower generateSun
INFO: sol generado
dic 15, 2024 3:32:26 P. M. domain.plants.ECIPlant generateSun
INFO: sol generado
dic 15, 2024 3:32:26 P. M. domain.plants.Sunflower generateSun
INFO: sol generado
dic 15, 2024 3:32:26 P. M. domain.plants.ECIPlant generateSun
INFO: sol generado
dic 15, 2024 3:32:26 P. M. domain.plants.ECIPlant generateSun
INFO: sol generado
dic 15, 2024 3:32:26 P. M. domain.Game addZombie
INFO: Intentando añadir un zombie: brainstein en (9, 3)
dic 15, 2024 3:32:27 P. M. domain.Game addZombie
INFO: Zombie añadido exitosamente: brainstein en (9, 3)
dic 15, 2024 3:32:27 P. M. domain.plants.Sunflower generateSun
INFO: sol generado
dic 15, 2024 3:32:27 P. M. domain.Game addZombie
INFO: Intentando añadir un zombie: buckethead en (9, 2)
dic 15, 2024 3:32:27 P. M. domain.Game addZombie
INFO: Zombie añadido exitosamente: buckethead en (9, 2)
dic 15, 2024 3:32:27 P. M. domain.Game addPlant
INFO: Intentando añadir una planta: eciplant en (1, 0)
dic 15, 2024 3:32:27 P. M. domain.Game addZombie
INFO: Intentando añadir un zombie: basic en (9, 3)
dic 15, 2024 3:32:27 P. M. domain.Game addPlant
SEVERE: Error al añadir planta: Cannot add the unit because there is already a unit in the cell
dic 15, 2024 3:32:27 P. M. domain.Game addZombie
INFO: Zombie añadido exitosamente: basic en (9, 3)
dic 15, 2024 3:32:27 P. M. domain.Game addPlant
INFO: Intentando añadir una planta: eciplant en (1, 0)
dic 15, 2024 3:32:27 P. M. domain.Game addPlant
SEVERE: Error al añadir planta: Cannot add the unit because there is already a unit in the cell
dic 15, 2024 3:32:27 P. M. domain.plants.Sunflower generateSun
INFO: sol generado
dic 15, 2024 3:32:27 P. M. domain.plants.ECIPlant generateSun
INFO: sol generado
dic 15, 2024 3:32:27 P. M. domain.plants.Sunflower generateSun
INFO: sol generado
dic 15, 2024 3:32:28 P. M. domain.plants.Sunflower generateSun
INFO: sol generado
dic 15, 2024 3:32:28 P. M. domain.Game addZombie
INFO: Intentando añadir un zombie: brainstein en (10, 3)
dic 15, 2024 3:32:28 P. M. domain.Game addZombie
INFO: Zombie añadido exitosamente: brainstein en (10, 3)
dic 15, 2024 3:32:28 P. M. domain.Game addZombie
INFO: Intentando añadir un zombie: brainstein en (10, 0)
dic 15, 2024 3:32:28 P. M. domain.Game addZombie
INFO: Zombie añadido exitosamente: brainstein en (10, 0)
dic 15, 2024 3:32:28 P. M. domain.Game addPlant
INFO: Intentando añadir una planta: eciplant en (1, 0)
dic 15, 2024 3:32:28 P. M. domain.Game addPlant
SEVERE: Error al añadir planta: Cannot add the unit because there is already a unit in the cell
dic 15, 2024 3:32:28 P. M. domain.Game addZombie
INFO: Intentando añadir un zombie: brainstein en (10, 0)
dic 15, 2024 3:32:28 P. M. domain.Game addPlant
INFO: Intentando añadir una planta: potatomine en (7, 0)
dic 15, 2024 3:32:28 P. M. domain.Game addZombie
INFO: Zombie añadido exitosamente: brainstein en (10, 0)
dic 15, 2024 3:32:28 P. M. domain.Game addPlant
SEVERE: Error al añadir planta: Cannot add the unit because there is already a unit in the cell
dic 15, 2024 3:32:28 P. M. domain.Game addPlant
INFO: Intentando añadir una planta: potatomine en (7, 2)
dic 15, 2024 3:32:28 P. M. domain.Game addPlant
SEVERE: Error al añadir planta: Cannot add the unit because there is already a unit in the cell
dic 15, 2024 3:32:28 P. M. domain.Game addPlant
INFO: Intentando añadir una planta: potatomine en (7, 4)
dic 15, 2024 3:32:28 P. M. domain.Game addPlant
INFO: Planta añadida exitosamente: potatomine en (7, 4)
dic 15, 2024 3:32:28 P. M. domain.plants.Sunflower generateSun
INFO: sol generado
dic 15, 2024 3:32:28 P. M. domain.plants.ECIPlant generateSun
INFO: sol generado
dic 15, 2024 3:32:28 P. M. domain.plants.ECIPlant generateSun
INFO: sol generado
dic 15, 2024 3:32:28 P. M. domain.plants.Sunflower generateSun
INFO: sol generado
dic 15, 2024 3:32:28 P. M. domain.Game addPlant
INFO: Intentando añadir una planta: eciplant en (1, 0)
dic 15, 2024 3:32:28 P. M. domain.Game addPlant
SEVERE: Error al añadir planta: Cannot add the unit because there is already a unit in the cell
dic 15, 2024 3:32:28 P. M. domain.plants.Sunflower generateSun
INFO: sol generado
dic 15, 2024 3:32:28 P. M. domain.plants.Sunflower generateSun
INFO: sol generado
dic 15, 2024 3:32:28 P. M. domain.plants.Sunflower generateSun
INFO: sol generado
dic 15, 2024 3:32:28 P. M. domain.plants.Sunflower generateSun
INFO: sol generado
dic 15, 2024 3:32:28 P. M. domain.plants.ECIPlant generateSun
INFO: sol generado
dic 15, 2024 3:32:29 P. M. domain.Game addZombie
INFO: Intentando añadir un zombie: brainstein en (9, 0)
dic 15, 2024 3:32:29 P. M. domain.Game addZombie
INFO: Zombie añadido exitosamente: brainstein en (9, 0)
dic 15, 2024 3:32:29 P. M. domain.plants.Sunflower generateSun
INFO: sol generado
dic 15, 2024 3:32:29 P. M. domain.Game addZombie
INFO: Intentando añadir un zombie: basic en (9, 2)
dic 15, 2024 3:32:29 P. M. domain.Game addZombie
INFO: Zombie añadido exitosamente: basic en (9, 2)
dic 15, 2024 3:32:29 P. M. domain.LawnMower activate
INFO: LawnMower activado en la fila: 2
dic 15, 2024 3:32:29 P. M. domain.Game addPlant
INFO: Intentando añadir una planta: sunflower en (1, 0)
dic 15, 2024 3:32:29 P. M. domain.Game addPlant
SEVERE: Error al añadir planta: Cannot add the unit because there is already a unit in the cell
dic 15, 2024 3:32:29 P. M. domain.Game addPlant
INFO: Intentando añadir una planta: potatomine en (6, 0)
dic 15, 2024 3:32:29 P. M. domain.Game addPlant
INFO: Planta añadida exitosamente: potatomine en (6, 0)
dic 15, 2024 3:32:29 P. M. domain.Game addPlant
INFO: Intentando añadir una planta: potatomine en (6, 2)
dic 15, 2024 3:32:29 P. M. domain.Game addPlant
INFO: Planta añadida exitosamente: potatomine en (6, 2)
dic 15, 2024 3:32:29 P. M. domain.Game addPlant
INFO: Intentando añadir una planta: potatomine en (6, 4)
dic 15, 2024 3:32:29 P. M. domain.Game addPlant
INFO: Planta añadida exitosamente: potatomine en (6, 4)
dic 15, 2024 3:32:29 P. M. domain.Game addZombie
INFO: Intentando añadir un zombie: conehead en (9, 3)
dic 15, 2024 3:32:29 P. M. domain.Game addZombie
INFO: Zombie añadido exitosamente: conehead en (9, 3)
dic 15, 2024 3:32:29 P. M. domain.plants.Sunflower generateSun
INFO: sol generado
dic 15, 2024 3:32:29 P. M. domain.plants.Sunflower generateSun
INFO: sol generado
dic 15, 2024 3:32:29 P. M. domain.plants.Sunflower generateSun
INFO: sol generado
dic 15, 2024 3:32:29 P. M. domain.plants.ECIPlant generateSun
INFO: sol generado
dic 15, 2024 3:32:29 P. M. domain.plants.ECIPlant generateSun
INFO: sol generado
dic 15, 2024 3:32:29 P. M. domain.plants.ECIPlant generateSun
INFO: sol generado
dic 15, 2024 3:32:30 P. M. domain.plants.Sunflower generateSun
INFO: sol generado
dic 15, 2024 3:32:30 P. M. domain.Game addZombie
INFO: Intentando añadir un zombie: conehead en (10, 0)
dic 15, 2024 3:32:30 P. M. domain.Game addZombie
INFO: Zombie añadido exitosamente: conehead en (10, 0)
dic 15, 2024 3:32:30 P. M. domain.Game addZombie
INFO: Intentando añadir un zombie: basic en (9, 2)
dic 15, 2024 3:32:30 P. M. domain.Game addZombie
INFO: Zombie añadido exitosamente: basic en (9, 2)
dic 15, 2024 3:32:30 P. M. domain.LawnMower activate
INFO: LawnMower activado en la fila: 0
dic 15, 2024 3:32:30 P. M. domain.Game addZombie
INFO: Intentando añadir un zombie: basic en (9, 3)
dic 15, 2024 3:32:30 P. M. domain.Game addZombie
INFO: Zombie añadido exitosamente: basic en (9, 3)
dic 15, 2024 3:32:30 P. M. domain.Game addPlant
INFO: Intentando añadir una planta: eciplant en (1, 0)
dic 15, 2024 3:32:30 P. M. domain.Game addPlant
SEVERE: Error al añadir planta: Cannot add the unit because there is already a unit in the cell
dic 15, 2024 3:32:30 P. M. domain.Game addPlant
INFO: Intentando añadir una planta: potatomine en (7, 0)
dic 15, 2024 3:32:30 P. M. domain.Game addPlant
SEVERE: Error al añadir planta: Cannot add the unit because there is already a unit in the cell
dic 15, 2024 3:32:30 P. M. domain.Game addPlant
INFO: Intentando añadir una planta: potatomine en (7, 2)
dic 15, 2024 3:32:30 P. M. domain.Game addPlant
SEVERE: Error al añadir planta: Cannot add the unit because there is already a unit in the cell
dic 15, 2024 3:32:30 P. M. domain.plants.Sunflower generateSun
INFO: sol generado
dic 15, 2024 3:32:30 P. M. domain.plants.ECIPlant generateSun
INFO: sol generado
dic 15, 2024 3:32:30 P. M. domain.plants.Sunflower generateSun
INFO: sol generado
dic 15, 2024 3:32:31 P. M. domain.plants.Sunflower generateSun
INFO: sol generado
dic 15, 2024 3:32:31 P. M. domain.Game addZombie
INFO: Intentando añadir un zombie: brainstein en (10, 2)
dic 15, 2024 3:32:31 P. M. domain.Game addZombie
INFO: Zombie añadido exitosamente: brainstein en (10, 2)
dic 15, 2024 3:32:31 P. M. domain.Game addZombie
INFO: Intentando añadir un zombie: conehead en (9, 2)
dic 15, 2024 3:32:31 P. M. domain.Game addZombie
INFO: Zombie añadido exitosamente: conehead en (9, 2)
dic 15, 2024 3:32:31 P. M. domain.Game addZombie
INFO: Intentando añadir un zombie: buckethead en (9, 3)
dic 15, 2024 3:32:31 P. M. domain.Game addZombie
INFO: Zombie añadido exitosamente: buckethead en (9, 3)
dic 15, 2024 3:32:31 P. M. domain.Game addPlant
INFO: Intentando añadir una planta: sunflower en (1, 0)
dic 15, 2024 3:32:31 P. M. domain.Game addPlant
SEVERE: Error al añadir planta: Cannot add the unit because there is already a unit in the cell
dic 15, 2024 3:32:31 P. M. domain.Game addPlant
INFO: Intentando añadir una planta: potatomine en (5, 0)
dic 15, 2024 3:32:31 P. M. domain.Game addPlant
SEVERE: Error al añadir planta: Cannot add the unit because there is already a unit in the cell
dic 15, 2024 3:32:31 P. M. domain.Game addPlant
INFO: Intentando añadir una planta: potatomine en (5, 2)
dic 15, 2024 3:32:31 P. M. domain.Game addPlant
SEVERE: Error al añadir planta: Cannot add the unit because there is already a unit in the cell
dic 15, 2024 3:32:31 P. M. domain.Game addPlant
INFO: Intentando añadir una planta: potatomine en (5, 4)
dic 15, 2024 3:32:31 P. M. domain.Game addPlant
INFO: Planta añadida exitosamente: potatomine en (5, 4)
dic 15, 2024 3:32:31 P. M. domain.plants.ECIPlant generateSun
INFO: sol generado
dic 15, 2024 3:32:31 P. M. domain.plants.Sunflower generateSun
INFO: sol generado
dic 15, 2024 3:32:31 P. M. domain.plants.ECIPlant generateSun
INFO: sol generado
dic 15, 2024 3:32:31 P. M. domain.plants.Sunflower generateSun
INFO: sol generado
dic 15, 2024 3:32:31 P. M. domain.Game addPlant
INFO: Intentando añadir una planta: eciplant en (1, 0)
dic 15, 2024 3:32:31 P. M. domain.Game addPlant
SEVERE: Error al añadir planta: Cannot add the unit because there is already a unit in the cell
dic 15, 2024 3:32:31 P. M. domain.plants.Sunflower generateSun
INFO: sol generado
dic 15, 2024 3:32:31 P. M. domain.plants.Sunflower generateSun
INFO: sol generado
dic 15, 2024 3:32:31 P. M. domain.plants.Sunflower generateSun
INFO: sol generado
dic 15, 2024 3:32:31 P. M. domain.plants.Sunflower generateSun
INFO: sol generado
dic 15, 2024 3:32:31 P. M. domain.plants.ECIPlant generateSun
INFO: sol generado
dic 15, 2024 3:32:32 P. M. domain.plants.Sunflower generateSun
INFO: sol generado
dic 15, 2024 3:32:32 P. M. domain.Game addZombie
INFO: Intentando añadir un zombie: conehead en (10, 3)
dic 15, 2024 3:32:32 P. M. domain.Game addZombie
INFO: Zombie añadido exitosamente: conehead en (10, 3)
dic 15, 2024 3:32:32 P. M. domain.Game addZombie
INFO: Intentando añadir un zombie: brainstein en (10, 0)
dic 15, 2024 3:32:32 P. M. domain.Game addZombie
INFO: Zombie añadido exitosamente: brainstein en (10, 0)
dic 15, 2024 3:32:32 P. M. domain.Game addPlant
INFO: Intentando añadir una planta: sunflower en (1, 0)
dic 15, 2024 3:32:32 P. M. domain.Game addPlant
SEVERE: Error al añadir planta: Cannot add the unit because there is already a unit in the cell
dic 15, 2024 3:32:32 P. M. domain.Game addZombie
INFO: Intentando añadir un zombie: brainstein en (10, 0)
dic 15, 2024 3:32:32 P. M. domain.Game addZombie
INFO: Zombie añadido exitosamente: brainstein en (10, 0)
dic 15, 2024 3:32:32 P. M. domain.plants.Sunflower generateSun
INFO: sol generado
dic 15, 2024 3:32:32 P. M. domain.plants.Sunflower generateSun
INFO: sol generado
dic 15, 2024 3:32:32 P. M. domain.plants.ECIPlant generateSun
INFO: sol generado
dic 15, 2024 3:32:32 P. M. domain.plants.ECIPlant generateSun
INFO: sol generado
dic 15, 2024 3:32:32 P. M. domain.plants.Sunflower generateSun
INFO: sol generado
dic 15, 2024 3:32:32 P. M. domain.plants.ECIPlant generateSun
INFO: sol generado
dic 15, 2024 3:32:32 P. M. domain.Game addPlant
INFO: Intentando añadir una planta: potatomine en (6, 3)
dic 15, 2024 3:32:32 P. M. domain.Game addPlant
INFO: Planta añadida exitosamente: potatomine en (6, 3)
dic 15, 2024 3:32:33 P. M. domain.plants.Sunflower generateSun
INFO: sol generado
dic 15, 2024 3:32:33 P. M. domain.Game addZombie
INFO: Intentando añadir un zombie: buckethead en (9, 1)
dic 15, 2024 3:32:33 P. M. domain.Game addZombie
INFO: Zombie añadido exitosamente: buckethead en (9, 1)
dic 15, 2024 3:32:33 P. M. domain.Game addZombie
INFO: Intentando añadir un zombie: basic en (9, 2)
dic 15, 2024 3:32:33 P. M. domain.Game addZombie
INFO: Zombie añadido exitosamente: basic en (9, 2)
dic 15, 2024 3:32:33 P. M. domain.Game addZombie
INFO: Intentando añadir un zombie: conehead en (9, 3)
dic 15, 2024 3:32:33 P. M. domain.Game addZombie
INFO: Zombie añadido exitosamente: conehead en (9, 3)
dic 15, 2024 3:32:33 P. M. domain.Game addPlant
INFO: Intentando añadir una planta: eciplant en (1, 0)
dic 15, 2024 3:32:33 P. M. domain.Game addPlant
SEVERE: Error al añadir planta: Cannot add the unit because there is already a unit in the cell
dic 15, 2024 3:32:33 P. M. domain.Game addPlant
INFO: Intentando añadir una planta: potatomine en (6, 2)
dic 15, 2024 3:32:33 P. M. domain.Game addPlant
SEVERE: Error al añadir planta: Cannot add the unit because there is already a unit in the cell
dic 15, 2024 3:32:33 P. M. domain.plants.Sunflower generateSun
INFO: sol generado
dic 15, 2024 3:32:33 P. M. domain.plants.ECIPlant generateSun
INFO: sol generado
dic 15, 2024 3:32:33 P. M. domain.plants.Sunflower generateSun
INFO: sol generado
dic 15, 2024 3:32:34 P. M. domain.plants.Sunflower generateSun
INFO: sol generado
dic 15, 2024 3:32:34 P. M. domain.Game addZombie
INFO: Intentando añadir un zombie: ecizombie en (9, 0)
dic 15, 2024 3:32:34 P. M. domain.Game addZombie
INFO: Zombie añadido exitosamente: ecizombie en (9, 0)
dic 15, 2024 3:32:34 P. M. domain.Game addZombie
INFO: Intentando añadir un zombie: buckethead en (9, 2)
dic 15, 2024 3:32:34 P. M. domain.Game addZombie
INFO: Zombie añadido exitosamente: buckethead en (9, 2)
dic 15, 2024 3:32:34 P. M. domain.plants.ECIPlant generateSun
INFO: sol generado
dic 15, 2024 3:32:34 P. M. domain.plants.Sunflower generateSun
INFO: sol generado
dic 15, 2024 3:32:34 P. M. domain.plants.Sunflower generateSun
INFO: sol generado
dic 15, 2024 3:32:34 P. M. domain.plants.ECIPlant generateSun
INFO: sol generado
dic 15, 2024 3:32:34 P. M. domain.Game addPlant
INFO: Intentando añadir una planta: sunflower en (1, 0)
dic 15, 2024 3:32:34 P. M. domain.Game addPlant
SEVERE: Error al añadir planta: Cannot add the unit because there is already a unit in the cell
dic 15, 2024 3:32:34 P. M. domain.Game addZombie
INFO: Intentando añadir un zombie: basic en (9, 3)
dic 15, 2024 3:32:34 P. M. domain.Game addZombie
INFO: Zombie añadido exitosamente: basic en (9, 3)
dic 15, 2024 3:32:34 P. M. domain.plants.Sunflower generateSun
INFO: sol generado
dic 15, 2024 3:32:34 P. M. domain.plants.Sunflower generateSun
INFO: sol generado
dic 15, 2024 3:32:34 P. M. domain.plants.Sunflower generateSun
INFO: sol generado
dic 15, 2024 3:32:34 P. M. domain.plants.Sunflower generateSun
INFO: sol generado
dic 15, 2024 3:32:34 P. M. domain.plants.ECIPlant generateSun
INFO: sol generado
dic 15, 2024 3:32:35 P. M. domain.plants.Sunflower generateSun
INFO: sol generado
dic 15, 2024 3:32:35 P. M. domain.Game addZombie
INFO: Intentando añadir un zombie: conehead en (10, 1)
dic 15, 2024 3:32:35 P. M. domain.Game addZombie
INFO: Zombie añadido exitosamente: conehead en (10, 1)
dic 15, 2024 3:32:35 P. M. domain.plants.Sunflower generateSun
INFO: sol generado
dic 15, 2024 3:32:35 P. M. domain.plants.Sunflower generateSun
INFO: sol generado
dic 15, 2024 3:32:35 P. M. domain.Game addZombie
INFO: Intentando añadir un zombie: basic en (9, 2)
dic 15, 2024 3:32:35 P. M. domain.Game addZombie
INFO: Zombie añadido exitosamente: basic en (9, 2)
dic 15, 2024 3:32:35 P. M. domain.plants.ECIPlant generateSun
INFO: sol generado
dic 15, 2024 3:32:35 P. M. domain.plants.ECIPlant generateSun
INFO: sol generado
dic 15, 2024 3:32:35 P. M. domain.plants.Sunflower generateSun
INFO: sol generado
dic 15, 2024 3:32:35 P. M. domain.Game addPlant
INFO: Intentando añadir una planta: eciplant en (1, 0)
dic 15, 2024 3:32:35 P. M. domain.Game addPlant
SEVERE: Error al añadir planta: Cannot add the unit because there is already a unit in the cell
dic 15, 2024 3:32:35 P. M. domain.Game addPlant
INFO: Intentando añadir una planta: wallnut en (5, 0)
dic 15, 2024 3:32:35 P. M. domain.Game addPlant
SEVERE: Error al añadir planta: Cannot add the unit because there is already a unit in the cell
dic 15, 2024 3:32:35 P. M. domain.Game addPlant
INFO: Intentando añadir una planta: wallnut en (5, 2)
dic 15, 2024 3:32:35 P. M. domain.Game addPlant
INFO: Planta añadida exitosamente: wallnut en (5, 2)
dic 15, 2024 3:32:35 P. M. domain.plants.ECIPlant generateSun
INFO: sol generado
dic 15, 2024 3:32:35 P. M. domain.Game addZombie
INFO: Intentando añadir un zombie: conehead en (9, 3)
dic 15, 2024 3:32:35 P. M. domain.Game addPlant
INFO: Intentando añadir una planta: eciplant en (1, 0)
dic 15, 2024 3:32:35 P. M. domain.Game addPlant
SEVERE: Error al añadir planta: Cannot add the unit because there is already a unit in the cell
dic 15, 2024 3:32:35 P. M. domain.Game addZombie
INFO: Zombie añadido exitosamente: conehead en (9, 3)
dic 15, 2024 3:32:36 P. M. domain.plants.Sunflower generateSun
INFO: sol generado
dic 15, 2024 3:32:36 P. M. domain.Game addZombie
INFO: Intentando añadir un zombie: brainstein en (10, 4)
dic 15, 2024 3:32:36 P. M. domain.Game addZombie
INFO: Zombie añadido exitosamente: brainstein en (10, 4)
dic 15, 2024 3:32:36 P. M. domain.Game addZombie
INFO: Intentando añadir un zombie: brainstein en (10, 0)
dic 15, 2024 3:32:36 P. M. domain.plants.Sunflower generateSun
INFO: sol generado
dic 15, 2024 3:32:36 P. M. domain.Game addZombie
INFO: Zombie añadido exitosamente: brainstein en (10, 0)
dic 15, 2024 3:32:36 P. M. domain.Game addPlant
INFO: Intentando añadir una planta: sunflower en (1, 0)
dic 15, 2024 3:32:36 P. M. domain.Game addPlant
SEVERE: Error al añadir planta: Cannot add the unit because there is already a unit in the cell
dic 15, 2024 3:32:36 P. M. domain.plants.Sunflower generateSun
INFO: sol generado
dic 15, 2024 3:32:36 P. M. domain.plants.ECIPlant generateSun
INFO: sol generado
dic 15, 2024 3:32:36 P. M. domain.Game addZombie
INFO: Intentando añadir un zombie: brainstein en (10, 0)
dic 15, 2024 3:32:36 P. M. domain.Game addPlant
INFO: Intentando añadir una planta: potatomine en (7, 0)
dic 15, 2024 3:32:36 P. M. domain.Game addPlant
SEVERE: Error al añadir planta: Cannot add the unit because there is already a unit in the cell
dic 15, 2024 3:32:36 P. M. domain.Game addZombie
INFO: Zombie añadido exitosamente: brainstein en (10, 0)
dic 15, 2024 3:32:36 P. M. domain.Game addPlant
INFO: Intentando añadir una planta: potatomine en (7, 3)
dic 15, 2024 3:32:36 P. M. domain.Game addPlant
SEVERE: Error al añadir planta: Cannot add the unit because there is already a unit in the cell
dic 15, 2024 3:32:37 P. M. domain.plants.Sunflower generateSun
INFO: sol generado
dic 15, 2024 3:32:37 P. M. domain.plants.ECIPlant generateSun
INFO: sol generado
dic 15, 2024 3:32:37 P. M. domain.Game addZombie
INFO: Intentando añadir un zombie: basic en (10, 4)
dic 15, 2024 3:32:37 P. M. domain.plants.ECIPlant generateSun
INFO: sol generado
dic 15, 2024 3:32:37 P. M. domain.plants.Sunflower generateSun
INFO: sol generado
dic 15, 2024 3:32:37 P. M. domain.Game addZombie
INFO: Zombie añadido exitosamente: basic en (10, 4)
dic 15, 2024 3:32:37 P. M. domain.plants.Sunflower generateSun
INFO: sol generado
dic 15, 2024 3:32:37 P. M. domain.Game addZombie
INFO: Intentando añadir un zombie: basic en (9, 2)
dic 15, 2024 3:32:37 P. M. domain.Game addZombie
INFO: Zombie añadido exitosamente: basic en (9, 2)
dic 15, 2024 3:32:37 P. M. domain.plants.Sunflower generateSun
INFO: sol generado
dic 15, 2024 3:32:37 P. M. domain.plants.Sunflower generateSun
INFO: sol generado
dic 15, 2024 3:32:37 P. M. domain.plants.Sunflower generateSun
INFO: sol generado
dic 15, 2024 3:32:37 P. M. domain.plants.Sunflower generateSun
INFO: sol generado
dic 15, 2024 3:32:37 P. M. domain.Game addPlant
INFO: Intentando añadir una planta: eciplant en (1, 0)
dic 15, 2024 3:32:37 P. M. domain.Game addPlant
SEVERE: Error al añadir planta: Cannot add the unit because there is already a unit in the cell
dic 15, 2024 3:32:37 P. M. domain.plants.ECIPlant generateSun
INFO: sol generado
dic 15, 2024 3:32:37 P. M. domain.Game addZombie
INFO: Intentando añadir un zombie: conehead en (9, 3)
dic 15, 2024 3:32:37 P. M. domain.Game addZombie
INFO: Zombie añadido exitosamente: conehead en (9, 3)
dic 15, 2024 3:32:37 P. M. domain.Game addPlant
INFO: Intentando añadir una planta: eciplant en (1, 0)
dic 15, 2024 3:32:37 P. M. domain.Game addPlant
SEVERE: Error al añadir planta: Cannot add the unit because there is already a unit in the cell
dic 15, 2024 3:32:38 P. M. domain.plants.Sunflower generateSun
INFO: sol generado
dic 15, 2024 3:32:38 P. M. domain.plants.Sunflower generateSun
INFO: sol generado
dic 15, 2024 3:32:38 P. M. domain.plants.Sunflower generateSun
INFO: sol generado
dic 15, 2024 3:32:38 P. M. domain.Game addZombie
INFO: Intentando añadir un zombie: buckethead en (10, 2)
dic 15, 2024 3:32:38 P. M. domain.Game addZombie
INFO: Zombie añadido exitosamente: buckethead en (10, 2)
dic 15, 2024 3:32:38 P. M. domain.plants.ECIPlant generateSun
INFO: sol generado
dic 15, 2024 3:32:38 P. M. domain.plants.ECIPlant generateSun
INFO: sol generado
dic 15, 2024 3:32:38 P. M. domain.plants.Sunflower generateSun
INFO: sol generado
dic 15, 2024 3:32:38 P. M. domain.Game addZombie
INFO: Intentando añadir un zombie: basic en (9, 2)
dic 15, 2024 3:32:38 P. M. domain.Game addZombie
INFO: Zombie añadido exitosamente: basic en (9, 2)
dic 15, 2024 3:32:38 P. M. domain.plants.ECIPlant generateSun
INFO: sol generado
dic 15, 2024 3:32:38 P. M. domain.Game addZombie
INFO: Intentando añadir un zombie: buckethead en (9, 3)
dic 15, 2024 3:32:38 P. M. domain.Game addZombie
INFO: Zombie añadido exitosamente: buckethead en (9, 3)
dic 15, 2024 3:32:38 P. M. domain.Game addPlant
INFO: Intentando añadir una planta: eciplant en (1, 0)
dic 15, 2024 3:32:38 P. M. domain.Game addPlant
SEVERE: Error al añadir planta: Cannot add the unit because there is already a unit in the cell
dic 15, 2024 3:32:38 P. M. domain.Game addPlant
INFO: Intentando añadir una planta: potatomine en (6, 2)
dic 15, 2024 3:32:38 P. M. domain.Game addPlant
SEVERE: Error al añadir planta: Cannot add the unit because there is already a unit in the cell
dic 15, 2024 3:32:38 P. M. domain.Game addPlant
INFO: Intentando añadir una planta: eciplant en (1, 0)
dic 15, 2024 3:32:39 P. M. domain.Game addPlant
SEVERE: Error al añadir planta: Cannot add the unit because there is already a unit in the cell
dic 15, 2024 3:32:39 P. M. domain.plants.Sunflower generateSun
INFO: sol generado
dic 15, 2024 3:32:39 P. M. domain.Game addZombie
INFO: Intentando añadir un zombie: basic en (9, 1)
dic 15, 2024 3:32:39 P. M. domain.Game addZombie
INFO: Zombie añadido exitosamente: basic en (9, 1)
dic 15, 2024 3:32:39 P. M. domain.plants.Sunflower generateSun
INFO: sol generado
dic 15, 2024 3:32:39 P. M. domain.Game addZombie
INFO: Intentando añadir un zombie: conehead en (9, 2)
dic 15, 2024 3:32:39 P. M. domain.Game addZombie
INFO: Zombie añadido exitosamente: conehead en (9, 2)
dic 15, 2024 3:32:39 P. M. domain.plants.Sunflower generateSun
INFO: sol generado
dic 15, 2024 3:32:39 P. M. domain.plants.ECIPlant generateSun
INFO: sol generado
dic 15, 2024 3:32:39 P. M. domain.Game addZombie
INFO: Intentando añadir un zombie: basic en (9, 3)
dic 15, 2024 3:32:39 P. M. domain.Game addZombie
INFO: Zombie añadido exitosamente: basic en (9, 3)
dic 15, 2024 3:32:39 P. M. domain.Game addPlant
INFO: Intentando añadir una planta: eciplant en (1, 0)
dic 15, 2024 3:32:40 P. M. domain.Game addPlant
SEVERE: Error al añadir planta: Cannot add the unit because there is already a unit in the cell
dic 15, 2024 3:32:40 P. M. domain.Game addPlant
INFO: Intentando añadir una planta: potatomine en (8, 0)
dic 15, 2024 3:32:40 P. M. domain.Game addPlant
INFO: Planta añadida exitosamente: potatomine en (8, 0)
dic 15, 2024 3:32:40 P. M. domain.Game addPlant
INFO: Intentando añadir una planta: potatomine en (8, 2)
dic 15, 2024 3:32:40 P. M. domain.Game addPlant
SEVERE: Error al añadir planta: Cannot add the unit because there is already a unit in the cell
dic 15, 2024 3:32:40 P. M. domain.Game addPlant
INFO: Intentando añadir una planta: potatomine en (6, 3)
dic 15, 2024 3:32:40 P. M. domain.Game addPlant
INFO: Planta añadida exitosamente: potatomine en (6, 3)
dic 15, 2024 3:32:40 P. M. domain.plants.Sunflower generateSun
INFO: sol generado
dic 15, 2024 3:32:40 P. M. domain.plants.ECIPlant generateSun
INFO: sol generado
dic 15, 2024 3:32:40 P. M. domain.plants.Sunflower generateSun
INFO: sol generado
dic 15, 2024 3:32:40 P. M. domain.plants.Sunflower generateSun
INFO: sol generado
dic 15, 2024 3:32:40 P. M. domain.plants.ECIPlant generateSun
INFO: sol generado
dic 15, 2024 3:32:40 P. M. domain.Game addZombie
INFO: Intentando añadir un zombie: basic en (10, 4)
dic 15, 2024 3:32:40 P. M. domain.Game addZombie
INFO: Zombie añadido exitosamente: basic en (10, 4)
dic 15, 2024 3:32:40 P. M. domain.plants.Sunflower generateSun
INFO: sol generado
dic 15, 2024 3:32:40 P. M. domain.plants.Sunflower generateSun
INFO: sol generado
dic 15, 2024 3:32:40 P. M. domain.plants.Sunflower generateSun
INFO: sol generado
dic 15, 2024 3:32:40 P. M. domain.plants.Sunflower generateSun
INFO: sol generado
dic 15, 2024 3:32:40 P. M. domain.Game addZombie
INFO: Intentando añadir un zombie: brainstein en (10, 0)
dic 15, 2024 3:32:40 P. M. domain.Game addZombie
INFO: Zombie añadido exitosamente: brainstein en (10, 0)
dic 15, 2024 3:32:40 P. M. domain.plants.ECIPlant generateSun
INFO: sol generado
dic 15, 2024 3:32:41 P. M. domain.Game addZombie
INFO: Intentando añadir un zombie: brainstein en (10, 0)
dic 15, 2024 3:32:41 P. M. domain.Game addPlant
INFO: Intentando añadir una planta: eciplant en (1, 0)
dic 15, 2024 3:32:41 P. M. domain.Game addPlant
SEVERE: Error al añadir planta: Cannot add the unit because there is already a unit in the cell
dic 15, 2024 3:32:41 P. M. domain.Game addPlant
INFO: Intentando añadir una planta: potatomine en (7, 0)
dic 15, 2024 3:32:41 P. M. domain.Game addPlant
SEVERE: Error al añadir planta: Cannot add the unit because there is already a unit in the cell
dic 15, 2024 3:32:41 P. M. domain.Game addPlant
INFO: Intentando añadir una planta: potatomine en (7, 2)
dic 15, 2024 3:32:41 P. M. domain.Game addZombie
INFO: Zombie añadido exitosamente: brainstein en (10, 0)
dic 15, 2024 3:32:41 P. M. domain.Game addPlant
INFO: Planta añadida exitosamente: potatomine en (7, 2)
dic 15, 2024 3:32:41 P. M. domain.plants.Sunflower generateSun
INFO: sol generado
dic 15, 2024 3:32:41 P. M. domain.plants.Sunflower generateSun
INFO: sol generado
dic 15, 2024 3:32:41 P. M. domain.plants.Sunflower generateSun
INFO: sol generado
dic 15, 2024 3:32:41 P. M. domain.plants.ECIPlant generateSun
INFO: sol generado
dic 15, 2024 3:32:41 P. M. domain.plants.Sunflower generateSun
INFO: sol generado
dic 15, 2024 3:32:41 P. M. domain.Game addZombie
INFO: Intentando añadir un zombie: brainstein en (10, 2)
dic 15, 2024 3:32:41 P. M. domain.plants.ECIPlant generateSun
INFO: sol generado
dic 15, 2024 3:32:41 P. M. domain.Game addZombie
INFO: Zombie añadido exitosamente: brainstein en (10, 2)
dic 15, 2024 3:32:41 P. M. domain.plants.ECIPlant generateSun
INFO: sol generado
dic 15, 2024 3:32:41 P. M. domain.Game addZombie
INFO: Intentando añadir un zombie: buckethead en (9, 2)
dic 15, 2024 3:32:42 P. M. domain.Game addZombie
INFO: Zombie añadido exitosamente: buckethead en (9, 2)
dic 15, 2024 3:32:42 P. M. domain.Game addZombie
INFO: Intentando añadir un zombie: basic en (9, 3)
dic 15, 2024 3:32:42 P. M. domain.Game addZombie
INFO: Zombie añadido exitosamente: basic en (9, 3)
dic 15, 2024 3:32:42 P. M. domain.Game addPlant
INFO: Intentando añadir una planta: sunflower en (1, 0)
dic 15, 2024 3:32:42 P. M. domain.Game addPlant
SEVERE: Error al añadir planta: Cannot add the unit because there is already a unit in the cell
dic 15, 2024 3:32:42 P. M. domain.Game addPlant
INFO: Intentando añadir una planta: potatomine en (8, 2)
dic 15, 2024 3:32:42 P. M. domain.Game addPlant
SEVERE: Error al añadir planta: Cannot add the unit because there is already a unit in the cell
dic 15, 2024 3:32:42 P. M. domain.Game addPlant
INFO: Intentando añadir una planta: potatomine en (7, 0)
dic 15, 2024 3:32:42 P. M. domain.Game addPlant
SEVERE: Error al añadir planta: Cannot add the unit because there is already a unit in the cell
dic 15, 2024 3:32:42 P. M. domain.Game addPlant
INFO: Intentando añadir una planta: potatomine en (7, 3)
dic 15, 2024 3:32:42 P. M. domain.Game addPlant
INFO: Planta añadida exitosamente: potatomine en (7, 3)
dic 15, 2024 3:32:42 P. M. domain.plants.Sunflower generateSun
INFO: sol generado
dic 15, 2024 3:32:42 P. M. domain.Game addZombie
INFO: Intentando añadir un zombie: basic en (10, 2)
dic 15, 2024 3:32:42 P. M. domain.Game addZombie
INFO: Zombie añadido exitosamente: basic en (10, 2)
dic 15, 2024 3:32:42 P. M. domain.Game addZombie
INFO: Intentando añadir un zombie: basic en (9, 4)
dic 15, 2024 3:32:42 P. M. domain.Game addZombie
INFO: Zombie añadido exitosamente: basic en (9, 4)
dic 15, 2024 3:32:42 P. M. domain.plants.Sunflower generateSun
INFO: sol generado
dic 15, 2024 3:32:42 P. M. domain.plants.ECIPlant generateSun
INFO: sol generado
dic 15, 2024 3:32:42 P. M. domain.plants.Sunflower generateSun
INFO: sol generado
dic 15, 2024 3:32:43 P. M. domain.Game addZombie
INFO: Intentando añadir un zombie: conehead en (9, 2)
dic 15, 2024 3:32:43 P. M. domain.Game addZombie
INFO: Zombie añadido exitosamente: conehead en (9, 2)
dic 15, 2024 3:32:43 P. M. domain.Game addZombie
INFO: Intentando añadir un zombie: basic en (9, 3)
dic 15, 2024 3:32:43 P. M. domain.Game addZombie
INFO: Zombie añadido exitosamente: basic en (9, 3)
dic 15, 2024 3:32:43 P. M. domain.Game addPlant
INFO: Intentando añadir una planta: eciplant en (1, 0)
dic 15, 2024 3:32:43 P. M. domain.Game addPlant
SEVERE: Error al añadir planta: Cannot add the unit because there is already a unit in the cell
dic 15, 2024 3:32:43 P. M. domain.Game addPlant
INFO: Intentando añadir una planta: wallnut en (4, 2)
dic 15, 2024 3:32:43 P. M. domain.Game addPlant
SEVERE: Error al añadir planta: Cannot add the unit because there is already a unit in the cell
dic 15, 2024 3:32:43 P. M. domain.Game addPlant
INFO: Intentando añadir una planta: wallnut en (4, 4)
dic 15, 2024 3:32:43 P. M. domain.Game addPlant
SEVERE: Error al añadir planta: Cannot add the unit because there is already a unit in the cell
dic 15, 2024 3:32:43 P. M. domain.plants.Sunflower generateSun
INFO: sol generado
dic 15, 2024 3:32:43 P. M. domain.plants.ECIPlant generateSun
INFO: sol generado
dic 15, 2024 3:32:43 P. M. domain.plants.Sunflower generateSun
INFO: sol generado
dic 15, 2024 3:32:43 P. M. domain.plants.Sunflower generateSun
INFO: sol generado
dic 15, 2024 3:32:43 P. M. domain.plants.ECIPlant generateSun
INFO: sol generado
dic 15, 2024 3:32:43 P. M. domain.Game addZombie
INFO: Intentando añadir un zombie: conehead en (10, 0)
dic 15, 2024 3:32:43 P. M. domain.Game addZombie
INFO: Zombie añadido exitosamente: conehead en (10, 0)
dic 15, 2024 3:32:43 P. M. domain.plants.Sunflower generateSun
INFO: sol generado
dic 15, 2024 3:32:43 P. M. domain.plants.Sunflower generateSun
INFO: sol generado
dic 15, 2024 3:32:43 P. M. domain.plants.Sunflower generateSun
INFO: sol generado
dic 15, 2024 3:32:43 P. M. domain.plants.Sunflower generateSun
INFO: sol generado
dic 15, 2024 3:32:43 P. M. domain.plants.ECIPlant generateSun
INFO: sol generado
dic 15, 2024 3:32:44 P. M. domain.Game addZombie
INFO: Intentando añadir un zombie: buckethead en (9, 2)
dic 15, 2024 3:32:44 P. M. domain.Game addZombie
INFO: Zombie añadido exitosamente: buckethead en (9, 2)
dic 15, 2024 3:32:44 P. M. domain.Game addZombie
INFO: Intentando añadir un zombie: conehead en (9, 3)
dic 15, 2024 3:32:44 P. M. domain.Game addZombie
INFO: Zombie añadido exitosamente: conehead en (9, 3)
dic 15, 2024 3:32:44 P. M. domain.Game addPlant
INFO: Intentando añadir una planta: eciplant en (1, 0)
dic 15, 2024 3:32:44 P. M. domain.Game addPlant
SEVERE: Error al añadir planta: Cannot add the unit because there is already a unit in the cell
dic 15, 2024 3:32:44 P. M. domain.Game addPlant
INFO: Intentando añadir una planta: wallnut en (4, 2)
dic 15, 2024 3:32:44 P. M. domain.Game addPlant
SEVERE: Error al añadir planta: Cannot add the unit because there is already a unit in the cell
dic 15, 2024 3:32:44 P. M. domain.Game addPlant
INFO: Intentando añadir una planta: wallnut en (4, 4)
dic 15, 2024 3:32:44 P. M. domain.Game addPlant
SEVERE: Error al añadir planta: Cannot add the unit because there is already a unit in the cell
dic 15, 2024 3:32:44 P. M. domain.plants.Sunflower generateSun
INFO: sol generado
dic 15, 2024 3:32:44 P. M. domain.plants.Sunflower generateSun
INFO: sol generado
dic 15, 2024 3:32:44 P. M. domain.plants.Sunflower generateSun
INFO: sol generado
dic 15, 2024 3:32:44 P. M. domain.plants.ECIPlant generateSun
INFO: sol generado
dic 15, 2024 3:32:44 P. M. domain.plants.ECIPlant generateSun
INFO: sol generado
dic 15, 2024 3:32:44 P. M. domain.plants.Sunflower generateSun
INFO: sol generado
dic 15, 2024 3:32:44 P. M. domain.plants.ECIPlant generateSun
INFO: sol generado
dic 15, 2024 3:32:44 P. M. domain.Game addZombie
INFO: Intentando añadir un zombie: conehead en (9, 2)
dic 15, 2024 3:32:44 P. M. domain.Game addZombie
INFO: Zombie añadido exitosamente: conehead en (9, 2)
dic 15, 2024 3:32:45 P. M. domain.Game addZombie
INFO: Intentando añadir un zombie: brainstein en (10, 0)
dic 15, 2024 3:32:45 P. M. domain.Game addZombie
INFO: Zombie añadido exitosamente: brainstein en (10, 0)
dic 15, 2024 3:32:45 P. M. domain.Game addPlant
INFO: Intentando añadir una planta: eciplant en (1, 0)
dic 15, 2024 3:32:45 P. M. domain.Game addZombie
INFO: Intentando añadir un zombie: brainstein en (10, 0)
dic 15, 2024 3:32:45 P. M. domain.Game addPlant
SEVERE: Error al añadir planta: Cannot add the unit because there is already a unit in the cell
dic 15, 2024 3:32:45 P. M. domain.Game addPlant
INFO: Intentando añadir una planta: eciplant en (1, 0)
dic 15, 2024 3:32:45 P. M. domain.Game addZombie
INFO: Zombie añadido exitosamente: brainstein en (10, 0)
dic 15, 2024 3:32:45 P. M. domain.Game addPlant
SEVERE: Error al añadir planta: Cannot add the unit because there is already a unit in the cell
dic 15, 2024 3:32:45 P. M. domain.Game addPlant
INFO: Intentando añadir una planta: wallnut en (4, 2)
dic 15, 2024 3:32:45 P. M. domain.Game addPlant
SEVERE: Error al añadir planta: Cannot add the unit because there is already a unit in the cell
dic 15, 2024 3:32:45 P. M. domain.Game addPlant
INFO: Intentando añadir una planta: wallnut en (4, 4)
dic 15, 2024 3:32:45 P. M. domain.Game addPlant
SEVERE: Error al añadir planta: Cannot add the unit because there is already a unit in the cell
dic 15, 2024 3:32:45 P. M. domain.plants.Sunflower generateSun
INFO: sol generado
dic 15, 2024 3:32:45 P. M. domain.plants.Sunflower generateSun
INFO: sol generado
dic 15, 2024 3:32:45 P. M. domain.plants.ECIPlant generateSun
INFO: sol generado
dic 15, 2024 3:32:45 P. M. domain.plants.Sunflower generateSun
INFO: sol generado
dic 15, 2024 3:32:46 P. M. domain.Game addZombie
INFO: Intentando añadir un zombie: brainstein en (10, 4)
dic 15, 2024 3:32:46 P. M. domain.Game addZombie
INFO: Zombie añadido exitosamente: brainstein en (10, 4)
dic 15, 2024 3:32:46 P. M. domain.Game addZombie
INFO: Intentando añadir un zombie: buckethead en (9, 2)
dic 15, 2024 3:32:46 P. M. domain.Game addZombie
INFO: Zombie añadido exitosamente: buckethead en (9, 2)
dic 15, 2024 3:32:46 P. M. domain.Game addZombie
INFO: Intentando añadir un zombie: conehead en (9, 3)
dic 15, 2024 3:32:46 P. M. domain.Game addZombie
INFO: Zombie añadido exitosamente: conehead en (9, 3)
dic 15, 2024 3:32:46 P. M. domain.Game addPlant
INFO: Intentando añadir una planta: eciplant en (1, 0)
dic 15, 2024 3:32:46 P. M. domain.Game addPlant
SEVERE: Error al añadir planta: Cannot add the unit because there is already a unit in the cell
dic 15, 2024 3:32:46 P. M. domain.Game addPlant
INFO: Intentando añadir una planta: potatomine en (8, 0)
dic 15, 2024 3:32:46 P. M. domain.Game addPlant
INFO: Planta añadida exitosamente: potatomine en (8, 0)
dic 15, 2024 3:32:46 P. M. domain.Game addPlant
INFO: Intentando añadir una planta: potatomine en (8, 2)
dic 15, 2024 3:32:46 P. M. domain.Game addPlant
SEVERE: Error al añadir planta: Cannot add the unit because there is already a unit in the cell
dic 15, 2024 3:32:46 P. M. domain.plants.Sunflower generateSun
INFO: sol generado
dic 15, 2024 3:32:46 P. M. domain.plants.ECIPlant generateSun
INFO: sol generado
dic 15, 2024 3:32:46 P. M. domain.plants.ECIPlant generateSun
INFO: sol generado
dic 15, 2024 3:32:46 P. M. domain.plants.Sunflower generateSun
INFO: sol generado
dic 15, 2024 3:32:46 P. M. domain.plants.Sunflower generateSun
INFO: sol generado
dic 15, 2024 3:32:46 P. M. domain.plants.Sunflower generateSun
INFO: sol generado
dic 15, 2024 3:32:46 P. M. domain.plants.Sunflower generateSun
INFO: sol generado
dic 15, 2024 3:32:46 P. M. domain.plants.Sunflower generateSun
INFO: sol generado
dic 15, 2024 3:32:47 P. M. domain.plants.Sunflower generateSun
INFO: sol generado
dic 15, 2024 3:32:47 P. M. domain.plants.ECIPlant generateSun
INFO: sol generado
dic 15, 2024 3:32:47 P. M. domain.Game addZombie
INFO: Intentando añadir un zombie: brainstein en (10, 2)
dic 15, 2024 3:32:47 P. M. domain.Game addZombie
INFO: Zombie añadido exitosamente: brainstein en (10, 2)
dic 15, 2024 3:32:47 P. M. domain.Game addZombie
INFO: Intentando añadir un zombie: buckethead en (9, 2)
dic 15, 2024 3:32:47 P. M. domain.Game addZombie
INFO: Intentando añadir un zombie: basic en (9, 3)
dic 15, 2024 3:32:47 P. M. domain.Game addPlant
INFO: Intentando añadir una planta: eciplant en (1, 0)
dic 15, 2024 3:32:47 P. M. domain.Game addZombie
INFO: Zombie añadido exitosamente: basic en (9, 3)
dic 15, 2024 3:32:47 P. M. domain.Game addZombie
INFO: Zombie añadido exitosamente: buckethead en (9, 2)
dic 15, 2024 3:32:47 P. M. domain.Game addPlant
SEVERE: Error al añadir planta: Cannot add the unit because there is already a unit in the cell
dic 15, 2024 3:32:47 P. M. domain.plants.Sunflower generateSun
INFO: sol generado
dic 15, 2024 3:32:47 P. M. domain.plants.Sunflower generateSun
INFO: sol generado
dic 15, 2024 3:32:47 P. M. domain.plants.Sunflower generateSun
INFO: sol generado
dic 15, 2024 3:32:47 P. M. domain.plants.ECIPlant generateSun
INFO: sol generado
dic 15, 2024 3:32:47 P. M. domain.plants.Sunflower generateSun
INFO: sol generado
dic 15, 2024 3:32:47 P. M. domain.plants.ECIPlant generateSun
INFO: sol generado
dic 15, 2024 3:32:47 P. M. domain.plants.ECIPlant generateSun
INFO: sol generado
dic 15, 2024 3:32:48 P. M. domain.Game addZombie
INFO: Intentando añadir un zombie: brainstein en (10, 3)
dic 15, 2024 3:32:48 P. M. domain.Game addZombie
INFO: Zombie añadido exitosamente: brainstein en (10, 3)
dic 15, 2024 3:32:48 P. M. domain.Game addPlant
INFO: Intentando añadir una planta: sunflower en (1, 0)
dic 15, 2024 3:32:48 P. M. domain.Game addZombie
INFO: Intentando añadir un zombie: buckethead en (9, 2)
dic 15, 2024 3:32:48 P. M. domain.Game addPlant
SEVERE: Error al añadir planta: Cannot add the unit because there is already a unit in the cell
dic 15, 2024 3:32:48 P. M. domain.Game addPlant
INFO: Intentando añadir una planta: potatomine en (7, 0)
dic 15, 2024 3:32:48 P. M. domain.Game addZombie
INFO: Zombie añadido exitosamente: buckethead en (9, 2)
dic 15, 2024 3:32:48 P. M. domain.Game addPlant
SEVERE: Error al añadir planta: Cannot add the unit because there is already a unit in the cell
dic 15, 2024 3:32:48 P. M. domain.Game addZombie
INFO: Intentando añadir un zombie: buckethead en (9, 3)
dic 15, 2024 3:32:48 P. M. domain.Game addPlant
INFO: Intentando añadir una planta: eciplant en (1, 0)
dic 15, 2024 3:32:48 P. M. domain.Game addPlant
SEVERE: Error al añadir planta: Cannot add the unit because there is already a unit in the cell
dic 15, 2024 3:32:48 P. M. domain.Game addZombie
INFO: Zombie añadido exitosamente: buckethead en (9, 3)
dic 15, 2024 3:32:48 P. M. domain.Game addPlant
INFO: Intentando añadir una planta: potatomine en (7, 2)
dic 15, 2024 3:32:48 P. M. domain.Game addPlant
SEVERE: Error al añadir planta: Cannot add the unit because there is already a unit in the cell
dic 15, 2024 3:32:48 P. M. domain.plants.Sunflower generateSun
INFO: sol generado
dic 15, 2024 3:32:48 P. M. domain.plants.Sunflower generateSun
INFO: sol generado
dic 15, 2024 3:32:48 P. M. domain.plants.ECIPlant generateSun
INFO: sol generado
dic 15, 2024 3:32:49 P. M. domain.plants.Sunflower generateSun
INFO: sol generado
dic 15, 2024 3:32:49 P. M. domain.Game addZombie
INFO: Intentando añadir un zombie: conehead en (10, 3)
dic 15, 2024 3:32:49 P. M. domain.Game addZombie
INFO: Zombie añadido exitosamente: conehead en (10, 3)
dic 15, 2024 3:32:49 P. M. domain.Game addPlant
INFO: Intentando añadir una planta: eciplant en (1, 0)
dic 15, 2024 3:32:49 P. M. domain.Game addPlant
SEVERE: Error al añadir planta: Cannot add the unit because there is already a unit in the cell
dic 15, 2024 3:32:49 P. M. domain.Game addPlant
INFO: Intentando añadir una planta: potatomine en (6, 2)
dic 15, 2024 3:32:49 P. M. domain.Game addPlant
INFO: Planta añadida exitosamente: potatomine en (6, 2)
dic 15, 2024 3:32:49 P. M. domain.plants.Sunflower generateSun
INFO: sol generado
dic 15, 2024 3:32:49 P. M. domain.Game addZombie
INFO: Intentando añadir un zombie: brainstein en (10, 0)
dic 15, 2024 3:32:49 P. M. domain.Game addZombie
INFO: Zombie añadido exitosamente: brainstein en (10, 0)
dic 15, 2024 3:32:49 P. M. domain.Game addPlant
INFO: Intentando añadir una planta: potatomine en (7, 0)
dic 15, 2024 3:32:49 P. M. domain.Game addZombie
INFO: Intentando añadir un zombie: brainstein en (10, 0)
dic 15, 2024 3:32:49 P. M. domain.Game addPlant
SEVERE: Error al añadir planta: Cannot add the unit because there is already a unit in the cell
dic 15, 2024 3:32:49 P. M. domain.Game addPlant
INFO: Intentando añadir una planta: potatomine en (7, 3)
dic 15, 2024 3:32:49 P. M. domain.Game addZombie
INFO: Zombie añadido exitosamente: brainstein en (10, 0)
dic 15, 2024 3:32:49 P. M. domain.Game addPlant
SEVERE: Error al añadir planta: Cannot add the unit because there is already a unit in the cell
dic 15, 2024 3:32:49 P. M. domain.plants.Sunflower generateSun
INFO: sol generado
dic 15, 2024 3:32:49 P. M. domain.plants.ECIPlant generateSun
INFO: sol generado
dic 15, 2024 3:32:49 P. M. domain.plants.ECIPlant generateSun
INFO: sol generado
dic 15, 2024 3:32:49 P. M. domain.plants.Sunflower generateSun
INFO: sol generado
dic 15, 2024 3:32:50 P. M. domain.plants.Sunflower generateSun
INFO: sol generado
dic 15, 2024 3:32:50 P. M. domain.plants.ECIPlant generateSun
INFO: sol generado
dic 15, 2024 3:32:50 P. M. domain.plants.Sunflower generateSun
INFO: sol generado
dic 15, 2024 3:32:50 P. M. domain.plants.Sunflower generateSun
INFO: sol generado
dic 15, 2024 3:32:50 P. M. domain.plants.Sunflower generateSun
INFO: sol generado
dic 15, 2024 3:32:50 P. M. domain.Game addZombie
INFO: Intentando añadir un zombie: conehead en (10, 4)
dic 15, 2024 3:32:50 P. M. domain.Game addZombie
INFO: Zombie añadido exitosamente: conehead en (10, 4)
dic 15, 2024 3:32:50 P. M. domain.Game addZombie
INFO: Intentando añadir un zombie: buckethead en (9, 2)
dic 15, 2024 3:32:50 P. M. domain.Game addZombie
INFO: Intentando añadir un zombie: buckethead en (9, 3)
dic 15, 2024 3:32:50 P. M. domain.plants.Sunflower generateSun
INFO: sol generado
dic 15, 2024 3:32:50 P. M. domain.Game addPlant
INFO: Intentando añadir una planta: eciplant en (1, 0)
dic 15, 2024 3:32:50 P. M. domain.Game addZombie
INFO: Zombie añadido exitosamente: buckethead en (9, 2)
dic 15, 2024 3:32:50 P. M. domain.Game addZombie
INFO: Zombie añadido exitosamente: buckethead en (9, 3)
dic 15, 2024 3:32:50 P. M. domain.Game addPlant
SEVERE: Error al añadir planta: Cannot add the unit because there is already a unit in the cell
dic 15, 2024 3:32:50 P. M. domain.plants.Sunflower generateSun
INFO: sol generado
dic 15, 2024 3:32:50 P. M. domain.plants.Sunflower generateSun
INFO: sol generado
dic 15, 2024 3:32:50 P. M. domain.plants.ECIPlant generateSun
INFO: sol generado
dic 15, 2024 3:32:50 P. M. domain.plants.Sunflower generateSun
INFO: sol generado
dic 15, 2024 3:32:50 P. M. domain.plants.ECIPlant generateSun
INFO: sol generado
dic 15, 2024 3:32:51 P. M. domain.plants.ECIPlant generateSun
INFO: sol generado
dic 15, 2024 3:32:51 P. M. domain.Game addZombie
INFO: Intentando añadir un zombie: buckethead en (9, 1)
dic 15, 2024 3:32:51 P. M. domain.Game addZombie
INFO: Zombie añadido exitosamente: buckethead en (9, 1)
dic 15, 2024 3:32:51 P. M. domain.plants.Sunflower generateSun
INFO: sol generado
dic 15, 2024 3:32:51 P. M. domain.Game addPlant
INFO: Intentando añadir una planta: eciplant en (1, 0)
dic 15, 2024 3:32:51 P. M. domain.Game addZombie
INFO: Intentando añadir un zombie: basic en (9, 2)
dic 15, 2024 3:32:51 P. M. domain.Game addZombie
INFO: Intentando añadir un zombie: basic en (9, 3)
dic 15, 2024 3:32:51 P. M. domain.Game addPlant
SEVERE: Error al añadir planta: Cannot add the unit because there is already a unit in the cell
dic 15, 2024 3:32:51 P. M. domain.Game addPlant
INFO: Intentando añadir una planta: potatomine en (6, 3)
dic 15, 2024 3:32:51 P. M. domain.Game addPlant
INFO: Intentando añadir una planta: potatomine en (8, 0)
dic 15, 2024 3:32:51 P. M. domain.Game addPlant
SEVERE: Error al añadir planta: Cannot add the unit because there is already a unit in the cell
dic 15, 2024 3:32:51 P. M. domain.Game addZombie
INFO: Zombie añadido exitosamente: basic en (9, 2)
dic 15, 2024 3:32:51 P. M. domain.Game addPlant
INFO: Planta añadida exitosamente: potatomine en (8, 0)
dic 15, 2024 3:32:51 P. M. domain.Game addZombie
INFO: Zombie añadido exitosamente: basic en (9, 3)
dic 15, 2024 3:32:51 P. M. domain.Game addPlant
INFO: Intentando añadir una planta: potatomine en (8, 2)
dic 15, 2024 3:32:51 P. M. domain.Game addPlant
INFO: Planta añadida exitosamente: potatomine en (8, 2)
dic 15, 2024 3:32:52 P. M. domain.plants.ECIPlant generateSun
INFO: sol generado
dic 15, 2024 3:32:52 P. M. domain.plants.Sunflower generateSun
INFO: sol generado
dic 15, 2024 3:32:52 P. M. domain.plants.Sunflower generateSun
INFO: sol generado
dic 15, 2024 3:32:52 P. M. domain.Game addZombie
INFO: Intentando añadir un zombie: brainstein en (10, 4)
dic 15, 2024 3:32:52 P. M. domain.Game addZombie
INFO: Zombie añadido exitosamente: brainstein en (10, 4)
dic 15, 2024 3:32:52 P. M. domain.plants.Sunflower generateSun
INFO: sol generado
dic 15, 2024 3:32:52 P. M. domain.Game addZombie
INFO: Intentando añadir un zombie: basic en (9, 3)
dic 15, 2024 3:32:52 P. M. domain.Game addZombie
INFO: Zombie añadido exitosamente: basic en (9, 3)
dic 15, 2024 3:32:52 P. M. domain.Game addPlant
INFO: Intentando añadir una planta: potatomine en (7, 0)
dic 15, 2024 3:32:52 P. M. domain.Game addPlant
INFO: Planta añadida exitosamente: potatomine en (7, 0)
dic 15, 2024 3:32:52 P. M. domain.Game addPlant
INFO: Intentando añadir una planta: potatomine en (7, 3)
dic 15, 2024 3:32:52 P. M. domain.Game addPlant
SEVERE: Error al añadir planta: Cannot add the unit because there is already a unit in the cell
dic 15, 2024 3:32:52 P. M. domain.Game addZombie
INFO: Intentando añadir un zombie: basic en (9, 2)
dic 15, 2024 3:32:52 P. M. domain.Game addZombie
INFO: Zombie añadido exitosamente: basic en (9, 2)
dic 15, 2024 3:32:52 P. M. domain.Game addPlant
INFO: Intentando añadir una planta: sunflower en (1, 0)
dic 15, 2024 3:32:52 P. M. domain.Game addPlant
SEVERE: Error al añadir planta: Cannot add the unit because there is already a unit in the cell
dic 15, 2024 3:32:52 P. M. domain.Game addPlant
INFO: Intentando añadir una planta: potatomine en (8, 0)
dic 15, 2024 3:32:52 P. M. domain.Game addPlant
SEVERE: Error al añadir planta: Cannot add the unit because there is already a unit in the cell
dic 15, 2024 3:32:52 P. M. domain.Game addPlant
INFO: Intentando añadir una planta: potatomine en (8, 2)
dic 15, 2024 3:32:52 P. M. domain.Game addPlant
SEVERE: Error al añadir planta: Cannot add the unit because there is already a unit in the cell
dic 15, 2024 3:32:52 P. M. domain.plants.Sunflower generateSun
INFO: sol generado
dic 15, 2024 3:32:52 P. M. domain.plants.ECIPlant generateSun
INFO: sol generado
dic 15, 2024 3:32:52 P. M. domain.plants.ECIPlant generateSun
INFO: sol generado
dic 15, 2024 3:32:52 P. M. domain.plants.Sunflower generateSun
INFO: sol generado
dic 15, 2024 3:32:53 P. M. domain.plants.ECIPlant generateSun
INFO: sol generado
dic 15, 2024 3:32:53 P. M. domain.plants.Sunflower generateSun
INFO: sol generado
dic 15, 2024 3:32:53 P. M. domain.plants.Sunflower generateSun
INFO: sol generado
dic 15, 2024 3:32:53 P. M. domain.plants.Sunflower generateSun
INFO: sol generado
dic 15, 2024 3:32:53 P. M. domain.Game addZombie
INFO: Intentando añadir un zombie: ecizombie en (9, 3)
dic 15, 2024 3:32:53 P. M. domain.Game addZombie
INFO: Zombie añadido exitosamente: ecizombie en (9, 3)
dic 15, 2024 3:32:53 P. M. domain.plants.Sunflower generateSun
INFO: sol generado
dic 15, 2024 3:32:53 P. M. domain.Game addZombie
INFO: Intentando añadir un zombie: brainstein en (10, 0)
dic 15, 2024 3:32:53 P. M. domain.Game addZombie
INFO: Zombie añadido exitosamente: brainstein en (10, 0)
dic 15, 2024 3:32:53 P. M. domain.Game addZombie
INFO: Intentando añadir un zombie: brainstein en (10, 0)
dic 15, 2024 3:32:53 P. M. domain.Game addZombie
INFO: Zombie añadido exitosamente: brainstein en (10, 0)
dic 15, 2024 3:32:53 P. M. domain.Game addPlant
INFO: Intentando añadir una planta: eciplant en (1, 0)
dic 15, 2024 3:32:53 P. M. domain.Game addPlant
SEVERE: Error al añadir planta: Cannot add the unit because there is already a unit in the cell
dic 15, 2024 3:32:53 P. M. domain.Game addPlant
INFO: Intentando añadir una planta: potatomine en (6, 2)
dic 15, 2024 3:32:53 P. M. domain.Game addPlant
SEVERE: Error al añadir planta: Cannot add the unit because there is already a unit in the cell
dic 15, 2024 3:32:53 P. M. domain.plants.Sunflower generateSun
INFO: sol generado
dic 15, 2024 3:32:53 P. M. domain.plants.Sunflower generateSun
INFO: sol generado
dic 15, 2024 3:32:53 P. M. domain.plants.ECIPlant generateSun
INFO: sol generado
dic 15, 2024 3:32:53 P. M. domain.plants.Sunflower generateSun
INFO: sol generado
dic 15, 2024 3:32:53 P. M. domain.plants.ECIPlant generateSun
INFO: sol generado
dic 15, 2024 3:32:54 P. M. domain.plants.ECIPlant generateSun
INFO: sol generado
dic 15, 2024 3:32:54 P. M. domain.LawnMower activate
INFO: LawnMower activado en la fila: 2
dic 15, 2024 3:32:54 P. M. domain.Game addZombie
INFO: Intentando añadir un zombie: buckethead en (10, 1)
dic 15, 2024 3:32:54 P. M. domain.Game addZombie
INFO: Zombie añadido exitosamente: buckethead en (10, 1)
dic 15, 2024 3:32:54 P. M. domain.plants.Sunflower generateSun
INFO: sol generado
dic 15, 2024 3:32:54 P. M. domain.Game addZombie
INFO: Intentando añadir un zombie: buckethead en (9, 3)
dic 15, 2024 3:32:54 P. M. domain.Game addPlant
INFO: Intentando añadir una planta: potatomine en (7, 0)
dic 15, 2024 3:32:54 P. M. domain.Game addZombie
INFO: Zombie añadido exitosamente: buckethead en (9, 3)
dic 15, 2024 3:32:54 P. M. domain.Game addPlant
INFO: Planta añadida exitosamente: potatomine en (7, 0)
dic 15, 2024 3:32:54 P. M. domain.Game addPlant
INFO: Intentando añadir una planta: potatomine en (7, 3)
dic 15, 2024 3:32:54 P. M. domain.Game addPlant
INFO: Planta añadida exitosamente: potatomine en (7, 3)
dic 15, 2024 3:32:54 P. M. domain.Game addZombie
INFO: Intentando añadir un zombie: basic en (9, 2)
dic 15, 2024 3:32:54 P. M. domain.Game addZombie
INFO: Zombie añadido exitosamente: basic en (9, 2)
dic 15, 2024 3:32:54 P. M. domain.Game addPlant
INFO: Intentando añadir una planta: eciplant en (1, 0)
dic 15, 2024 3:32:54 P. M. domain.Game addPlant
SEVERE: Error al añadir planta: Cannot add the unit because there is already a unit in the cell
dic 15, 2024 3:32:54 P. M. domain.Game addPlant
INFO: Intentando añadir una planta: wallnut en (2, 2)
dic 15, 2024 3:32:54 P. M. domain.Game addPlant
INFO: Planta añadida exitosamente: wallnut en (2, 2)
dic 15, 2024 3:32:55 P. M. domain.plants.ECIPlant generateSun
INFO: sol generado
dic 15, 2024 3:32:55 P. M. domain.plants.Sunflower generateSun
INFO: sol generado
dic 15, 2024 3:32:55 P. M. domain.plants.Sunflower generateSun
INFO: sol generado
dic 15, 2024 3:32:55 P. M. domain.plants.Sunflower generateSun
INFO: sol generado
dic 15, 2024 3:32:55 P. M. domain.Game addZombie
INFO: Intentando añadir un zombie: basic en (9, 4)
dic 15, 2024 3:32:55 P. M. domain.Game addZombie
INFO: Zombie añadido exitosamente: basic en (9, 4)
dic 15, 2024 3:32:55 P. M. domain.Game addZombie
INFO: Intentando añadir un zombie: basic en (9, 2)
dic 15, 2024 3:32:55 P. M. domain.Game addZombie
INFO: Intentando añadir un zombie: buckethead en (9, 3)
dic 15, 2024 3:32:55 P. M. domain.Game addZombie
INFO: Zombie añadido exitosamente: basic en (9, 2)
dic 15, 2024 3:32:55 P. M. domain.Game addPlant
INFO: Intentando añadir una planta: potatomine en (6, 3)
dic 15, 2024 3:32:55 P. M. domain.Game addZombie
INFO: Zombie añadido exitosamente: buckethead en (9, 3)
dic 15, 2024 3:32:55 P. M. domain.Game addPlant
SEVERE: Error al añadir planta: Cannot add the unit because there is already a unit in the cell
dic 15, 2024 3:32:55 P. M. domain.Game addPlant
INFO: Intentando añadir una planta: sunflower en (1, 0)
dic 15, 2024 3:32:55 P. M. domain.Game addPlant
SEVERE: Error al añadir planta: Cannot add the unit because there is already a unit in the cell
dic 15, 2024 3:32:55 P. M. domain.Game addPlant
INFO: Intentando añadir una planta: wallnut en (4, 2)
dic 15, 2024 3:32:55 P. M. domain.Game addPlant
INFO: Planta añadida exitosamente: wallnut en (4, 2)
dic 15, 2024 3:32:55 P. M. domain.Game addPlant
INFO: Intentando añadir una planta: wallnut en (4, 4)
dic 15, 2024 3:32:55 P. M. domain.Game addPlant
SEVERE: Error al añadir planta: Cannot add the unit because there is already a unit in the cell
dic 15, 2024 3:32:55 P. M. domain.plants.Sunflower generateSun
INFO: sol generado
dic 15, 2024 3:32:55 P. M. domain.plants.ECIPlant generateSun
INFO: sol generado
dic 15, 2024 3:32:55 P. M. domain.plants.ECIPlant generateSun
INFO: sol generado
dic 15, 2024 3:32:55 P. M. domain.plants.Sunflower generateSun
INFO: sol generado
dic 15, 2024 3:32:56 P. M. domain.plants.ECIPlant generateSun
INFO: sol generado
dic 15, 2024 3:32:56 P. M. domain.plants.Sunflower generateSun
INFO: sol generado
dic 15, 2024 3:32:56 P. M. domain.plants.Sunflower generateSun
INFO: sol generado
dic 15, 2024 3:32:56 P. M. domain.plants.Sunflower generateSun
INFO: sol generado
dic 15, 2024 3:32:56 P. M. domain.plants.Sunflower generateSun
INFO: sol generado
dic 15, 2024 3:32:56 P. M. domain.Game addZombie
INFO: Intentando añadir un zombie: buckethead en (9, 3)
dic 15, 2024 3:32:56 P. M. domain.Game addZombie
INFO: Zombie añadido exitosamente: buckethead en (9, 3)
dic 15, 2024 3:32:56 P. M. domain.Game addZombie
INFO: Intentando añadir un zombie: conehead en (9, 3)
dic 15, 2024 3:32:56 P. M. domain.Game addZombie
INFO: Zombie añadido exitosamente: conehead en (9, 3)
dic 15, 2024 3:32:56 P. M. domain.Game addZombie
INFO: Intentando añadir un zombie: buckethead en (9, 2)
dic 15, 2024 3:32:56 P. M. domain.Game addZombie
INFO: Zombie añadido exitosamente: buckethead en (9, 2)
dic 15, 2024 3:32:57 P. M. domain.plants.ECIPlant generateSun
INFO: sol generado
dic 15, 2024 3:32:57 P. M. domain.plants.Sunflower generateSun
INFO: sol generado
dic 15, 2024 3:32:57 P. M. domain.plants.Sunflower generateSun
INFO: sol generado
dic 15, 2024 3:32:57 P. M. domain.plants.Sunflower generateSun
INFO: sol generado
dic 15, 2024 3:32:57 P. M. domain.plants.ECIPlant generateSun
INFO: sol generado
dic 15, 2024 3:32:57 P. M. domain.Game addPlant
INFO: Intentando añadir una planta: eciplant en (1, 0)
dic 15, 2024 3:32:57 P. M. domain.Game addPlant
SEVERE: Error al añadir planta: Cannot add the unit because there is already a unit in the cell
dic 15, 2024 3:32:57 P. M. domain.Game addPlant
INFO: Intentando añadir una planta: potatomine en (5, 0)
dic 15, 2024 3:32:57 P. M. domain.Game addPlant
SEVERE: Error al añadir planta: Cannot add the unit because there is already a unit in the cell
dic 15, 2024 3:32:57 P. M. domain.Game addPlant
INFO: Intentando añadir una planta: potatomine en (5, 2)
dic 15, 2024 3:32:57 P. M. domain.Game addPlant
SEVERE: Error al añadir planta: Cannot add the unit because there is already a unit in the cell
dic 15, 2024 3:32:57 P. M. domain.plants.ECIPlant generateSun
INFO: sol generado
dic 15, 2024 3:32:57 P. M. domain.plants.Sunflower generateSun
INFO: sol generado
dic 15, 2024 3:32:57 P. M. domain.Game addZombie
INFO: Intentando añadir un zombie: brainstein en (10, 0)
dic 15, 2024 3:32:57 P. M. domain.Game addZombie
INFO: Zombie añadido exitosamente: brainstein en (10, 0)
dic 15, 2024 3:32:57 P. M. domain.Game addPlant
INFO: Intentando añadir una planta: potatomine en (7, 0)
dic 15, 2024 3:32:57 P. M. domain.Game addPlant
SEVERE: Error al añadir planta: Cannot add the unit because there is already a unit in the cell
dic 15, 2024 3:32:57 P. M. domain.Game addPlant
INFO: Intentando añadir una planta: potatomine en (7, 3)
dic 15, 2024 3:32:57 P. M. domain.Game addPlant
SEVERE: Error al añadir planta: Cannot add the unit because there is already a unit in the cell
dic 15, 2024 3:32:57 P. M. domain.Game addZombie
INFO: Intentando añadir un zombie: brainstein en (10, 0)
dic 15, 2024 3:32:57 P. M. domain.Game addZombie
INFO: Zombie añadido exitosamente: brainstein en (10, 0)
dic 15, 2024 3:32:57 P. M. domain.Game addZombie
INFO: Intentando añadir un zombie: brainstein en (10, 0)
dic 15, 2024 3:32:57 P. M. domain.Game addZombie
INFO: Zombie añadido exitosamente: brainstein en (10, 0)
dic 15, 2024 3:32:58 P. M. domain.Game addPlant
INFO: Intentando añadir una planta: eciplant en (1, 0)
dic 15, 2024 3:32:58 P. M. domain.Game addPlant
SEVERE: Error al añadir planta: Cannot add the unit because there is already a unit in the cell
dic 15, 2024 3:32:58 P. M. domain.Game addPlant
INFO: Intentando añadir una planta: wallnut en (3, 2)
dic 15, 2024 3:32:58 P. M. domain.Game addPlant
INFO: Planta añadida exitosamente: wallnut en (3, 2)
dic 15, 2024 3:32:58 P. M. domain.plants.Sunflower generateSun
INFO: sol generado
dic 15, 2024 3:32:58 P. M. domain.plants.Sunflower generateSun
INFO: sol generado
dic 15, 2024 3:32:58 P. M. domain.plants.ECIPlant generateSun
INFO: sol generado
dic 15, 2024 3:32:58 P. M. domain.plants.Sunflower generateSun
INFO: sol generado
dic 15, 2024 3:32:58 P. M. domain.Game addZombie
INFO: Intentando añadir un zombie: ecizombie en (9, 1)
dic 15, 2024 3:32:58 P. M. domain.Game addZombie
INFO: Zombie añadido exitosamente: ecizombie en (9, 1)
dic 15, 2024 3:32:58 P. M. domain.Game addZombie
INFO: Intentando añadir un zombie: basic en (9, 3)
dic 15, 2024 3:32:58 P. M. domain.Game addZombie
INFO: Intentando añadir un zombie: conehead en (9, 2)
dic 15, 2024 3:32:58 P. M. domain.Game addZombie
INFO: Zombie añadido exitosamente: basic en (9, 3)
dic 15, 2024 3:32:58 P. M. domain.Game addZombie
INFO: Zombie añadido exitosamente: conehead en (9, 2)
dic 15, 2024 3:32:58 P. M. domain.plants.Sunflower generateSun
INFO: sol generado
dic 15, 2024 3:32:58 P. M. domain.plants.ECIPlant generateSun
INFO: sol generado
dic 15, 2024 3:32:58 P. M. domain.plants.ECIPlant generateSun
INFO: sol generado
dic 15, 2024 3:32:59 P. M. domain.plants.Sunflower generateSun
INFO: sol generado
dic 15, 2024 3:32:59 P. M. domain.plants.Sunflower generateSun
INFO: sol generado
dic 15, 2024 3:32:59 P. M. domain.plants.ECIPlant generateSun
INFO: sol generado
dic 15, 2024 3:32:59 P. M. domain.Game addPlant
INFO: Intentando añadir una planta: sunflower en (1, 0)
dic 15, 2024 3:32:59 P. M. domain.Game addPlant
SEVERE: Error al añadir planta: Cannot add the unit because there is already a unit in the cell
dic 15, 2024 3:32:59 P. M. domain.Game addPlant
INFO: Intentando añadir una planta: potatomine en (6, 2)
dic 15, 2024 3:32:59 P. M. domain.Game addPlant
INFO: Planta añadida exitosamente: potatomine en (6, 2)
dic 15, 2024 3:32:59 P. M. domain.plants.Sunflower generateSun
INFO: sol generado
dic 15, 2024 3:32:59 P. M. domain.plants.Sunflower generateSun
INFO: sol generado
dic 15, 2024 3:32:59 P. M. domain.plants.Sunflower generateSun
INFO: sol generado
dic 15, 2024 3:32:59 P. M. domain.Game addZombie
INFO: Intentando añadir un zombie: basic en (10, 0)
dic 15, 2024 3:32:59 P. M. domain.Game addZombie
INFO: Zombie añadido exitosamente: basic en (10, 0)
dic 15, 2024 3:33:00 P. M. domain.Game addZombie
INFO: Intentando añadir un zombie: buckethead en (9, 3)
dic 15, 2024 3:33:00 P. M. domain.Game addZombie
INFO: Intentando añadir un zombie: buckethead en (9, 2)
dic 15, 2024 3:32:59 P. M. domain.Game addPlant
INFO: Intentando añadir una planta: eciplant en (1, 0)
dic 15, 2024 3:33:00 P. M. domain.Game addZombie
INFO: Zombie añadido exitosamente: buckethead en (9, 3)
dic 15, 2024 3:33:00 P. M. domain.Game addPlant
SEVERE: Error al añadir planta: Cannot add the unit because there is already a unit in the cell
dic 15, 2024 3:33:00 P. M. domain.Game addZombie
INFO: Zombie añadido exitosamente: buckethead en (9, 2)
dic 15, 2024 3:33:00 P. M. domain.plants.Sunflower generateSun
INFO: sol generado
dic 15, 2024 3:33:00 P. M. domain.plants.ECIPlant generateSun
INFO: sol generado
dic 15, 2024 3:33:00 P. M. domain.plants.ECIPlant generateSun
INFO: sol generado
dic 15, 2024 3:33:00 P. M. domain.plants.Sunflower generateSun
INFO: sol generado
dic 15, 2024 3:33:00 P. M. domain.plants.Sunflower generateSun
INFO: sol generado
dic 15, 2024 3:33:00 P. M. domain.Game addPlant
INFO: Intentando añadir una planta: sunflower en (1, 0)
dic 15, 2024 3:33:00 P. M. domain.Game addPlant
SEVERE: Error al añadir planta: Cannot add the unit because there is already a unit in the cell
dic 15, 2024 3:33:00 P. M. domain.Game addPlant
INFO: Intentando añadir una planta: potatomine en (5, 0)
dic 15, 2024 3:33:00 P. M. domain.Game addPlant
SEVERE: Error al añadir planta: Cannot add the unit because there is already a unit in the cell
dic 15, 2024 3:33:00 P. M. domain.Game addPlant
INFO: Intentando añadir una planta: potatomine en (5, 2)
dic 15, 2024 3:33:00 P. M. domain.Game addPlant
INFO: Planta añadida exitosamente: potatomine en (5, 2)
dic 15, 2024 3:33:00 P. M. domain.plants.ECIPlant generateSun
INFO: sol generado
dic 15, 2024 3:33:00 P. M. domain.plants.Sunflower generateSun
INFO: sol generado
dic 15, 2024 3:33:00 P. M. domain.Game addZombie
INFO: Intentando añadir un zombie: ecizombie en (10, 0)
dic 15, 2024 3:33:00 P. M. domain.Game addZombie
INFO: Zombie añadido exitosamente: ecizombie en (10, 0)
dic 15, 2024 3:33:01 P. M. domain.Game addZombie
INFO: Intentando añadir un zombie: conehead en (9, 2)
dic 15, 2024 3:33:01 P. M. domain.Game addZombie
INFO: Zombie añadido exitosamente: conehead en (9, 2)
dic 15, 2024 3:33:01 P. M. domain.Game addPlant
INFO: Intentando añadir una planta: potatomine en (6, 3)
dic 15, 2024 3:33:01 P. M. domain.Game addPlant
SEVERE: Error al añadir planta: Cannot add the unit because there is already a unit in the cell
dic 15, 2024 3:33:01 P. M. domain.Game addZombie
INFO: Intentando añadir un zombie: conehead en (9, 3)
dic 15, 2024 3:33:01 P. M. domain.Game addZombie
INFO: Zombie añadido exitosamente: conehead en (9, 3)
dic 15, 2024 3:33:01 P. M. domain.plants.Sunflower generateSun
INFO: sol generado
dic 15, 2024 3:33:01 P. M. domain.plants.Sunflower generateSun
INFO: sol generado
dic 15, 2024 3:33:01 P. M. domain.Game addPlant
INFO: Intentando añadir una planta: sunflower en (1, 0)
dic 15, 2024 3:33:01 P. M. domain.Game addPlant
SEVERE: Error al añadir planta: Cannot add the unit because there is already a unit in the cell
dic 15, 2024 3:33:01 P. M. domain.plants.ECIPlant generateSun
INFO: sol generado
dic 15, 2024 3:33:01 P. M. domain.plants.Sunflower generateSun
INFO: sol generado
dic 15, 2024 3:33:02 P. M. domain.plants.Sunflower generateSun
INFO: sol generado
dic 15, 2024 3:33:01 P. M. domain.Game addZombie
INFO: Intentando añadir un zombie: basic en (9, 0)
dic 15, 2024 3:33:02 P. M. domain.plants.ECIPlant generateSun
INFO: sol generado
dic 15, 2024 3:33:02 P. M. domain.plants.ECIPlant generateSun
INFO: sol generado
dic 15, 2024 3:33:02 P. M. domain.Game addZombie
INFO: Zombie añadido exitosamente: basic en (9, 0)
dic 15, 2024 3:33:02 P. M. domain.Game addPlant
INFO: Intentando añadir una planta: eciplant en (1, 0)
dic 15, 2024 3:33:02 P. M. domain.Game addPlant
SEVERE: Error al añadir planta: Cannot add the unit because there is already a unit in the cell
dic 15, 2024 3:33:02 P. M. domain.Game addZombie
INFO: Intentando añadir un zombie: brainstein en (10, 0)
dic 15, 2024 3:33:02 P. M. domain.Game addZombie
INFO: Zombie añadido exitosamente: brainstein en (10, 0)
dic 15, 2024 3:33:02 P. M. domain.plants.Sunflower generateSun
INFO: sol generado
dic 15, 2024 3:33:02 P. M. domain.Game addZombie
INFO: Intentando añadir un zombie: brainstein en (10, 0)
dic 15, 2024 3:33:02 P. M. domain.Game addZombie
INFO: Zombie añadido exitosamente: brainstein en (10, 0)
dic 15, 2024 3:33:02 P. M. domain.plants.ECIPlant generateSun
INFO: sol generado
dic 15, 2024 3:33:02 P. M. domain.plants.Sunflower generateSun
INFO: sol generado
dic 15, 2024 3:33:02 P. M. domain.plants.Sunflower generateSun
INFO: sol generado
dic 15, 2024 3:33:02 P. M. domain.Game addPlant
INFO: Intentando añadir una planta: sunflower en (1, 0)
dic 15, 2024 3:33:02 P. M. domain.Game addPlant
SEVERE: Error al añadir planta: Cannot add the unit because there is already a unit in the cell
dic 15, 2024 3:33:02 P. M. domain.Game addPlant
INFO: Intentando añadir una planta: potatomine en (5, 0)
dic 15, 2024 3:33:02 P. M. domain.Game addPlant
SEVERE: Error al añadir planta: Cannot add the unit because there is already a unit in the cell
dic 15, 2024 3:33:02 P. M. domain.plants.Sunflower generateSun
INFO: sol generado
dic 15, 2024 3:33:02 P. M. domain.Game addPlant
INFO: Intentando añadir una planta: potatomine en (5, 2)
dic 15, 2024 3:33:02 P. M. domain.Game addPlant
INFO: Planta añadida exitosamente: potatomine en (5, 2)
dic 15, 2024 3:33:02 P. M. domain.plants.Sunflower generateSun
INFO: sol generado
dic 15, 2024 3:33:03 P. M. domain.Game addZombie
INFO: Intentando añadir un zombie: brainstein en (10, 3)
dic 15, 2024 3:33:03 P. M. domain.Game addZombie
INFO: Zombie añadido exitosamente: brainstein en (10, 3)
dic 15, 2024 3:33:03 P. M. domain.plants.ECIPlant generateSun
INFO: sol generado
dic 15, 2024 3:33:03 P. M. domain.plants.ECIPlant generateSun
INFO: sol generado
dic 15, 2024 3:33:03 P. M. domain.plants.Sunflower generateSun
INFO: sol generado
dic 15, 2024 3:33:03 P. M. domain.plants.Sunflower generateSun
INFO: sol generado
dic 15, 2024 3:33:03 P. M. domain.plants.Sunflower generateSun
INFO: sol generado
dic 15, 2024 3:33:03 P. M. domain.Game addZombie
INFO: Intentando añadir un zombie: buckethead en (9, 2)
dic 15, 2024 3:33:03 P. M. domain.Game addZombie
INFO: Zombie añadido exitosamente: buckethead en (9, 2)
dic 15, 2024 3:33:03 P. M. domain.Game addPlant
INFO: Intentando añadir una planta: eciplant en (1, 0)
dic 15, 2024 3:33:03 P. M. domain.Game addPlant
SEVERE: Error al añadir planta: Cannot add the unit because there is already a unit in the cell
dic 15, 2024 3:33:03 P. M. domain.Game addZombie
INFO: Intentando añadir un zombie: basic en (9, 3)
dic 15, 2024 3:33:03 P. M. domain.Game addZombie
INFO: Zombie añadido exitosamente: basic en (9, 3)
dic 15, 2024 3:33:03 P. M. domain.plants.ECIPlant generateSun
INFO: sol generado
dic 15, 2024 3:33:03 P. M. domain.Game addPlant
INFO: Intentando añadir una planta: eciplant en (1, 0)
dic 15, 2024 3:33:03 P. M. domain.Game addPlant
SEVERE: Error al añadir planta: Cannot add the unit because there is already a unit in the cell
dic 15, 2024 3:33:03 P. M. domain.Game addPlant
INFO: Intentando añadir una planta: wallnut en (5, 0)
dic 15, 2024 3:33:03 P. M. domain.Game addPlant
SEVERE: Error al añadir planta: Cannot add the unit because there is already a unit in the cell
dic 15, 2024 3:33:03 P. M. domain.plants.Sunflower generateSun
INFO: sol generado
dic 15, 2024 3:33:04 P. M. domain.Game addZombie
INFO: Intentando añadir un zombie: brainstein en (10, 2)
dic 15, 2024 3:33:04 P. M. domain.Game addZombie
INFO: Zombie añadido exitosamente: brainstein en (10, 2)
dic 15, 2024 3:33:04 P. M. domain.Game addPlant
INFO: Intentando añadir una planta: peashooter en (3, 3)
dic 15, 2024 3:33:04 P. M. domain.Game addZombie
INFO: Intentando añadir un zombie: basic en (9, 3)
dic 15, 2024 3:33:04 P. M. domain.Game addZombie
INFO: Intentando añadir un zombie: buckethead en (9, 2)
dic 15, 2024 3:33:04 P. M. domain.Game addZombie
INFO: Zombie añadido exitosamente: basic en (9, 3)
dic 15, 2024 3:33:04 P. M. domain.Game addPlant
INFO: Planta añadida exitosamente: peashooter en (3, 3)
dic 15, 2024 3:33:04 P. M. domain.Game addZombie
INFO: Zombie añadido exitosamente: buckethead en (9, 2)
dic 15, 2024 3:33:04 P. M. domain.plants.Sunflower generateSun
INFO: sol generado
dic 15, 2024 3:33:04 P. M. domain.plants.Sunflower generateSun
INFO: sol generado
dic 15, 2024 3:33:04 P. M. domain.plants.ECIPlant generateSun
INFO: sol generado
dic 15, 2024 3:33:04 P. M. domain.Game addPlant
INFO: Intentando añadir una planta: eciplant en (1, 0)
dic 15, 2024 3:33:04 P. M. domain.Game addPlant
SEVERE: Error al añadir planta: Cannot add the unit because there is already a unit in the cell
dic 15, 2024 3:33:04 P. M. domain.Game addPlant
INFO: Intentando añadir una planta: wallnut en (5, 0)
dic 15, 2024 3:33:04 P. M. domain.Game addPlant
SEVERE: Error al añadir planta: Cannot add the unit because there is already a unit in the cell
dic 15, 2024 3:33:04 P. M. domain.Game addPlant
INFO: Intentando añadir una planta: wallnut en (5, 2)
dic 15, 2024 3:33:04 P. M. domain.Game addPlant
INFO: Planta añadida exitosamente: wallnut en (5, 2)
dic 15, 2024 3:33:04 P. M. domain.plants.Sunflower generateSun
INFO: sol generado
dic 15, 2024 3:33:05 P. M. domain.plants.ECIPlant generateSun
INFO: sol generado
dic 15, 2024 3:33:05 P. M. domain.plants.ECIPlant generateSun
INFO: sol generado
dic 15, 2024 3:33:05 P. M. domain.plants.Sunflower generateSun
INFO: sol generado
dic 15, 2024 3:33:05 P. M. domain.plants.Sunflower generateSun
INFO: sol generado
dic 15, 2024 3:33:05 P. M. domain.plants.Sunflower generateSun
INFO: sol generado
dic 15, 2024 3:33:05 P. M. domain.plants.ECIPlant generateSun
INFO: sol generado
dic 15, 2024 3:33:05 P. M. domain.Game addZombie
INFO: Intentando añadir un zombie: conehead en (10, 1)
dic 15, 2024 3:33:05 P. M. domain.Game addZombie
INFO: Zombie añadido exitosamente: conehead en (10, 1)
dic 15, 2024 3:33:05 P. M. domain.Game addZombie
INFO: Intentando añadir un zombie: conehead en (9, 2)
dic 15, 2024 3:33:05 P. M. domain.Game addZombie
INFO: Zombie añadido exitosamente: conehead en (9, 2)
dic 15, 2024 3:33:05 P. M. domain.Game addPlant
INFO: Intentando añadir una planta: potatomine en (6, 3)
dic 15, 2024 3:33:05 P. M. domain.Game addZombie
INFO: Intentando añadir un zombie: buckethead en (9, 3)
dic 15, 2024 3:33:05 P. M. domain.Game addPlant
SEVERE: Error al añadir planta: Cannot add the unit because there is already a unit in the cell
dic 15, 2024 3:33:05 P. M. domain.Game addZombie
INFO: Zombie añadido exitosamente: buckethead en (9, 3)
dic 15, 2024 3:33:05 P. M. domain.plants.Sunflower generateSun
INFO: sol generado
dic 15, 2024 3:33:05 P. M. domain.plants.Sunflower generateSun
INFO: sol generado
dic 15, 2024 3:33:05 P. M. domain.Game addPlant
INFO: Intentando añadir una planta: eciplant en (1, 0)
dic 15, 2024 3:33:05 P. M. domain.Game addPlant
SEVERE: Error al añadir planta: Cannot add the unit because there is already a unit in the cell
dic 15, 2024 3:33:05 P. M. domain.Game addPlant
INFO: Intentando añadir una planta: wallnut en (5, 0)
dic 15, 2024 3:33:05 P. M. domain.Game addPlant
SEVERE: Error al añadir planta: Cannot add the unit because there is already a unit in the cell
dic 15, 2024 3:33:05 P. M. domain.plants.Sunflower generateSun
INFO: sol generado
dic 15, 2024 3:33:06 P. M. domain.plants.ECIPlant generateSun
INFO: sol generado
dic 15, 2024 3:33:06 P. M. domain.plants.Sunflower generateSun
INFO: sol generado
dic 15, 2024 3:33:06 P. M. domain.plants.ECIPlant generateSun
INFO: sol generado
dic 15, 2024 3:33:06 P. M. domain.plants.Sunflower generateSun
INFO: sol generado
dic 15, 2024 3:33:06 P. M. domain.plants.Sunflower generateSun
INFO: sol generado
dic 15, 2024 3:33:06 P. M. domain.plants.ECIPlant generateSun
INFO: sol generado
dic 15, 2024 3:33:06 P. M. domain.Game addZombie
INFO: Intentando añadir un zombie: brainstein en (10, 0)
dic 15, 2024 3:33:06 P. M. domain.Game addZombie
INFO: Intentando añadir un zombie: conehead en (9, 2)
dic 15, 2024 3:33:06 P. M. domain.Game addPlant
INFO: Intentando añadir una planta: sunflower en (2, 3)
dic 15, 2024 3:33:06 P. M. domain.Game addZombie
INFO: Zombie añadido exitosamente: brainstein en (10, 0)
dic 15, 2024 3:33:06 P. M. domain.Game addZombie
INFO: Zombie añadido exitosamente: conehead en (9, 2)
dic 15, 2024 3:33:06 P. M. domain.Game addPlant
INFO: Planta añadida exitosamente: sunflower en (2, 3)
dic 15, 2024 3:33:06 P. M. domain.Game addZombie
INFO: Intentando añadir un zombie: brainstein en (10, 0)
dic 15, 2024 3:33:06 P. M. domain.Game addZombie
INFO: Zombie añadido exitosamente: brainstein en (10, 0)
dic 15, 2024 3:33:06 P. M. domain.Game addPlant
INFO: Intentando añadir una planta: potatomine en (6, 3)
dic 15, 2024 3:33:06 P. M. domain.Game addPlant
INFO: Planta añadida exitosamente: potatomine en (6, 3)
dic 15, 2024 3:33:06 P. M. domain.plants.Sunflower generateSun
INFO: sol generado
dic 15, 2024 3:33:06 P. M. domain.Game addPlant
INFO: Intentando añadir una planta: eciplant en (1, 0)
dic 15, 2024 3:33:06 P. M. domain.Game addPlant
SEVERE: Error al añadir planta: Cannot add the unit because there is already a unit in the cell
dic 15, 2024 3:33:06 P. M. domain.Game addPlant
INFO: Intentando añadir una planta: wallnut en (2, 2)
dic 15, 2024 3:33:06 P. M. domain.Game addPlant
INFO: Planta añadida exitosamente: wallnut en (2, 2)
dic 15, 2024 3:33:07 P. M. domain.Game addZombie
INFO: Intentando añadir un zombie: conehead en (9, 2)
dic 15, 2024 3:33:07 P. M. domain.Game addZombie
INFO: Zombie añadido exitosamente: conehead en (9, 2)
dic 15, 2024 3:33:07 P. M. domain.Game addZombie
INFO: Intentando añadir un zombie: brainstein en (9, 2)
dic 15, 2024 3:33:07 P. M. domain.Game addZombie
INFO: Zombie añadido exitosamente: brainstein en (9, 2)
dic 15, 2024 3:33:07 P. M. domain.Game addZombie
INFO: Intentando añadir un zombie: buckethead en (9, 3)
dic 15, 2024 3:33:07 P. M. domain.Game addZombie
INFO: Zombie añadido exitosamente: buckethead en (9, 3)
dic 15, 2024 3:33:07 P. M. domain.plants.Sunflower generateSun
INFO: sol generado
dic 15, 2024 3:33:07 P. M. domain.plants.ECIPlant generateSun
INFO: sol generado
dic 15, 2024 3:33:07 P. M. domain.Game addPlant
INFO: Intentando añadir una planta: eciplant en (1, 0)
dic 15, 2024 3:33:07 P. M. domain.Game addPlant
SEVERE: Error al añadir planta: Cannot add the unit because there is already a unit in the cell
dic 15, 2024 3:33:07 P. M. domain.plants.Sunflower generateSun
INFO: sol generado
dic 15, 2024 3:33:07 P. M. domain.Game addPlant
INFO: Intentando añadir una planta: eciplant en (1, 0)
dic 15, 2024 3:33:07 P. M. domain.Game addPlant
SEVERE: Error al añadir planta: Cannot add the unit because there is already a unit in the cell
dic 15, 2024 3:33:07 P. M. domain.Game addPlant
INFO: Intentando añadir una planta: wallnut en (4, 2)
dic 15, 2024 3:33:07 P. M. domain.Game addPlant
INFO: Planta añadida exitosamente: wallnut en (4, 2)
dic 15, 2024 3:33:07 P. M. domain.Game addPlant
INFO: Intentando añadir una planta: wallnut en (4, 4)
dic 15, 2024 3:33:07 P. M. domain.Game addPlant
SEVERE: Error al añadir planta: Cannot add the unit because there is already a unit in the cell
dic 15, 2024 3:33:07 P. M. domain.plants.Sunflower generateSun
INFO: sol generado
dic 15, 2024 3:33:08 P. M. domain.plants.ECIPlant generateSun
INFO: sol generado
dic 15, 2024 3:33:08 P. M. domain.plants.ECIPlant generateSun
INFO: sol generado
dic 15, 2024 3:33:08 P. M. domain.plants.Sunflower generateSun
INFO: sol generado
dic 15, 2024 3:33:08 P. M. domain.plants.Sunflower generateSun
INFO: sol generado
dic 15, 2024 3:33:08 P. M. domain.plants.Sunflower generateSun
INFO: sol generado
dic 15, 2024 3:33:08 P. M. domain.plants.ECIPlant generateSun
INFO: sol generado
dic 15, 2024 3:33:08 P. M. domain.Game addZombie
INFO: Intentando añadir un zombie: conehead en (9, 2)
dic 15, 2024 3:33:08 P. M. domain.Game addZombie
INFO: Intentando añadir un zombie: brainstein en (10, 0)
dic 15, 2024 3:33:08 P. M. domain.Game addZombie
INFO: Intentando añadir un zombie: basic en (9, 3)
dic 15, 2024 3:33:08 P. M. domain.plants.Sunflower generateSun
INFO: sol generado
dic 15, 2024 3:33:08 P. M. domain.plants.Sunflower generateSun
INFO: sol generado
dic 15, 2024 3:33:08 P. M. domain.Game addZombie
INFO: Zombie añadido exitosamente: conehead en (9, 2)
dic 15, 2024 3:33:08 P. M. domain.Game addPlant
INFO: Intentando añadir una planta: sunflower en (2, 3)
dic 15, 2024 3:33:08 P. M. domain.Game addZombie
INFO: Zombie añadido exitosamente: brainstein en (10, 0)
dic 15, 2024 3:33:08 P. M. domain.Game addPlant
INFO: Planta añadida exitosamente: sunflower en (2, 3)
dic 15, 2024 3:33:08 P. M. domain.Game addZombie
INFO: Zombie añadido exitosamente: basic en (9, 3)
dic 15, 2024 3:33:08 P. M. domain.Game addPlant
INFO: Intentando añadir una planta: potatomine en (7, 0)
dic 15, 2024 3:33:08 P. M. domain.Game addPlant
INFO: Planta añadida exitosamente: potatomine en (7, 0)
dic 15, 2024 3:33:08 P. M. domain.Game addPlant
INFO: Intentando añadir una planta: potatomine en (7, 3)
dic 15, 2024 3:33:08 P. M. domain.Game addPlant
SEVERE: Error al añadir planta: Cannot add the unit because there is already a unit in the cell
dic 15, 2024 3:33:08 P. M. domain.plants.Sunflower generateSun
INFO: sol generado
dic 15, 2024 3:33:08 P. M. domain.Game addPlant
INFO: Intentando añadir una planta: sunflower en (1, 0)
dic 15, 2024 3:33:08 P. M. domain.Game addPlant
SEVERE: Error al añadir planta: Cannot add the unit because there is already a unit in the cell
dic 15, 2024 3:33:08 P. M. domain.plants.Sunflower generateSun
INFO: sol generado
dic 15, 2024 3:33:09 P. M. domain.plants.ECIPlant generateSun
INFO: sol generado
dic 15, 2024 3:33:09 P. M. domain.plants.Sunflower generateSun
INFO: sol generado
dic 15, 2024 3:33:09 P. M. domain.plants.Sunflower generateSun
INFO: sol generado
dic 15, 2024 3:33:09 P. M. domain.plants.Sunflower generateSun
INFO: sol generado
dic 15, 2024 3:33:09 P. M. domain.plants.ECIPlant generateSun
INFO: sol generado
dic 15, 2024 3:33:09 P. M. domain.plants.ECIPlant generateSun
INFO: sol generado
dic 15, 2024 3:33:09 P. M. domain.Game addZombie
INFO: Intentando añadir un zombie: conehead en (9, 2)
dic 15, 2024 3:33:09 P. M. domain.Game addZombie
INFO: Zombie añadido exitosamente: conehead en (9, 2)
dic 15, 2024 3:33:09 P. M. domain.Game addZombie
INFO: Intentando añadir un zombie: basic en (9, 1)
dic 15, 2024 3:33:09 P. M. domain.Game addZombie
INFO: Zombie añadido exitosamente: basic en (9, 1)
dic 15, 2024 3:33:09 P. M. domain.Game addZombie
INFO: Intentando añadir un zombie: conehead en (9, 3)
dic 15, 2024 3:33:09 P. M. domain.Game addZombie
INFO: Zombie añadido exitosamente: conehead en (9, 3)
dic 15, 2024 3:33:09 P. M. domain.Game addPlant
INFO: Intentando añadir una planta: sunflower en (2, 3)
dic 15, 2024 3:33:09 P. M. domain.Game addPlant
SEVERE: Error al añadir planta: Cannot add the unit because there is already a unit in the cell
dic 15, 2024 3:33:09 P. M. domain.Game addPlant
INFO: Intentando añadir una planta: potatomine en (6, 3)
dic 15, 2024 3:33:09 P. M. domain.Game addPlant
SEVERE: Error al añadir planta: Cannot add the unit because there is already a unit in the cell
dic 15, 2024 3:33:09 P. M. domain.Game addPlant
INFO: Intentando añadir una planta: eciplant en (1, 0)
dic 15, 2024 3:33:09 P. M. domain.Game addPlant
SEVERE: Error al añadir planta: Cannot add the unit because there is already a unit in the cell
dic 15, 2024 3:33:09 P. M. domain.Game addPlant
INFO: Intentando añadir una planta: wallnut en (4, 4)
dic 15, 2024 3:33:09 P. M. domain.Game addPlant
SEVERE: Error al añadir planta: Cannot add the unit because there is already a unit in the cell
dic 15, 2024 3:33:10 P. M. domain.plants.Sunflower generateSun
INFO: sol generado
dic 15, 2024 3:33:10 P. M. domain.plants.Sunflower generateSun
INFO: sol generado
dic 15, 2024 3:33:10 P. M. domain.plants.ECIPlant generateSun
INFO: sol generado
dic 15, 2024 3:33:10 P. M. domain.Game addPlant
INFO: Intentando añadir una planta: sunflower en (2, 3)
dic 15, 2024 3:33:10 P. M. domain.Game addPlant
SEVERE: Error al añadir planta: Cannot add the unit because there is already a unit in the cell
dic 15, 2024 3:33:10 P. M. domain.Game addPlant
INFO: Intentando añadir una planta: peashooter en (3, 3)
dic 15, 2024 3:33:10 P. M. domain.Game addPlant
INFO: Planta añadida exitosamente: peashooter en (3, 3)
dic 15, 2024 3:33:10 P. M. domain.Game addZombie
INFO: Intentando añadir un zombie: brainstein en (10, 0)
dic 15, 2024 3:33:10 P. M. domain.Game addZombie
INFO: Zombie añadido exitosamente: brainstein en (10, 0)
dic 15, 2024 3:33:10 P. M. domain.Game addZombie
INFO: Intentando añadir un zombie: buckethead en (10, 4)
dic 15, 2024 3:33:10 P. M. domain.Game addZombie
INFO: Zombie añadido exitosamente: buckethead en (10, 4)
dic 15, 2024 3:33:10 P. M. domain.Game addZombie
INFO: Intentando añadir un zombie: brainstein en (10, 0)
dic 15, 2024 3:33:10 P. M. domain.Game addZombie
INFO: Zombie añadido exitosamente: brainstein en (10, 0)
dic 15, 2024 3:33:10 P. M. domain.plants.Sunflower generateSun
INFO: sol generado
dic 15, 2024 3:33:10 P. M. domain.Game addPlant
INFO: Intentando añadir una planta: eciplant en (1, 0)
dic 15, 2024 3:33:10 P. M. domain.Game addPlant
SEVERE: Error al añadir planta: Cannot add the unit because there is already a unit in the cell
dic 15, 2024 3:33:11 P. M. domain.plants.ECIPlant generateSun
INFO: sol generado
dic 15, 2024 3:33:11 P. M. domain.plants.Sunflower generateSun
INFO: sol generado
dic 15, 2024 3:33:11 P. M. domain.plants.ECIPlant generateSun
INFO: sol generado
dic 15, 2024 3:33:11 P. M. domain.plants.Sunflower generateSun
INFO: sol generado
dic 15, 2024 3:33:11 P. M. domain.plants.ECIPlant generateSun
INFO: sol generado
dic 15, 2024 3:33:11 P. M. domain.plants.Sunflower generateSun
INFO: sol generado
dic 15, 2024 3:33:11 P. M. domain.plants.Sunflower generateSun
INFO: sol generado
dic 15, 2024 3:33:11 P. M. domain.plants.Sunflower generateSun
INFO: sol generado
dic 15, 2024 3:33:11 P. M. domain.Game addPlant
INFO: Intentando añadir una planta: sunflower en (2, 3)
dic 15, 2024 3:33:11 P. M. domain.Game addPlant
SEVERE: Error al añadir planta: Cannot add the unit because there is already a unit in the cell
dic 15, 2024 3:33:11 P. M. domain.Game addPlant
INFO: Intentando añadir una planta: peashooter en (3, 3)
dic 15, 2024 3:33:11 P. M. domain.Game addPlant
SEVERE: Error al añadir planta: Cannot add the unit because there is already a unit in the cell
dic 15, 2024 3:33:11 P. M. domain.Game addZombie
INFO: Intentando añadir un zombie: brainstein en (9, 3)
dic 15, 2024 3:33:11 P. M. domain.Game addZombie
INFO: Intentando añadir un zombie: buckethead en (9, 3)
dic 15, 2024 3:33:11 P. M. domain.Game addZombie
INFO: Zombie añadido exitosamente: brainstein en (9, 3)
dic 15, 2024 3:33:11 P. M. domain.Game addZombie
INFO: Zombie añadido exitosamente: buckethead en (9, 3)
dic 15, 2024 3:33:11 P. M. domain.Game addZombie
INFO: Intentando añadir un zombie: conehead en (9, 2)
dic 15, 2024 3:33:11 P. M. domain.Game addZombie
INFO: Zombie añadido exitosamente: conehead en (9, 2)
dic 15, 2024 3:33:11 P. M. domain.Game addPlant
INFO: Intentando añadir una planta: eciplant en (1, 0)
dic 15, 2024 3:33:11 P. M. domain.Game addPlant
SEVERE: Error al añadir planta: Cannot add the unit because there is already a unit in the cell
dic 15, 2024 3:33:11 P. M. domain.Game addPlant
INFO: Intentando añadir una planta: wallnut en (5, 0)
dic 15, 2024 3:33:11 P. M. domain.Game addPlant
SEVERE: Error al añadir planta: Cannot add the unit because there is already a unit in the cell
dic 15, 2024 3:33:11 P. M. domain.plants.Sunflower generateSun
INFO: sol generado
dic 15, 2024 3:33:12 P. M. domain.plants.ECIPlant generateSun
INFO: sol generado
dic 15, 2024 3:33:12 P. M. domain.plants.Sunflower generateSun
INFO: sol generado
dic 15, 2024 3:33:12 P. M. domain.plants.Sunflower generateSun
INFO: sol generado
dic 15, 2024 3:33:12 P. M. domain.plants.ECIPlant generateSun
INFO: sol generado
dic 15, 2024 3:33:12 P. M. domain.plants.Sunflower generateSun
INFO: sol generado
dic 15, 2024 3:33:12 P. M. domain.plants.ECIPlant generateSun
INFO: sol generado
dic 15, 2024 3:33:12 P. M. domain.Game addPlant
INFO: Intentando añadir una planta: sunflower en (2, 3)
dic 15, 2024 3:33:12 P. M. domain.Game addPlant
SEVERE: Error al añadir planta: Cannot add the unit because there is already a unit in the cell
dic 15, 2024 3:33:12 P. M. domain.Game addPlant
INFO: Intentando añadir una planta: eciplant en (1, 0)
dic 15, 2024 3:33:12 P. M. domain.Game addPlant
SEVERE: Error al añadir planta: Cannot add the unit because there is already a unit in the cell
dic 15, 2024 3:33:12 P. M. domain.Game addZombie
INFO: Intentando añadir un zombie: brainstein en (9, 0)
dic 15, 2024 3:33:12 P. M. domain.Game addZombie
INFO: Zombie añadido exitosamente: brainstein en (9, 0)
dic 15, 2024 3:33:12 P. M. domain.Game addZombie
INFO: Intentando añadir un zombie: conehead en (9, 3)
dic 15, 2024 3:33:12 P. M. domain.Game addZombie
INFO: Zombie añadido exitosamente: conehead en (9, 3)
dic 15, 2024 3:33:12 P. M. domain.Game addZombie
INFO: Intentando añadir un zombie: conehead en (9, 2)
dic 15, 2024 3:33:12 P. M. domain.Game addZombie
INFO: Zombie añadido exitosamente: conehead en (9, 2)
dic 15, 2024 3:33:12 P. M. domain.Game addPlant
INFO: Intentando añadir una planta: eciplant en (1, 0)
dic 15, 2024 3:33:13 P. M. domain.Game addPlant
SEVERE: Error al añadir planta: Cannot add the unit because there is already a unit in the cell
dic 15, 2024 3:33:13 P. M. domain.plants.Sunflower generateSun
INFO: sol generado
dic 15, 2024 3:33:13 P. M. domain.plants.Sunflower generateSun
INFO: sol generado
dic 15, 2024 3:33:13 P. M. domain.plants.ECIPlant generateSun
INFO: sol generado
dic 15, 2024 3:33:13 P. M. domain.Game addPlant
INFO: Intentando añadir una planta: sunflower en (2, 3)
dic 15, 2024 3:33:13 P. M. domain.Game addPlant
INFO: Planta añadida exitosamente: sunflower en (2, 3)
dic 15, 2024 3:33:13 P. M. domain.Game addPlant
INFO: Intentando añadir una planta: peashooter en (3, 3)
dic 15, 2024 3:33:13 P. M. domain.Game addPlant
SEVERE: Error al añadir planta: Cannot add the unit because there is already a unit in the cell
dic 15, 2024 3:33:13 P. M. domain.Game addZombie
INFO: Intentando añadir un zombie: brainstein en (10, 2)
dic 15, 2024 3:33:13 P. M. domain.Game addZombie
INFO: Zombie añadido exitosamente: brainstein en (10, 2)
dic 15, 2024 3:33:13 P. M. domain.Game addZombie
INFO: Intentando añadir un zombie: buckethead en (9, 3)
dic 15, 2024 3:33:13 P. M. domain.plants.Sunflower generateSun
INFO: sol generado
dic 15, 2024 3:33:13 P. M. domain.plants.Sunflower generateSun
INFO: sol generado
dic 15, 2024 3:33:13 P. M. domain.Game addZombie
INFO: Intentando añadir un zombie: conehead en (9, 2)
dic 15, 2024 3:33:13 P. M. domain.Game addZombie
INFO: Zombie añadido exitosamente: conehead en (9, 2)
dic 15, 2024 3:33:13 P. M. domain.Game addZombie
INFO: Zombie añadido exitosamente: buckethead en (9, 3)
dic 15, 2024 3:33:14 P. M. domain.plants.Sunflower generateSun
INFO: sol generado
dic 15, 2024 3:33:14 P. M. domain.plants.ECIPlant generateSun
INFO: sol generado
dic 15, 2024 3:33:14 P. M. domain.plants.ECIPlant generateSun
INFO: sol generado
dic 15, 2024 3:33:14 P. M. domain.Game addPlant
INFO: Intentando añadir una planta: sunflower en (1, 0)
dic 15, 2024 3:33:14 P. M. domain.Game addPlant
SEVERE: Error al añadir planta: Cannot add the unit because there is already a unit in the cell
dic 15, 2024 3:33:14 P. M. domain.plants.Sunflower generateSun
INFO: sol generado
dic 15, 2024 3:33:14 P. M. domain.plants.ECIPlant generateSun
INFO: sol generado
dic 15, 2024 3:33:14 P. M. domain.plants.Sunflower generateSun
INFO: sol generado
dic 15, 2024 3:33:14 P. M. domain.plants.Sunflower generateSun
INFO: sol generado
dic 15, 2024 3:33:14 P. M. domain.plants.Sunflower generateSun
INFO: sol generado
dic 15, 2024 3:33:14 P. M. domain.Game addPlant
INFO: Intentando añadir una planta: sunflower en (2, 3)
dic 15, 2024 3:33:14 P. M. domain.Game addPlant
INFO: Planta añadida exitosamente: sunflower en (2, 3)
dic 15, 2024 3:33:14 P. M. domain.Game addPlant
INFO: Intentando añadir una planta: peashooter en (3, 3)
dic 15, 2024 3:33:14 P. M. domain.Game addPlant
INFO: Planta añadida exitosamente: peashooter en (3, 3)
dic 15, 2024 3:33:14 P. M. domain.Game addZombie
INFO: Intentando añadir un zombie: ecizombie en (9, 4)
dic 15, 2024 3:33:14 P. M. domain.Game addZombie
INFO: Zombie añadido exitosamente: ecizombie en (9, 4)
dic 15, 2024 3:33:14 P. M. domain.plants.Sunflower generateSun
INFO: sol generado
dic 15, 2024 3:33:14 P. M. domain.Game addZombie
INFO: Intentando añadir un zombie: brainstein en (10, 0)
dic 15, 2024 3:33:14 P. M. domain.Game addZombie
INFO: Zombie añadido exitosamente: brainstein en (10, 0)
dic 15, 2024 3:33:14 P. M. domain.Game addZombie
INFO: Intentando añadir un zombie: brainstein en (10, 0)
dic 15, 2024 3:33:14 P. M. domain.Game addZombie
INFO: Zombie añadido exitosamente: brainstein en (10, 0)
dic 15, 2024 3:33:15 P. M. domain.plants.Sunflower generateSun
INFO: sol generado
dic 15, 2024 3:33:15 P. M. domain.Game addPlant
INFO: Intentando añadir una planta: eciplant en (1, 0)
dic 15, 2024 3:33:15 P. M. domain.Game addPlant
SEVERE: Error al añadir planta: Cannot add the unit because there is already a unit in the cell
dic 15, 2024 3:33:15 P. M. domain.Game addPlant
INFO: Intentando añadir una planta: potatomine en (5, 0)
dic 15, 2024 3:33:15 P. M. domain.Game addPlant
SEVERE: Error al añadir planta: Cannot add the unit because there is already a unit in the cell
dic 15, 2024 3:33:15 P. M. domain.plants.ECIPlant generateSun
INFO: sol generado
dic 15, 2024 3:33:15 P. M. domain.plants.Sunflower generateSun
INFO: sol generado
dic 15, 2024 3:33:15 P. M. domain.plants.Sunflower generateSun
INFO: sol generado
dic 15, 2024 3:33:15 P. M. domain.plants.Sunflower generateSun
INFO: sol generado
dic 15, 2024 3:33:15 P. M. domain.plants.ECIPlant generateSun
INFO: sol generado
dic 15, 2024 3:33:15 P. M. domain.plants.ECIPlant generateSun
INFO: sol generado
dic 15, 2024 3:33:15 P. M. domain.Game addZombie
INFO: Intentando añadir un zombie: conehead en (10, 0)
dic 15, 2024 3:33:15 P. M. domain.Game addZombie
INFO: Zombie añadido exitosamente: conehead en (10, 0)
dic 15, 2024 3:33:15 P. M. domain.Game addPlant
INFO: Intentando añadir una planta: sunflower en (2, 3)
dic 15, 2024 3:33:15 P. M. domain.Game addPlant
INFO: Planta añadida exitosamente: sunflower en (2, 3)
dic 15, 2024 3:33:15 P. M. domain.Game addPlant
INFO: Intentando añadir una planta: eciplant en (1, 0)
dic 15, 2024 3:33:15 P. M. domain.Game addPlant
SEVERE: Error al añadir planta: Cannot add the unit because there is already a unit in the cell
dic 15, 2024 3:33:15 P. M. domain.Game addZombie
INFO: Intentando añadir un zombie: basic en (9, 2)
dic 15, 2024 3:33:15 P. M. domain.Game addZombie
INFO: Zombie añadido exitosamente: basic en (9, 2)
dic 15, 2024 3:33:15 P. M. domain.Game addZombie
INFO: Intentando añadir un zombie: conehead en (9, 3)
dic 15, 2024 3:33:15 P. M. domain.Game addZombie
INFO: Zombie añadido exitosamente: conehead en (9, 3)
dic 15, 2024 3:33:15 P. M. domain.plants.Sunflower generateSun
INFO: sol generado
dic 15, 2024 3:33:16 P. M. domain.Game deleteUnit
INFO: Unidad eliminada exitosamente en la posición (6, 2)
dic 15, 2024 3:33:16 P. M. domain.Game addPlant
INFO: Intentando añadir una planta: sunflower en (1, 0)
dic 15, 2024 3:33:16 P. M. domain.Game addPlant
SEVERE: Error al añadir planta: Cannot add the unit because there is already a unit in the cell
dic 15, 2024 3:33:16 P. M. domain.Game addPlant
INFO: Intentando añadir una planta: potatomine en (5, 0)
dic 15, 2024 3:33:16 P. M. domain.Game addPlant
SEVERE: Error al añadir planta: Cannot add the unit because there is already a unit in the cell
dic 15, 2024 3:33:16 P. M. domain.plants.Sunflower generateSun
INFO: sol generado
dic 15, 2024 3:33:16 P. M. domain.plants.Sunflower generateSun
INFO: sol generado
dic 15, 2024 3:33:16 P. M. domain.plants.ECIPlant generateSun
INFO: sol generado
dic 15, 2024 3:33:16 P. M. domain.Game addZombie
INFO: Intentando añadir un zombie: basic en (9, 1)
dic 15, 2024 3:33:16 P. M. domain.Game addZombie
INFO: Zombie añadido exitosamente: basic en (9, 1)
dic 15, 2024 3:33:16 P. M. domain.Game addPlant
INFO: Intentando añadir una planta: potatomine en (7, 0)
dic 15, 2024 3:33:16 P. M. domain.Game addPlant
INFO: Planta añadida exitosamente: potatomine en (7, 0)
dic 15, 2024 3:33:16 P. M. domain.Game addPlant
INFO: Intentando añadir una planta: potatomine en (7, 3)
dic 15, 2024 3:33:16 P. M. domain.Game addPlant
SEVERE: Error al añadir planta: Cannot add the unit because there is already a unit in the cell
dic 15, 2024 3:33:16 P. M. domain.plants.Sunflower generateSun
INFO: sol generado
dic 15, 2024 3:33:16 P. M. domain.plants.Sunflower generateSun
INFO: sol generado
dic 15, 2024 3:33:17 P. M. domain.Game addZombie
INFO: Intentando añadir un zombie: conehead en (9, 3)
dic 15, 2024 3:33:17 P. M. domain.Game addZombie
INFO: Zombie añadido exitosamente: conehead en (9, 3)
dic 15, 2024 3:33:17 P. M. domain.Game addZombie
INFO: Intentando añadir un zombie: buckethead en (9, 2)
dic 15, 2024 3:33:17 P. M. domain.Game addZombie
INFO: Zombie añadido exitosamente: buckethead en (9, 2)
dic 15, 2024 3:33:17 P. M. domain.plants.Sunflower generateSun
INFO: sol generado
dic 15, 2024 3:33:17 P. M. domain.plants.ECIPlant generateSun
INFO: sol generado
dic 15, 2024 3:33:17 P. M. domain.plants.ECIPlant generateSun
INFO: sol generado
dic 15, 2024 3:33:17 P. M. domain.plants.Sunflower generateSun
INFO: sol generado
dic 15, 2024 3:33:17 P. M. domain.Game addPlant
INFO: Intentando añadir una planta: sunflower en (1, 0)
dic 15, 2024 3:33:17 P. M. domain.Game addPlant
SEVERE: Error al añadir planta: Cannot add the unit because there is already a unit in the cell
dic 15, 2024 3:33:17 P. M. domain.Game addPlant
INFO: Intentando añadir una planta: potatomine en (8, 0)
dic 15, 2024 3:33:17 P. M. domain.plants.ECIPlant generateSun
INFO: sol generado
dic 15, 2024 3:33:17 P. M. domain.Game addPlant
SEVERE: Error al añadir planta: Cannot add the unit because there is already a unit in the cell
dic 15, 2024 3:33:17 P. M. domain.Game addPlant
INFO: Intentando añadir una planta: potatomine en (8, 2)
dic 15, 2024 3:33:17 P. M. domain.Game addPlant
SEVERE: Error al añadir planta: Cannot add the unit because there is already a unit in the cell
dic 15, 2024 3:33:17 P. M. domain.plants.Sunflower generateSun
INFO: sol generado
dic 15, 2024 3:33:17 P. M. domain.plants.Sunflower generateSun
INFO: sol generado
dic 15, 2024 3:33:17 P. M. domain.plants.Sunflower generateSun
INFO: sol generado
dic 15, 2024 3:33:17 P. M. domain.Game addZombie
INFO: Intentando añadir un zombie: ecizombie en (10, 1)
dic 15, 2024 3:33:17 P. M. domain.plants.Sunflower generateSun
INFO: sol generado
dic 15, 2024 3:33:17 P. M. domain.Game addZombie
INFO: Zombie añadido exitosamente: ecizombie en (10, 1)
dic 15, 2024 3:33:17 P. M. domain.Game addPlant
INFO: Intentando añadir una planta: sunflower en (2, 3)
dic 15, 2024 3:33:17 P. M. domain.Game addPlant
INFO: Planta añadida exitosamente: sunflower en (2, 3)
dic 15, 2024 3:33:17 P. M. domain.Game addPlant
INFO: Intentando añadir una planta: potatomine en (6, 3)
dic 15, 2024 3:33:17 P. M. domain.Game addPlant
SEVERE: Error al añadir planta: Cannot add the unit because there is already a unit in the cell
dic 15, 2024 3:33:18 P. M. domain.plants.Sunflower generateSun
INFO: sol generado
dic 15, 2024 3:33:18 P. M. domain.Game addZombie
INFO: Intentando añadir un zombie: buckethead en (9, 3)
dic 15, 2024 3:33:18 P. M. domain.Game addZombie
INFO: Zombie añadido exitosamente: buckethead en (9, 3)
dic 15, 2024 3:33:18 P. M. domain.Game addZombie
INFO: Intentando añadir un zombie: buckethead en (9, 2)
dic 15, 2024 3:33:18 P. M. domain.Game addZombie
INFO: Zombie añadido exitosamente: buckethead en (9, 2)
dic 15, 2024 3:33:18 P. M. domain.plants.Sunflower generateSun
INFO: sol generado
dic 15, 2024 3:33:18 P. M. domain.plants.ECIPlant generateSun
INFO: sol generado
dic 15, 2024 3:33:18 P. M. domain.plants.Sunflower generateSun
INFO: sol generado
dic 15, 2024 3:33:18 P. M. domain.plants.Sunflower generateSun
INFO: sol generado
dic 15, 2024 3:33:18 P. M. domain.plants.Sunflower generateSun
INFO: sol generado
dic 15, 2024 3:33:18 P. M. domain.plants.ECIPlant generateSun
INFO: sol generado
dic 15, 2024 3:33:18 P. M. domain.Game addPlant
INFO: Intentando añadir una planta: sunflower en (1, 0)
dic 15, 2024 3:33:18 P. M. domain.Game addPlant
SEVERE: Error al añadir planta: Cannot add the unit because there is already a unit in the cell
dic 15, 2024 3:33:18 P. M. domain.plants.ECIPlant generateSun
INFO: sol generado
dic 15, 2024 3:33:18 P. M. domain.Game addPlant
INFO: Intentando añadir una planta: potatomine en (7, 0)
dic 15, 2024 3:33:18 P. M. domain.Game addPlant
INFO: Planta añadida exitosamente: potatomine en (7, 0)
dic 15, 2024 3:33:18 P. M. domain.Game addPlant
INFO: Intentando añadir una planta: potatomine en (7, 3)
dic 15, 2024 3:33:18 P. M. domain.Game addPlant
SEVERE: Error al añadir planta: Cannot add the unit because there is already a unit in the cell
dic 15, 2024 3:33:18 P. M. domain.Game addZombie
INFO: Intentando añadir un zombie: brainstein en (10, 0)
dic 15, 2024 3:33:18 P. M. domain.Game addZombie
INFO: Zombie añadido exitosamente: brainstein en (10, 0)
dic 15, 2024 3:33:19 P. M. domain.plants.Sunflower generateSun
INFO: sol generado
dic 15, 2024 3:33:19 P. M. domain.Game addZombie
INFO: Intentando añadir un zombie: brainstein en (10, 0)
dic 15, 2024 3:33:19 P. M. domain.Game addZombie
INFO: Zombie añadido exitosamente: brainstein en (10, 0)
dic 15, 2024 3:33:19 P. M. domain.Game addZombie
INFO: Intentando añadir un zombie: brainstein en (10, 0)
dic 15, 2024 3:33:19 P. M. domain.Game addZombie
INFO: Zombie añadido exitosamente: brainstein en (10, 0)
dic 15, 2024 3:33:19 P. M. domain.Game addPlant
INFO: Intentando añadir una planta: eciplant en (1, 0)
dic 15, 2024 3:33:19 P. M. domain.Game addPlant
SEVERE: Error al añadir planta: Cannot add the unit because there is already a unit in the cell
dic 15, 2024 3:33:19 P. M. domain.Game addPlant
INFO: Intentando añadir una planta: potatomine en (8, 0)
dic 15, 2024 3:33:19 P. M. domain.Game addPlant
INFO: Planta añadida exitosamente: potatomine en (8, 0)
dic 15, 2024 3:33:19 P. M. domain.Game addPlant
INFO: Intentando añadir una planta: potatomine en (8, 2)
dic 15, 2024 3:33:19 P. M. domain.Game addPlant
SEVERE: Error al añadir planta: Cannot add the unit because there is already a unit in the cell
dic 15, 2024 3:33:19 P. M. domain.plants.Sunflower generateSun
INFO: sol generado
dic 15, 2024 3:33:19 P. M. domain.plants.Sunflower generateSun
INFO: sol generado
dic 15, 2024 3:33:19 P. M. domain.plants.ECIPlant generateSun
INFO: sol generado
dic 15, 2024 3:33:19 P. M. domain.plants.Sunflower generateSun
INFO: sol generado
dic 15, 2024 3:33:19 P. M. domain.plants.Sunflower generateSun
INFO: sol generado
dic 15, 2024 3:33:20 P. M. domain.Game addZombie
INFO: Intentando añadir un zombie: ecizombie en (9, 0)
dic 15, 2024 3:33:20 P. M. domain.Game addZombie
INFO: Zombie añadido exitosamente: ecizombie en (9, 0)
dic 15, 2024 3:33:20 P. M. domain.Game addPlant
INFO: Intentando añadir una planta: sunflower en (2, 3)
dic 15, 2024 3:33:20 P. M. domain.Game addPlant
INFO: Planta añadida exitosamente: sunflower en (2, 3)
dic 15, 2024 3:33:20 P. M. domain.Game addPlant
INFO: Intentando añadir una planta: wallnut en (4, 3)
dic 15, 2024 3:33:20 P. M. domain.Game addPlant
INFO: Planta añadida exitosamente: wallnut en (4, 3)
dic 15, 2024 3:33:20 P. M. domain.plants.Sunflower generateSun
INFO: sol generado
dic 15, 2024 3:33:20 P. M. domain.plants.ECIPlant generateSun
INFO: sol generado
dic 15, 2024 3:33:20 P. M. domain.plants.ECIPlant generateSun
INFO: sol generado
dic 15, 2024 3:33:20 P. M. domain.Game addZombie
INFO: Intentando añadir un zombie: basic en (9, 2)
dic 15, 2024 3:33:20 P. M. domain.Game addZombie
INFO: Zombie añadido exitosamente: basic en (9, 2)
dic 15, 2024 3:33:20 P. M. domain.Game addZombie
INFO: Intentando añadir un zombie: basic en (9, 3)
dic 15, 2024 3:33:20 P. M. domain.plants.Sunflower generateSun
INFO: sol generado
dic 15, 2024 3:33:20 P. M. domain.Game addZombie
INFO: Zombie añadido exitosamente: basic en (9, 3)
dic 15, 2024 3:33:20 P. M. domain.plants.Sunflower generateSun
INFO: sol generado
dic 15, 2024 3:33:20 P. M. domain.plants.ECIPlant generateSun
INFO: sol generado
dic 15, 2024 3:33:20 P. M. domain.Game addPlant
INFO: Intentando añadir una planta: sunflower en (1, 0)
dic 15, 2024 3:33:20 P. M. domain.Game addPlant
SEVERE: Error al añadir planta: Cannot add the unit because there is already a unit in the cell
dic 15, 2024 3:33:20 P. M. domain.plants.Sunflower generateSun
INFO: sol generado
dic 15, 2024 3:33:20 P. M. domain.plants.Sunflower generateSun
INFO: sol generado
dic 15, 2024 3:33:20 P. M. domain.plants.Sunflower generateSun
INFO: sol generado
dic 15, 2024 3:33:20 P. M. domain.plants.Sunflower generateSun
INFO: sol generado
dic 15, 2024 3:33:21 P. M. domain.Game addZombie
INFO: Intentando añadir un zombie: brainstein en (9, 4)
dic 15, 2024 3:33:21 P. M. domain.Game addPlant
INFO: Intentando añadir una planta: potatomine en (7, 3)
dic 15, 2024 3:33:21 P. M. domain.Game addPlant
SEVERE: Error al añadir planta: Cannot add the unit because there is already a unit in the cell
dic 15, 2024 3:33:21 P. M. domain.Game addZombie
INFO: Zombie añadido exitosamente: brainstein en (9, 4)
dic 15, 2024 3:33:21 P. M. domain.Game addZombie
INFO: Intentando añadir un zombie: buckethead en (9, 2)
dic 15, 2024 3:33:21 P. M. domain.Game addZombie
INFO: Zombie añadido exitosamente: buckethead en (9, 2)
dic 15, 2024 3:33:21 P. M. domain.Game addZombie
INFO: Intentando añadir un zombie: basic en (9, 3)
dic 15, 2024 3:33:21 P. M. domain.plants.Sunflower generateSun
INFO: sol generado
dic 15, 2024 3:33:21 P. M. domain.Game addZombie
INFO: Zombie añadido exitosamente: basic en (9, 3)
dic 15, 2024 3:33:21 P. M. domain.plants.ECIPlant generateSun
INFO: sol generado
dic 15, 2024 3:33:21 P. M. domain.plants.Sunflower generateSun
INFO: sol generado
dic 15, 2024 3:33:21 P. M. domain.plants.Sunflower generateSun
INFO: sol generado
dic 15, 2024 3:33:21 P. M. domain.plants.ECIPlant generateSun
INFO: sol generado
dic 15, 2024 3:33:21 P. M. domain.plants.Sunflower generateSun
INFO: sol generado
dic 15, 2024 3:33:21 P. M. domain.plants.ECIPlant generateSun
INFO: sol generado
dic 15, 2024 3:33:21 P. M. domain.Game addPlant
INFO: Intentando añadir una planta: sunflower en (1, 0)
dic 15, 2024 3:33:21 P. M. domain.Game addPlant
SEVERE: Error al añadir planta: Cannot add the unit because there is already a unit in the cell
dic 15, 2024 3:33:21 P. M. domain.Game addPlant
INFO: Intentando añadir una planta: potatomine en (8, 0)
dic 15, 2024 3:33:21 P. M. domain.Game addPlant
SEVERE: Error al añadir planta: Cannot add the unit because there is already a unit in the cell
dic 15, 2024 3:33:21 P. M. domain.Game addPlant
INFO: Intentando añadir una planta: potatomine en (8, 2)
dic 15, 2024 3:33:21 P. M. domain.Game addPlant
INFO: Planta añadida exitosamente: potatomine en (8, 2)
dic 15, 2024 3:33:22 P. M. domain.plants.Sunflower generateSun
INFO: sol generado
dic 15, 2024 3:33:22 P. M. domain.Game addPlant
INFO: Intentando añadir una planta: sunflower en (2, 3)
dic 15, 2024 3:33:22 P. M. domain.Game addPlant
INFO: Planta añadida exitosamente: sunflower en (2, 3)
dic 15, 2024 3:33:22 P. M. domain.Game addPlant
INFO: Intentando añadir una planta: wallnut en (5, 3)
dic 15, 2024 3:33:22 P. M. domain.Game addPlant
SEVERE: Error al añadir planta: Cannot add the unit because there is already a unit in the cell
dic 15, 2024 3:33:22 P. M. domain.Game addZombie
INFO: Intentando añadir un zombie: brainstein en (9, 3)
dic 15, 2024 3:33:22 P. M. domain.Game addZombie
INFO: Zombie añadido exitosamente: brainstein en (9, 3)
dic 15, 2024 3:33:22 P. M. domain.plants.Sunflower generateSun
INFO: sol generado
dic 15, 2024 3:33:22 P. M. domain.Game addZombie
INFO: Intentando añadir un zombie: basic en (9, 3)
dic 15, 2024 3:33:22 P. M. domain.Game addZombie
INFO: Zombie añadido exitosamente: basic en (9, 3)
dic 15, 2024 3:33:22 P. M. domain.Game addZombie
INFO: Intentando añadir un zombie: conehead en (9, 2)
dic 15, 2024 3:33:22 P. M. domain.Game addZombie
INFO: Zombie añadido exitosamente: conehead en (9, 2)
]]></system-err>
  </testcase>
  <testcase name="shouldAddMachineMedium" classname="GameTest" time="8.104">
    <system-out><![CDATA[[domain.players.Human@83298d7, domain.players.ZombiesStrategic@42a9e5d1]








Not enough brains to buy the plant





Not enough brains to buy the plant



Not enough brains to buy the plant




Not enough brains to buy the plant








]]></system-out>
    <system-err><![CDATA[dic 15, 2024 3:33:22 P. M. domain.plants.ECIPlant generateSun
INFO: sol generado
dic 15, 2024 3:33:22 P. M. domain.plants.Sunflower generateSun
INFO: sol generado
dic 15, 2024 3:33:22 P. M. domain.plants.Sunflower generateSun
INFO: sol generado
dic 15, 2024 3:33:22 P. M. domain.Game addPlant
INFO: Intentando añadir una planta: sunflower en (1, 0)
dic 15, 2024 3:33:22 P. M. domain.Game addPlant
SEVERE: Error al añadir planta: Cannot add the unit because there is already a unit in the cell
dic 15, 2024 3:33:22 P. M. domain.Game addPlant
INFO: Intentando añadir una planta: wallnut en (5, 0)
dic 15, 2024 3:33:22 P. M. domain.Game addPlant
SEVERE: Error al añadir planta: Cannot add the unit because there is already a unit in the cell
dic 15, 2024 3:33:22 P. M. domain.plants.Sunflower generateSun
INFO: sol generado
dic 15, 2024 3:33:22 P. M. domain.plants.Sunflower generateSun
INFO: sol generado
dic 15, 2024 3:33:23 P. M. domain.Game addZombie
INFO: Intentando añadir un zombie: ecizombie en (9, 4)
dic 15, 2024 3:33:23 P. M. domain.Game addZombie
INFO: Zombie añadido exitosamente: ecizombie en (9, 4)
dic 15, 2024 3:33:23 P. M. domain.Game addPlant
INFO: Intentando añadir una planta: sunflower en (2, 3)
dic 15, 2024 3:33:23 P. M. domain.Game addPlant
INFO: Planta añadida exitosamente: sunflower en (2, 3)
dic 15, 2024 3:33:23 P. M. domain.Game addPlant
INFO: Intentando añadir una planta: potatomine en (6, 3)
dic 15, 2024 3:33:23 P. M. domain.Game addPlant
INFO: Planta añadida exitosamente: potatomine en (6, 3)
dic 15, 2024 3:33:23 P. M. domain.plants.Sunflower generateSun
INFO: sol generado
dic 15, 2024 3:33:23 P. M. domain.plants.ECIPlant generateSun
INFO: sol generado
dic 15, 2024 3:33:23 P. M. domain.plants.ECIPlant generateSun
INFO: sol generado
dic 15, 2024 3:33:23 P. M. domain.plants.Sunflower generateSun
INFO: sol generado
dic 15, 2024 3:33:23 P. M. domain.Game addZombie
INFO: Intentando añadir un zombie: brainstein en (10, 0)
dic 15, 2024 3:33:23 P. M. domain.Game addZombie
INFO: Zombie añadido exitosamente: brainstein en (10, 0)
dic 15, 2024 3:33:23 P. M. domain.Game addZombie
INFO: Intentando añadir un zombie: brainstein en (10, 0)
dic 15, 2024 3:33:23 P. M. domain.Game addZombie
INFO: Zombie añadido exitosamente: brainstein en (10, 0)
dic 15, 2024 3:33:23 P. M. domain.plants.Sunflower generateSun
INFO: sol generado
dic 15, 2024 3:33:23 P. M. domain.plants.ECIPlant generateSun
INFO: sol generado
dic 15, 2024 3:33:23 P. M. domain.plants.Sunflower generateSun
INFO: sol generado
dic 15, 2024 3:33:23 P. M. domain.plants.Sunflower generateSun
INFO: sol generado
dic 15, 2024 3:33:23 P. M. domain.plants.Sunflower generateSun
INFO: sol generado
dic 15, 2024 3:33:23 P. M. domain.Game addPlant
INFO: Intentando añadir una planta: sunflower en (1, 0)
dic 15, 2024 3:33:23 P. M. domain.Game addPlant
SEVERE: Error al añadir planta: Cannot add the unit because there is already a unit in the cell
dic 15, 2024 3:33:23 P. M. domain.Game addPlant
INFO: Intentando añadir una planta: potatomine en (6, 2)
dic 15, 2024 3:33:23 P. M. domain.Game addPlant
SEVERE: Error al añadir planta: Cannot add the unit because there is already a unit in the cell
dic 15, 2024 3:33:23 P. M. domain.Game addZombie
INFO: Intentando añadir un zombie: brainstein en (10, 0)
dic 15, 2024 3:33:23 P. M. domain.Game addZombie
INFO: Zombie añadido exitosamente: brainstein en (10, 0)
dic 15, 2024 3:33:23 P. M. domain.plants.Sunflower generateSun
INFO: sol generado
dic 15, 2024 3:33:24 P. M. domain.Game addPlant
INFO: Intentando añadir una planta: potatomine en (7, 0)
dic 15, 2024 3:33:24 P. M. domain.Game addPlant
SEVERE: Error al añadir planta: Cannot add the unit because there is already a unit in the cell
dic 15, 2024 3:33:24 P. M. domain.Game addPlant
INFO: Intentando añadir una planta: potatomine en (7, 3)
dic 15, 2024 3:33:24 P. M. domain.Game addPlant
SEVERE: Error al añadir planta: Cannot add the unit because there is already a unit in the cell
dic 15, 2024 3:33:24 P. M. domain.Game addZombie
INFO: Intentando añadir un zombie: brainstein en (10, 3)
dic 15, 2024 3:33:24 P. M. domain.Game addZombie
INFO: Zombie añadido exitosamente: brainstein en (10, 3)
dic 15, 2024 3:33:24 P. M. domain.plants.Sunflower generateSun
INFO: sol generado
dic 15, 2024 3:33:24 P. M. domain.Game addZombie
INFO: Intentando añadir un zombie: conehead en (9, 3)
dic 15, 2024 3:33:24 P. M. domain.Game addZombie
INFO: Zombie añadido exitosamente: conehead en (9, 3)
dic 15, 2024 3:33:24 P. M. domain.Game addZombie
INFO: Intentando añadir un zombie: conehead en (9, 2)
dic 15, 2024 3:33:24 P. M. domain.Game addZombie
INFO: Zombie añadido exitosamente: conehead en (9, 2)
dic 15, 2024 3:33:24 P. M. domain.plants.Sunflower generateSun
INFO: sol generado
dic 15, 2024 3:33:24 P. M. domain.plants.Sunflower generateSun
INFO: sol generado
dic 15, 2024 3:33:24 P. M. domain.plants.ECIPlant generateSun
INFO: sol generado
dic 15, 2024 3:33:24 P. M. domain.plants.ECIPlant generateSun
INFO: sol generado
dic 15, 2024 3:33:24 P. M. domain.plants.Sunflower generateSun
INFO: sol generado
dic 15, 2024 3:33:24 P. M. domain.plants.ECIPlant generateSun
INFO: sol generado
dic 15, 2024 3:33:24 P. M. domain.Game addPlant
INFO: Intentando añadir una planta: eciplant en (1, 0)
dic 15, 2024 3:33:24 P. M. domain.Game addPlant
SEVERE: Error al añadir planta: Cannot add the unit because there is already a unit in the cell
dic 15, 2024 3:33:24 P. M. domain.Game addPlant
INFO: Intentando añadir una planta: potatomine en (5, 0)
dic 15, 2024 3:33:24 P. M. domain.Game addPlant
SEVERE: Error al añadir planta: Cannot add the unit because there is already a unit in the cell
dic 15, 2024 3:33:24 P. M. domain.Game addZombie
INFO: Intentando añadir un zombie: brainstein en (10, 0)
dic 15, 2024 3:33:25 P. M. domain.Game addZombie
WARNING: No hay suficientes cerebros para añadir el zombie: brainstein
dic 15, 2024 3:33:25 P. M. domain.Game addZombie
SEVERE: Error al añadir zombie: Not enough brains to buy the plant
dic 15, 2024 3:33:25 P. M. domain.plants.Sunflower generateSun
INFO: sol generado
dic 15, 2024 3:33:25 P. M. domain.Game addZombie
INFO: Intentando añadir un zombie: basic en (9, 1)
dic 15, 2024 3:33:25 P. M. domain.Game addZombie
INFO: Zombie añadido exitosamente: basic en (9, 1)
dic 15, 2024 3:33:25 P. M. domain.Game addPlant
INFO: Intentando añadir una planta: sunflower en (2, 3)
dic 15, 2024 3:33:25 P. M. domain.Game addPlant
SEVERE: Error al añadir planta: Cannot add the unit because there is already a unit in the cell
dic 15, 2024 3:33:25 P. M. domain.Game addPlant
INFO: Intentando añadir una planta: wallnut en (4, 3)
dic 15, 2024 3:33:25 P. M. domain.Game addPlant
SEVERE: Error al añadir planta: Cannot add the unit because there is already a unit in the cell
dic 15, 2024 3:33:25 P. M. domain.Game addZombie
INFO: Intentando añadir un zombie: buckethead en (9, 3)
dic 15, 2024 3:33:25 P. M. domain.Game addZombie
INFO: Zombie añadido exitosamente: buckethead en (9, 3)
dic 15, 2024 3:33:25 P. M. domain.Game addZombie
INFO: Intentando añadir un zombie: buckethead en (9, 2)
dic 15, 2024 3:33:25 P. M. domain.Game addZombie
INFO: Zombie añadido exitosamente: buckethead en (9, 2)
dic 15, 2024 3:33:25 P. M. domain.plants.ECIPlant generateSun
INFO: sol generado
dic 15, 2024 3:33:25 P. M. domain.plants.Sunflower generateSun
INFO: sol generado
dic 15, 2024 3:33:25 P. M. domain.plants.Sunflower generateSun
INFO: sol generado
dic 15, 2024 3:33:25 P. M. domain.Game addPlant
INFO: Intentando añadir una planta: sunflower en (1, 0)
dic 15, 2024 3:33:25 P. M. domain.Game addPlant
SEVERE: Error al añadir planta: Cannot add the unit because there is already a unit in the cell
dic 15, 2024 3:33:25 P. M. domain.Game addPlant
INFO: Intentando añadir una planta: potatomine en (7, 0)
dic 15, 2024 3:33:25 P. M. domain.Game addPlant
SEVERE: Error al añadir planta: Cannot add the unit because there is already a unit in the cell
dic 15, 2024 3:33:25 P. M. domain.Game addPlant
INFO: Intentando añadir una planta: potatomine en (7, 2)
dic 15, 2024 3:33:25 P. M. domain.Game addPlant
SEVERE: Error al añadir planta: Cannot add the unit because there is already a unit in the cell
dic 15, 2024 3:33:26 P. M. domain.plants.Sunflower generateSun
INFO: sol generado
dic 15, 2024 3:33:26 P. M. domain.plants.Sunflower generateSun
INFO: sol generado
dic 15, 2024 3:33:26 P. M. domain.Game addZombie
INFO: Intentando añadir un zombie: brainstein en (10, 0)
dic 15, 2024 3:33:26 P. M. domain.Game addZombie
WARNING: No hay suficientes cerebros para añadir el zombie: brainstein
dic 15, 2024 3:33:26 P. M. domain.Game addZombie
SEVERE: Error al añadir zombie: Not enough brains to buy the plant
dic 15, 2024 3:33:26 P. M. domain.plants.Sunflower generateSun
INFO: sol generado
dic 15, 2024 3:33:26 P. M. domain.plants.ECIPlant generateSun
INFO: sol generado
dic 15, 2024 3:33:26 P. M. domain.plants.ECIPlant generateSun
INFO: sol generado
dic 15, 2024 3:33:26 P. M. domain.Game addZombie
INFO: Intentando añadir un zombie: conehead en (10, 0)
dic 15, 2024 3:33:26 P. M. domain.Game addZombie
INFO: Zombie añadido exitosamente: conehead en (10, 0)
dic 15, 2024 3:33:26 P. M. domain.Game addPlant
INFO: Intentando añadir una planta: sunflower en (2, 3)
dic 15, 2024 3:33:26 P. M. domain.Game addPlant
SEVERE: Error al añadir planta: Cannot add the unit because there is already a unit in the cell
dic 15, 2024 3:33:26 P. M. domain.Game addPlant
INFO: Intentando añadir una planta: peashooter en (3, 3)
dic 15, 2024 3:33:26 P. M. domain.Game addPlant
SEVERE: Error al añadir planta: Cannot add the unit because there is already a unit in the cell
dic 15, 2024 3:33:26 P. M. domain.plants.Sunflower generateSun
INFO: sol generado
dic 15, 2024 3:33:26 P. M. domain.Game addZombie
INFO: Intentando añadir un zombie: basic en (9, 2)
dic 15, 2024 3:33:26 P. M. domain.Game addZombie
INFO: Zombie añadido exitosamente: basic en (9, 2)
dic 15, 2024 3:33:26 P. M. domain.Game addZombie
INFO: Intentando añadir un zombie: buckethead en (9, 3)
dic 15, 2024 3:33:26 P. M. domain.Game addZombie
INFO: Zombie añadido exitosamente: buckethead en (9, 3)
dic 15, 2024 3:33:26 P. M. domain.plants.ECIPlant generateSun
INFO: sol generado
dic 15, 2024 3:33:26 P. M. domain.plants.Sunflower generateSun
INFO: sol generado
dic 15, 2024 3:33:26 P. M. domain.plants.Sunflower generateSun
INFO: sol generado
dic 15, 2024 3:33:26 P. M. domain.plants.Sunflower generateSun
INFO: sol generado
dic 15, 2024 3:33:27 P. M. domain.Game addPlant
INFO: Intentando añadir una planta: sunflower en (1, 0)
dic 15, 2024 3:33:27 P. M. domain.Game addPlant
SEVERE: Error al añadir planta: Cannot add the unit because there is already a unit in the cell
dic 15, 2024 3:33:27 P. M. domain.plants.Sunflower generateSun
INFO: sol generado
dic 15, 2024 3:33:27 P. M. domain.Game addZombie
INFO: Intentando añadir un zombie: brainstein en (10, 0)
dic 15, 2024 3:33:27 P. M. domain.Game addZombie
WARNING: No hay suficientes cerebros para añadir el zombie: brainstein
dic 15, 2024 3:33:27 P. M. domain.Game addZombie
SEVERE: Error al añadir zombie: Not enough brains to buy the plant
dic 15, 2024 3:33:27 P. M. domain.plants.Sunflower generateSun
INFO: sol generado
dic 15, 2024 3:33:27 P. M. domain.Game addZombie
INFO: Intentando añadir un zombie: ecizombie en (10, 4)
dic 15, 2024 3:33:27 P. M. domain.Game addZombie
INFO: Zombie añadido exitosamente: ecizombie en (10, 4)
dic 15, 2024 3:33:27 P. M. domain.Game addPlant
INFO: Intentando añadir una planta: sunflower en (2, 3)
dic 15, 2024 3:33:27 P. M. domain.Game addPlant
SEVERE: Error al añadir planta: Cannot add the unit because there is already a unit in the cell
dic 15, 2024 3:33:27 P. M. domain.Game addPlant
INFO: Intentando añadir una planta: eciplant en (1, 0)
dic 15, 2024 3:33:27 P. M. domain.Game addPlant
SEVERE: Error al añadir planta: Cannot add the unit because there is already a unit in the cell
dic 15, 2024 3:33:27 P. M. domain.plants.ECIPlant generateSun
INFO: sol generado
dic 15, 2024 3:33:27 P. M. domain.plants.ECIPlant generateSun
INFO: sol generado
dic 15, 2024 3:33:27 P. M. domain.plants.Sunflower generateSun
INFO: sol generado
dic 15, 2024 3:33:27 P. M. domain.plants.Sunflower generateSun
INFO: sol generado
dic 15, 2024 3:33:27 P. M. domain.Game addZombie
INFO: Intentando añadir un zombie: brainstein en (10, 0)
dic 15, 2024 3:33:27 P. M. domain.Game addZombie
INFO: Zombie añadido exitosamente: brainstein en (10, 0)
dic 15, 2024 3:33:27 P. M. domain.Game addZombie
INFO: Intentando añadir un zombie: brainstein en (10, 0)
dic 15, 2024 3:33:27 P. M. domain.Game addZombie
INFO: Zombie añadido exitosamente: brainstein en (10, 0)
dic 15, 2024 3:33:27 P. M. domain.plants.Sunflower generateSun
INFO: sol generado
dic 15, 2024 3:33:27 P. M. domain.plants.ECIPlant generateSun
INFO: sol generado
dic 15, 2024 3:33:28 P. M. domain.Game addPlant
INFO: Intentando añadir una planta: eciplant en (1, 0)
dic 15, 2024 3:33:28 P. M. domain.Game addPlant
SEVERE: Error al añadir planta: Cannot add the unit because there is already a unit in the cell
dic 15, 2024 3:33:28 P. M. domain.Game addPlant
INFO: Intentando añadir una planta: potatomine en (6, 2)
dic 15, 2024 3:33:28 P. M. domain.Game addPlant
SEVERE: Error al añadir planta: Cannot add the unit because there is already a unit in the cell
dic 15, 2024 3:33:28 P. M. domain.Game addZombie
INFO: Intentando añadir un zombie: brainstein en (10, 0)
dic 15, 2024 3:33:28 P. M. domain.Game addZombie
WARNING: No hay suficientes cerebros para añadir el zombie: brainstein
dic 15, 2024 3:33:28 P. M. domain.Game addZombie
SEVERE: Error al añadir zombie: Not enough brains to buy the plant
dic 15, 2024 3:33:28 P. M. domain.plants.Sunflower generateSun
INFO: sol generado
dic 15, 2024 3:33:28 P. M. domain.Game addZombie
INFO: Intentando añadir un zombie: buckethead en (10, 4)
dic 15, 2024 3:33:28 P. M. domain.Game addZombie
INFO: Zombie añadido exitosamente: buckethead en (10, 4)
dic 15, 2024 3:33:28 P. M. domain.Game addPlant
INFO: Intentando añadir una planta: sunflower en (2, 3)
dic 15, 2024 3:33:28 P. M. domain.Game addPlant
SEVERE: Error al añadir planta: Cannot add the unit because there is already a unit in the cell
dic 15, 2024 3:33:28 P. M. domain.Game addPlant
INFO: Intentando añadir una planta: peashooter en (3, 3)
dic 15, 2024 3:33:28 P. M. domain.Game addPlant
INFO: Planta añadida exitosamente: peashooter en (3, 3)
dic 15, 2024 3:33:28 P. M. domain.Game addZombie
INFO: Intentando añadir un zombie: buckethead en (9, 3)
dic 15, 2024 3:33:28 P. M. domain.Game addZombie
INFO: Zombie añadido exitosamente: buckethead en (9, 3)
dic 15, 2024 3:33:28 P. M. domain.Game addZombie
INFO: Intentando añadir un zombie: buckethead en (9, 2)
dic 15, 2024 3:33:28 P. M. domain.Game addZombie
INFO: Zombie añadido exitosamente: buckethead en (9, 2)
dic 15, 2024 3:33:28 P. M. domain.plants.Sunflower generateSun
INFO: sol generado
dic 15, 2024 3:33:28 P. M. domain.plants.Sunflower generateSun
INFO: sol generado
dic 15, 2024 3:33:28 P. M. domain.plants.ECIPlant generateSun
INFO: sol generado
dic 15, 2024 3:33:29 P. M. domain.plants.Sunflower generateSun
INFO: sol generado
dic 15, 2024 3:33:29 P. M. domain.plants.Sunflower generateSun
INFO: sol generado
dic 15, 2024 3:33:29 P. M. domain.Game addPlant
INFO: Intentando añadir una planta: eciplant en (1, 0)
dic 15, 2024 3:33:29 P. M. domain.Game addPlant
SEVERE: Error al añadir planta: Cannot add the unit because there is already a unit in the cell
dic 15, 2024 3:33:29 P. M. domain.Game addPlant
INFO: Intentando añadir una planta: potatomine en (5, 0)
dic 15, 2024 3:33:29 P. M. domain.Game addPlant
SEVERE: Error al añadir planta: Cannot add the unit because there is already a unit in the cell
dic 15, 2024 3:33:29 P. M. domain.Game addZombie
INFO: Intentando añadir un zombie: brainstein en (10, 0)
dic 15, 2024 3:33:29 P. M. domain.Game addZombie
INFO: Zombie añadido exitosamente: brainstein en (10, 0)
dic 15, 2024 3:33:29 P. M. domain.plants.ECIPlant generateSun
INFO: sol generado
dic 15, 2024 3:33:29 P. M. domain.plants.Sunflower generateSun
INFO: sol generado
dic 15, 2024 3:33:29 P. M. domain.plants.ECIPlant generateSun
INFO: sol generado
dic 15, 2024 3:33:29 P. M. domain.plants.Sunflower generateSun
INFO: sol generado
dic 15, 2024 3:33:29 P. M. domain.Game addPlant
INFO: Intentando añadir una planta: sunflower en (2, 3)
dic 15, 2024 3:33:29 P. M. domain.Game addPlant
SEVERE: Error al añadir planta: Cannot add the unit because there is already a unit in the cell
dic 15, 2024 3:33:29 P. M. domain.Game addPlant
INFO: Intentando añadir una planta: potatomine en (6, 3)
dic 15, 2024 3:33:29 P. M. domain.Game addPlant
SEVERE: Error al añadir planta: Cannot add the unit because there is already a unit in the cell
dic 15, 2024 3:33:29 P. M. domain.Game addZombie
INFO: Intentando añadir un zombie: brainstein en (10, 1)
dic 15, 2024 3:33:29 P. M. domain.Game addZombie
INFO: Zombie añadido exitosamente: brainstein en (10, 1)
dic 15, 2024 3:33:29 P. M. domain.plants.ECIPlant generateSun
INFO: sol generado
dic 15, 2024 3:33:29 P. M. domain.Game addZombie
INFO: Intentando añadir un zombie: conehead en (9, 2)
dic 15, 2024 3:33:29 P. M. domain.Game addZombie
INFO: Intentando añadir un zombie: buckethead en (9, 3)
dic 15, 2024 3:33:29 P. M. domain.Game addZombie
INFO: Zombie añadido exitosamente: conehead en (9, 2)
dic 15, 2024 3:33:29 P. M. domain.Game addZombie
INFO: Zombie añadido exitosamente: buckethead en (9, 3)
dic 15, 2024 3:33:29 P. M. domain.plants.Sunflower generateSun
INFO: sol generado
dic 15, 2024 3:33:29 P. M. domain.plants.Sunflower generateSun
INFO: sol generado
dic 15, 2024 3:33:29 P. M. domain.plants.Sunflower generateSun
INFO: sol generado
dic 15, 2024 3:33:30 P. M. domain.plants.Sunflower generateSun
INFO: sol generado
dic 15, 2024 3:33:30 P. M. domain.Game addPlant
INFO: Intentando añadir una planta: sunflower en (1, 0)
dic 15, 2024 3:33:30 P. M. domain.Game addPlant
SEVERE: Error al añadir planta: Cannot add the unit because there is already a unit in the cell
dic 15, 2024 3:33:30 P. M. domain.Game addPlant
INFO: Intentando añadir una planta: potatomine en (6, 2)
dic 15, 2024 3:33:30 P. M. domain.Game addPlant
SEVERE: Error al añadir planta: Cannot add the unit because there is already a unit in the cell
dic 15, 2024 3:33:30 P. M. domain.Game addZombie
INFO: Intentando añadir un zombie: basic en (10, 3)
dic 15, 2024 3:33:30 P. M. domain.Game addZombie
INFO: Zombie añadido exitosamente: basic en (10, 3)
dic 15, 2024 3:33:30 P. M. domain.plants.Sunflower generateSun
INFO: sol generado
dic 15, 2024 3:33:30 P. M. domain.Game addPlant
INFO: Intentando añadir una planta: sunflower en (2, 3)
dic 15, 2024 3:33:30 P. M. domain.Game addPlant
INFO: Planta añadida exitosamente: sunflower en (2, 3)
dic 15, 2024 3:33:30 P. M. domain.Game addPlant
INFO: Intentando añadir una planta: potatomine en (7, 0)
dic 15, 2024 3:33:30 P. M. domain.Game addZombie
INFO: Intentando añadir un zombie: basic en (9, 4)
dic 15, 2024 3:33:30 P. M. domain.Game addZombie
INFO: Zombie añadido exitosamente: basic en (9, 4)
dic 15, 2024 3:33:30 P. M. domain.Game addPlant
INFO: Planta añadida exitosamente: potatomine en (7, 0)
dic 15, 2024 3:33:30 P. M. domain.Game addPlant
INFO: Intentando añadir una planta: potatomine en (7, 3)
dic 15, 2024 3:33:30 P. M. domain.Game addPlant
SEVERE: Error al añadir planta: Cannot add the unit because there is already a unit in the cell
dic 15, 2024 3:33:30 P. M. domain.plants.Sunflower generateSun
INFO: sol generado
dic 15, 2024 3:33:30 P. M. domain.plants.ECIPlant generateSun
INFO: sol generado
dic 15, 2024 3:33:30 P. M. domain.plants.Sunflower generateSun
INFO: sol generado
dic 15, 2024 3:33:30 P. M. domain.plants.Sunflower generateSun
INFO: sol generado
dic 15, 2024 3:33:30 P. M. domain.plants.Sunflower generateSun
INFO: sol generado
dic 15, 2024 3:33:30 P. M. domain.plants.ECIPlant generateSun
INFO: sol generado
dic 15, 2024 3:33:30 P. M. domain.Game addZombie
INFO: Intentando añadir un zombie: conehead en (9, 2)
dic 15, 2024 3:33:30 P. M. domain.Game addZombie
INFO: Zombie añadido exitosamente: conehead en (9, 2)
dic 15, 2024 3:33:30 P. M. domain.Game addZombie
INFO: Intentando añadir un zombie: basic en (9, 3)
dic 15, 2024 3:33:30 P. M. domain.Game addZombie
INFO: Zombie añadido exitosamente: basic en (9, 3)
]]></system-err>
  </testcase>
  <testcase name="shouldNotSearchZombie" classname="GameTest" time="0.003">
    <system-out><![CDATA[[domain.players.Human@773cbf4f, domain.players.Human@6b54655f]
]]></system-out>
    <system-err><![CDATA[dic 15, 2024 3:33:30 P. M. domain.plants.ECIPlant generateSun
INFO: sol generado
]]></system-err>
  </testcase>
  <testcase name="shouldAddBrain" classname="GameTest" time="0.074">
    <system-out><![CDATA[[domain.players.Human@7d3430a7, domain.players.Human@6f603e89]
]]></system-out>
  </testcase>
  <testcase name="shouldNotAddPlant2" classname="GameTest" time="0.01">
    <system-out><![CDATA[[domain.players.Human@69637b10, domain.players.Human@71984c3]
]]></system-out>
    <system-err><![CDATA[dic 15, 2024 3:33:30 P. M. domain.Game addPlant
INFO: Intentando añadir una planta: wallnut en (4, 2)
dic 15, 2024 3:33:30 P. M. domain.Game addPlant
INFO: Planta añadida exitosamente: wallnut en (4, 2)
dic 15, 2024 3:33:30 P. M. domain.Game addPlant
INFO: Intentando añadir una planta: sunflower en (4, 2)
dic 15, 2024 3:33:30 P. M. domain.Game addPlant
SEVERE: Error al añadir planta: Cannot add the unit because there is already a unit in the cell
]]></system-err>
  </testcase>
  <testcase name="shouldAddPlant" classname="GameTest" time="0.139">
    <system-out><![CDATA[[domain.players.Human@5536379e, domain.players.Human@277f7dd3]
Activated!
]]></system-out>
    <system-err><![CDATA[dic 15, 2024 3:33:30 P. M. domain.Game addPlant
INFO: Intentando añadir una planta: wallnut en (4, 2)
dic 15, 2024 3:33:30 P. M. domain.Game addPlant
INFO: Planta añadida exitosamente: wallnut en (4, 2)
dic 15, 2024 3:33:30 P. M. domain.Game addPlant
INFO: Intentando añadir una planta: sunflower en (3, 2)
dic 15, 2024 3:33:30 P. M. domain.Game addPlant
INFO: Planta añadida exitosamente: sunflower en (3, 2)
dic 15, 2024 3:33:30 P. M. domain.Game addPlant
INFO: Intentando añadir una planta: eciplant en (2, 2)
dic 15, 2024 3:33:30 P. M. domain.Game addPlant
INFO: Planta añadida exitosamente: eciplant en (2, 2)
dic 15, 2024 3:33:30 P. M. domain.Game addPlant
INFO: Intentando añadir una planta: potatomine en (5, 2)
dic 15, 2024 3:33:30 P. M. domain.Game addPlant
INFO: Planta añadida exitosamente: potatomine en (5, 2)
dic 15, 2024 3:33:30 P. M. domain.Game addPlant
INFO: Intentando añadir una planta: peashooter en (6, 2)
dic 15, 2024 3:33:30 P. M. domain.Game addPlant
INFO: Planta añadida exitosamente: peashooter en (6, 2)
]]></system-err>
  </testcase>
</testsuite>