<?xml version="1.0" encoding="UTF-8"?>
<testsuite xmlns:xsi="http://www.w3.org/2001/XMLSchema-instance" xsi:noNamespaceSchemaLocation="https://maven.apache.org/surefire/maven-surefire-plugin/xsd/surefire-test-report-3.0.xsd" version="3.0" name="GameTest" time="162.302" tests="41" errors="0" skipped="0" failures="0">
  <properties>
    <property name="java.specification.version" value="23"/>
    <property name="sun.jnu.encoding" value="UTF-8"/>
    <property name="java.class.path" value="/home/andr3xc/dev/PvZ-ECI/target/test-classes:/home/andr3xc/dev/PvZ-ECI/target/classes:/home/andr3xc/.m2/repository/org/junit/jupiter/junit-jupiter/5.8.1/junit-jupiter-5.8.1.jar:/home/andr3xc/.m2/repository/org/junit/jupiter/junit-jupiter-api/5.8.1/junit-jupiter-api-5.8.1.jar:/home/andr3xc/.m2/repository/org/opentest4j/opentest4j/1.2.0/opentest4j-1.2.0.jar:/home/andr3xc/.m2/repository/org/junit/platform/junit-platform-commons/1.8.1/junit-platform-commons-1.8.1.jar:/home/andr3xc/.m2/repository/org/apiguardian/apiguardian-api/1.1.2/apiguardian-api-1.1.2.jar:/home/andr3xc/.m2/repository/org/junit/jupiter/junit-jupiter-params/5.8.1/junit-jupiter-params-5.8.1.jar:/home/andr3xc/.m2/repository/org/junit/jupiter/junit-jupiter-engine/5.8.1/junit-jupiter-engine-5.8.1.jar:/home/andr3xc/.m2/repository/org/junit/platform/junit-platform-engine/1.8.1/junit-platform-engine-1.8.1.jar:"/>
    <property name="java.vm.vendor" value="Arch Linux"/>
    <property name="sun.arch.data.model" value="64"/>
    <property name="java.vendor.url" value="https://openjdk.org/"/>
    <property name="user.timezone" value="America/Bogota"/>
    <property name="os.name" value="Linux"/>
    <property name="java.vm.specification.version" value="23"/>
    <property name="sun.java.launcher" value="SUN_STANDARD"/>
    <property name="user.country" value="US"/>
    <property name="sun.boot.library.path" value="/usr/lib/jvm/java-23-openjdk/lib"/>
    <property name="sun.java.command" value="/home/andr3xc/dev/PvZ-ECI/target/surefire/surefirebooter-20241215050405232_3.jar /home/andr3xc/dev/PvZ-ECI/target/surefire 2024-12-15T05-04-05_174-jvmRun1 surefire-20241215050405232_1tmp surefire_0-20241215050405232_2tmp"/>
    <property name="jdk.debug" value="release"/>
    <property name="surefire.test.class.path" value="/home/andr3xc/dev/PvZ-ECI/target/test-classes:/home/andr3xc/dev/PvZ-ECI/target/classes:/home/andr3xc/.m2/repository/org/junit/jupiter/junit-jupiter/5.8.1/junit-jupiter-5.8.1.jar:/home/andr3xc/.m2/repository/org/junit/jupiter/junit-jupiter-api/5.8.1/junit-jupiter-api-5.8.1.jar:/home/andr3xc/.m2/repository/org/opentest4j/opentest4j/1.2.0/opentest4j-1.2.0.jar:/home/andr3xc/.m2/repository/org/junit/platform/junit-platform-commons/1.8.1/junit-platform-commons-1.8.1.jar:/home/andr3xc/.m2/repository/org/apiguardian/apiguardian-api/1.1.2/apiguardian-api-1.1.2.jar:/home/andr3xc/.m2/repository/org/junit/jupiter/junit-jupiter-params/5.8.1/junit-jupiter-params-5.8.1.jar:/home/andr3xc/.m2/repository/org/junit/jupiter/junit-jupiter-engine/5.8.1/junit-jupiter-engine-5.8.1.jar:/home/andr3xc/.m2/repository/org/junit/platform/junit-platform-engine/1.8.1/junit-platform-engine-1.8.1.jar:"/>
    <property name="sun.cpu.endian" value="little"/>
    <property name="user.home" value="/home/andr3xc"/>
    <property name="user.language" value="en"/>
    <property name="java.specification.vendor" value="Oracle Corporation"/>
    <property name="java.version.date" value="2024-09-17"/>
    <property name="java.home" value="/usr/lib/jvm/java-23-openjdk"/>
    <property name="file.separator" value="/"/>
    <property name="basedir" value="/home/andr3xc/dev/PvZ-ECI"/>
    <property name="java.vm.compressedOopsMode" value="Zero based"/>
    <property name="line.separator" value="&#10;"/>
    <property name="java.specification.name" value="Java Platform API Specification"/>
    <property name="java.vm.specification.vendor" value="Oracle Corporation"/>
    <property name="surefire.real.class.path" value="/home/andr3xc/dev/PvZ-ECI/target/surefire/surefirebooter-20241215050405232_3.jar"/>
    <property name="sun.management.compiler" value="HotSpot 64-Bit Tiered Compilers"/>
    <property name="java.runtime.version" value="23"/>
    <property name="user.name" value="andr3xc"/>
    <property name="stdout.encoding" value="UTF-8"/>
    <property name="path.separator" value=":"/>
    <property name="os.version" value="6.12.1-arch1-1"/>
    <property name="java.runtime.name" value="OpenJDK Runtime Environment"/>
    <property name="file.encoding" value="UTF-8"/>
    <property name="java.vm.name" value="OpenJDK 64-Bit Server VM"/>
    <property name="localRepository" value="/home/andr3xc/.m2/repository"/>
    <property name="java.vendor.url.bug" value="https://bugreport.java.com/bugreport/"/>
    <property name="java.io.tmpdir" value="/tmp"/>
    <property name="java.version" value="23"/>
    <property name="user.dir" value="/home/andr3xc/dev/PvZ-ECI"/>
    <property name="os.arch" value="amd64"/>
    <property name="java.vm.specification.name" value="Java Virtual Machine Specification"/>
    <property name="native.encoding" value="UTF-8"/>
    <property name="java.library.path" value="/usr/java/packages/lib:/usr/lib64:/lib64:/lib:/usr/lib"/>
    <property name="java.vm.info" value="mixed mode, sharing"/>
    <property name="stderr.encoding" value="UTF-8"/>
    <property name="java.vendor" value="Arch Linux"/>
    <property name="java.vm.version" value="23"/>
    <property name="sun.io.unicode.encoding" value="UnicodeLittle"/>
    <property name="java.class.version" value="67.0"/>
  </properties>
  <testcase name="shouldNotAddZombie" classname="GameTest" time="0.069">
    <system-out><![CDATA[[domain.players.Human@6ad59d92, domain.players.Human@56f0cc85]
]]></system-out>
    <system-err><![CDATA[Dec 15, 2024 5:04:05 AM domain.Game addZombie
INFO: Intentando añadir un zombie: basic en (1, 0)
Dec 15, 2024 5:04:05 AM domain.Game addZombie
WARNING: Posición inválida para el zombie: (1, 0)
Dec 15, 2024 5:04:05 AM domain.Game addZombie
SEVERE: Error al añadir zombie: Given position is out of range for the zombie
]]></system-err>
  </testcase>
  <testcase name="shouldNotHaveSun" classname="GameTest" time="0.007">
    <system-out><![CDATA[[domain.players.Human@60975100, domain.players.Human@1253e7cb]
]]></system-out>
    <system-err><![CDATA[Dec 15, 2024 5:04:05 AM domain.Game addPlant
INFO: Intentando añadir una planta: peashooter en (2, 2)
Dec 15, 2024 5:04:05 AM domain.Game addPlant
WARNING: No hay suficientes soles para añadir la planta: peashooter
Dec 15, 2024 5:04:05 AM domain.Game addPlant
SEVERE: Error al añadir planta: Not enough suns to buy the plant
]]></system-err>
  </testcase>
  <testcase name="shouldAttackZombieWithPeaShooter" classname="GameTest" time="10.009">
    <system-out><![CDATA[[domain.players.Human@4cf8b2dc, domain.players.Human@708400f6]
]]></system-out>
    <system-err><![CDATA[Dec 15, 2024 5:04:05 AM domain.Game addPlant
INFO: Intentando añadir una planta: peashooter en (4, 2)
Dec 15, 2024 5:04:05 AM domain.Game addPlant
INFO: Planta añadida exitosamente: peashooter en (4, 2)
Dec 15, 2024 5:04:05 AM domain.Game addZombie
INFO: Intentando añadir un zombie: basic en (9, 2)
Dec 15, 2024 5:04:05 AM domain.Game addZombie
INFO: Zombie añadido exitosamente: basic en (9, 2)
]]></system-err>
  </testcase>
  <testcase name="shouldAddSun" classname="GameTest" time="0.003">
    <system-out><![CDATA[[domain.players.Human@ccb4b1b, domain.players.Human@4097cac]
]]></system-out>
  </testcase>
  <testcase name="shouldAddMachineIAvIA" classname="GameTest" time="8.005">
    <system-out><![CDATA[[domain.players.PlantsIntelligent@68044f4, domain.players.ZombiesStrategic@52d239ba]







Not enough brains to buy the plant






Not enough brains to buy the plant





Not enough brains to buy the plant



Not enough brains to buy the plant






]]></system-out>
    <system-err><![CDATA[Dec 15, 2024 5:04:16 AM domain.Game addPlant
INFO: Intentando añadir una planta: sunflower en (2, 0)
Dec 15, 2024 5:04:16 AM domain.Game addZombie
INFO: Intentando añadir un zombie: brainstein en (10, 0)
Dec 15, 2024 5:04:16 AM domain.Game addPlant
INFO: Planta añadida exitosamente: sunflower en (2, 0)
Dec 15, 2024 5:04:16 AM domain.plants.Sunflower generateSun
INFO: sol generado
Dec 15, 2024 5:04:16 AM domain.Game addPlant
INFO: Intentando añadir una planta: sunflower en (2, 1)
Dec 15, 2024 5:04:16 AM domain.Game addZombie
INFO: Zombie añadido exitosamente: brainstein en (10, 0)
Dec 15, 2024 5:04:16 AM domain.Game addPlant
WARNING: No hay suficientes soles para añadir la planta: sunflower
Dec 15, 2024 5:04:16 AM domain.plants.Sunflower generateSun
INFO: sol generado
Dec 15, 2024 5:04:16 AM domain.Game addPlant
SEVERE: Error al añadir planta: Not enough suns to buy the plant
Dec 15, 2024 5:04:16 AM domain.Game addPlant
INFO: Intentando añadir una planta: sunflower en (2, 2)
Dec 15, 2024 5:04:16 AM domain.Game addPlant
INFO: Planta añadida exitosamente: sunflower en (2, 2)
Dec 15, 2024 5:04:16 AM domain.plants.Sunflower generateSun
INFO: sol generado
Dec 15, 2024 5:04:16 AM domain.Game addPlant
INFO: Intentando añadir una planta: sunflower en (2, 3)
Dec 15, 2024 5:04:16 AM domain.Game addPlant
WARNING: No hay suficientes soles para añadir la planta: sunflower
Dec 15, 2024 5:04:16 AM domain.plants.Sunflower generateSun
INFO: sol generado
Dec 15, 2024 5:04:16 AM domain.Game addPlant
SEVERE: Error al añadir planta: Not enough suns to buy the plant
Dec 15, 2024 5:04:16 AM domain.Game addPlant
INFO: Intentando añadir una planta: sunflower en (2, 4)
Dec 15, 2024 5:04:16 AM domain.Game addPlant
INFO: Planta añadida exitosamente: sunflower en (2, 4)
Dec 15, 2024 5:04:16 AM domain.plants.Sunflower generateSun
INFO: sol generado
Dec 15, 2024 5:04:16 AM domain.Game addPlant
INFO: Intentando añadir una planta: peashooter en (3, 0)
Dec 15, 2024 5:04:16 AM domain.Game addPlant
WARNING: No hay suficientes soles para añadir la planta: peashooter
Dec 15, 2024 5:04:16 AM domain.Game addPlant
SEVERE: Error al añadir planta: Not enough suns to buy the plant
Dec 15, 2024 5:04:16 AM domain.Game addPlant
INFO: Intentando añadir una planta: peashooter en (3, 1)
Dec 15, 2024 5:04:16 AM domain.Game addPlant
WARNING: No hay suficientes soles para añadir la planta: peashooter
Dec 15, 2024 5:04:16 AM domain.Game addPlant
SEVERE: Error al añadir planta: Not enough suns to buy the plant
Dec 15, 2024 5:04:16 AM domain.Game addPlant
INFO: Intentando añadir una planta: peashooter en (3, 2)
Dec 15, 2024 5:04:16 AM domain.Game addPlant
WARNING: No hay suficientes soles para añadir la planta: peashooter
Dec 15, 2024 5:04:16 AM domain.Game addPlant
SEVERE: Error al añadir planta: Not enough suns to buy the plant
Dec 15, 2024 5:04:16 AM domain.Game addPlant
INFO: Intentando añadir una planta: peashooter en (3, 3)
Dec 15, 2024 5:04:16 AM domain.Game addPlant
WARNING: No hay suficientes soles para añadir la planta: peashooter
Dec 15, 2024 5:04:16 AM domain.Game addPlant
SEVERE: Error al añadir planta: Not enough suns to buy the plant
Dec 15, 2024 5:04:16 AM domain.Game addPlant
INFO: Intentando añadir una planta: peashooter en (3, 4)
Dec 15, 2024 5:04:16 AM domain.Game addPlant
WARNING: No hay suficientes soles para añadir la planta: peashooter
Dec 15, 2024 5:04:16 AM domain.Game addPlant
SEVERE: Error al añadir planta: Not enough suns to buy the plant
Dec 15, 2024 5:04:17 AM domain.Game addZombie
INFO: Intentando añadir un zombie: brainstein en (10, 0)
Dec 15, 2024 5:04:17 AM domain.Game addZombie
WARNING: No hay suficientes cerebros para añadir el zombie: brainstein
Dec 15, 2024 5:04:17 AM domain.Game addZombie
SEVERE: Error al añadir zombie: Not enough brains to buy the plant
Dec 15, 2024 5:04:17 AM domain.Game addPlant
INFO: Intentando añadir una planta: sunflower en (2, 1)
Dec 15, 2024 5:04:17 AM domain.Game addPlant
WARNING: No hay suficientes soles para añadir la planta: sunflower
Dec 15, 2024 5:04:17 AM domain.plants.Sunflower generateSun
INFO: sol generado
Dec 15, 2024 5:04:17 AM domain.Game addPlant
SEVERE: Error al añadir planta: Not enough suns to buy the plant
Dec 15, 2024 5:04:17 AM domain.Game addPlant
INFO: Intentando añadir una planta: sunflower en (2, 3)
Dec 15, 2024 5:04:17 AM domain.Game addPlant
INFO: Planta añadida exitosamente: sunflower en (2, 3)
Dec 15, 2024 5:04:17 AM domain.plants.Sunflower generateSun
INFO: sol generado
Dec 15, 2024 5:04:17 AM domain.Game addPlant
INFO: Intentando añadir una planta: peashooter en (3, 0)
Dec 15, 2024 5:04:17 AM domain.Game addPlant
WARNING: No hay suficientes soles para añadir la planta: peashooter
Dec 15, 2024 5:04:17 AM domain.Game addPlant
SEVERE: Error al añadir planta: Not enough suns to buy the plant
Dec 15, 2024 5:04:17 AM domain.Game addPlant
INFO: Intentando añadir una planta: peashooter en (3, 1)
Dec 15, 2024 5:04:17 AM domain.Game addPlant
WARNING: No hay suficientes soles para añadir la planta: peashooter
Dec 15, 2024 5:04:17 AM domain.Game addPlant
SEVERE: Error al añadir planta: Not enough suns to buy the plant
Dec 15, 2024 5:04:17 AM domain.Game addPlant
INFO: Intentando añadir una planta: peashooter en (3, 2)
Dec 15, 2024 5:04:17 AM domain.Game addPlant
WARNING: No hay suficientes soles para añadir la planta: peashooter
Dec 15, 2024 5:04:18 AM domain.Game addPlant
SEVERE: Error al añadir planta: Not enough suns to buy the plant
Dec 15, 2024 5:04:18 AM domain.Game addPlant
INFO: Intentando añadir una planta: peashooter en (3, 3)
Dec 15, 2024 5:04:18 AM domain.Game addPlant
WARNING: No hay suficientes soles para añadir la planta: peashooter
Dec 15, 2024 5:04:18 AM domain.Game addPlant
SEVERE: Error al añadir planta: Not enough suns to buy the plant
Dec 15, 2024 5:04:18 AM domain.Game addPlant
INFO: Intentando añadir una planta: peashooter en (3, 4)
Dec 15, 2024 5:04:18 AM domain.Game addPlant
WARNING: No hay suficientes soles para añadir la planta: peashooter
Dec 15, 2024 5:04:18 AM domain.Game addPlant
SEVERE: Error al añadir planta: Not enough suns to buy the plant
Dec 15, 2024 5:04:18 AM domain.Game addZombie
INFO: Intentando añadir un zombie: brainstein en (10, 0)
Dec 15, 2024 5:04:18 AM domain.Game addZombie
WARNING: No hay suficientes cerebros para añadir el zombie: brainstein
Dec 15, 2024 5:04:18 AM domain.Game addZombie
SEVERE: Error al añadir zombie: Not enough brains to buy the plant
Dec 15, 2024 5:04:19 AM domain.Game addPlant
INFO: Intentando añadir una planta: sunflower en (2, 1)
Dec 15, 2024 5:04:19 AM domain.Game addPlant
WARNING: No hay suficientes soles para añadir la planta: sunflower
Dec 15, 2024 5:04:19 AM domain.plants.Sunflower generateSun
INFO: sol generado
Dec 15, 2024 5:04:19 AM domain.Game addPlant
SEVERE: Error al añadir planta: Not enough suns to buy the plant
Dec 15, 2024 5:04:19 AM domain.Game addPlant
INFO: Intentando añadir una planta: wallnut en (4, 0)
Dec 15, 2024 5:04:19 AM domain.Game addPlant
INFO: Planta añadida exitosamente: wallnut en (4, 0)
Dec 15, 2024 5:04:19 AM domain.Game addPlant
INFO: Intentando añadir una planta: wallnut en (4, 1)
Dec 15, 2024 5:04:19 AM domain.Game addPlant
WARNING: No hay suficientes soles para añadir la planta: wallnut
Dec 15, 2024 5:04:19 AM domain.Game addPlant
SEVERE: Error al añadir planta: Not enough suns to buy the plant
Dec 15, 2024 5:04:19 AM domain.Game addPlant
INFO: Intentando añadir una planta: wallnut en (4, 2)
Dec 15, 2024 5:04:19 AM domain.Game addPlant
WARNING: No hay suficientes soles para añadir la planta: wallnut
Dec 15, 2024 5:04:19 AM domain.Game addPlant
SEVERE: Error al añadir planta: Not enough suns to buy the plant
Dec 15, 2024 5:04:19 AM domain.Game addPlant
INFO: Intentando añadir una planta: wallnut en (4, 3)
Dec 15, 2024 5:04:19 AM domain.Game addPlant
WARNING: No hay suficientes soles para añadir la planta: wallnut
Dec 15, 2024 5:04:19 AM domain.Game addPlant
SEVERE: Error al añadir planta: Not enough suns to buy the plant
Dec 15, 2024 5:04:19 AM domain.Game addPlant
INFO: Intentando añadir una planta: wallnut en (4, 4)
Dec 15, 2024 5:04:19 AM domain.Game addPlant
WARNING: No hay suficientes soles para añadir la planta: wallnut
Dec 15, 2024 5:04:19 AM domain.Game addPlant
SEVERE: Error al añadir planta: Not enough suns to buy the plant
Dec 15, 2024 5:04:19 AM domain.plants.Sunflower generateSun
INFO: sol generado
Dec 15, 2024 5:04:19 AM domain.plants.Sunflower generateSun
INFO: sol generado
Dec 15, 2024 5:04:19 AM domain.plants.Sunflower generateSun
INFO: sol generado
Dec 15, 2024 5:04:19 AM domain.Game addZombie
INFO: Intentando añadir un zombie: brainstein en (10, 0)
Dec 15, 2024 5:04:19 AM domain.Game addZombie
WARNING: No hay suficientes cerebros para añadir el zombie: brainstein
Dec 15, 2024 5:04:19 AM domain.Game addZombie
SEVERE: Error al añadir zombie: Not enough brains to buy the plant
Dec 15, 2024 5:04:20 AM domain.Game addPlant
INFO: Intentando añadir una planta: sunflower en (2, 1)
Dec 15, 2024 5:04:20 AM domain.Game addPlant
INFO: Planta añadida exitosamente: sunflower en (2, 1)
Dec 15, 2024 5:04:20 AM domain.plants.Sunflower generateSun
INFO: sol generado
Dec 15, 2024 5:04:20 AM domain.Game addPlant
INFO: Intentando añadir una planta: potatomine en (7, 0)
Dec 15, 2024 5:04:20 AM domain.Game addPlant
SEVERE: Error al añadir planta: Cannot add the unit because there is already a unit in the cell
Dec 15, 2024 5:04:20 AM domain.Game addPlant
INFO: Intentando añadir una planta: potatomine en (7, 1)
Dec 15, 2024 5:04:20 AM domain.Game addPlant
INFO: Planta añadida exitosamente: potatomine en (7, 1)
Dec 15, 2024 5:04:20 AM domain.Game addPlant
INFO: Intentando añadir una planta: potatomine en (7, 2)
Dec 15, 2024 5:04:20 AM domain.Game addPlant
INFO: Planta añadida exitosamente: potatomine en (7, 2)
Dec 15, 2024 5:04:20 AM domain.Game addPlant
INFO: Intentando añadir una planta: potatomine en (7, 3)
Dec 15, 2024 5:04:20 AM domain.Game addPlant
WARNING: No hay suficientes soles para añadir la planta: potatomine
Dec 15, 2024 5:04:20 AM domain.Game addPlant
SEVERE: Error al añadir planta: Not enough suns to buy the plant
Dec 15, 2024 5:04:20 AM domain.Game addPlant
INFO: Intentando añadir una planta: potatomine en (7, 4)
Dec 15, 2024 5:04:20 AM domain.Game addPlant
WARNING: No hay suficientes soles para añadir la planta: potatomine
Dec 15, 2024 5:04:20 AM domain.Game addPlant
SEVERE: Error al añadir planta: Not enough suns to buy the plant
Dec 15, 2024 5:04:20 AM domain.Game addZombie
INFO: Intentando añadir un zombie: brainstein en (10, 0)
Dec 15, 2024 5:04:20 AM domain.Game addZombie
WARNING: No hay suficientes cerebros para añadir el zombie: brainstein
Dec 15, 2024 5:04:20 AM domain.Game addZombie
SEVERE: Error al añadir zombie: Not enough brains to buy the plant
Dec 15, 2024 5:04:20 AM domain.plants.Sunflower generateSun
INFO: sol generado
Dec 15, 2024 5:04:21 AM domain.Game addPlant
INFO: Intentando añadir una planta: eciplant en (1, 0)
Dec 15, 2024 5:04:21 AM domain.Game addPlant
WARNING: No hay suficientes soles para añadir la planta: eciplant
Dec 15, 2024 5:04:21 AM domain.plants.ECIPlant generateSun
INFO: sol generado
Dec 15, 2024 5:04:21 AM domain.Game addPlant
SEVERE: Error al añadir planta: Not enough suns to buy the plant
Dec 15, 2024 5:04:21 AM domain.Game addPlant
INFO: Intentando añadir una planta: eciplant en (1, 1)
Dec 15, 2024 5:04:21 AM domain.Game addPlant
INFO: Planta añadida exitosamente: eciplant en (1, 1)
Dec 15, 2024 5:04:21 AM domain.plants.ECIPlant generateSun
INFO: sol generado
Dec 15, 2024 5:04:21 AM domain.Game addPlant
INFO: Intentando añadir una planta: eciplant en (1, 3)
Dec 15, 2024 5:04:21 AM domain.Game addPlant
WARNING: No hay suficientes soles para añadir la planta: eciplant
Dec 15, 2024 5:04:21 AM domain.plants.ECIPlant generateSun
INFO: sol generado
Dec 15, 2024 5:04:21 AM domain.Game addPlant
SEVERE: Error al añadir planta: Not enough suns to buy the plant
Dec 15, 2024 5:04:21 AM domain.Game addPlant
INFO: Intentando añadir una planta: eciplant en (1, 4)
Dec 15, 2024 5:04:21 AM domain.Game addPlant
INFO: Planta añadida exitosamente: eciplant en (1, 4)
Dec 15, 2024 5:04:21 AM domain.plants.ECIPlant generateSun
INFO: sol generado
Dec 15, 2024 5:04:21 AM domain.Game addZombie
INFO: Intentando añadir un zombie: brainstein en (10, 0)
Dec 15, 2024 5:04:21 AM domain.Game addZombie
INFO: Zombie añadido exitosamente: brainstein en (10, 0)
Dec 15, 2024 5:04:22 AM domain.Game addPlant
INFO: Intentando añadir una planta: wallnut en (5, 0)
Dec 15, 2024 5:04:22 AM domain.Game addPlant
INFO: Planta añadida exitosamente: wallnut en (5, 0)
Dec 15, 2024 5:04:22 AM domain.Game addPlant
INFO: Intentando añadir una planta: wallnut en (5, 1)
Dec 15, 2024 5:04:22 AM domain.Game addPlant
WARNING: No hay suficientes soles para añadir la planta: wallnut
Dec 15, 2024 5:04:22 AM domain.Game addPlant
SEVERE: Error al añadir planta: Not enough suns to buy the plant
Dec 15, 2024 5:04:22 AM domain.Game addPlant
INFO: Intentando añadir una planta: wallnut en (5, 2)
Dec 15, 2024 5:04:22 AM domain.Game addPlant
WARNING: No hay suficientes soles para añadir la planta: wallnut
Dec 15, 2024 5:04:22 AM domain.Game addPlant
SEVERE: Error al añadir planta: Not enough suns to buy the plant
Dec 15, 2024 5:04:22 AM domain.Game addPlant
INFO: Intentando añadir una planta: wallnut en (5, 3)
Dec 15, 2024 5:04:22 AM domain.Game addPlant
WARNING: No hay suficientes soles para añadir la planta: wallnut
Dec 15, 2024 5:04:22 AM domain.Game addPlant
SEVERE: Error al añadir planta: Not enough suns to buy the plant
Dec 15, 2024 5:04:22 AM domain.Game addPlant
INFO: Intentando añadir una planta: wallnut en (5, 4)
Dec 15, 2024 5:04:22 AM domain.Game addPlant
WARNING: No hay suficientes soles para añadir la planta: wallnut
Dec 15, 2024 5:04:22 AM domain.Game addPlant
SEVERE: Error al añadir planta: Not enough suns to buy the plant
Dec 15, 2024 5:04:22 AM domain.plants.Sunflower generateSun
INFO: sol generado
Dec 15, 2024 5:04:22 AM domain.plants.Sunflower generateSun
INFO: sol generado
Dec 15, 2024 5:04:22 AM domain.plants.Sunflower generateSun
INFO: sol generado
Dec 15, 2024 5:04:22 AM domain.Game addZombie
INFO: Intentando añadir un zombie: basic en (9, 2)
Dec 15, 2024 5:04:22 AM domain.Game addZombie
INFO: Zombie añadido exitosamente: basic en (9, 2)
Dec 15, 2024 5:04:23 AM domain.plants.Sunflower generateSun
INFO: sol generado
Dec 15, 2024 5:04:23 AM domain.Game addPlant
INFO: Intentando añadir una planta: potatomine en (6, 0)
Dec 15, 2024 5:04:23 AM domain.Game addPlant
INFO: Planta añadida exitosamente: potatomine en (6, 0)
Dec 15, 2024 5:04:23 AM domain.Game addPlant
INFO: Intentando añadir una planta: potatomine en (6, 1)
Dec 15, 2024 5:04:23 AM domain.Game addPlant
INFO: Planta añadida exitosamente: potatomine en (6, 1)
Dec 15, 2024 5:04:23 AM domain.Game addPlant
INFO: Intentando añadir una planta: potatomine en (6, 2)
Dec 15, 2024 5:04:23 AM domain.Game addPlant
INFO: Planta añadida exitosamente: potatomine en (6, 2)
Dec 15, 2024 5:04:23 AM domain.Game addPlant
INFO: Intentando añadir una planta: potatomine en (6, 3)
Dec 15, 2024 5:04:23 AM domain.Game addPlant
INFO: Planta añadida exitosamente: potatomine en (6, 3)
Dec 15, 2024 5:04:23 AM domain.Game addPlant
INFO: Intentando añadir una planta: potatomine en (6, 4)
Dec 15, 2024 5:04:23 AM domain.Game addPlant
INFO: Planta añadida exitosamente: potatomine en (6, 4)
]]></system-err>
  </testcase>
  <testcase name="shouldEndGame" classname="GameTest" time="0.002"/>
  <testcase name="shouldPrintBoard" classname="GameTest" time="5.007">
    <system-out><![CDATA[[domain.players.Human@68fa0ba8, domain.players.Human@6c5945a7]

















Game Board:
. . . . . . . . . . . 
. . . . . . . . . . . 
. . . . P . . . . . . 
. . . . . . . . . . . 
. . . . . . . . . . . 
LawnMowers:
L . . . . . . . . . . 
L . . . . . . . . . . 
L . . . . . . . . . . 
L . . . . . . . . . . 
L . . . . . . . . . . 

]]></system-out>
    <system-err><![CDATA[Dec 15, 2024 5:04:23 AM domain.Game addPlant
INFO: Intentando añadir una planta: peashooter en (4, 2)
Dec 15, 2024 5:04:23 AM domain.Game addPlant
INFO: Planta añadida exitosamente: peashooter en (4, 2)
Dec 15, 2024 5:04:23 AM domain.Game addZombie
INFO: Intentando añadir un zombie: basic en (9, 1)
Dec 15, 2024 5:04:23 AM domain.Game addZombie
INFO: Zombie añadido exitosamente: basic en (9, 1)
Dec 15, 2024 5:04:23 AM domain.plants.Sunflower generateSun
INFO: sol generado
Dec 15, 2024 5:04:24 AM domain.plants.ECIPlant generateSun
INFO: sol generado
Dec 15, 2024 5:04:24 AM domain.plants.ECIPlant generateSun
INFO: sol generado
Dec 15, 2024 5:04:24 AM domain.Game addPlant
INFO: Intentando añadir una planta: wallnut en (4, 1)
Dec 15, 2024 5:04:24 AM domain.Game addPlant
INFO: Planta añadida exitosamente: wallnut en (4, 1)
Dec 15, 2024 5:04:24 AM domain.Game addPlant
INFO: Intentando añadir una planta: wallnut en (4, 2)
Dec 15, 2024 5:04:24 AM domain.Game addPlant
INFO: Planta añadida exitosamente: wallnut en (4, 2)
Dec 15, 2024 5:04:24 AM domain.Game addPlant
INFO: Intentando añadir una planta: wallnut en (4, 3)
Dec 15, 2024 5:04:24 AM domain.Game addPlant
WARNING: No hay suficientes soles para añadir la planta: wallnut
Dec 15, 2024 5:04:24 AM domain.Game addPlant
SEVERE: Error al añadir planta: Not enough suns to buy the plant
Dec 15, 2024 5:04:24 AM domain.Game addPlant
INFO: Intentando añadir una planta: wallnut en (4, 4)
Dec 15, 2024 5:04:24 AM domain.Game addPlant
WARNING: No hay suficientes soles para añadir la planta: wallnut
Dec 15, 2024 5:04:24 AM domain.Game addPlant
SEVERE: Error al añadir planta: Not enough suns to buy the plant
Dec 15, 2024 5:04:24 AM domain.Game addZombie
INFO: Intentando añadir un zombie: brainstein en (10, 0)
Dec 15, 2024 5:04:24 AM domain.Game addZombie
INFO: Zombie añadido exitosamente: brainstein en (10, 0)
Dec 15, 2024 5:04:25 AM domain.Game addPlant
INFO: Intentando añadir una planta: peashooter en (3, 0)
Dec 15, 2024 5:04:25 AM domain.Game addPlant
WARNING: No hay suficientes soles para añadir la planta: peashooter
Dec 15, 2024 5:04:25 AM domain.Game addPlant
SEVERE: Error al añadir planta: Not enough suns to buy the plant
Dec 15, 2024 5:04:25 AM domain.Game addPlant
INFO: Intentando añadir una planta: peashooter en (3, 1)
Dec 15, 2024 5:04:25 AM domain.Game addPlant
WARNING: No hay suficientes soles para añadir la planta: peashooter
Dec 15, 2024 5:04:25 AM domain.Game addPlant
SEVERE: Error al añadir planta: Not enough suns to buy the plant
Dec 15, 2024 5:04:25 AM domain.Game addPlant
INFO: Intentando añadir una planta: peashooter en (3, 2)
Dec 15, 2024 5:04:25 AM domain.Game addPlant
WARNING: No hay suficientes soles para añadir la planta: peashooter
Dec 15, 2024 5:04:25 AM domain.Game addPlant
SEVERE: Error al añadir planta: Not enough suns to buy the plant
Dec 15, 2024 5:04:25 AM domain.Game addPlant
INFO: Intentando añadir una planta: peashooter en (3, 3)
Dec 15, 2024 5:04:25 AM domain.Game addPlant
WARNING: No hay suficientes soles para añadir la planta: peashooter
Dec 15, 2024 5:04:25 AM domain.Game addPlant
SEVERE: Error al añadir planta: Not enough suns to buy the plant
Dec 15, 2024 5:04:25 AM domain.Game addPlant
INFO: Intentando añadir una planta: peashooter en (3, 4)
Dec 15, 2024 5:04:25 AM domain.Game addPlant
WARNING: No hay suficientes soles para añadir la planta: peashooter
Dec 15, 2024 5:04:25 AM domain.Game addPlant
SEVERE: Error al añadir planta: Not enough suns to buy the plant
Dec 15, 2024 5:04:25 AM domain.plants.Sunflower generateSun
INFO: sol generado
Dec 15, 2024 5:04:25 AM domain.plants.Sunflower generateSun
INFO: sol generado
Dec 15, 2024 5:04:25 AM domain.plants.Sunflower generateSun
INFO: sol generado
Dec 15, 2024 5:04:25 AM domain.Game addZombie
INFO: Intentando añadir un zombie: basic en (9, 2)
Dec 15, 2024 5:04:25 AM domain.Game addZombie
INFO: Zombie añadido exitosamente: basic en (9, 2)
Dec 15, 2024 5:04:26 AM domain.plants.Sunflower generateSun
INFO: sol generado
Dec 15, 2024 5:04:26 AM domain.Game addPlant
INFO: Intentando añadir una planta: peashooter en (3, 0)
Dec 15, 2024 5:04:26 AM domain.Game addPlant
INFO: Planta añadida exitosamente: peashooter en (3, 0)
Dec 15, 2024 5:04:26 AM domain.Game addPlant
INFO: Intentando añadir una planta: peashooter en (3, 1)
Dec 15, 2024 5:04:26 AM domain.Game addPlant
WARNING: No hay suficientes soles para añadir la planta: peashooter
Dec 15, 2024 5:04:26 AM domain.Game addPlant
SEVERE: Error al añadir planta: Not enough suns to buy the plant
Dec 15, 2024 5:04:26 AM domain.Game addPlant
INFO: Intentando añadir una planta: peashooter en (3, 2)
Dec 15, 2024 5:04:26 AM domain.Game addPlant
WARNING: No hay suficientes soles para añadir la planta: peashooter
Dec 15, 2024 5:04:26 AM domain.Game addPlant
SEVERE: Error al añadir planta: Not enough suns to buy the plant
Dec 15, 2024 5:04:26 AM domain.Game addPlant
INFO: Intentando añadir una planta: peashooter en (3, 3)
Dec 15, 2024 5:04:26 AM domain.Game addPlant
WARNING: No hay suficientes soles para añadir la planta: peashooter
Dec 15, 2024 5:04:26 AM domain.Game addPlant
SEVERE: Error al añadir planta: Not enough suns to buy the plant
Dec 15, 2024 5:04:26 AM domain.Game addPlant
INFO: Intentando añadir una planta: peashooter en (3, 4)
Dec 15, 2024 5:04:26 AM domain.Game addPlant
WARNING: No hay suficientes soles para añadir la planta: peashooter
Dec 15, 2024 5:04:26 AM domain.Game addPlant
SEVERE: Error al añadir planta: Not enough suns to buy the plant
Dec 15, 2024 5:04:26 AM domain.Game addZombie
INFO: Intentando añadir un zombie: buckethead en (9, 0)
Dec 15, 2024 5:04:26 AM domain.Game addZombie
INFO: Zombie añadido exitosamente: buckethead en (9, 0)
Dec 15, 2024 5:04:26 AM domain.plants.Sunflower generateSun
INFO: sol generado
Dec 15, 2024 5:04:27 AM domain.plants.ECIPlant generateSun
INFO: sol generado
Dec 15, 2024 5:04:27 AM domain.plants.ECIPlant generateSun
INFO: sol generado
Dec 15, 2024 5:04:27 AM domain.Game addPlant
INFO: Intentando añadir una planta: peashooter en (3, 1)
Dec 15, 2024 5:04:27 AM domain.Game addPlant
INFO: Planta añadida exitosamente: peashooter en (3, 1)
Dec 15, 2024 5:04:27 AM domain.Game addPlant
INFO: Intentando añadir una planta: peashooter en (3, 2)
Dec 15, 2024 5:04:27 AM domain.Game addPlant
WARNING: No hay suficientes soles para añadir la planta: peashooter
Dec 15, 2024 5:04:27 AM domain.Game addPlant
SEVERE: Error al añadir planta: Not enough suns to buy the plant
Dec 15, 2024 5:04:27 AM domain.Game addPlant
INFO: Intentando añadir una planta: peashooter en (3, 3)
Dec 15, 2024 5:04:27 AM domain.Game addPlant
WARNING: No hay suficientes soles para añadir la planta: peashooter
Dec 15, 2024 5:04:27 AM domain.Game addPlant
SEVERE: Error al añadir planta: Not enough suns to buy the plant
Dec 15, 2024 5:04:27 AM domain.Game addPlant
INFO: Intentando añadir una planta: peashooter en (3, 4)
Dec 15, 2024 5:04:27 AM domain.Game addPlant
WARNING: No hay suficientes soles para añadir la planta: peashooter
Dec 15, 2024 5:04:27 AM domain.Game addPlant
SEVERE: Error al añadir planta: Not enough suns to buy the plant
Dec 15, 2024 5:04:27 AM domain.Game addZombie
INFO: Intentando añadir un zombie: basic en (10, 4)
Dec 15, 2024 5:04:27 AM domain.Game addZombie
INFO: Zombie añadido exitosamente: basic en (10, 4)
Dec 15, 2024 5:04:28 AM domain.Game addPlant
INFO: Intentando añadir una planta: peashooter en (3, 2)
Dec 15, 2024 5:04:28 AM domain.Game addPlant
WARNING: No hay suficientes soles para añadir la planta: peashooter
Dec 15, 2024 5:04:28 AM domain.Game addPlant
SEVERE: Error al añadir planta: Not enough suns to buy the plant
Dec 15, 2024 5:04:28 AM domain.Game addPlant
INFO: Intentando añadir una planta: peashooter en (3, 3)
Dec 15, 2024 5:04:28 AM domain.Game addPlant
WARNING: No hay suficientes soles para añadir la planta: peashooter
Dec 15, 2024 5:04:28 AM domain.Game addPlant
SEVERE: Error al añadir planta: Not enough suns to buy the plant
Dec 15, 2024 5:04:28 AM domain.Game addPlant
INFO: Intentando añadir una planta: peashooter en (3, 4)
Dec 15, 2024 5:04:28 AM domain.Game addPlant
WARNING: No hay suficientes soles para añadir la planta: peashooter
Dec 15, 2024 5:04:28 AM domain.Game addPlant
SEVERE: Error al añadir planta: Not enough suns to buy the plant
Dec 15, 2024 5:04:28 AM domain.plants.Sunflower generateSun
INFO: sol generado
Dec 15, 2024 5:04:28 AM domain.plants.Sunflower generateSun
INFO: sol generado
Dec 15, 2024 5:04:28 AM domain.plants.Sunflower generateSun
INFO: sol generado
]]></system-err>
  </testcase>
  <testcase name="shouldGenerateSunFlower" classname="GameTest" time="3.002">
    <system-out><![CDATA[[domain.players.Human@68ad99fe, domain.players.Human@485e36bc]


]]></system-out>
    <system-err><![CDATA[Dec 15, 2024 5:04:28 AM domain.Game addPlant
INFO: Intentando añadir una planta: sunflower en (4, 2)
Dec 15, 2024 5:04:28 AM domain.Game addPlant
INFO: Planta añadida exitosamente: sunflower en (4, 2)
Dec 15, 2024 5:04:28 AM domain.plants.Sunflower generateSun
INFO: sol generado
Dec 15, 2024 5:04:28 AM domain.Game addZombie
INFO: Intentando añadir un zombie: brainstein en (10, 0)
Dec 15, 2024 5:04:28 AM domain.Game addZombie
INFO: Zombie añadido exitosamente: brainstein en (10, 0)
Dec 15, 2024 5:04:29 AM domain.plants.Sunflower generateSun
INFO: sol generado
Dec 15, 2024 5:04:29 AM domain.Game addPlant
INFO: Intentando añadir una planta: eciplant en (1, 0)
Dec 15, 2024 5:04:29 AM domain.Game addPlant
INFO: Planta añadida exitosamente: eciplant en (1, 0)
Dec 15, 2024 5:04:29 AM domain.plants.ECIPlant generateSun
INFO: sol generado
Dec 15, 2024 5:04:29 AM domain.Game addZombie
INFO: Intentando añadir un zombie: conehead en (9, 0)
Dec 15, 2024 5:04:29 AM domain.Game addZombie
INFO: Zombie añadido exitosamente: conehead en (9, 0)
Dec 15, 2024 5:04:29 AM domain.plants.Sunflower generateSun
INFO: sol generado
Dec 15, 2024 5:04:30 AM domain.plants.ECIPlant generateSun
INFO: sol generado
Dec 15, 2024 5:04:30 AM domain.plants.ECIPlant generateSun
INFO: sol generado
Dec 15, 2024 5:04:30 AM domain.Game addPlant
INFO: Intentando añadir una planta: eciplant en (1, 0)
Dec 15, 2024 5:04:30 AM domain.Game addPlant
SEVERE: Error al añadir planta: Cannot add the unit because there is already a unit in the cell
Dec 15, 2024 5:04:30 AM domain.Game addZombie
INFO: Intentando añadir un zombie: basic en (9, 0)
Dec 15, 2024 5:04:30 AM domain.Game addZombie
INFO: Zombie añadido exitosamente: basic en (9, 0)
Dec 15, 2024 5:04:31 AM domain.Game addPlant
INFO: Intentando añadir una planta: peashooter en (3, 2)
Dec 15, 2024 5:04:31 AM domain.Game addPlant
INFO: Planta añadida exitosamente: peashooter en (3, 2)
Dec 15, 2024 5:04:31 AM domain.Game addPlant
INFO: Intentando añadir una planta: peashooter en (3, 3)
Dec 15, 2024 5:04:31 AM domain.Game addPlant
INFO: Planta añadida exitosamente: peashooter en (3, 3)
Dec 15, 2024 5:04:31 AM domain.Game addPlant
INFO: Intentando añadir una planta: peashooter en (3, 4)
Dec 15, 2024 5:04:31 AM domain.Game addPlant
WARNING: No hay suficientes soles para añadir la planta: peashooter
Dec 15, 2024 5:04:31 AM domain.Game addPlant
SEVERE: Error al añadir planta: Not enough suns to buy the plant
Dec 15, 2024 5:04:31 AM domain.plants.Sunflower generateSun
INFO: sol generado
Dec 15, 2024 5:04:31 AM domain.plants.Sunflower generateSun
INFO: sol generado
Dec 15, 2024 5:04:31 AM domain.plants.Sunflower generateSun
INFO: sol generado
]]></system-err>
  </testcase>
  <testcase name="shouldExploitedPotato" classname="GameTest" time="15.004">
    <system-out><![CDATA[[domain.players.Human@2a79d4b1, domain.players.Human@2e9fda69]
Activated!
Activated!
Activated!
Activated!
Activated!
Activated!





Activated!
]]></system-out>
    <system-err><![CDATA[Dec 15, 2024 5:04:31 AM domain.Game addPlant
INFO: Intentando añadir una planta: potatomine en (2, 2)
Dec 15, 2024 5:04:31 AM domain.Game addPlant
INFO: Planta añadida exitosamente: potatomine en (2, 2)
Dec 15, 2024 5:04:31 AM domain.Game addZombie
INFO: Intentando añadir un zombie: basic en (9, 2)
Dec 15, 2024 5:04:31 AM domain.Game addZombie
INFO: Zombie añadido exitosamente: basic en (9, 2)
Dec 15, 2024 5:04:31 AM domain.Game addZombie
INFO: Intentando añadir un zombie: conehead en (9, 0)
Dec 15, 2024 5:04:31 AM domain.Game addZombie
INFO: Zombie añadido exitosamente: conehead en (9, 0)
Dec 15, 2024 5:04:32 AM domain.plants.Sunflower generateSun
INFO: sol generado
Dec 15, 2024 5:04:32 AM domain.plants.ECIPlant generateSun
INFO: sol generado
Dec 15, 2024 5:04:32 AM domain.Game addZombie
INFO: Intentando añadir un zombie: brainstein en (10, 0)
Dec 15, 2024 5:04:32 AM domain.Game addZombie
INFO: Zombie añadido exitosamente: brainstein en (10, 0)
Dec 15, 2024 5:04:32 AM domain.plants.Sunflower generateSun
INFO: sol generado
Dec 15, 2024 5:04:33 AM domain.plants.ECIPlant generateSun
INFO: sol generado
Dec 15, 2024 5:04:33 AM domain.plants.ECIPlant generateSun
INFO: sol generado
Dec 15, 2024 5:04:33 AM domain.Game addZombie
INFO: Intentando añadir un zombie: buckethead en (9, 0)
Dec 15, 2024 5:04:33 AM domain.Game addZombie
INFO: Zombie añadido exitosamente: buckethead en (9, 0)
Dec 15, 2024 5:04:34 AM domain.Game addPlant
INFO: Intentando añadir una planta: wallnut en (4, 3)
Dec 15, 2024 5:04:34 AM domain.Game addPlant
INFO: Planta añadida exitosamente: wallnut en (4, 3)
Dec 15, 2024 5:04:34 AM domain.Game addPlant
INFO: Intentando añadir una planta: wallnut en (4, 4)
Dec 15, 2024 5:04:34 AM domain.Game addPlant
INFO: Planta añadida exitosamente: wallnut en (4, 4)
Dec 15, 2024 5:04:34 AM domain.plants.Sunflower generateSun
INFO: sol generado
Dec 15, 2024 5:04:34 AM domain.plants.Sunflower generateSun
INFO: sol generado
Dec 15, 2024 5:04:34 AM domain.plants.Sunflower generateSun
INFO: sol generado
Dec 15, 2024 5:04:34 AM domain.Game addZombie
INFO: Intentando añadir un zombie: buckethead en (9, 0)
Dec 15, 2024 5:04:34 AM domain.Game addZombie
INFO: Zombie añadido exitosamente: buckethead en (9, 0)
Dec 15, 2024 5:04:35 AM domain.plants.Sunflower generateSun
INFO: sol generado
Dec 15, 2024 5:04:35 AM domain.plants.ECIPlant generateSun
INFO: sol generado
Dec 15, 2024 5:04:35 AM domain.Game addPlant
INFO: Intentando añadir una planta: peashooter en (3, 4)
Dec 15, 2024 5:04:35 AM domain.Game addPlant
INFO: Planta añadida exitosamente: peashooter en (3, 4)
Dec 15, 2024 5:04:35 AM domain.Game addZombie
INFO: Intentando añadir un zombie: basic en (9, 0)
Dec 15, 2024 5:04:35 AM domain.plants.Sunflower generateSun
INFO: sol generado
Dec 15, 2024 5:04:35 AM domain.Game addZombie
INFO: Zombie añadido exitosamente: basic en (9, 0)
Dec 15, 2024 5:04:36 AM domain.plants.ECIPlant generateSun
INFO: sol generado
Dec 15, 2024 5:04:36 AM domain.plants.ECIPlant generateSun
INFO: sol generado
Dec 15, 2024 5:04:37 AM domain.Game addZombie
INFO: Intentando añadir un zombie: brainstein en (10, 0)
Dec 15, 2024 5:04:37 AM domain.Game addZombie
INFO: Zombie añadido exitosamente: brainstein en (10, 0)
Dec 15, 2024 5:04:37 AM domain.Game addPlant
INFO: Intentando añadir una planta: eciplant en (1, 0)
Dec 15, 2024 5:04:37 AM domain.Game addPlant
SEVERE: Error al añadir planta: Cannot add the unit because there is already a unit in the cell
Dec 15, 2024 5:04:37 AM domain.plants.Sunflower generateSun
INFO: sol generado
Dec 15, 2024 5:04:37 AM domain.plants.Sunflower generateSun
INFO: sol generado
Dec 15, 2024 5:04:37 AM domain.plants.Sunflower generateSun
INFO: sol generado
Dec 15, 2024 5:04:38 AM domain.Game addZombie
INFO: Intentando añadir un zombie: buckethead en (9, 0)
Dec 15, 2024 5:04:38 AM domain.Game addZombie
INFO: Zombie añadido exitosamente: buckethead en (9, 0)
Dec 15, 2024 5:04:38 AM domain.plants.Sunflower generateSun
INFO: sol generado
Dec 15, 2024 5:04:38 AM domain.plants.ECIPlant generateSun
INFO: sol generado
Dec 15, 2024 5:04:38 AM domain.Game addPlant
INFO: Intentando añadir una planta: potatomine en (7, 0)
Dec 15, 2024 5:04:38 AM domain.Game addPlant
INFO: Planta añadida exitosamente: potatomine en (7, 0)
Dec 15, 2024 5:04:38 AM domain.Game addPlant
INFO: Intentando añadir una planta: potatomine en (7, 3)
Dec 15, 2024 5:04:38 AM domain.Game addPlant
INFO: Planta añadida exitosamente: potatomine en (7, 3)
Dec 15, 2024 5:04:38 AM domain.Game addPlant
INFO: Intentando añadir una planta: potatomine en (7, 4)
Dec 15, 2024 5:04:38 AM domain.Game addPlant
INFO: Planta añadida exitosamente: potatomine en (7, 4)
Dec 15, 2024 5:04:38 AM domain.plants.Sunflower generateSun
INFO: sol generado
Dec 15, 2024 5:04:39 AM domain.Game addZombie
INFO: Intentando añadir un zombie: conehead en (9, 0)
Dec 15, 2024 5:04:39 AM domain.Game addZombie
INFO: Zombie añadido exitosamente: conehead en (9, 0)
Dec 15, 2024 5:04:39 AM domain.plants.ECIPlant generateSun
INFO: sol generado
Dec 15, 2024 5:04:39 AM domain.plants.ECIPlant generateSun
INFO: sol generado
Dec 15, 2024 5:04:39 AM domain.Game addPlant
INFO: Intentando añadir una planta: potatomine en (7, 0)
Dec 15, 2024 5:04:39 AM domain.Game addPlant
SEVERE: Error al añadir planta: Cannot add the unit because there is already a unit in the cell
Dec 15, 2024 5:04:40 AM domain.Game addZombie
INFO: Intentando añadir un zombie: conehead en (9, 0)
Dec 15, 2024 5:04:40 AM domain.Game addZombie
INFO: Zombie añadido exitosamente: conehead en (9, 0)
Dec 15, 2024 5:04:40 AM domain.Game addPlant
INFO: Intentando añadir una planta: eciplant en (1, 0)
Dec 15, 2024 5:04:40 AM domain.Game addPlant
SEVERE: Error al añadir planta: Cannot add the unit because there is already a unit in the cell
Dec 15, 2024 5:04:40 AM domain.plants.Sunflower generateSun
INFO: sol generado
Dec 15, 2024 5:04:40 AM domain.plants.Sunflower generateSun
INFO: sol generado
Dec 15, 2024 5:04:40 AM domain.plants.Sunflower generateSun
INFO: sol generado
Dec 15, 2024 5:04:41 AM domain.Game addZombie
INFO: Intentando añadir un zombie: brainstein en (10, 0)
Dec 15, 2024 5:04:41 AM domain.Game addZombie
INFO: Zombie añadido exitosamente: brainstein en (10, 0)
Dec 15, 2024 5:04:41 AM domain.plants.Sunflower generateSun
INFO: sol generado
Dec 15, 2024 5:04:41 AM domain.plants.ECIPlant generateSun
INFO: sol generado
Dec 15, 2024 5:04:41 AM domain.plants.Sunflower generateSun
INFO: sol generado
Dec 15, 2024 5:04:42 AM domain.Game addZombie
INFO: Intentando añadir un zombie: conehead en (9, 0)
Dec 15, 2024 5:04:42 AM domain.Game addZombie
INFO: Zombie añadido exitosamente: conehead en (9, 0)
Dec 15, 2024 5:04:42 AM domain.plants.ECIPlant generateSun
INFO: sol generado
Dec 15, 2024 5:04:42 AM domain.plants.ECIPlant generateSun
INFO: sol generado
Dec 15, 2024 5:04:42 AM domain.Game addPlant
INFO: Intentando añadir una planta: potatomine en (6, 0)
Dec 15, 2024 5:04:42 AM domain.Game addPlant
SEVERE: Error al añadir planta: Cannot add the unit because there is already a unit in the cell
Dec 15, 2024 5:04:43 AM domain.Game addZombie
INFO: Intentando añadir un zombie: basic en (9, 0)
Dec 15, 2024 5:04:43 AM domain.Game addZombie
INFO: Zombie añadido exitosamente: basic en (9, 0)
Dec 15, 2024 5:04:43 AM domain.plants.Sunflower generateSun
INFO: sol generado
Dec 15, 2024 5:04:43 AM domain.plants.Sunflower generateSun
INFO: sol generado
Dec 15, 2024 5:04:43 AM domain.plants.Sunflower generateSun
INFO: sol generado
Dec 15, 2024 5:04:44 AM domain.Game addZombie
INFO: Intentando añadir un zombie: basic en (9, 0)
Dec 15, 2024 5:04:44 AM domain.Game addZombie
INFO: Zombie añadido exitosamente: basic en (9, 0)
Dec 15, 2024 5:04:44 AM domain.plants.Sunflower generateSun
INFO: sol generado
Dec 15, 2024 5:04:44 AM domain.plants.ECIPlant generateSun
INFO: sol generado
Dec 15, 2024 5:04:44 AM domain.plants.Sunflower generateSun
INFO: sol generado
Dec 15, 2024 5:04:45 AM domain.Game addZombie
INFO: Intentando añadir un zombie: brainstein en (10, 0)
Dec 15, 2024 5:04:45 AM domain.Game addZombie
INFO: Zombie añadido exitosamente: brainstein en (10, 0)
Dec 15, 2024 5:04:45 AM domain.plants.ECIPlant generateSun
INFO: sol generado
Dec 15, 2024 5:04:45 AM domain.plants.ECIPlant generateSun
INFO: sol generado
Dec 15, 2024 5:04:45 AM domain.Game addPlant
INFO: Intentando añadir una planta: potatomine en (7, 0)
Dec 15, 2024 5:04:45 AM domain.Game addPlant
SEVERE: Error al añadir planta: Cannot add the unit because there is already a unit in the cell
Dec 15, 2024 5:04:46 AM domain.Game addZombie
INFO: Intentando añadir un zombie: buckethead en (9, 0)
Dec 15, 2024 5:04:46 AM domain.Game addZombie
INFO: Zombie añadido exitosamente: buckethead en (9, 0)
Dec 15, 2024 5:04:46 AM domain.plants.Sunflower generateSun
INFO: sol generado
Dec 15, 2024 5:04:46 AM domain.plants.Sunflower generateSun
INFO: sol generado
Dec 15, 2024 5:04:46 AM domain.plants.Sunflower generateSun
INFO: sol generado
]]></system-err>
  </testcase>
  <testcase name="shouldNotRemoveSun" classname="GameTest" time="0.003">
    <system-out><![CDATA[[domain.players.Human@14dda234, domain.players.Human@3f390d63]
]]></system-out>
  </testcase>
  <testcase name="shouldNotGameOver" classname="GameTest" time="8.004">
    <system-out><![CDATA[[domain.players.Human@5a411614, domain.players.Human@2374d36a]

Activated!
Activated!
Activated!

POW :D


]]></system-out>
    <system-err><![CDATA[Dec 15, 2024 5:04:46 AM domain.Game addZombie
INFO: Intentando añadir un zombie: basic en (10, 2)
Dec 15, 2024 5:04:46 AM domain.Game addZombie
INFO: Zombie añadido exitosamente: basic en (10, 2)
Dec 15, 2024 5:04:47 AM domain.Game addZombie
INFO: Intentando añadir un zombie: buckethead en (9, 0)
Dec 15, 2024 5:04:47 AM domain.Game addZombie
INFO: Zombie añadido exitosamente: buckethead en (9, 0)
Dec 15, 2024 5:04:47 AM domain.plants.Sunflower generateSun
INFO: sol generado
Dec 15, 2024 5:04:47 AM domain.plants.ECIPlant generateSun
INFO: sol generado
Dec 15, 2024 5:04:47 AM domain.Game addPlant
INFO: Intentando añadir una planta: wallnut en (5, 1)
Dec 15, 2024 5:04:47 AM domain.Game addPlant
INFO: Planta añadida exitosamente: wallnut en (5, 1)
Dec 15, 2024 5:04:47 AM domain.Game addPlant
INFO: Intentando añadir una planta: wallnut en (5, 2)
Dec 15, 2024 5:04:47 AM domain.Game addPlant
INFO: Planta añadida exitosamente: wallnut en (5, 2)
Dec 15, 2024 5:04:47 AM domain.Game addPlant
INFO: Intentando añadir una planta: wallnut en (5, 3)
Dec 15, 2024 5:04:47 AM domain.Game addPlant
INFO: Planta añadida exitosamente: wallnut en (5, 3)
Dec 15, 2024 5:04:47 AM domain.Game addPlant
INFO: Intentando añadir una planta: wallnut en (5, 4)
Dec 15, 2024 5:04:47 AM domain.Game addPlant
INFO: Planta añadida exitosamente: wallnut en (5, 4)
Dec 15, 2024 5:04:48 AM domain.plants.Sunflower generateSun
INFO: sol generado
Dec 15, 2024 5:04:48 AM domain.Game addZombie
INFO: Intentando añadir un zombie: buckethead en (9, 0)
Dec 15, 2024 5:04:48 AM domain.Game addZombie
INFO: Zombie añadido exitosamente: buckethead en (9, 0)
Dec 15, 2024 5:04:48 AM domain.plants.ECIPlant generateSun
INFO: sol generado
Dec 15, 2024 5:04:48 AM domain.plants.ECIPlant generateSun
INFO: sol generado
Dec 15, 2024 5:04:48 AM domain.Game addPlant
INFO: Intentando añadir una planta: potatomine en (6, 0)
Dec 15, 2024 5:04:48 AM domain.Game addPlant
SEVERE: Error al añadir planta: Cannot add the unit because there is already a unit in the cell
Dec 15, 2024 5:04:49 AM domain.Game addZombie
INFO: Intentando añadir un zombie: brainstein en (10, 0)
Dec 15, 2024 5:04:49 AM domain.Game addZombie
INFO: Zombie añadido exitosamente: brainstein en (10, 0)
Dec 15, 2024 5:04:49 AM domain.plants.Sunflower generateSun
INFO: sol generado
Dec 15, 2024 5:04:49 AM domain.plants.Sunflower generateSun
INFO: sol generado
Dec 15, 2024 5:04:49 AM domain.plants.Sunflower generateSun
INFO: sol generado
Dec 15, 2024 5:04:50 AM domain.Game addZombie
INFO: Intentando añadir un zombie: conehead en (9, 0)
Dec 15, 2024 5:04:50 AM domain.Game addZombie
INFO: Zombie añadido exitosamente: conehead en (9, 0)
Dec 15, 2024 5:04:50 AM domain.plants.Sunflower generateSun
INFO: sol generado
Dec 15, 2024 5:04:50 AM domain.plants.ECIPlant generateSun
INFO: sol generado
Dec 15, 2024 5:04:50 AM domain.Game addZombie
INFO: Intentando añadir un zombie: basic en (10, 2)
Dec 15, 2024 5:04:50 AM domain.Game addZombie
INFO: Zombie añadido exitosamente: basic en (10, 2)
Dec 15, 2024 5:04:51 AM domain.plants.Sunflower generateSun
INFO: sol generado
Dec 15, 2024 5:04:51 AM domain.Game addZombie
INFO: Intentando añadir un zombie: buckethead en (9, 0)
Dec 15, 2024 5:04:51 AM domain.Game addZombie
INFO: Zombie añadido exitosamente: buckethead en (9, 0)
Dec 15, 2024 5:04:51 AM domain.plants.ECIPlant generateSun
INFO: sol generado
Dec 15, 2024 5:04:51 AM domain.plants.ECIPlant generateSun
INFO: sol generado
Dec 15, 2024 5:04:52 AM domain.Game addZombie
INFO: Intentando añadir un zombie: conehead en (9, 0)
Dec 15, 2024 5:04:52 AM domain.Game addZombie
INFO: Zombie añadido exitosamente: conehead en (9, 0)
Dec 15, 2024 5:04:52 AM domain.Game addPlant
INFO: Intentando añadir una planta: eciplant en (1, 0)
Dec 15, 2024 5:04:52 AM domain.Game addPlant
SEVERE: Error al añadir planta: Cannot add the unit because there is already a unit in the cell
Dec 15, 2024 5:04:52 AM domain.Game deleteUnit
INFO: Unidad eliminada exitosamente en la posición (2, 2)
Dec 15, 2024 5:04:52 AM domain.plants.Sunflower generateSun
INFO: sol generado
Dec 15, 2024 5:04:52 AM domain.plants.Sunflower generateSun
INFO: sol generado
Dec 15, 2024 5:04:52 AM domain.plants.Sunflower generateSun
INFO: sol generado
Dec 15, 2024 5:04:53 AM domain.plants.Sunflower generateSun
INFO: sol generado
Dec 15, 2024 5:04:53 AM domain.Game addZombie
INFO: Intentando añadir un zombie: brainstein en (10, 0)
Dec 15, 2024 5:04:53 AM domain.Game addZombie
INFO: Zombie añadido exitosamente: brainstein en (10, 0)
Dec 15, 2024 5:04:53 AM domain.plants.ECIPlant generateSun
INFO: sol generado
Dec 15, 2024 5:04:53 AM domain.Game addPlant
INFO: Intentando añadir una planta: eciplant en (1, 0)
Dec 15, 2024 5:04:53 AM domain.Game addPlant
SEVERE: Error al añadir planta: Cannot add the unit because there is already a unit in the cell
Dec 15, 2024 5:04:54 AM domain.plants.Sunflower generateSun
INFO: sol generado
Dec 15, 2024 5:04:54 AM domain.Game addZombie
INFO: Intentando añadir un zombie: buckethead en (9, 0)
Dec 15, 2024 5:04:54 AM domain.Game addZombie
INFO: Zombie añadido exitosamente: buckethead en (9, 0)
Dec 15, 2024 5:04:54 AM domain.plants.ECIPlant generateSun
INFO: sol generado
Dec 15, 2024 5:04:54 AM domain.plants.ECIPlant generateSun
INFO: sol generado
Dec 15, 2024 5:04:54 AM domain.Game addPlant
INFO: Intentando añadir una planta: eciplant en (1, 0)
Dec 15, 2024 5:04:54 AM domain.Game addPlant
SEVERE: Error al añadir planta: Cannot add the unit because there is already a unit in the cell
]]></system-err>
  </testcase>
  <testcase name="shouldGenerateEciplant" classname="GameTest" time="3.009">
    <system-out><![CDATA[[domain.players.Human@5286c33a, domain.players.Human@6e6d5d29]

]]></system-out>
    <system-err><![CDATA[Dec 15, 2024 5:04:55 AM domain.Game addPlant
INFO: Intentando añadir una planta: eciplant en (4, 2)
Dec 15, 2024 5:04:55 AM domain.Game addPlant
INFO: Planta añadida exitosamente: eciplant en (4, 2)
Dec 15, 2024 5:04:55 AM domain.plants.ECIPlant generateSun
INFO: sol generado
Dec 15, 2024 5:04:55 AM domain.Game addZombie
INFO: Intentando añadir un zombie: buckethead en (9, 0)
Dec 15, 2024 5:04:55 AM domain.Game addZombie
INFO: Zombie añadido exitosamente: buckethead en (9, 0)
Dec 15, 2024 5:04:55 AM domain.Game addPlant
INFO: Intentando añadir una planta: eciplant en (1, 0)
Dec 15, 2024 5:04:55 AM domain.Game addPlant
SEVERE: Error al añadir planta: Cannot add the unit because there is already a unit in the cell
Dec 15, 2024 5:04:55 AM domain.plants.Sunflower generateSun
INFO: sol generado
Dec 15, 2024 5:04:55 AM domain.plants.Sunflower generateSun
INFO: sol generado
Dec 15, 2024 5:04:55 AM domain.plants.Sunflower generateSun
INFO: sol generado
Dec 15, 2024 5:04:56 AM domain.plants.Sunflower generateSun
INFO: sol generado
Dec 15, 2024 5:04:56 AM domain.Game addZombie
INFO: Intentando añadir un zombie: basic en (9, 0)
Dec 15, 2024 5:04:56 AM domain.Game addZombie
INFO: Zombie añadido exitosamente: basic en (9, 0)
Dec 15, 2024 5:04:56 AM domain.plants.ECIPlant generateSun
INFO: sol generado
Dec 15, 2024 5:04:56 AM domain.Game addPlant
INFO: Intentando añadir una planta: potatomine en (6, 0)
Dec 15, 2024 5:04:56 AM domain.Game addPlant
INFO: Planta añadida exitosamente: potatomine en (6, 0)
Dec 15, 2024 5:04:57 AM domain.plants.Sunflower generateSun
INFO: sol generado
Dec 15, 2024 5:04:57 AM domain.Game addZombie
INFO: Intentando añadir un zombie: brainstein en (10, 0)
Dec 15, 2024 5:04:57 AM domain.Game addZombie
INFO: Zombie añadido exitosamente: brainstein en (10, 0)
Dec 15, 2024 5:04:57 AM domain.plants.ECIPlant generateSun
INFO: sol generado
Dec 15, 2024 5:04:57 AM domain.plants.ECIPlant generateSun
INFO: sol generado
]]></system-err>
  </testcase>
  <testcase name="shouldAddZombie" classname="GameTest" time="0.008">
    <system-out><![CDATA[[domain.players.Human@85e6769, domain.players.Human@c5ee75e]
]]></system-out>
    <system-err><![CDATA[Dec 15, 2024 5:04:58 AM domain.Game addZombie
INFO: Intentando añadir un zombie: basic en (10, 0)
Dec 15, 2024 5:04:58 AM domain.Game addZombie
INFO: Zombie añadido exitosamente: basic en (10, 0)
Dec 15, 2024 5:04:58 AM domain.Game addZombie
INFO: Intentando añadir un zombie: brainstein en (10, 1)
Dec 15, 2024 5:04:58 AM domain.Game addZombie
INFO: Zombie añadido exitosamente: brainstein en (10, 1)
Dec 15, 2024 5:04:58 AM domain.Game addZombie
INFO: Intentando añadir un zombie: buckethead en (10, 2)
Dec 15, 2024 5:04:58 AM domain.Game addZombie
INFO: Zombie añadido exitosamente: buckethead en (10, 2)
Dec 15, 2024 5:04:58 AM domain.Game addZombie
INFO: Intentando añadir un zombie: conehead en (10, 3)
Dec 15, 2024 5:04:58 AM domain.Game addZombie
INFO: Zombie añadido exitosamente: conehead en (10, 3)
Dec 15, 2024 5:04:58 AM domain.Game addZombie
INFO: Intentando añadir un zombie: ecizombie en (10, 4)
Dec 15, 2024 5:04:58 AM domain.Game addZombie
INFO: Zombie añadido exitosamente: ecizombie en (10, 4)
]]></system-err>
  </testcase>
  <testcase name="shouldNotDeletePlant" classname="GameTest" time="0.007">
    <system-out><![CDATA[[domain.players.Human@4e70a728, domain.players.Human@b7838a9]
]]></system-out>
    <system-err><![CDATA[Dec 15, 2024 5:04:58 AM domain.Game addZombie
INFO: Intentando añadir un zombie: basic en (9, 0)
Dec 15, 2024 5:04:58 AM domain.Game addZombie
INFO: Zombie añadido exitosamente: basic en (9, 0)
Dec 15, 2024 5:04:58 AM domain.Game addPlant
INFO: Intentando añadir una planta: wallnut en (4, 2)
Dec 15, 2024 5:04:58 AM domain.Game addPlant
INFO: Planta añadida exitosamente: wallnut en (4, 2)
Dec 15, 2024 5:04:58 AM domain.Game addPlant
INFO: Intentando añadir una planta: sunflower en (3, 2)
Dec 15, 2024 5:04:58 AM domain.Game addPlant
INFO: Planta añadida exitosamente: sunflower en (3, 2)
Dec 15, 2024 5:04:58 AM domain.plants.Sunflower generateSun
INFO: sol generado
Dec 15, 2024 5:04:58 AM domain.Game addPlant
INFO: Intentando añadir una planta: eciplant en (2, 2)
Dec 15, 2024 5:04:58 AM domain.Game addPlant
INFO: Planta añadida exitosamente: eciplant en (2, 2)
Dec 15, 2024 5:04:58 AM domain.plants.ECIPlant generateSun
INFO: sol generado
Dec 15, 2024 5:04:58 AM domain.Game addPlant
INFO: Intentando añadir una planta: potatomine en (5, 2)
Dec 15, 2024 5:04:58 AM domain.Game addPlant
INFO: Planta añadida exitosamente: potatomine en (5, 2)
Dec 15, 2024 5:04:58 AM domain.Game addPlant
INFO: Intentando añadir una planta: peashooter en (6, 2)
Dec 15, 2024 5:04:58 AM domain.Game addPlant
INFO: Planta añadida exitosamente: peashooter en (6, 2)
]]></system-err>
  </testcase>
  <testcase name="shouldDeletePlant" classname="GameTest" time="0.006">
    <system-out><![CDATA[[domain.players.Human@7ce97ee5, domain.players.Human@32c8e539]
]]></system-out>
    <system-err><![CDATA[Dec 15, 2024 5:04:58 AM domain.Game addPlant
INFO: Intentando añadir una planta: wallnut en (4, 2)
Dec 15, 2024 5:04:58 AM domain.Game addPlant
INFO: Planta añadida exitosamente: wallnut en (4, 2)
Dec 15, 2024 5:04:58 AM domain.Game addPlant
INFO: Intentando añadir una planta: sunflower en (3, 2)
Dec 15, 2024 5:04:58 AM domain.Game addPlant
INFO: Planta añadida exitosamente: sunflower en (3, 2)
Dec 15, 2024 5:04:58 AM domain.plants.Sunflower generateSun
INFO: sol generado
Dec 15, 2024 5:04:58 AM domain.Game addPlant
INFO: Intentando añadir una planta: eciplant en (2, 2)
Dec 15, 2024 5:04:58 AM domain.Game addPlant
INFO: Planta añadida exitosamente: eciplant en (2, 2)
Dec 15, 2024 5:04:58 AM domain.plants.ECIPlant generateSun
INFO: sol generado
Dec 15, 2024 5:04:58 AM domain.Game addPlant
INFO: Intentando añadir una planta: potatomine en (5, 2)
Dec 15, 2024 5:04:58 AM domain.Game addPlant
INFO: Planta añadida exitosamente: potatomine en (5, 2)
Dec 15, 2024 5:04:58 AM domain.Game addPlant
INFO: Intentando añadir una planta: peashooter en (6, 2)
Dec 15, 2024 5:04:58 AM domain.Game addPlant
INFO: Planta añadida exitosamente: peashooter en (6, 2)
Dec 15, 2024 5:04:58 AM domain.Game deleteUnit
INFO: Unidad eliminada exitosamente en la posición (4, 2)
Dec 15, 2024 5:04:58 AM domain.Game deleteUnit
INFO: Unidad eliminada exitosamente en la posición (3, 2)
Dec 15, 2024 5:04:58 AM domain.Game deleteUnit
INFO: Unidad eliminada exitosamente en la posición (2, 2)
Dec 15, 2024 5:04:58 AM domain.Game deleteUnit
INFO: Unidad eliminada exitosamente en la posición (5, 2)
Dec 15, 2024 5:04:58 AM domain.Game deleteUnit
INFO: Unidad eliminada exitosamente en la posición (6, 2)
]]></system-err>
  </testcase>
  <testcase name="shouldAddMachineEasy" classname="GameTest" time="8.003">
    <system-out><![CDATA[[domain.players.Human@1951b871, domain.players.ZombiesOriginal@5c18016b]
Error to put zombie: Not enough brains to buy the plant

Error to put zombie: Not enough brains to buy the plant
Error to put zombie: Not enough brains to buy the plant

Error to put zombie: Not enough brains to buy the plant


]]></system-out>
    <system-err><![CDATA[Dec 15, 2024 5:04:58 AM domain.Game addPlant
INFO: Intentando añadir una planta: potatomine en (7, 0)
Dec 15, 2024 5:04:58 AM domain.Game addPlant
INFO: Planta añadida exitosamente: potatomine en (7, 0)
Dec 15, 2024 5:04:58 AM domain.plants.Sunflower generateSun
INFO: sol generado
Dec 15, 2024 5:04:58 AM domain.plants.Sunflower generateSun
INFO: sol generado
Dec 15, 2024 5:04:58 AM domain.plants.Sunflower generateSun
INFO: sol generado
Dec 15, 2024 5:04:59 AM domain.plants.Sunflower generateSun
INFO: sol generado
Dec 15, 2024 5:04:59 AM domain.Game addZombie
INFO: Intentando añadir un zombie: basic en (9, 0)
Dec 15, 2024 5:04:59 AM domain.Game addZombie
INFO: Zombie añadido exitosamente: basic en (9, 0)
Dec 15, 2024 5:04:59 AM domain.Game addZombie
INFO: Intentando añadir un zombie: brainstein en (10, 0)
Dec 15, 2024 5:04:59 AM domain.Game addZombie
INFO: Zombie añadido exitosamente: brainstein en (10, 0)
Dec 15, 2024 5:04:59 AM domain.plants.ECIPlant generateSun
INFO: sol generado
Dec 15, 2024 5:05:00 AM domain.plants.Sunflower generateSun
INFO: sol generado
Dec 15, 2024 5:05:00 AM domain.Game addZombie
INFO: Intentando añadir un zombie: buckethead en (9, 0)
Dec 15, 2024 5:05:00 AM domain.Game addZombie
INFO: Zombie añadido exitosamente: buckethead en (9, 0)
Dec 15, 2024 5:05:00 AM domain.plants.ECIPlant generateSun
INFO: sol generado
Dec 15, 2024 5:05:00 AM domain.plants.ECIPlant generateSun
INFO: sol generado
Dec 15, 2024 5:05:00 AM domain.Game addZombie
INFO: Intentando añadir un zombie: basic en (10, 3)
Dec 15, 2024 5:05:00 AM domain.Game addZombie
WARNING: No hay suficientes cerebros para añadir el zombie: basic
Dec 15, 2024 5:05:00 AM domain.Game addZombie
SEVERE: Error al añadir zombie: Not enough brains to buy the plant
Dec 15, 2024 5:05:00 AM domain.Game addPlant
INFO: Intentando añadir una planta: eciplant en (1, 0)
Dec 15, 2024 5:05:00 AM domain.Game addPlant
SEVERE: Error al añadir planta: Cannot add the unit because there is already a unit in the cell
Dec 15, 2024 5:05:01 AM domain.Game addZombie
INFO: Intentando añadir un zombie: brainstein en (10, 0)
Dec 15, 2024 5:05:01 AM domain.Game addZombie
INFO: Zombie añadido exitosamente: brainstein en (10, 0)
Dec 15, 2024 5:05:01 AM domain.plants.Sunflower generateSun
INFO: sol generado
Dec 15, 2024 5:05:01 AM domain.plants.ECIPlant generateSun
INFO: sol generado
Dec 15, 2024 5:05:01 AM domain.plants.Sunflower generateSun
INFO: sol generado
Dec 15, 2024 5:05:01 AM domain.plants.ECIPlant generateSun
INFO: sol generado
Dec 15, 2024 5:05:01 AM domain.Game addZombie
INFO: Intentando añadir un zombie: brainstein en (10, 4)
Dec 15, 2024 5:05:01 AM domain.Game addZombie
WARNING: No hay suficientes cerebros para añadir el zombie: brainstein
Dec 15, 2024 5:05:01 AM domain.Game addZombie
SEVERE: Error al añadir zombie: Not enough brains to buy the plant
Dec 15, 2024 5:05:01 AM domain.plants.Sunflower generateSun
INFO: sol generado
Dec 15, 2024 5:05:01 AM domain.plants.Sunflower generateSun
INFO: sol generado
Dec 15, 2024 5:05:01 AM domain.plants.Sunflower generateSun
INFO: sol generado
Dec 15, 2024 5:05:02 AM domain.plants.Sunflower generateSun
INFO: sol generado
Dec 15, 2024 5:05:02 AM domain.Game addZombie
INFO: Intentando añadir un zombie: buckethead en (9, 0)
Dec 15, 2024 5:05:02 AM domain.Game addZombie
INFO: Zombie añadido exitosamente: buckethead en (9, 0)
Dec 15, 2024 5:05:02 AM domain.Game addZombie
INFO: Intentando añadir un zombie: buckethead en (9, 0)
Dec 15, 2024 5:05:02 AM domain.Game addZombie
WARNING: No hay suficientes cerebros para añadir el zombie: buckethead
Dec 15, 2024 5:05:02 AM domain.Game addZombie
SEVERE: Error al añadir zombie: Not enough brains to buy the plant
Dec 15, 2024 5:05:02 AM domain.plants.ECIPlant generateSun
INFO: sol generado
Dec 15, 2024 5:05:02 AM domain.Game addPlant
INFO: Intentando añadir una planta: potatomine en (6, 0)
Dec 15, 2024 5:05:02 AM domain.Game addPlant
SEVERE: Error al añadir planta: Cannot add the unit because there is already a unit in the cell
Dec 15, 2024 5:05:03 AM domain.plants.Sunflower generateSun
INFO: sol generado
Dec 15, 2024 5:05:03 AM domain.Game addZombie
INFO: Intentando añadir un zombie: buckethead en (9, 0)
Dec 15, 2024 5:05:03 AM domain.Game addZombie
INFO: Zombie añadido exitosamente: buckethead en (9, 0)
Dec 15, 2024 5:05:03 AM domain.plants.ECIPlant generateSun
INFO: sol generado
Dec 15, 2024 5:05:03 AM domain.plants.ECIPlant generateSun
INFO: sol generado
Dec 15, 2024 5:05:03 AM domain.Game addZombie
INFO: Intentando añadir un zombie: brainstein en (9, 2)
Dec 15, 2024 5:05:03 AM domain.Game addZombie
WARNING: No hay suficientes cerebros para añadir el zombie: brainstein
Dec 15, 2024 5:05:03 AM domain.Game addZombie
SEVERE: Error al añadir zombie: Not enough brains to buy the plant
Dec 15, 2024 5:05:03 AM domain.Game addPlant
INFO: Intentando añadir una planta: eciplant en (1, 0)
Dec 15, 2024 5:05:03 AM domain.Game addPlant
SEVERE: Error al añadir planta: Cannot add the unit because there is already a unit in the cell
Dec 15, 2024 5:05:04 AM domain.plants.Sunflower generateSun
INFO: sol generado
Dec 15, 2024 5:05:04 AM domain.plants.ECIPlant generateSun
INFO: sol generado
Dec 15, 2024 5:05:04 AM domain.Game addZombie
INFO: Intentando añadir un zombie: buckethead en (9, 0)
Dec 15, 2024 5:05:04 AM domain.Game addZombie
INFO: Zombie añadido exitosamente: buckethead en (9, 0)
Dec 15, 2024 5:05:04 AM domain.plants.Sunflower generateSun
INFO: sol generado
Dec 15, 2024 5:05:04 AM domain.plants.ECIPlant generateSun
INFO: sol generado
Dec 15, 2024 5:05:04 AM domain.Game addZombie
INFO: Intentando añadir un zombie: basic en (9, 2)
Dec 15, 2024 5:05:04 AM domain.Game addZombie
INFO: Zombie añadido exitosamente: basic en (9, 2)
Dec 15, 2024 5:05:04 AM domain.plants.Sunflower generateSun
INFO: sol generado
Dec 15, 2024 5:05:04 AM domain.plants.Sunflower generateSun
INFO: sol generado
Dec 15, 2024 5:05:04 AM domain.plants.Sunflower generateSun
INFO: sol generado
Dec 15, 2024 5:05:05 AM domain.plants.Sunflower generateSun
INFO: sol generado
Dec 15, 2024 5:05:05 AM domain.Game addZombie
INFO: Intentando añadir un zombie: brainstein en (10, 0)
Dec 15, 2024 5:05:05 AM domain.Game addZombie
INFO: Zombie añadido exitosamente: brainstein en (10, 0)
Dec 15, 2024 5:05:05 AM domain.Game addZombie
INFO: Intentando añadir un zombie: basic en (9, 4)
Dec 15, 2024 5:05:05 AM domain.Game addZombie
INFO: Zombie añadido exitosamente: basic en (9, 4)
Dec 15, 2024 5:05:05 AM domain.plants.ECIPlant generateSun
INFO: sol generado
Dec 15, 2024 5:05:05 AM domain.Game addPlant
INFO: Intentando añadir una planta: eciplant en (1, 0)
Dec 15, 2024 5:05:05 AM domain.Game addPlant
SEVERE: Error al añadir planta: Cannot add the unit because there is already a unit in the cell
Dec 15, 2024 5:05:06 AM domain.plants.Sunflower generateSun
INFO: sol generado
Dec 15, 2024 5:05:06 AM domain.Game addZombie
INFO: Intentando añadir un zombie: conehead en (9, 0)
Dec 15, 2024 5:05:06 AM domain.Game addZombie
INFO: Zombie añadido exitosamente: conehead en (9, 0)
Dec 15, 2024 5:05:06 AM domain.plants.ECIPlant generateSun
INFO: sol generado
Dec 15, 2024 5:05:06 AM domain.plants.ECIPlant generateSun
INFO: sol generado
]]></system-err>
  </testcase>
  <testcase name="shouldNotAddBrain" classname="GameTest" time="0.002">
    <system-out><![CDATA[[domain.players.Human@57ac5227, domain.players.Human@4ba302e0]
]]></system-out>
  </testcase>
  <testcase name="shouldNotAddPlant" classname="GameTest" time="0.004">
    <system-out><![CDATA[[domain.players.Human@2f6e28bc, domain.players.Human@7c098bb3]
Error to put zombie: Not enough brains to buy the plant
]]></system-out>
    <system-err><![CDATA[Dec 15, 2024 5:05:06 AM domain.Game addZombie
INFO: Intentando añadir un zombie: conehead en (9, 2)
Dec 15, 2024 5:05:06 AM domain.Game addZombie
WARNING: No hay suficientes cerebros para añadir el zombie: conehead
Dec 15, 2024 5:05:06 AM domain.Game addPlant
INFO: Intentando añadir una planta: wallnut en (4, 2)
Dec 15, 2024 5:05:06 AM domain.Game addZombie
SEVERE: Error al añadir zombie: Not enough brains to buy the plant
Dec 15, 2024 5:05:06 AM domain.Game addPlant
INFO: Planta añadida exitosamente: wallnut en (4, 2)
Dec 15, 2024 5:05:06 AM domain.Game addPlant
INFO: Intentando añadir una planta: sunflower en (0, 2)
Dec 15, 2024 5:05:06 AM domain.Game addPlant
WARNING: Posición inválida para la planta: (0, 2)
Dec 15, 2024 5:05:06 AM domain.Game addPlant
SEVERE: Error al añadir planta: Given position is out of range for the plant
]]></system-err>
  </testcase>
  <testcase name="shouldLoad" classname="GameTest" time="0.012">
    <system-out><![CDATA[[domain.players.Human@463b4ac8, domain.players.Human@765f05af]
]]></system-out>
    <system-err><![CDATA[java.io.WriteAbortedException: writing aborted; java.io.NotSerializableException: domain.Game
	at java.base/java.io.ObjectInputStream.readObject0(ObjectInputStream.java:1757)
	at java.base/java.io.ObjectInputStream.readObject(ObjectInputStream.java:528)
	at java.base/java.io.ObjectInputStream.readObject(ObjectInputStream.java:486)
	at domain.Game.open(Game.java:425)
	at GameTest.lambda$shouldLoad$21(GameTest.java:569)
	at org.junit.jupiter.api.AssertThrows.assertThrows(AssertThrows.java:55)
	at org.junit.jupiter.api.AssertThrows.assertThrows(AssertThrows.java:37)
	at org.junit.jupiter.api.Assertions.assertThrows(Assertions.java:3082)
	at GameTest.shouldLoad(GameTest.java:567)
	at java.base/jdk.internal.reflect.DirectMethodHandleAccessor.invoke(DirectMethodHandleAccessor.java:103)
	at java.base/java.lang.reflect.Method.invoke(Method.java:580)
	at org.junit.platform.commons.util.ReflectionUtils.invokeMethod(ReflectionUtils.java:725)
	at org.junit.jupiter.engine.execution.MethodInvocation.proceed(MethodInvocation.java:60)
	at org.junit.jupiter.engine.execution.InvocationInterceptorChain$ValidatingInvocation.proceed(InvocationInterceptorChain.java:131)
	at org.junit.jupiter.engine.extension.TimeoutExtension.intercept(TimeoutExtension.java:149)
	at org.junit.jupiter.engine.extension.TimeoutExtension.interceptTestableMethod(TimeoutExtension.java:140)
	at org.junit.jupiter.engine.extension.TimeoutExtension.interceptTestMethod(TimeoutExtension.java:84)
	at org.junit.jupiter.engine.execution.ExecutableInvoker$ReflectiveInterceptorCall.lambda$ofVoidMethod$0(ExecutableInvoker.java:115)
	at org.junit.jupiter.engine.execution.ExecutableInvoker.lambda$invoke$0(ExecutableInvoker.java:105)
	at org.junit.jupiter.engine.execution.InvocationInterceptorChain$InterceptedInvocation.proceed(InvocationInterceptorChain.java:106)
	at org.junit.jupiter.engine.execution.InvocationInterceptorChain.proceed(InvocationInterceptorChain.java:64)
	at org.junit.jupiter.engine.execution.InvocationInterceptorChain.chainAndInvoke(InvocationInterceptorChain.java:45)
	at org.junit.jupiter.engine.execution.InvocationInterceptorChain.invoke(InvocationInterceptorChain.java:37)
	at org.junit.jupiter.engine.execution.ExecutableInvoker.invoke(ExecutableInvoker.java:104)
	at org.junit.jupiter.engine.execution.ExecutableInvoker.invoke(ExecutableInvoker.java:98)
	at org.junit.jupiter.engine.descriptor.TestMethodTestDescriptor.lambda$invokeTestMethod$7(TestMethodTestDescriptor.java:214)
	at org.junit.platform.engine.support.hierarchical.ThrowableCollector.execute(ThrowableCollector.java:73)
	at org.junit.jupiter.engine.descriptor.TestMethodTestDescriptor.invokeTestMethod(TestMethodTestDescriptor.java:210)
	at org.junit.jupiter.engine.descriptor.TestMethodTestDescriptor.execute(TestMethodTestDescriptor.java:135)
	at org.junit.jupiter.engine.descriptor.TestMethodTestDescriptor.execute(TestMethodTestDescriptor.java:66)
	at org.junit.platform.engine.support.hierarchical.NodeTestTask.lambda$executeRecursively$6(NodeTestTask.java:151)
	at org.junit.platform.engine.support.hierarchical.ThrowableCollector.execute(ThrowableCollector.java:73)
	at org.junit.platform.engine.support.hierarchical.NodeTestTask.lambda$executeRecursively$8(NodeTestTask.java:141)
	at org.junit.platform.engine.support.hierarchical.Node.around(Node.java:137)
	at org.junit.platform.engine.support.hierarchical.NodeTestTask.lambda$executeRecursively$9(NodeTestTask.java:139)
	at org.junit.platform.engine.support.hierarchical.ThrowableCollector.execute(ThrowableCollector.java:73)
	at org.junit.platform.engine.support.hierarchical.NodeTestTask.executeRecursively(NodeTestTask.java:138)
	at org.junit.platform.engine.support.hierarchical.NodeTestTask.execute(NodeTestTask.java:95)
	at java.base/java.util.ArrayList.forEach(ArrayList.java:1597)
	at org.junit.platform.engine.support.hierarchical.SameThreadHierarchicalTestExecutorService.invokeAll(SameThreadHierarchicalTestExecutorService.java:41)
	at org.junit.platform.engine.support.hierarchical.NodeTestTask.lambda$executeRecursively$6(NodeTestTask.java:155)
	at org.junit.platform.engine.support.hierarchical.ThrowableCollector.execute(ThrowableCollector.java:73)
	at org.junit.platform.engine.support.hierarchical.NodeTestTask.lambda$executeRecursively$8(NodeTestTask.java:141)
	at org.junit.platform.engine.support.hierarchical.Node.around(Node.java:137)
	at org.junit.platform.engine.support.hierarchical.NodeTestTask.lambda$executeRecursively$9(NodeTestTask.java:139)
	at org.junit.platform.engine.support.hierarchical.ThrowableCollector.execute(ThrowableCollector.java:73)
	at org.junit.platform.engine.support.hierarchical.NodeTestTask.executeRecursively(NodeTestTask.java:138)
	at org.junit.platform.engine.support.hierarchical.NodeTestTask.execute(NodeTestTask.java:95)
	at java.base/java.util.ArrayList.forEach(ArrayList.java:1597)
	at org.junit.platform.engine.support.hierarchical.SameThreadHierarchicalTestExecutorService.invokeAll(SameThreadHierarchicalTestExecutorService.java:41)
	at org.junit.platform.engine.support.hierarchical.NodeTestTask.lambda$executeRecursively$6(NodeTestTask.java:155)
	at org.junit.platform.engine.support.hierarchical.ThrowableCollector.execute(ThrowableCollector.java:73)
	at org.junit.platform.engine.support.hierarchical.NodeTestTask.lambda$executeRecursively$8(NodeTestTask.java:141)
	at org.junit.platform.engine.support.hierarchical.Node.around(Node.java:137)
	at org.junit.platform.engine.support.hierarchical.NodeTestTask.lambda$executeRecursively$9(NodeTestTask.java:139)
	at org.junit.platform.engine.support.hierarchical.ThrowableCollector.execute(ThrowableCollector.java:73)
	at org.junit.platform.engine.support.hierarchical.NodeTestTask.executeRecursively(NodeTestTask.java:138)
	at org.junit.platform.engine.support.hierarchical.NodeTestTask.execute(NodeTestTask.java:95)
	at org.junit.platform.engine.support.hierarchical.SameThreadHierarchicalTestExecutorService.submit(SameThreadHierarchicalTestExecutorService.java:35)
	at org.junit.platform.engine.support.hierarchical.HierarchicalTestExecutor.execute(HierarchicalTestExecutor.java:57)
	at org.junit.platform.engine.support.hierarchical.HierarchicalTestEngine.execute(HierarchicalTestEngine.java:54)
	at org.junit.platform.launcher.core.EngineExecutionOrchestrator.execute(EngineExecutionOrchestrator.java:107)
	at org.junit.platform.launcher.core.EngineExecutionOrchestrator.execute(EngineExecutionOrchestrator.java:88)
	at org.junit.platform.launcher.core.EngineExecutionOrchestrator.lambda$execute$0(EngineExecutionOrchestrator.java:54)
	at org.junit.platform.launcher.core.EngineExecutionOrchestrator.withInterceptedStreams(EngineExecutionOrchestrator.java:67)
	at org.junit.platform.launcher.core.EngineExecutionOrchestrator.execute(EngineExecutionOrchestrator.java:52)
	at org.junit.platform.launcher.core.DefaultLauncher.execute(DefaultLauncher.java:114)
	at org.junit.platform.launcher.core.DefaultLauncher.execute(DefaultLauncher.java:86)
	at org.junit.platform.launcher.core.DefaultLauncherSession$DelegatingLauncher.execute(DefaultLauncherSession.java:86)
	at org.apache.maven.surefire.junitplatform.LazyLauncher.execute(LazyLauncher.java:56)
	at org.apache.maven.surefire.junitplatform.JUnitPlatformProvider.execute(JUnitPlatformProvider.java:184)
	at org.apache.maven.surefire.junitplatform.JUnitPlatformProvider.invokeAllTests(JUnitPlatformProvider.java:148)
	at org.apache.maven.surefire.junitplatform.JUnitPlatformProvider.invoke(JUnitPlatformProvider.java:122)
	at org.apache.maven.surefire.booter.ForkedBooter.runSuitesInProcess(ForkedBooter.java:385)
	at org.apache.maven.surefire.booter.ForkedBooter.execute(ForkedBooter.java:162)
	at org.apache.maven.surefire.booter.ForkedBooter.run(ForkedBooter.java:507)
	at org.apache.maven.surefire.booter.ForkedBooter.main(ForkedBooter.java:495)
Caused by: java.io.NotSerializableException: domain.Game
	at java.base/java.io.ObjectOutputStream.writeObject0(ObjectOutputStream.java:1201)
	at java.base/java.io.ObjectOutputStream.writeObject(ObjectOutputStream.java:359)
	at domain.Game.save(Game.java:400)
	at GameTest.lambda$shouldSave$20(GameTest.java:561)
	at org.junit.jupiter.api.AssertThrows.assertThrows(AssertThrows.java:55)
	at org.junit.jupiter.api.AssertThrows.assertThrows(AssertThrows.java:37)
	at org.junit.jupiter.api.Assertions.assertThrows(Assertions.java:3082)
	at GameTest.shouldSave(GameTest.java:559)
	... 68 more
]]></system-err>
  </testcase>
  <testcase name="shouldSave" classname="GameTest" time="0.02">
    <system-out><![CDATA[[domain.players.Human@17a87e37, domain.players.Human@3eeb318f]
]]></system-out>
    <system-err><![CDATA[java.io.NotSerializableException: domain.Game
	at java.base/java.io.ObjectOutputStream.writeObject0(ObjectOutputStream.java:1201)
	at java.base/java.io.ObjectOutputStream.writeObject(ObjectOutputStream.java:359)
	at domain.Game.save(Game.java:400)
	at GameTest.lambda$shouldSave$20(GameTest.java:561)
	at org.junit.jupiter.api.AssertThrows.assertThrows(AssertThrows.java:55)
	at org.junit.jupiter.api.AssertThrows.assertThrows(AssertThrows.java:37)
	at org.junit.jupiter.api.Assertions.assertThrows(Assertions.java:3082)
	at GameTest.shouldSave(GameTest.java:559)
	at java.base/jdk.internal.reflect.DirectMethodHandleAccessor.invoke(DirectMethodHandleAccessor.java:103)
	at java.base/java.lang.reflect.Method.invoke(Method.java:580)
	at org.junit.platform.commons.util.ReflectionUtils.invokeMethod(ReflectionUtils.java:725)
	at org.junit.jupiter.engine.execution.MethodInvocation.proceed(MethodInvocation.java:60)
	at org.junit.jupiter.engine.execution.InvocationInterceptorChain$ValidatingInvocation.proceed(InvocationInterceptorChain.java:131)
	at org.junit.jupiter.engine.extension.TimeoutExtension.intercept(TimeoutExtension.java:149)
	at org.junit.jupiter.engine.extension.TimeoutExtension.interceptTestableMethod(TimeoutExtension.java:140)
	at org.junit.jupiter.engine.extension.TimeoutExtension.interceptTestMethod(TimeoutExtension.java:84)
	at org.junit.jupiter.engine.execution.ExecutableInvoker$ReflectiveInterceptorCall.lambda$ofVoidMethod$0(ExecutableInvoker.java:115)
	at org.junit.jupiter.engine.execution.ExecutableInvoker.lambda$invoke$0(ExecutableInvoker.java:105)
	at org.junit.jupiter.engine.execution.InvocationInterceptorChain$InterceptedInvocation.proceed(InvocationInterceptorChain.java:106)
	at org.junit.jupiter.engine.execution.InvocationInterceptorChain.proceed(InvocationInterceptorChain.java:64)
	at org.junit.jupiter.engine.execution.InvocationInterceptorChain.chainAndInvoke(InvocationInterceptorChain.java:45)
	at org.junit.jupiter.engine.execution.InvocationInterceptorChain.invoke(InvocationInterceptorChain.java:37)
	at org.junit.jupiter.engine.execution.ExecutableInvoker.invoke(ExecutableInvoker.java:104)
	at org.junit.jupiter.engine.execution.ExecutableInvoker.invoke(ExecutableInvoker.java:98)
	at org.junit.jupiter.engine.descriptor.TestMethodTestDescriptor.lambda$invokeTestMethod$7(TestMethodTestDescriptor.java:214)
	at org.junit.platform.engine.support.hierarchical.ThrowableCollector.execute(ThrowableCollector.java:73)
	at org.junit.jupiter.engine.descriptor.TestMethodTestDescriptor.invokeTestMethod(TestMethodTestDescriptor.java:210)
	at org.junit.jupiter.engine.descriptor.TestMethodTestDescriptor.execute(TestMethodTestDescriptor.java:135)
	at org.junit.jupiter.engine.descriptor.TestMethodTestDescriptor.execute(TestMethodTestDescriptor.java:66)
	at org.junit.platform.engine.support.hierarchical.NodeTestTask.lambda$executeRecursively$6(NodeTestTask.java:151)
	at org.junit.platform.engine.support.hierarchical.ThrowableCollector.execute(ThrowableCollector.java:73)
	at org.junit.platform.engine.support.hierarchical.NodeTestTask.lambda$executeRecursively$8(NodeTestTask.java:141)
	at org.junit.platform.engine.support.hierarchical.Node.around(Node.java:137)
	at org.junit.platform.engine.support.hierarchical.NodeTestTask.lambda$executeRecursively$9(NodeTestTask.java:139)
	at org.junit.platform.engine.support.hierarchical.ThrowableCollector.execute(ThrowableCollector.java:73)
	at org.junit.platform.engine.support.hierarchical.NodeTestTask.executeRecursively(NodeTestTask.java:138)
	at org.junit.platform.engine.support.hierarchical.NodeTestTask.execute(NodeTestTask.java:95)
	at java.base/java.util.ArrayList.forEach(ArrayList.java:1597)
	at org.junit.platform.engine.support.hierarchical.SameThreadHierarchicalTestExecutorService.invokeAll(SameThreadHierarchicalTestExecutorService.java:41)
	at org.junit.platform.engine.support.hierarchical.NodeTestTask.lambda$executeRecursively$6(NodeTestTask.java:155)
	at org.junit.platform.engine.support.hierarchical.ThrowableCollector.execute(ThrowableCollector.java:73)
	at org.junit.platform.engine.support.hierarchical.NodeTestTask.lambda$executeRecursively$8(NodeTestTask.java:141)
	at org.junit.platform.engine.support.hierarchical.Node.around(Node.java:137)
	at org.junit.platform.engine.support.hierarchical.NodeTestTask.lambda$executeRecursively$9(NodeTestTask.java:139)
	at org.junit.platform.engine.support.hierarchical.ThrowableCollector.execute(ThrowableCollector.java:73)
	at org.junit.platform.engine.support.hierarchical.NodeTestTask.executeRecursively(NodeTestTask.java:138)
	at org.junit.platform.engine.support.hierarchical.NodeTestTask.execute(NodeTestTask.java:95)
	at java.base/java.util.ArrayList.forEach(ArrayList.java:1597)
	at org.junit.platform.engine.support.hierarchical.SameThreadHierarchicalTestExecutorService.invokeAll(SameThreadHierarchicalTestExecutorService.java:41)
	at org.junit.platform.engine.support.hierarchical.NodeTestTask.lambda$executeRecursively$6(NodeTestTask.java:155)
	at org.junit.platform.engine.support.hierarchical.ThrowableCollector.execute(ThrowableCollector.java:73)
	at org.junit.platform.engine.support.hierarchical.NodeTestTask.lambda$executeRecursively$8(NodeTestTask.java:141)
	at org.junit.platform.engine.support.hierarchical.Node.around(Node.java:137)
	at org.junit.platform.engine.support.hierarchical.NodeTestTask.lambda$executeRecursively$9(NodeTestTask.java:139)
	at org.junit.platform.engine.support.hierarchical.ThrowableCollector.execute(ThrowableCollector.java:73)
	at org.junit.platform.engine.support.hierarchical.NodeTestTask.executeRecursively(NodeTestTask.java:138)
	at org.junit.platform.engine.support.hierarchical.NodeTestTask.execute(NodeTestTask.java:95)
	at org.junit.platform.engine.support.hierarchical.SameThreadHierarchicalTestExecutorService.submit(SameThreadHierarchicalTestExecutorService.java:35)
	at org.junit.platform.engine.support.hierarchical.HierarchicalTestExecutor.execute(HierarchicalTestExecutor.java:57)
	at org.junit.platform.engine.support.hierarchical.HierarchicalTestEngine.execute(HierarchicalTestEngine.java:54)
	at org.junit.platform.launcher.core.EngineExecutionOrchestrator.execute(EngineExecutionOrchestrator.java:107)
	at org.junit.platform.launcher.core.EngineExecutionOrchestrator.execute(EngineExecutionOrchestrator.java:88)
	at org.junit.platform.launcher.core.EngineExecutionOrchestrator.lambda$execute$0(EngineExecutionOrchestrator.java:54)
	at org.junit.platform.launcher.core.EngineExecutionOrchestrator.withInterceptedStreams(EngineExecutionOrchestrator.java:67)
	at org.junit.platform.launcher.core.EngineExecutionOrchestrator.execute(EngineExecutionOrchestrator.java:52)
	at org.junit.platform.launcher.core.DefaultLauncher.execute(DefaultLauncher.java:114)
	at org.junit.platform.launcher.core.DefaultLauncher.execute(DefaultLauncher.java:86)
	at org.junit.platform.launcher.core.DefaultLauncherSession$DelegatingLauncher.execute(DefaultLauncherSession.java:86)
	at org.apache.maven.surefire.junitplatform.LazyLauncher.execute(LazyLauncher.java:56)
	at org.apache.maven.surefire.junitplatform.JUnitPlatformProvider.execute(JUnitPlatformProvider.java:184)
	at org.apache.maven.surefire.junitplatform.JUnitPlatformProvider.invokeAllTests(JUnitPlatformProvider.java:148)
	at org.apache.maven.surefire.junitplatform.JUnitPlatformProvider.invoke(JUnitPlatformProvider.java:122)
	at org.apache.maven.surefire.booter.ForkedBooter.runSuitesInProcess(ForkedBooter.java:385)
	at org.apache.maven.surefire.booter.ForkedBooter.execute(ForkedBooter.java:162)
	at org.apache.maven.surefire.booter.ForkedBooter.run(ForkedBooter.java:507)
	at org.apache.maven.surefire.booter.ForkedBooter.main(ForkedBooter.java:495)
]]></system-err>
  </testcase>
  <testcase name="shouldNotAddSun" classname="GameTest" time="0.003">
    <system-out><![CDATA[[domain.players.Human@73db4768, domain.players.Human@71b3bc45]
]]></system-out>
  </testcase>
  <testcase name="shouldAddPlayers" classname="GameTest" time="0.004">
    <system-out><![CDATA[[domain.players.Human@3c435123, domain.players.Human@50fe837a]
]]></system-out>
  </testcase>
  <testcase name="shouldGetZombie" classname="GameTest" time="0.006">
    <system-out><![CDATA[[domain.players.Human@7a8fa663, domain.players.Human@5ce33a58]
100 50 100 basic
]]></system-out>
    <system-err><![CDATA[Dec 15, 2024 5:05:06 AM domain.Game addZombie
INFO: Intentando añadir un zombie: basic en (10, 2)
Dec 15, 2024 5:05:06 AM domain.Game addZombie
INFO: Zombie añadido exitosamente: basic en (10, 2)
]]></system-err>
  </testcase>
  <testcase name="shouldNotRemoveBrain" classname="GameTest" time="0.003">
    <system-out><![CDATA[[domain.players.Human@30990c1b, domain.players.Human@2453f95d]
]]></system-out>
    <system-err><![CDATA[Dec 15, 2024 5:05:06 AM domain.Game addZombie
INFO: Intentando añadir un zombie: basic en (2, 6)
Dec 15, 2024 5:05:06 AM domain.Game addZombie
WARNING: Posición inválida para el zombie: (2, 6)
Dec 15, 2024 5:05:06 AM domain.Game addZombie
SEVERE: Error al añadir zombie: Given position is out of range for the zombie
]]></system-err>
  </testcase>
  <testcase name="shouldNotRemovePlant" classname="GameTest" time="0.003">
    <system-out><![CDATA[[domain.players.Human@553f1d75, domain.players.Human@6e1d8f9e]
]]></system-out>
    <system-err><![CDATA[Dec 15, 2024 5:05:06 AM domain.Game addPlant
INFO: Intentando añadir una planta: wallnut en (4, 2)
Dec 15, 2024 5:05:06 AM domain.Game addPlant
INFO: Planta añadida exitosamente: wallnut en (4, 2)
Dec 15, 2024 5:05:06 AM domain.Game deleteUnit
WARNING: No hay unidad para eliminar en la posición (0, 2)
Dec 15, 2024 5:05:06 AM domain.Game deleteUnit
SEVERE: Error al eliminar unidad: Cannot delete the unit because there is no unit in the cell
]]></system-err>
  </testcase>
  <testcase name="shouldRemoveBrain" classname="GameTest" time="0.002">
    <system-out><![CDATA[[domain.players.Human@62fe6067, domain.players.Human@4f071df8]
]]></system-out>
    <system-err><![CDATA[Dec 15, 2024 5:05:06 AM domain.Game addZombie
INFO: Intentando añadir un zombie: basic en (10, 2)
Dec 15, 2024 5:05:06 AM domain.Game addZombie
INFO: Zombie añadido exitosamente: basic en (10, 2)
]]></system-err>
  </testcase>
  <testcase name="shouldRemovePlant" classname="GameTest" time="0.008">
    <system-out><![CDATA[[domain.players.Human@47404bea, domain.players.Human@305f7627]
]]></system-out>
    <system-err><![CDATA[Dec 15, 2024 5:05:06 AM domain.Game addPlant
INFO: Intentando añadir una planta: wallnut en (4, 2)
Dec 15, 2024 5:05:06 AM domain.Game addPlant
INFO: Planta añadida exitosamente: wallnut en (4, 2)
Dec 15, 2024 5:05:06 AM domain.Game deleteUnit
INFO: Unidad eliminada exitosamente en la posición (4, 2)
Dec 15, 2024 5:05:06 AM domain.Game addPlant
INFO: Intentando añadir una planta: sunflower en (4, 2)
Dec 15, 2024 5:05:06 AM domain.Game addPlant
INFO: Planta añadida exitosamente: sunflower en (4, 2)
Dec 15, 2024 5:05:06 AM domain.plants.Sunflower generateSun
INFO: sol generado
Dec 15, 2024 5:05:06 AM domain.Game deleteUnit
INFO: Unidad eliminada exitosamente en la posición (4, 2)
Dec 15, 2024 5:05:06 AM domain.Game addPlant
INFO: Intentando añadir una planta: eciplant en (4, 2)
Dec 15, 2024 5:05:06 AM domain.plants.ECIPlant generateSun
INFO: sol generado
Dec 15, 2024 5:05:06 AM domain.Game addPlant
INFO: Planta añadida exitosamente: eciplant en (4, 2)
Dec 15, 2024 5:05:06 AM domain.Game deleteUnit
INFO: Unidad eliminada exitosamente en la posición (4, 2)
Dec 15, 2024 5:05:06 AM domain.Game addPlant
INFO: Intentando añadir una planta: potatomine en (4, 2)
Dec 15, 2024 5:05:06 AM domain.Game addPlant
INFO: Planta añadida exitosamente: potatomine en (4, 2)
Dec 15, 2024 5:05:06 AM domain.Game deleteUnit
INFO: Unidad eliminada exitosamente en la posición (4, 2)
Dec 15, 2024 5:05:06 AM domain.Game addPlant
INFO: Intentando añadir una planta: potatomine en (4, 2)
Dec 15, 2024 5:05:06 AM domain.Game addPlant
INFO: Planta añadida exitosamente: potatomine en (4, 2)
Dec 15, 2024 5:05:06 AM domain.Game addPlant
INFO: Intentando añadir una planta: peashooter en (4, 2)
Dec 15, 2024 5:05:06 AM domain.Game addPlant
INFO: Planta añadida exitosamente: peashooter en (4, 2)
Dec 15, 2024 5:05:06 AM domain.Game deleteUnit
INFO: Unidad eliminada exitosamente en la posición (4, 2)
]]></system-err>
  </testcase>
  <testcase name="shouldNotActivateMower" classname="GameTest" time="0.001"/>
  <testcase name="shouldActivateMower" classname="GameTest" time="0.0"/>
  <testcase name="shouldRemoveSun" classname="GameTest" time="0.002">
    <system-out><![CDATA[[domain.players.Human@275fe372, domain.players.Human@40e10ff8]
]]></system-out>
    <system-err><![CDATA[Dec 15, 2024 5:05:06 AM domain.Game addPlant
INFO: Intentando añadir una planta: wallnut en (1, 2)
Dec 15, 2024 5:05:06 AM domain.Game addPlant
INFO: Planta añadida exitosamente: wallnut en (1, 2)
]]></system-err>
  </testcase>
  <testcase name="shouldNotHaveBrain" classname="GameTest" time="0.003">
    <system-out><![CDATA[[domain.players.Human@7e38a7fe, domain.players.Human@366ef90e]
]]></system-out>
    <system-err><![CDATA[Dec 15, 2024 5:05:06 AM domain.Game addZombie
INFO: Intentando añadir un zombie: ecizombie en (10, 2)
Dec 15, 2024 5:05:06 AM domain.Game addZombie
WARNING: No hay suficientes cerebros para añadir el zombie: ecizombie
Dec 15, 2024 5:05:06 AM domain.Game addZombie
SEVERE: Error al añadir zombie: Not enough brains to buy the plant
]]></system-err>
  </testcase>
  <testcase name="shouldBrainsteinGenerate" classname="GameTest" time="6.002">
    <system-out><![CDATA[[domain.players.Human@78fb9a67, domain.players.Human@73ff4fae]

Error to put zombie: Not enough brains to buy the plant


Activated!

Error to put zombie: Not enough brains to buy the plant

Activated!
Activated!
Activated!

]]></system-out>
    <system-err><![CDATA[Dec 15, 2024 5:05:06 AM domain.Game addZombie
INFO: Intentando añadir un zombie: brainstein en (9, 2)
Dec 15, 2024 5:05:06 AM domain.Game addZombie
INFO: Zombie añadido exitosamente: brainstein en (9, 2)
Dec 15, 2024 5:05:07 AM domain.plants.Sunflower generateSun
INFO: sol generado
Dec 15, 2024 5:05:07 AM domain.plants.ECIPlant generateSun
INFO: sol generado
Dec 15, 2024 5:05:07 AM domain.Game addZombie
INFO: Intentando añadir un zombie: basic en (9, 0)
Dec 15, 2024 5:05:07 AM domain.Game addZombie
INFO: Zombie añadido exitosamente: basic en (9, 0)
Dec 15, 2024 5:05:07 AM domain.plants.Sunflower generateSun
INFO: sol generado
Dec 15, 2024 5:05:07 AM domain.plants.ECIPlant generateSun
INFO: sol generado
Dec 15, 2024 5:05:07 AM domain.Game addZombie
INFO: Intentando añadir un zombie: conehead en (9, 3)
Dec 15, 2024 5:05:07 AM domain.Game addZombie
INFO: Zombie añadido exitosamente: conehead en (9, 3)
Dec 15, 2024 5:05:07 AM domain.Game addPlant
INFO: Intentando añadir una planta: potatomine en (6, 0)
Dec 15, 2024 5:05:07 AM domain.Game addPlant
SEVERE: Error al añadir planta: Cannot add the unit because there is already a unit in the cell
Dec 15, 2024 5:05:07 AM domain.plants.Sunflower generateSun
INFO: sol generado
Dec 15, 2024 5:05:07 AM domain.plants.Sunflower generateSun
INFO: sol generado
Dec 15, 2024 5:05:07 AM domain.plants.Sunflower generateSun
INFO: sol generado
Dec 15, 2024 5:05:08 AM domain.plants.Sunflower generateSun
INFO: sol generado
Dec 15, 2024 5:05:08 AM domain.Game addZombie
INFO: Intentando añadir un zombie: basic en (9, 0)
Dec 15, 2024 5:05:08 AM domain.Game addZombie
INFO: Zombie añadido exitosamente: basic en (9, 0)
Dec 15, 2024 5:05:08 AM domain.Game addZombie
INFO: Intentando añadir un zombie: buckethead en (10, 0)
Dec 15, 2024 5:05:08 AM domain.Game addZombie
WARNING: No hay suficientes cerebros para añadir el zombie: buckethead
Dec 15, 2024 5:05:08 AM domain.Game addZombie
SEVERE: Error al añadir zombie: Not enough brains to buy the plant
Dec 15, 2024 5:05:08 AM domain.plants.ECIPlant generateSun
INFO: sol generado
Dec 15, 2024 5:05:08 AM domain.Game addPlant
INFO: Intentando añadir una planta: wallnut en (4, 0)
Dec 15, 2024 5:05:08 AM domain.Game addPlant
SEVERE: Error al añadir planta: Cannot add the unit because there is already a unit in the cell
Dec 15, 2024 5:05:09 AM domain.plants.Sunflower generateSun
INFO: sol generado
Dec 15, 2024 5:05:09 AM domain.plants.ECIPlant generateSun
INFO: sol generado
Dec 15, 2024 5:05:09 AM domain.Game addZombie
INFO: Intentando añadir un zombie: brainstein en (10, 0)
Dec 15, 2024 5:05:09 AM domain.Game addZombie
INFO: Zombie añadido exitosamente: brainstein en (10, 0)
Dec 15, 2024 5:05:09 AM domain.plants.ECIPlant generateSun
INFO: sol generado
Dec 15, 2024 5:05:09 AM domain.Game addZombie
INFO: Intentando añadir un zombie: conehead en (10, 4)
Dec 15, 2024 5:05:09 AM domain.Game addZombie
INFO: Zombie añadido exitosamente: conehead en (10, 4)
Dec 15, 2024 5:05:09 AM domain.Game addPlant
INFO: Intentando añadir una planta: potatomine en (7, 0)
Dec 15, 2024 5:05:09 AM domain.Game addPlant
SEVERE: Error al añadir planta: Cannot add the unit because there is already a unit in the cell
Dec 15, 2024 5:05:09 AM domain.plants.Sunflower generateSun
INFO: sol generado
Dec 15, 2024 5:05:09 AM domain.plants.ECIPlant generateSun
INFO: sol generado
Dec 15, 2024 5:05:10 AM domain.plants.Sunflower generateSun
INFO: sol generado
Dec 15, 2024 5:05:10 AM domain.plants.ECIPlant generateSun
INFO: sol generado
Dec 15, 2024 5:05:10 AM domain.Game addZombie
INFO: Intentando añadir un zombie: conehead en (9, 0)
Dec 15, 2024 5:05:10 AM domain.plants.Sunflower generateSun
INFO: sol generado
Dec 15, 2024 5:05:10 AM domain.Game addZombie
INFO: Zombie añadido exitosamente: conehead en (9, 0)
Dec 15, 2024 5:05:10 AM domain.plants.ECIPlant generateSun
INFO: sol generado
Dec 15, 2024 5:05:10 AM domain.Game addZombie
INFO: Intentando añadir un zombie: brainstein en (10, 4)
Dec 15, 2024 5:05:10 AM domain.Game addZombie
INFO: Zombie añadido exitosamente: brainstein en (10, 4)
Dec 15, 2024 5:05:10 AM domain.Game addPlant
INFO: Intentando añadir una planta: wallnut en (5, 0)
Dec 15, 2024 5:05:10 AM domain.Game addPlant
SEVERE: Error al añadir planta: Cannot add the unit because there is already a unit in the cell
Dec 15, 2024 5:05:10 AM domain.plants.Sunflower generateSun
INFO: sol generado
Dec 15, 2024 5:05:10 AM domain.plants.Sunflower generateSun
INFO: sol generado
Dec 15, 2024 5:05:11 AM domain.plants.Sunflower generateSun
INFO: sol generado
Dec 15, 2024 5:05:11 AM domain.Game addZombie
INFO: Intentando añadir un zombie: buckethead en (9, 0)
Dec 15, 2024 5:05:11 AM domain.Game addZombie
INFO: Zombie añadido exitosamente: buckethead en (9, 0)
Dec 15, 2024 5:05:11 AM domain.Game addZombie
INFO: Intentando añadir un zombie: buckethead en (9, 2)
Dec 15, 2024 5:05:11 AM domain.Game addZombie
WARNING: No hay suficientes cerebros para añadir el zombie: buckethead
Dec 15, 2024 5:05:11 AM domain.Game addZombie
SEVERE: Error al añadir zombie: Not enough brains to buy the plant
Dec 15, 2024 5:05:11 AM domain.plants.ECIPlant generateSun
INFO: sol generado
Dec 15, 2024 5:05:11 AM domain.Game addPlant
INFO: Intentando añadir una planta: sunflower en (2, 0)
Dec 15, 2024 5:05:11 AM domain.Game addPlant
INFO: Planta añadida exitosamente: sunflower en (2, 0)
Dec 15, 2024 5:05:11 AM domain.plants.Sunflower generateSun
INFO: sol generado
Dec 15, 2024 5:05:11 AM domain.Game addPlant
INFO: Intentando añadir una planta: eciplant en (1, 0)
Dec 15, 2024 5:05:11 AM domain.Game addPlant
SEVERE: Error al añadir planta: Cannot add the unit because there is already a unit in the cell
Dec 15, 2024 5:05:12 AM domain.plants.Sunflower generateSun
INFO: sol generado
Dec 15, 2024 5:05:12 AM domain.plants.ECIPlant generateSun
INFO: sol generado
Dec 15, 2024 5:05:12 AM domain.plants.ECIPlant generateSun
INFO: sol generado
Dec 15, 2024 5:05:12 AM domain.Game addZombie
INFO: Intentando añadir un zombie: basic en (9, 0)
Dec 15, 2024 5:05:12 AM domain.Game addZombie
INFO: Zombie añadido exitosamente: basic en (9, 0)
Dec 15, 2024 5:05:12 AM domain.Game addZombie
INFO: Intentando añadir un zombie: conehead en (10, 3)
Dec 15, 2024 5:05:12 AM domain.Game addZombie
INFO: Zombie añadido exitosamente: conehead en (10, 3)
Dec 15, 2024 5:05:12 AM domain.Game addPlant
INFO: Intentando añadir una planta: sunflower en (2, 0)
Dec 15, 2024 5:05:12 AM domain.Game addPlant
INFO: Planta añadida exitosamente: sunflower en (2, 0)
Dec 15, 2024 5:05:12 AM domain.plants.Sunflower generateSun
INFO: sol generado
Dec 15, 2024 5:05:12 AM domain.Game addPlant
INFO: Intentando añadir una planta: potatomine en (7, 0)
Dec 15, 2024 5:05:12 AM domain.Game addPlant
SEVERE: Error al añadir planta: Cannot add the unit because there is already a unit in the cell
Dec 15, 2024 5:05:12 AM domain.plants.Sunflower generateSun
INFO: sol generado
Dec 15, 2024 5:05:12 AM domain.plants.ECIPlant generateSun
INFO: sol generado
]]></system-err>
  </testcase>
  <testcase name="shouldGetPlant" classname="GameTest" time="0.003">
    <system-out><![CDATA[[domain.players.Human@b968a76, domain.players.Human@2f9a01c1]
300 100 150 peashooter
]]></system-out>
    <system-err><![CDATA[Dec 15, 2024 5:05:12 AM domain.Game addPlant
INFO: Intentando añadir una planta: peashooter en (6, 2)
Dec 15, 2024 5:05:12 AM domain.Game addPlant
INFO: Planta añadida exitosamente: peashooter en (6, 2)
]]></system-err>
  </testcase>
  <testcase name="shouldUpdateZombie" classname="GameTest" time="0.002">
    <system-out><![CDATA[[domain.players.Human@3f446bef, domain.players.Human@7829b776]
]]></system-out>
    <system-err><![CDATA[Dec 15, 2024 5:05:12 AM domain.Game addZombie
INFO: Intentando añadir un zombie: brainstein en (10, 2)
Dec 15, 2024 5:05:12 AM domain.Game addZombie
INFO: Zombie añadido exitosamente: brainstein en (10, 2)
]]></system-err>
  </testcase>
  <testcase name="shouldAddMachineIAvIA2" classname="GameTest" time="8.003">
    <system-out><![CDATA[[domain.players.PlantsStrategic@55e8ec2f, domain.players.ZombiesStrategic@4f2613d1]





Error to put zombie: Not enough brains to buy the plant


Not enough brains to buy the plant







Not enough brains to buy the plant









Not enough brains to buy the plant




Not enough brains to buy the plant





















Activated!
]]></system-out>
    <system-err><![CDATA[Dec 15, 2024 5:05:13 AM domain.plants.Sunflower generateSun
INFO: sol generado
Dec 15, 2024 5:05:13 AM domain.plants.ECIPlant generateSun
INFO: sol generado
Dec 15, 2024 5:05:13 AM domain.plants.Sunflower generateSun
INFO: sol generado
Dec 15, 2024 5:05:13 AM domain.plants.ECIPlant generateSun
INFO: sol generado
Dec 15, 2024 5:05:13 AM domain.Game addZombie
INFO: Intentando añadir un zombie: brainstein en (10, 0)
Dec 15, 2024 5:05:13 AM domain.Game addZombie
INFO: Zombie añadido exitosamente: brainstein en (10, 0)
Dec 15, 2024 5:05:13 AM domain.Game addZombie
INFO: Intentando añadir un zombie: conehead en (10, 0)
Dec 15, 2024 5:05:13 AM domain.Game addZombie
INFO: Zombie añadido exitosamente: conehead en (10, 0)
Dec 15, 2024 5:05:13 AM domain.Game addPlant
INFO: Intentando añadir una planta: sunflower en (2, 0)
Dec 15, 2024 5:05:13 AM domain.Game addPlant
INFO: Planta añadida exitosamente: sunflower en (2, 0)
Dec 15, 2024 5:05:13 AM domain.plants.Sunflower generateSun
INFO: sol generado
Dec 15, 2024 5:05:13 AM domain.Game addPlant
INFO: Intentando añadir una planta: wallnut en (4, 0)
Dec 15, 2024 5:05:13 AM domain.Game addPlant
SEVERE: Error al añadir planta: Cannot add the unit because there is already a unit in the cell
Dec 15, 2024 5:05:13 AM domain.Game addPlant
INFO: Intentando añadir una planta: eciplant en (1, 0)
Dec 15, 2024 5:05:13 AM domain.Game addZombie
INFO: Intentando añadir un zombie: brainstein en (10, 0)
Dec 15, 2024 5:05:13 AM domain.Game addZombie
INFO: Zombie añadido exitosamente: brainstein en (10, 0)
Dec 15, 2024 5:05:13 AM domain.Game addPlant
WARNING: No hay suficientes soles para añadir la planta: eciplant
Dec 15, 2024 5:05:13 AM domain.plants.ECIPlant generateSun
INFO: sol generado
Dec 15, 2024 5:05:13 AM domain.Game addPlant
SEVERE: Error al añadir planta: Not enough suns to buy the plant
Dec 15, 2024 5:05:13 AM domain.Game addPlant
INFO: Intentando añadir una planta: eciplant en (1, 1)
Dec 15, 2024 5:05:13 AM domain.Game addPlant
INFO: Planta añadida exitosamente: eciplant en (1, 1)
Dec 15, 2024 5:05:13 AM domain.plants.ECIPlant generateSun
INFO: sol generado
Dec 15, 2024 5:05:13 AM domain.Game addPlant
INFO: Intentando añadir una planta: eciplant en (1, 2)
Dec 15, 2024 5:05:13 AM domain.Game addPlant
INFO: Planta añadida exitosamente: eciplant en (1, 2)
Dec 15, 2024 5:05:13 AM domain.plants.ECIPlant generateSun
INFO: sol generado
Dec 15, 2024 5:05:13 AM domain.Game addPlant
INFO: Intentando añadir una planta: sunflower en (1, 3)
Dec 15, 2024 5:05:13 AM domain.Game addPlant
INFO: Planta añadida exitosamente: sunflower en (1, 3)
Dec 15, 2024 5:05:13 AM domain.plants.Sunflower generateSun
INFO: sol generado
Dec 15, 2024 5:05:13 AM domain.Game addPlant
INFO: Intentando añadir una planta: eciplant en (1, 4)
Dec 15, 2024 5:05:13 AM domain.Game addPlant
WARNING: No hay suficientes soles para añadir la planta: eciplant
Dec 15, 2024 5:05:13 AM domain.plants.ECIPlant generateSun
INFO: sol generado
Dec 15, 2024 5:05:13 AM domain.Game addPlant
SEVERE: Error al añadir planta: Not enough suns to buy the plant
Dec 15, 2024 5:05:13 AM domain.Game addPlant
INFO: Intentando añadir una planta: potatomine en (7, 0)
Dec 15, 2024 5:05:13 AM domain.Game addPlant
INFO: Planta añadida exitosamente: potatomine en (7, 0)
Dec 15, 2024 5:05:13 AM domain.Game addPlant
INFO: Intentando añadir una planta: potatomine en (7, 1)
Dec 15, 2024 5:05:13 AM domain.Game addPlant
INFO: Planta añadida exitosamente: potatomine en (7, 1)
Dec 15, 2024 5:05:13 AM domain.Game addPlant
INFO: Intentando añadir una planta: potatomine en (7, 2)
Dec 15, 2024 5:05:13 AM domain.Game addPlant
INFO: Planta añadida exitosamente: potatomine en (7, 2)
Dec 15, 2024 5:05:13 AM domain.Game addPlant
INFO: Intentando añadir una planta: potatomine en (7, 3)
Dec 15, 2024 5:05:13 AM domain.Game addPlant
WARNING: No hay suficientes soles para añadir la planta: potatomine
Dec 15, 2024 5:05:13 AM domain.Game addPlant
SEVERE: Error al añadir planta: Not enough suns to buy the plant
Dec 15, 2024 5:05:13 AM domain.Game addPlant
INFO: Intentando añadir una planta: potatomine en (7, 4)
Dec 15, 2024 5:05:13 AM domain.Game addPlant
WARNING: No hay suficientes soles para añadir la planta: potatomine
Dec 15, 2024 5:05:13 AM domain.Game addPlant
SEVERE: Error al añadir planta: Not enough suns to buy the plant
Dec 15, 2024 5:05:13 AM domain.LawnMower activate
INFO: LawnMower activado en la fila: 2
Dec 15, 2024 5:05:13 AM domain.plants.Sunflower generateSun
INFO: sol generado
Dec 15, 2024 5:05:13 AM domain.plants.Sunflower generateSun
INFO: sol generado
Dec 15, 2024 5:05:14 AM domain.plants.Sunflower generateSun
INFO: sol generado
Dec 15, 2024 5:05:14 AM domain.Game addZombie
INFO: Intentando añadir un zombie: conehead en (9, 0)
Dec 15, 2024 5:05:14 AM domain.Game addZombie
INFO: Zombie añadido exitosamente: conehead en (9, 0)
Dec 15, 2024 5:05:14 AM domain.Game addZombie
INFO: Intentando añadir un zombie: ecizombie en (10, 2)
Dec 15, 2024 5:05:14 AM domain.Game addZombie
WARNING: No hay suficientes cerebros para añadir el zombie: ecizombie
Dec 15, 2024 5:05:14 AM domain.Game addZombie
SEVERE: Error al añadir zombie: Not enough brains to buy the plant
Dec 15, 2024 5:05:14 AM domain.Game addPlant
INFO: Intentando añadir una planta: sunflower en (2, 0)
Dec 15, 2024 5:05:14 AM domain.Game addPlant
SEVERE: Error al añadir planta: Cannot add the unit because there is already a unit in the cell
Dec 15, 2024 5:05:14 AM domain.Game addPlant
INFO: Intentando añadir una planta: wallnut en (5, 0)
Dec 15, 2024 5:05:14 AM domain.Game addPlant
SEVERE: Error al añadir planta: Cannot add the unit because there is already a unit in the cell
Dec 15, 2024 5:05:14 AM domain.Game addZombie
INFO: Intentando añadir un zombie: brainstein en (10, 0)
Dec 15, 2024 5:05:14 AM domain.Game addZombie
WARNING: No hay suficientes cerebros para añadir el zombie: brainstein
Dec 15, 2024 5:05:14 AM domain.Game addZombie
SEVERE: Error al añadir zombie: Not enough brains to buy the plant
Dec 15, 2024 5:05:14 AM domain.Game addPlant
INFO: Intentando añadir una planta: sunflower en (1, 0)
Dec 15, 2024 5:05:14 AM domain.Game addPlant
WARNING: No hay suficientes soles para añadir la planta: sunflower
Dec 15, 2024 5:05:14 AM domain.plants.Sunflower generateSun
INFO: sol generado
Dec 15, 2024 5:05:14 AM domain.Game addPlant
SEVERE: Error al añadir planta: Not enough suns to buy the plant
Dec 15, 2024 5:05:14 AM domain.Game addPlant
INFO: Intentando añadir una planta: sunflower en (1, 2)
Dec 15, 2024 5:05:14 AM domain.Game addPlant
SEVERE: Error al añadir planta: Cannot add the unit because there is already a unit in the cell
Dec 15, 2024 5:05:14 AM domain.Game addPlant
INFO: Intentando añadir una planta: sunflower en (1, 3)
Dec 15, 2024 5:05:14 AM domain.Game addPlant
SEVERE: Error al añadir planta: Cannot add the unit because there is already a unit in the cell
Dec 15, 2024 5:05:14 AM domain.Game addPlant
INFO: Intentando añadir una planta: eciplant en (1, 4)
Dec 15, 2024 5:05:14 AM domain.Game addPlant
WARNING: No hay suficientes soles para añadir la planta: eciplant
Dec 15, 2024 5:05:14 AM domain.plants.ECIPlant generateSun
INFO: sol generado
Dec 15, 2024 5:05:14 AM domain.Game addPlant
SEVERE: Error al añadir planta: Not enough suns to buy the plant
Dec 15, 2024 5:05:14 AM domain.Game addPlant
INFO: Intentando añadir una planta: potatomine en (5, 0)
Dec 15, 2024 5:05:14 AM domain.Game addPlant
INFO: Planta añadida exitosamente: potatomine en (5, 0)
Dec 15, 2024 5:05:14 AM domain.Game addPlant
INFO: Intentando añadir una planta: potatomine en (5, 1)
Dec 15, 2024 5:05:14 AM domain.Game addPlant
INFO: Planta añadida exitosamente: potatomine en (5, 1)
Dec 15, 2024 5:05:14 AM domain.Game addPlant
INFO: Intentando añadir una planta: potatomine en (5, 2)
Dec 15, 2024 5:05:14 AM domain.Game addPlant
INFO: Planta añadida exitosamente: potatomine en (5, 2)
Dec 15, 2024 5:05:14 AM domain.Game addPlant
INFO: Intentando añadir una planta: potatomine en (5, 3)
Dec 15, 2024 5:05:14 AM domain.Game addPlant
WARNING: No hay suficientes soles para añadir la planta: potatomine
Dec 15, 2024 5:05:14 AM domain.Game addPlant
SEVERE: Error al añadir planta: Not enough suns to buy the plant
Dec 15, 2024 5:05:14 AM domain.Game addPlant
INFO: Intentando añadir una planta: potatomine en (5, 4)
Dec 15, 2024 5:05:14 AM domain.Game addPlant
WARNING: No hay suficientes soles para añadir la planta: potatomine
Dec 15, 2024 5:05:14 AM domain.Game addPlant
SEVERE: Error al añadir planta: Not enough suns to buy the plant
Dec 15, 2024 5:05:15 AM domain.plants.Sunflower generateSun
INFO: sol generado
Dec 15, 2024 5:05:15 AM domain.plants.ECIPlant generateSun
INFO: sol generado
Dec 15, 2024 5:05:15 AM domain.plants.ECIPlant generateSun
INFO: sol generado
Dec 15, 2024 5:05:15 AM domain.Game addZombie
INFO: Intentando añadir un zombie: buckethead en (9, 0)
Dec 15, 2024 5:05:15 AM domain.Game addZombie
INFO: Zombie añadido exitosamente: buckethead en (9, 0)
Dec 15, 2024 5:05:15 AM domain.Game addZombie
INFO: Intentando añadir un zombie: brainstein en (9, 4)
Dec 15, 2024 5:05:15 AM domain.Game addZombie
INFO: Zombie añadido exitosamente: brainstein en (9, 4)
Dec 15, 2024 5:05:15 AM domain.Game addPlant
INFO: Intentando añadir una planta: sunflower en (2, 0)
Dec 15, 2024 5:05:15 AM domain.Game addPlant
SEVERE: Error al añadir planta: Cannot add the unit because there is already a unit in the cell
Dec 15, 2024 5:05:15 AM domain.Game addPlant
INFO: Intentando añadir una planta: eciplant en (1, 0)
Dec 15, 2024 5:05:15 AM domain.Game addPlant
INFO: Planta añadida exitosamente: eciplant en (1, 0)
Dec 15, 2024 5:05:15 AM domain.plants.ECIPlant generateSun
INFO: sol generado
Dec 15, 2024 5:05:15 AM domain.plants.Sunflower generateSun
INFO: sol generado
Dec 15, 2024 5:05:15 AM domain.plants.ECIPlant generateSun
INFO: sol generado
Dec 15, 2024 5:05:15 AM domain.Game addZombie
INFO: Intentando añadir un zombie: brainstein en (10, 0)
Dec 15, 2024 5:05:15 AM domain.Game addZombie
WARNING: No hay suficientes cerebros para añadir el zombie: brainstein
Dec 15, 2024 5:05:15 AM domain.Game addZombie
SEVERE: Error al añadir zombie: Not enough brains to buy the plant
Dec 15, 2024 5:05:15 AM domain.Game addPlant
INFO: Intentando añadir una planta: sunflower en (1, 0)
Dec 15, 2024 5:05:15 AM domain.Game addPlant
WARNING: No hay suficientes soles para añadir la planta: sunflower
Dec 15, 2024 5:05:15 AM domain.plants.Sunflower generateSun
INFO: sol generado
Dec 15, 2024 5:05:15 AM domain.Game addPlant
SEVERE: Error al añadir planta: Not enough suns to buy the plant
Dec 15, 2024 5:05:15 AM domain.Game addPlant
INFO: Intentando añadir una planta: eciplant en (1, 2)
Dec 15, 2024 5:05:15 AM domain.Game addPlant
SEVERE: Error al añadir planta: Cannot add the unit because there is already a unit in the cell
Dec 15, 2024 5:05:15 AM domain.Game addPlant
INFO: Intentando añadir una planta: eciplant en (1, 3)
Dec 15, 2024 5:05:15 AM domain.Game addPlant
SEVERE: Error al añadir planta: Cannot add the unit because there is already a unit in the cell
Dec 15, 2024 5:05:15 AM domain.Game addPlant
INFO: Intentando añadir una planta: sunflower en (1, 4)
Dec 15, 2024 5:05:15 AM domain.Game addPlant
WARNING: No hay suficientes soles para añadir la planta: sunflower
Dec 15, 2024 5:05:15 AM domain.plants.Sunflower generateSun
INFO: sol generado
Dec 15, 2024 5:05:15 AM domain.Game addPlant
SEVERE: Error al añadir planta: Not enough suns to buy the plant
Dec 15, 2024 5:05:15 AM domain.Game addPlant
INFO: Intentando añadir una planta: potatomine en (6, 0)
Dec 15, 2024 5:05:15 AM domain.Game addPlant
INFO: Planta añadida exitosamente: potatomine en (6, 0)
Dec 15, 2024 5:05:15 AM domain.Game addPlant
INFO: Intentando añadir una planta: potatomine en (6, 1)
Dec 15, 2024 5:05:15 AM domain.Game addPlant
INFO: Planta añadida exitosamente: potatomine en (6, 1)
Dec 15, 2024 5:05:15 AM domain.Game addPlant
INFO: Intentando añadir una planta: potatomine en (6, 2)
Dec 15, 2024 5:05:15 AM domain.Game addPlant
WARNING: No hay suficientes soles para añadir la planta: potatomine
Dec 15, 2024 5:05:15 AM domain.Game addPlant
SEVERE: Error al añadir planta: Not enough suns to buy the plant
Dec 15, 2024 5:05:15 AM domain.Game addPlant
INFO: Intentando añadir una planta: potatomine en (6, 3)
Dec 15, 2024 5:05:15 AM domain.Game addPlant
WARNING: No hay suficientes soles para añadir la planta: potatomine
Dec 15, 2024 5:05:15 AM domain.Game addPlant
SEVERE: Error al añadir planta: Not enough suns to buy the plant
Dec 15, 2024 5:05:15 AM domain.Game addPlant
INFO: Intentando añadir una planta: potatomine en (6, 4)
Dec 15, 2024 5:05:15 AM domain.Game addPlant
WARNING: No hay suficientes soles para añadir la planta: potatomine
Dec 15, 2024 5:05:15 AM domain.Game addPlant
SEVERE: Error al añadir planta: Not enough suns to buy the plant
Dec 15, 2024 5:05:16 AM domain.plants.Sunflower generateSun
INFO: sol generado
Dec 15, 2024 5:05:16 AM domain.plants.ECIPlant generateSun
INFO: sol generado
Dec 15, 2024 5:05:16 AM domain.plants.Sunflower generateSun
INFO: sol generado
Dec 15, 2024 5:05:16 AM domain.plants.ECIPlant generateSun
INFO: sol generado
Dec 15, 2024 5:05:16 AM domain.Game addZombie
INFO: Intentando añadir un zombie: buckethead en (9, 0)
Dec 15, 2024 5:05:16 AM domain.Game addZombie
INFO: Zombie añadido exitosamente: buckethead en (9, 0)
Dec 15, 2024 5:05:16 AM domain.Game addZombie
INFO: Intentando añadir un zombie: buckethead en (9, 2)
Dec 15, 2024 5:05:16 AM domain.Game addZombie
INFO: Zombie añadido exitosamente: buckethead en (9, 2)
Dec 15, 2024 5:05:16 AM domain.Game addPlant
INFO: Intentando añadir una planta: sunflower en (2, 0)
Dec 15, 2024 5:05:16 AM domain.Game addPlant
SEVERE: Error al añadir planta: Cannot add the unit because there is already a unit in the cell
Dec 15, 2024 5:05:16 AM domain.Game addPlant
INFO: Intentando añadir una planta: peashooter en (3, 0)
Dec 15, 2024 5:05:16 AM domain.Game addPlant
SEVERE: Error al añadir planta: Cannot add the unit because there is already a unit in the cell
Dec 15, 2024 5:05:16 AM domain.plants.ECIPlant generateSun
INFO: sol generado
Dec 15, 2024 5:05:16 AM domain.Game addZombie
INFO: Intentando añadir un zombie: brainstein en (10, 0)
Dec 15, 2024 5:05:16 AM domain.plants.ECIPlant generateSun
INFO: sol generado
Dec 15, 2024 5:05:16 AM domain.Game addZombie
WARNING: No hay suficientes cerebros para añadir el zombie: brainstein
Dec 15, 2024 5:05:16 AM domain.Game addZombie
SEVERE: Error al añadir zombie: Not enough brains to buy the plant
Dec 15, 2024 5:05:16 AM domain.plants.Sunflower generateSun
INFO: sol generado
Dec 15, 2024 5:05:16 AM domain.Game addPlant
INFO: Intentando añadir una planta: sunflower en (1, 0)
Dec 15, 2024 5:05:16 AM domain.Game addPlant
INFO: Planta añadida exitosamente: sunflower en (1, 0)
Dec 15, 2024 5:05:16 AM domain.plants.Sunflower generateSun
INFO: sol generado
Dec 15, 2024 5:05:16 AM domain.Game addPlant
INFO: Intentando añadir una planta: eciplant en (1, 2)
Dec 15, 2024 5:05:16 AM domain.Game addPlant
SEVERE: Error al añadir planta: Cannot add the unit because there is already a unit in the cell
Dec 15, 2024 5:05:16 AM domain.Game addPlant
INFO: Intentando añadir una planta: sunflower en (1, 3)
Dec 15, 2024 5:05:16 AM domain.Game addPlant
SEVERE: Error al añadir planta: Cannot add the unit because there is already a unit in the cell
Dec 15, 2024 5:05:16 AM domain.Game addPlant
INFO: Intentando añadir una planta: sunflower en (1, 4)
Dec 15, 2024 5:05:16 AM domain.Game addPlant
INFO: Planta añadida exitosamente: sunflower en (1, 4)
Dec 15, 2024 5:05:16 AM domain.plants.Sunflower generateSun
INFO: sol generado
Dec 15, 2024 5:05:16 AM domain.Game addPlant
INFO: Intentando añadir una planta: potatomine en (7, 0)
Dec 15, 2024 5:05:16 AM domain.Game addPlant
SEVERE: Error al añadir planta: Cannot add the unit because there is already a unit in the cell
Dec 15, 2024 5:05:16 AM domain.Game addPlant
INFO: Intentando añadir una planta: potatomine en (7, 3)
Dec 15, 2024 5:05:16 AM domain.Game addPlant
INFO: Planta añadida exitosamente: potatomine en (7, 3)
Dec 15, 2024 5:05:16 AM domain.Game addPlant
INFO: Intentando añadir una planta: potatomine en (7, 4)
Dec 15, 2024 5:05:16 AM domain.Game addPlant
INFO: Planta añadida exitosamente: potatomine en (7, 4)
Dec 15, 2024 5:05:16 AM domain.LawnMower activate
INFO: LawnMower activado en la fila: 0
Dec 15, 2024 5:05:16 AM domain.plants.Sunflower generateSun
INFO: sol generado
Dec 15, 2024 5:05:16 AM domain.plants.Sunflower generateSun
INFO: sol generado
Dec 15, 2024 5:05:17 AM domain.plants.Sunflower generateSun
INFO: sol generado
Dec 15, 2024 5:05:17 AM domain.Game addZombie
INFO: Intentando añadir un zombie: brainstein en (10, 0)
Dec 15, 2024 5:05:17 AM domain.Game addZombie
INFO: Zombie añadido exitosamente: brainstein en (10, 0)
Dec 15, 2024 5:05:17 AM domain.Game addZombie
INFO: Intentando añadir un zombie: brainstein en (10, 3)
Dec 15, 2024 5:05:17 AM domain.Game addZombie
INFO: Zombie añadido exitosamente: brainstein en (10, 3)
Dec 15, 2024 5:05:17 AM domain.Game addPlant
INFO: Intentando añadir una planta: sunflower en (2, 0)
Dec 15, 2024 5:05:17 AM domain.Game addPlant
INFO: Planta añadida exitosamente: sunflower en (2, 0)
Dec 15, 2024 5:05:17 AM domain.plants.Sunflower generateSun
INFO: sol generado
Dec 15, 2024 5:05:17 AM domain.Game addPlant
INFO: Intentando añadir una planta: wallnut en (5, 0)
Dec 15, 2024 5:05:17 AM domain.Game addPlant
SEVERE: Error al añadir planta: Cannot add the unit because there is already a unit in the cell
Dec 15, 2024 5:05:17 AM domain.Game addZombie
INFO: Intentando añadir un zombie: brainstein en (10, 0)
Dec 15, 2024 5:05:17 AM domain.Game addZombie
WARNING: No hay suficientes cerebros para añadir el zombie: brainstein
Dec 15, 2024 5:05:17 AM domain.Game addZombie
SEVERE: Error al añadir zombie: Not enough brains to buy the plant
Dec 15, 2024 5:05:17 AM domain.Game addPlant
INFO: Intentando añadir una planta: sunflower en (1, 0)
Dec 15, 2024 5:05:17 AM domain.Game addPlant
SEVERE: Error al añadir planta: Cannot add the unit because there is already a unit in the cell
Dec 15, 2024 5:05:17 AM domain.Game addPlant
INFO: Intentando añadir una planta: eciplant en (1, 2)
Dec 15, 2024 5:05:17 AM domain.Game addPlant
SEVERE: Error al añadir planta: Cannot add the unit because there is already a unit in the cell
Dec 15, 2024 5:05:17 AM domain.Game addPlant
INFO: Intentando añadir una planta: sunflower en (1, 3)
Dec 15, 2024 5:05:17 AM domain.Game addPlant
SEVERE: Error al añadir planta: Cannot add the unit because there is already a unit in the cell
Dec 15, 2024 5:05:17 AM domain.Game addPlant
INFO: Intentando añadir una planta: sunflower en (1, 4)
Dec 15, 2024 5:05:17 AM domain.Game addPlant
SEVERE: Error al añadir planta: Cannot add the unit because there is already a unit in the cell
Dec 15, 2024 5:05:17 AM domain.Game addPlant
INFO: Intentando añadir una planta: wallnut en (2, 0)
Dec 15, 2024 5:05:17 AM domain.Game addPlant
WARNING: No hay suficientes soles para añadir la planta: wallnut
Dec 15, 2024 5:05:17 AM domain.Game addPlant
SEVERE: Error al añadir planta: Not enough suns to buy the plant
Dec 15, 2024 5:05:17 AM domain.Game addPlant
INFO: Intentando añadir una planta: wallnut en (2, 1)
Dec 15, 2024 5:05:17 AM domain.Game addPlant
WARNING: No hay suficientes soles para añadir la planta: wallnut
Dec 15, 2024 5:05:17 AM domain.Game addPlant
SEVERE: Error al añadir planta: Not enough suns to buy the plant
Dec 15, 2024 5:05:17 AM domain.Game addPlant
INFO: Intentando añadir una planta: wallnut en (2, 2)
Dec 15, 2024 5:05:17 AM domain.Game addPlant
WARNING: No hay suficientes soles para añadir la planta: wallnut
Dec 15, 2024 5:05:17 AM domain.Game addPlant
SEVERE: Error al añadir planta: Not enough suns to buy the plant
Dec 15, 2024 5:05:17 AM domain.Game addPlant
INFO: Intentando añadir una planta: wallnut en (2, 3)
Dec 15, 2024 5:05:17 AM domain.Game addPlant
WARNING: No hay suficientes soles para añadir la planta: wallnut
Dec 15, 2024 5:05:17 AM domain.Game addPlant
SEVERE: Error al añadir planta: Not enough suns to buy the plant
Dec 15, 2024 5:05:17 AM domain.Game addPlant
INFO: Intentando añadir una planta: wallnut en (2, 4)
Dec 15, 2024 5:05:17 AM domain.Game addPlant
WARNING: No hay suficientes soles para añadir la planta: wallnut
Dec 15, 2024 5:05:17 AM domain.Game addPlant
SEVERE: Error al añadir planta: Not enough suns to buy the plant
Dec 15, 2024 5:05:18 AM domain.plants.Sunflower generateSun
INFO: sol generado
Dec 15, 2024 5:05:18 AM domain.plants.ECIPlant generateSun
INFO: sol generado
Dec 15, 2024 5:05:18 AM domain.plants.ECIPlant generateSun
INFO: sol generado
Dec 15, 2024 5:05:18 AM domain.Game addZombie
INFO: Intentando añadir un zombie: buckethead en (9, 0)
Dec 15, 2024 5:05:18 AM domain.Game addZombie
INFO: Zombie añadido exitosamente: buckethead en (9, 0)
Dec 15, 2024 5:05:18 AM domain.Game addZombie
INFO: Intentando añadir un zombie: conehead en (10, 0)
Dec 15, 2024 5:05:18 AM domain.Game addZombie
INFO: Zombie añadido exitosamente: conehead en (10, 0)
Dec 15, 2024 5:05:18 AM domain.Game addPlant
INFO: Intentando añadir una planta: sunflower en (2, 0)
Dec 15, 2024 5:05:18 AM domain.Game addPlant
SEVERE: Error al añadir planta: Cannot add the unit because there is already a unit in the cell
Dec 15, 2024 5:05:18 AM domain.Game addPlant
INFO: Intentando añadir una planta: potatomine en (7, 0)
Dec 15, 2024 5:05:18 AM domain.Game addPlant
INFO: Planta añadida exitosamente: potatomine en (7, 0)
Dec 15, 2024 5:05:18 AM domain.plants.Sunflower generateSun
INFO: sol generado
Dec 15, 2024 5:05:18 AM domain.plants.ECIPlant generateSun
INFO: sol generado
Dec 15, 2024 5:05:18 AM domain.Game addZombie
INFO: Intentando añadir un zombie: brainstein en (10, 0)
Dec 15, 2024 5:05:18 AM domain.Game addZombie
INFO: Zombie añadido exitosamente: brainstein en (10, 0)
Dec 15, 2024 5:05:18 AM domain.Game addPlant
INFO: Intentando añadir una planta: eciplant en (1, 0)
Dec 15, 2024 5:05:18 AM domain.Game addPlant
SEVERE: Error al añadir planta: Cannot add the unit because there is already a unit in the cell
Dec 15, 2024 5:05:18 AM domain.Game addPlant
INFO: Intentando añadir una planta: sunflower en (1, 2)
Dec 15, 2024 5:05:18 AM domain.Game addPlant
SEVERE: Error al añadir planta: Cannot add the unit because there is already a unit in the cell
Dec 15, 2024 5:05:18 AM domain.Game addPlant
INFO: Intentando añadir una planta: sunflower en (1, 3)
Dec 15, 2024 5:05:18 AM domain.Game addPlant
SEVERE: Error al añadir planta: Cannot add the unit because there is already a unit in the cell
Dec 15, 2024 5:05:18 AM domain.Game addPlant
INFO: Intentando añadir una planta: eciplant en (1, 4)
Dec 15, 2024 5:05:18 AM domain.Game addPlant
SEVERE: Error al añadir planta: Cannot add the unit because there is already a unit in the cell
Dec 15, 2024 5:05:18 AM domain.Game addPlant
INFO: Intentando añadir una planta: wallnut en (5, 3)
Dec 15, 2024 5:05:18 AM domain.Game addPlant
WARNING: No hay suficientes soles para añadir la planta: wallnut
Dec 15, 2024 5:05:18 AM domain.Game addPlant
SEVERE: Error al añadir planta: Not enough suns to buy the plant
Dec 15, 2024 5:05:18 AM domain.Game addPlant
INFO: Intentando añadir una planta: wallnut en (5, 4)
Dec 15, 2024 5:05:18 AM domain.Game addPlant
WARNING: No hay suficientes soles para añadir la planta: wallnut
Dec 15, 2024 5:05:18 AM domain.Game addPlant
SEVERE: Error al añadir planta: Not enough suns to buy the plant
Dec 15, 2024 5:05:19 AM domain.plants.Sunflower generateSun
INFO: sol generado
Dec 15, 2024 5:05:19 AM domain.plants.ECIPlant generateSun
INFO: sol generado
Dec 15, 2024 5:05:19 AM domain.plants.Sunflower generateSun
INFO: sol generado
Dec 15, 2024 5:05:19 AM domain.plants.ECIPlant generateSun
INFO: sol generado
Dec 15, 2024 5:05:19 AM domain.Game addZombie
INFO: Intentando añadir un zombie: buckethead en (9, 0)
Dec 15, 2024 5:05:19 AM domain.Game addZombie
INFO: Zombie añadido exitosamente: buckethead en (9, 0)
Dec 15, 2024 5:05:19 AM domain.Game addZombie
INFO: Intentando añadir un zombie: basic en (10, 3)
Dec 15, 2024 5:05:19 AM domain.Game addZombie
INFO: Zombie añadido exitosamente: basic en (10, 3)
Dec 15, 2024 5:05:19 AM domain.Game addPlant
INFO: Intentando añadir una planta: sunflower en (2, 0)
Dec 15, 2024 5:05:19 AM domain.Game addPlant
INFO: Planta añadida exitosamente: sunflower en (2, 0)
Dec 15, 2024 5:05:19 AM domain.plants.Sunflower generateSun
INFO: sol generado
Dec 15, 2024 5:05:19 AM domain.Game addPlant
INFO: Intentando añadir una planta: wallnut en (5, 0)
Dec 15, 2024 5:05:19 AM domain.Game addPlant
INFO: Planta añadida exitosamente: wallnut en (5, 0)
Dec 15, 2024 5:05:19 AM domain.plants.ECIPlant generateSun
INFO: sol generado
Dec 15, 2024 5:05:19 AM domain.plants.ECIPlant generateSun
INFO: sol generado
Dec 15, 2024 5:05:19 AM domain.plants.Sunflower generateSun
INFO: sol generado
Dec 15, 2024 5:05:19 AM domain.Game addZombie
INFO: Intentando añadir un zombie: basic en (9, 1)
Dec 15, 2024 5:05:19 AM domain.Game addZombie
INFO: Zombie añadido exitosamente: basic en (9, 1)
Dec 15, 2024 5:05:19 AM domain.plants.Sunflower generateSun
INFO: sol generado
Dec 15, 2024 5:05:19 AM domain.plants.Sunflower generateSun
INFO: sol generado
Dec 15, 2024 5:05:19 AM domain.Game addPlant
INFO: Intentando añadir una planta: sunflower en (1, 0)
Dec 15, 2024 5:05:19 AM domain.Game addPlant
SEVERE: Error al añadir planta: Cannot add the unit because there is already a unit in the cell
Dec 15, 2024 5:05:19 AM domain.Game addPlant
INFO: Intentando añadir una planta: sunflower en (1, 2)
Dec 15, 2024 5:05:19 AM domain.Game addPlant
SEVERE: Error al añadir planta: Cannot add the unit because there is already a unit in the cell
Dec 15, 2024 5:05:19 AM domain.Game addPlant
INFO: Intentando añadir una planta: eciplant en (1, 3)
Dec 15, 2024 5:05:19 AM domain.Game addPlant
SEVERE: Error al añadir planta: Cannot add the unit because there is already a unit in the cell
Dec 15, 2024 5:05:19 AM domain.Game addPlant
INFO: Intentando añadir una planta: eciplant en (1, 4)
Dec 15, 2024 5:05:19 AM domain.Game addPlant
SEVERE: Error al añadir planta: Cannot add the unit because there is already a unit in the cell
Dec 15, 2024 5:05:19 AM domain.Game addPlant
INFO: Intentando añadir una planta: wallnut en (3, 0)
Dec 15, 2024 5:05:19 AM domain.Game addPlant
INFO: Planta añadida exitosamente: wallnut en (3, 0)
Dec 15, 2024 5:05:19 AM domain.Game addPlant
INFO: Intentando añadir una planta: wallnut en (3, 1)
Dec 15, 2024 5:05:19 AM domain.Game addPlant
INFO: Planta añadida exitosamente: wallnut en (3, 1)
Dec 15, 2024 5:05:19 AM domain.Game addPlant
INFO: Intentando añadir una planta: wallnut en (3, 2)
Dec 15, 2024 5:05:19 AM domain.Game addPlant
INFO: Planta añadida exitosamente: wallnut en (3, 2)
Dec 15, 2024 5:05:19 AM domain.Game addPlant
INFO: Intentando añadir una planta: wallnut en (3, 3)
Dec 15, 2024 5:05:19 AM domain.Game addPlant
INFO: Planta añadida exitosamente: wallnut en (3, 3)
Dec 15, 2024 5:05:19 AM domain.Game addPlant
INFO: Intentando añadir una planta: wallnut en (3, 4)
Dec 15, 2024 5:05:19 AM domain.Game addPlant
WARNING: No hay suficientes soles para añadir la planta: wallnut
Dec 15, 2024 5:05:19 AM domain.Game addPlant
SEVERE: Error al añadir planta: Not enough suns to buy the plant
Dec 15, 2024 5:05:19 AM domain.plants.Sunflower generateSun
INFO: sol generado
Dec 15, 2024 5:05:19 AM domain.plants.Sunflower generateSun
INFO: sol generado
Dec 15, 2024 5:05:20 AM domain.plants.Sunflower generateSun
INFO: sol generado
Dec 15, 2024 5:05:20 AM domain.Game addZombie
INFO: Intentando añadir un zombie: buckethead en (9, 0)
Dec 15, 2024 5:05:20 AM domain.Game addZombie
INFO: Zombie añadido exitosamente: buckethead en (9, 0)
Dec 15, 2024 5:05:20 AM domain.Game addZombie
INFO: Intentando añadir un zombie: buckethead en (9, 0)
Dec 15, 2024 5:05:20 AM domain.Game addZombie
INFO: Zombie añadido exitosamente: buckethead en (9, 0)
Dec 15, 2024 5:05:20 AM domain.plants.Sunflower generateSun
INFO: sol generado
Dec 15, 2024 5:05:20 AM domain.Game addPlant
INFO: Intentando añadir una planta: sunflower en (2, 0)
Dec 15, 2024 5:05:20 AM domain.Game addPlant
INFO: Planta añadida exitosamente: sunflower en (2, 0)
Dec 15, 2024 5:05:20 AM domain.plants.Sunflower generateSun
INFO: sol generado
Dec 15, 2024 5:05:20 AM domain.Game addPlant
INFO: Intentando añadir una planta: potatomine en (7, 0)
Dec 15, 2024 5:05:20 AM domain.Game addPlant
INFO: Planta añadida exitosamente: potatomine en (7, 0)
]]></system-err>
  </testcase>
  <testcase name="shouldGameOver" classname="GameTest" time="80.004">
    <system-out><![CDATA[[domain.players.Human@65a4798f, domain.players.Human@773f7880]



































Activated!
Activated!


Activated!
Activated!
Activated!



Activated!
Activated!








POW :D

Activated!






POW :D







Activated!

































Activated!
Activated!
















Activated!
Activated!
Activated!
Activated!




Activated!





Activated!
Activated!

































Activated!




Activated!


Activated!












Activated!







Activated!




Activated!














Activated!










Activated!

POW :D










Activated!


]]></system-out>
    <system-err><![CDATA[Dec 15, 2024 5:05:20 AM domain.Game addZombie
INFO: Intentando añadir un zombie: basic en (10, 2)
Dec 15, 2024 5:05:20 AM domain.Game addZombie
INFO: Zombie añadido exitosamente: basic en (10, 2)
Dec 15, 2024 5:05:20 AM domain.Game addZombie
INFO: Intentando añadir un zombie: basic en (10, 4)
Dec 15, 2024 5:05:20 AM domain.Game addZombie
INFO: Zombie añadido exitosamente: basic en (10, 4)
Dec 15, 2024 5:05:20 AM domain.Game addPlant
INFO: Intentando añadir una planta: eciplant en (1, 0)
Dec 15, 2024 5:05:20 AM domain.Game addPlant
SEVERE: Error al añadir planta: Cannot add the unit because there is already a unit in the cell
Dec 15, 2024 5:05:20 AM domain.Game addPlant
INFO: Intentando añadir una planta: sunflower en (1, 2)
Dec 15, 2024 5:05:20 AM domain.Game addPlant
SEVERE: Error al añadir planta: Cannot add the unit because there is already a unit in the cell
Dec 15, 2024 5:05:20 AM domain.Game addPlant
INFO: Intentando añadir una planta: sunflower en (1, 4)
Dec 15, 2024 5:05:20 AM domain.Game addPlant
SEVERE: Error al añadir planta: Cannot add the unit because there is already a unit in the cell
Dec 15, 2024 5:05:20 AM domain.Game addPlant
INFO: Intentando añadir una planta: potatomine en (5, 3)
Dec 15, 2024 5:05:20 AM domain.Game addPlant
WARNING: No hay suficientes soles para añadir la planta: potatomine
Dec 15, 2024 5:05:20 AM domain.Game addPlant
SEVERE: Error al añadir planta: Not enough suns to buy the plant
Dec 15, 2024 5:05:20 AM domain.Game addPlant
INFO: Intentando añadir una planta: potatomine en (5, 4)
Dec 15, 2024 5:05:20 AM domain.Game addPlant
WARNING: No hay suficientes soles para añadir la planta: potatomine
Dec 15, 2024 5:05:20 AM domain.Game addPlant
SEVERE: Error al añadir planta: Not enough suns to buy the plant
Dec 15, 2024 5:05:21 AM domain.plants.Sunflower generateSun
INFO: sol generado
Dec 15, 2024 5:05:21 AM domain.plants.ECIPlant generateSun
INFO: sol generado
Dec 15, 2024 5:05:21 AM domain.plants.ECIPlant generateSun
INFO: sol generado
Dec 15, 2024 5:05:21 AM domain.Game addZombie
INFO: Intentando añadir un zombie: brainstein en (10, 0)
Dec 15, 2024 5:05:21 AM domain.Game addZombie
INFO: Zombie añadido exitosamente: brainstein en (10, 0)
Dec 15, 2024 5:05:21 AM domain.Game addZombie
INFO: Intentando añadir un zombie: buckethead en (10, 3)
Dec 15, 2024 5:05:21 AM domain.Game addZombie
INFO: Zombie añadido exitosamente: buckethead en (10, 3)
Dec 15, 2024 5:05:21 AM domain.Game addPlant
INFO: Intentando añadir una planta: sunflower en (2, 0)
Dec 15, 2024 5:05:21 AM domain.Game addPlant
INFO: Planta añadida exitosamente: sunflower en (2, 0)
Dec 15, 2024 5:05:21 AM domain.plants.Sunflower generateSun
INFO: sol generado
Dec 15, 2024 5:05:21 AM domain.Game addPlant
INFO: Intentando añadir una planta: wallnut en (5, 0)
Dec 15, 2024 5:05:21 AM domain.Game addPlant
INFO: Planta añadida exitosamente: wallnut en (5, 0)
Dec 15, 2024 5:05:21 AM domain.plants.Sunflower generateSun
INFO: sol generado
Dec 15, 2024 5:05:21 AM domain.plants.ECIPlant generateSun
INFO: sol generado
Dec 15, 2024 5:05:21 AM domain.Game addZombie
INFO: Intentando añadir un zombie: brainstein en (10, 0)
Dec 15, 2024 5:05:21 AM domain.Game addZombie
INFO: Zombie añadido exitosamente: brainstein en (10, 0)
Dec 15, 2024 5:05:21 AM domain.Game addPlant
INFO: Intentando añadir una planta: eciplant en (1, 0)
Dec 15, 2024 5:05:21 AM domain.Game addPlant
SEVERE: Error al añadir planta: Cannot add the unit because there is already a unit in the cell
Dec 15, 2024 5:05:21 AM domain.Game addPlant
INFO: Intentando añadir una planta: sunflower en (1, 2)
Dec 15, 2024 5:05:21 AM domain.Game addPlant
SEVERE: Error al añadir planta: Cannot add the unit because there is already a unit in the cell
Dec 15, 2024 5:05:21 AM domain.Game addPlant
INFO: Intentando añadir una planta: eciplant en (1, 4)
Dec 15, 2024 5:05:21 AM domain.Game addPlant
SEVERE: Error al añadir planta: Cannot add the unit because there is already a unit in the cell
Dec 15, 2024 5:05:21 AM domain.Game addPlant
INFO: Intentando añadir una planta: wallnut en (4, 0)
Dec 15, 2024 5:05:21 AM domain.Game addPlant
WARNING: No hay suficientes soles para añadir la planta: wallnut
Dec 15, 2024 5:05:21 AM domain.Game addPlant
SEVERE: Error al añadir planta: Not enough suns to buy the plant
Dec 15, 2024 5:05:21 AM domain.Game addPlant
INFO: Intentando añadir una planta: wallnut en (4, 1)
Dec 15, 2024 5:05:21 AM domain.Game addPlant
WARNING: No hay suficientes soles para añadir la planta: wallnut
Dec 15, 2024 5:05:21 AM domain.Game addPlant
SEVERE: Error al añadir planta: Not enough suns to buy the plant
Dec 15, 2024 5:05:21 AM domain.Game addPlant
INFO: Intentando añadir una planta: wallnut en (4, 2)
Dec 15, 2024 5:05:21 AM domain.Game addPlant
WARNING: No hay suficientes soles para añadir la planta: wallnut
Dec 15, 2024 5:05:21 AM domain.Game addPlant
SEVERE: Error al añadir planta: Not enough suns to buy the plant
Dec 15, 2024 5:05:21 AM domain.Game addPlant
INFO: Intentando añadir una planta: wallnut en (4, 3)
Dec 15, 2024 5:05:21 AM domain.Game addPlant
WARNING: No hay suficientes soles para añadir la planta: wallnut
Dec 15, 2024 5:05:21 AM domain.Game addPlant
SEVERE: Error al añadir planta: Not enough suns to buy the plant
Dec 15, 2024 5:05:21 AM domain.Game addPlant
INFO: Intentando añadir una planta: wallnut en (4, 4)
Dec 15, 2024 5:05:21 AM domain.Game addPlant
WARNING: No hay suficientes soles para añadir la planta: wallnut
Dec 15, 2024 5:05:21 AM domain.Game addPlant
SEVERE: Error al añadir planta: Not enough suns to buy the plant
Dec 15, 2024 5:05:22 AM domain.plants.Sunflower generateSun
INFO: sol generado
Dec 15, 2024 5:05:22 AM domain.plants.ECIPlant generateSun
INFO: sol generado
Dec 15, 2024 5:05:22 AM domain.plants.Sunflower generateSun
INFO: sol generado
Dec 15, 2024 5:05:22 AM domain.plants.ECIPlant generateSun
INFO: sol generado
Dec 15, 2024 5:05:22 AM domain.Game addZombie
INFO: Intentando añadir un zombie: buckethead en (9, 0)
Dec 15, 2024 5:05:22 AM domain.Game addZombie
INFO: Zombie añadido exitosamente: buckethead en (9, 0)
Dec 15, 2024 5:05:22 AM domain.Game addZombie
INFO: Intentando añadir un zombie: brainstein en (10, 1)
Dec 15, 2024 5:05:22 AM domain.Game addZombie
INFO: Zombie añadido exitosamente: brainstein en (10, 1)
Dec 15, 2024 5:05:22 AM domain.plants.Sunflower generateSun
INFO: sol generado
Dec 15, 2024 5:05:22 AM domain.Game addPlant
INFO: Intentando añadir una planta: eciplant en (1, 0)
Dec 15, 2024 5:05:22 AM domain.Game addPlant
INFO: Planta añadida exitosamente: eciplant en (1, 0)
Dec 15, 2024 5:05:22 AM domain.plants.ECIPlant generateSun
INFO: sol generado
Dec 15, 2024 5:05:22 AM domain.plants.ECIPlant generateSun
INFO: sol generado
Dec 15, 2024 5:05:22 AM domain.plants.ECIPlant generateSun
INFO: sol generado
Dec 15, 2024 5:05:22 AM domain.plants.Sunflower generateSun
INFO: sol generado
Dec 15, 2024 5:05:22 AM domain.Game addZombie
INFO: Intentando añadir un zombie: basic en (9, 1)
Dec 15, 2024 5:05:22 AM domain.Game addZombie
INFO: Zombie añadido exitosamente: basic en (9, 1)
Dec 15, 2024 5:05:22 AM domain.plants.Sunflower generateSun
INFO: sol generado
Dec 15, 2024 5:05:22 AM domain.plants.Sunflower generateSun
INFO: sol generado
Dec 15, 2024 5:05:22 AM domain.Game addPlant
INFO: Intentando añadir una planta: sunflower en (1, 0)
Dec 15, 2024 5:05:22 AM domain.Game addPlant
SEVERE: Error al añadir planta: Cannot add the unit because there is already a unit in the cell
Dec 15, 2024 5:05:22 AM domain.Game addPlant
INFO: Intentando añadir una planta: eciplant en (1, 2)
Dec 15, 2024 5:05:22 AM domain.Game addPlant
SEVERE: Error al añadir planta: Cannot add the unit because there is already a unit in the cell
Dec 15, 2024 5:05:22 AM domain.Game addPlant
INFO: Intentando añadir una planta: eciplant en (1, 4)
Dec 15, 2024 5:05:22 AM domain.Game addPlant
SEVERE: Error al añadir planta: Cannot add the unit because there is already a unit in the cell
Dec 15, 2024 5:05:22 AM domain.Game addPlant
INFO: Intentando añadir una planta: wallnut en (4, 0)
Dec 15, 2024 5:05:22 AM domain.Game addPlant
INFO: Planta añadida exitosamente: wallnut en (4, 0)
Dec 15, 2024 5:05:22 AM domain.Game addPlant
INFO: Intentando añadir una planta: wallnut en (4, 1)
Dec 15, 2024 5:05:22 AM domain.Game addPlant
INFO: Planta añadida exitosamente: wallnut en (4, 1)
Dec 15, 2024 5:05:22 AM domain.Game addPlant
INFO: Intentando añadir una planta: wallnut en (4, 2)
Dec 15, 2024 5:05:22 AM domain.Game addPlant
INFO: Planta añadida exitosamente: wallnut en (4, 2)
Dec 15, 2024 5:05:22 AM domain.Game addPlant
INFO: Intentando añadir una planta: wallnut en (4, 3)
Dec 15, 2024 5:05:22 AM domain.Game addPlant
WARNING: No hay suficientes soles para añadir la planta: wallnut
Dec 15, 2024 5:05:22 AM domain.Game addPlant
SEVERE: Error al añadir planta: Not enough suns to buy the plant
Dec 15, 2024 5:05:22 AM domain.Game addPlant
INFO: Intentando añadir una planta: wallnut en (4, 4)
Dec 15, 2024 5:05:22 AM domain.Game addPlant
WARNING: No hay suficientes soles para añadir la planta: wallnut
Dec 15, 2024 5:05:22 AM domain.Game addPlant
SEVERE: Error al añadir planta: Not enough suns to buy the plant
Dec 15, 2024 5:05:22 AM domain.plants.Sunflower generateSun
INFO: sol generado
Dec 15, 2024 5:05:22 AM domain.plants.Sunflower generateSun
INFO: sol generado
Dec 15, 2024 5:05:23 AM domain.plants.Sunflower generateSun
INFO: sol generado
Dec 15, 2024 5:05:23 AM domain.Game addZombie
INFO: Intentando añadir un zombie: conehead en (9, 0)
Dec 15, 2024 5:05:23 AM domain.Game addZombie
INFO: Zombie añadido exitosamente: conehead en (9, 0)
Dec 15, 2024 5:05:23 AM domain.Game addZombie
INFO: Intentando añadir un zombie: ecizombie en (9, 3)
Dec 15, 2024 5:05:23 AM domain.Game addZombie
INFO: Zombie añadido exitosamente: ecizombie en (9, 3)
Dec 15, 2024 5:05:23 AM domain.plants.Sunflower generateSun
INFO: sol generado
Dec 15, 2024 5:05:23 AM domain.plants.Sunflower generateSun
INFO: sol generado
Dec 15, 2024 5:05:23 AM domain.Game addPlant
INFO: Intentando añadir una planta: potatomine en (6, 0)
Dec 15, 2024 5:05:23 AM domain.Game addPlant
INFO: Planta añadida exitosamente: potatomine en (6, 0)
Dec 15, 2024 5:05:23 AM domain.Game addZombie
INFO: Intentando añadir un zombie: basic en (9, 3)
Dec 15, 2024 5:05:23 AM domain.Game addZombie
INFO: Zombie añadido exitosamente: basic en (9, 3)
Dec 15, 2024 5:05:23 AM domain.Game addPlant
INFO: Intentando añadir una planta: eciplant en (1, 0)
Dec 15, 2024 5:05:23 AM domain.Game addPlant
SEVERE: Error al añadir planta: Cannot add the unit because there is already a unit in the cell
Dec 15, 2024 5:05:23 AM domain.Game addPlant
INFO: Intentando añadir una planta: eciplant en (1, 2)
Dec 15, 2024 5:05:23 AM domain.Game addPlant
SEVERE: Error al añadir planta: Cannot add the unit because there is already a unit in the cell
Dec 15, 2024 5:05:23 AM domain.Game addPlant
INFO: Intentando añadir una planta: wallnut en (2, 0)
Dec 15, 2024 5:05:23 AM domain.Game addPlant
WARNING: No hay suficientes soles para añadir la planta: wallnut
Dec 15, 2024 5:05:23 AM domain.Game addPlant
SEVERE: Error al añadir planta: Not enough suns to buy the plant
Dec 15, 2024 5:05:23 AM domain.Game addPlant
INFO: Intentando añadir una planta: wallnut en (2, 1)
Dec 15, 2024 5:05:23 AM domain.Game addPlant
WARNING: No hay suficientes soles para añadir la planta: wallnut
Dec 15, 2024 5:05:23 AM domain.Game addPlant
SEVERE: Error al añadir planta: Not enough suns to buy the plant
Dec 15, 2024 5:05:23 AM domain.Game addPlant
INFO: Intentando añadir una planta: wallnut en (2, 2)
Dec 15, 2024 5:05:23 AM domain.Game addPlant
WARNING: No hay suficientes soles para añadir la planta: wallnut
Dec 15, 2024 5:05:23 AM domain.Game addPlant
SEVERE: Error al añadir planta: Not enough suns to buy the plant
Dec 15, 2024 5:05:23 AM domain.Game addPlant
INFO: Intentando añadir una planta: wallnut en (2, 3)
Dec 15, 2024 5:05:23 AM domain.Game addPlant
WARNING: No hay suficientes soles para añadir la planta: wallnut
Dec 15, 2024 5:05:23 AM domain.Game addPlant
SEVERE: Error al añadir planta: Not enough suns to buy the plant
Dec 15, 2024 5:05:23 AM domain.Game addPlant
INFO: Intentando añadir una planta: wallnut en (2, 4)
Dec 15, 2024 5:05:23 AM domain.Game addPlant
WARNING: No hay suficientes soles para añadir la planta: wallnut
Dec 15, 2024 5:05:23 AM domain.Game addPlant
SEVERE: Error al añadir planta: Not enough suns to buy the plant
Dec 15, 2024 5:05:24 AM domain.plants.Sunflower generateSun
INFO: sol generado
Dec 15, 2024 5:05:24 AM domain.plants.ECIPlant generateSun
INFO: sol generado
Dec 15, 2024 5:05:24 AM domain.plants.ECIPlant generateSun
INFO: sol generado
Dec 15, 2024 5:05:24 AM domain.Game addZombie
INFO: Intentando añadir un zombie: basic en (9, 0)
Dec 15, 2024 5:05:24 AM domain.Game addZombie
INFO: Zombie añadido exitosamente: basic en (9, 0)
Dec 15, 2024 5:05:24 AM domain.Game addZombie
INFO: Intentando añadir un zombie: conehead en (10, 2)
Dec 15, 2024 5:05:24 AM domain.Game addZombie
INFO: Zombie añadido exitosamente: conehead en (10, 2)
Dec 15, 2024 5:05:24 AM domain.plants.Sunflower generateSun
INFO: sol generado
Dec 15, 2024 5:05:24 AM domain.Game addPlant
INFO: Intentando añadir una planta: peashooter en (3, 0)
Dec 15, 2024 5:05:24 AM domain.Game addPlant
INFO: Planta añadida exitosamente: peashooter en (3, 0)
Dec 15, 2024 5:05:24 AM domain.plants.Sunflower generateSun
INFO: sol generado
Dec 15, 2024 5:05:24 AM domain.plants.ECIPlant generateSun
INFO: sol generado
Dec 15, 2024 5:05:24 AM domain.Game addZombie
INFO: Intentando añadir un zombie: buckethead en (9, 3)
Dec 15, 2024 5:05:24 AM domain.Game addZombie
INFO: Zombie añadido exitosamente: buckethead en (9, 3)
Dec 15, 2024 5:05:24 AM domain.Game addPlant
INFO: Intentando añadir una planta: sunflower en (1, 0)
Dec 15, 2024 5:05:24 AM domain.Game addPlant
SEVERE: Error al añadir planta: Cannot add the unit because there is already a unit in the cell
Dec 15, 2024 5:05:24 AM domain.Game addPlant
INFO: Intentando añadir una planta: sunflower en (1, 2)
Dec 15, 2024 5:05:24 AM domain.Game addPlant
SEVERE: Error al añadir planta: Cannot add the unit because there is already a unit in the cell
Dec 15, 2024 5:05:24 AM domain.Game addPlant
INFO: Intentando añadir una planta: potatomine en (6, 2)
Dec 15, 2024 5:05:24 AM domain.Game addPlant
INFO: Planta añadida exitosamente: potatomine en (6, 2)
Dec 15, 2024 5:05:24 AM domain.Game addPlant
INFO: Intentando añadir una planta: potatomine en (6, 3)
Dec 15, 2024 5:05:24 AM domain.Game addPlant
WARNING: No hay suficientes soles para añadir la planta: potatomine
Dec 15, 2024 5:05:24 AM domain.Game addPlant
SEVERE: Error al añadir planta: Not enough suns to buy the plant
Dec 15, 2024 5:05:24 AM domain.Game addPlant
INFO: Intentando añadir una planta: potatomine en (6, 4)
Dec 15, 2024 5:05:24 AM domain.Game addPlant
WARNING: No hay suficientes soles para añadir la planta: potatomine
Dec 15, 2024 5:05:24 AM domain.Game addPlant
SEVERE: Error al añadir planta: Not enough suns to buy the plant
Dec 15, 2024 5:05:24 AM domain.LawnMower activate
INFO: LawnMower activado en la fila: 0
Dec 15, 2024 5:05:24 AM domain.LawnMower activate
INFO: LawnMower activado en la fila: 2
Dec 15, 2024 5:05:24 AM domain.LawnMower activate
INFO: LawnMower activado en la fila: 4
Dec 15, 2024 5:05:24 AM domain.LawnMower activate
INFO: LawnMower activado en la fila: 3
Dec 15, 2024 5:05:25 AM domain.plants.Sunflower generateSun
INFO: sol generado
Dec 15, 2024 5:05:25 AM domain.plants.ECIPlant generateSun
INFO: sol generado
Dec 15, 2024 5:05:25 AM domain.plants.Sunflower generateSun
INFO: sol generado
Dec 15, 2024 5:05:25 AM domain.plants.ECIPlant generateSun
INFO: sol generado
Dec 15, 2024 5:05:25 AM domain.Game addZombie
INFO: Intentando añadir un zombie: brainstein en (10, 0)
Dec 15, 2024 5:05:25 AM domain.Game addZombie
INFO: Zombie añadido exitosamente: brainstein en (10, 0)
Dec 15, 2024 5:05:25 AM domain.Game addZombie
INFO: Intentando añadir un zombie: conehead en (10, 1)
Dec 15, 2024 5:05:25 AM domain.Game addZombie
INFO: Zombie añadido exitosamente: conehead en (10, 1)
Dec 15, 2024 5:05:25 AM domain.plants.Sunflower generateSun
INFO: sol generado
Dec 15, 2024 5:05:25 AM domain.plants.ECIPlant generateSun
INFO: sol generado
Dec 15, 2024 5:05:25 AM domain.Game addPlant
INFO: Intentando añadir una planta: eciplant en (1, 0)
Dec 15, 2024 5:05:25 AM domain.Game addPlant
INFO: Planta añadida exitosamente: eciplant en (1, 0)
Dec 15, 2024 5:05:25 AM domain.plants.ECIPlant generateSun
INFO: sol generado
Dec 15, 2024 5:05:25 AM domain.plants.ECIPlant generateSun
INFO: sol generado
Dec 15, 2024 5:05:25 AM domain.plants.Sunflower generateSun
INFO: sol generado
Dec 15, 2024 5:05:25 AM domain.plants.ECIPlant generateSun
INFO: sol generado
Dec 15, 2024 5:05:25 AM domain.Game addZombie
INFO: Intentando añadir un zombie: brainstein en (10, 0)
Dec 15, 2024 5:05:25 AM domain.Game addZombie
INFO: Zombie añadido exitosamente: brainstein en (10, 0)
Dec 15, 2024 5:05:25 AM domain.plants.Sunflower generateSun
INFO: sol generado
Dec 15, 2024 5:05:25 AM domain.plants.Sunflower generateSun
INFO: sol generado
Dec 15, 2024 5:05:25 AM domain.Game addPlant
INFO: Intentando añadir una planta: eciplant en (1, 0)
Dec 15, 2024 5:05:25 AM domain.Game addPlant
SEVERE: Error al añadir planta: Cannot add the unit because there is already a unit in the cell
Dec 15, 2024 5:05:25 AM domain.Game addPlant
INFO: Intentando añadir una planta: eciplant en (1, 2)
Dec 15, 2024 5:05:25 AM domain.Game addPlant
SEVERE: Error al añadir planta: Cannot add the unit because there is already a unit in the cell
Dec 15, 2024 5:05:25 AM domain.Game addPlant
INFO: Intentando añadir una planta: potatomine en (5, 3)
Dec 15, 2024 5:05:25 AM domain.Game addPlant
INFO: Planta añadida exitosamente: potatomine en (5, 3)
Dec 15, 2024 5:05:25 AM domain.Game addPlant
INFO: Intentando añadir una planta: potatomine en (5, 4)
Dec 15, 2024 5:05:25 AM domain.Game addPlant
INFO: Planta añadida exitosamente: potatomine en (5, 4)
Dec 15, 2024 5:05:25 AM domain.plants.Sunflower generateSun
INFO: sol generado
Dec 15, 2024 5:05:25 AM domain.plants.Sunflower generateSun
INFO: sol generado
Dec 15, 2024 5:05:26 AM domain.plants.Sunflower generateSun
INFO: sol generado
Dec 15, 2024 5:05:26 AM domain.Game addZombie
INFO: Intentando añadir un zombie: basic en (9, 0)
Dec 15, 2024 5:05:26 AM domain.Game addZombie
INFO: Zombie añadido exitosamente: basic en (9, 0)
Dec 15, 2024 5:05:26 AM domain.Game addZombie
INFO: Intentando añadir un zombie: basic en (9, 1)
Dec 15, 2024 5:05:26 AM domain.Game addZombie
INFO: Zombie añadido exitosamente: basic en (9, 1)
Dec 15, 2024 5:05:26 AM domain.plants.Sunflower generateSun
INFO: sol generado
Dec 15, 2024 5:05:26 AM domain.plants.Sunflower generateSun
INFO: sol generado
Dec 15, 2024 5:05:26 AM domain.Game addZombie
INFO: Intentando añadir un zombie: basic en (9, 3)
Dec 15, 2024 5:05:26 AM domain.Game addZombie
INFO: Zombie añadido exitosamente: basic en (9, 3)
Dec 15, 2024 5:05:26 AM domain.Game addPlant
INFO: Intentando añadir una planta: eciplant en (1, 0)
Dec 15, 2024 5:05:26 AM domain.Game addPlant
SEVERE: Error al añadir planta: Cannot add the unit because there is already a unit in the cell
Dec 15, 2024 5:05:26 AM domain.Game addPlant
INFO: Intentando añadir una planta: eciplant en (1, 2)
Dec 15, 2024 5:05:26 AM domain.Game addPlant
SEVERE: Error al añadir planta: Cannot add the unit because there is already a unit in the cell
Dec 15, 2024 5:05:26 AM domain.Game addPlant
INFO: Intentando añadir una planta: potatomine en (7, 0)
Dec 15, 2024 5:05:26 AM domain.Game addPlant
SEVERE: Error al añadir planta: Cannot add the unit because there is already a unit in the cell
Dec 15, 2024 5:05:26 AM domain.Game addPlant
INFO: Intentando añadir una planta: potatomine en (7, 1)
Dec 15, 2024 5:05:26 AM domain.Game addPlant
INFO: Planta añadida exitosamente: potatomine en (7, 1)
Dec 15, 2024 5:05:26 AM domain.Game addPlant
INFO: Intentando añadir una planta: potatomine en (7, 4)
Dec 15, 2024 5:05:26 AM domain.Game addPlant
INFO: Planta añadida exitosamente: potatomine en (7, 4)
Dec 15, 2024 5:05:27 AM domain.plants.Sunflower generateSun
INFO: sol generado
Dec 15, 2024 5:05:27 AM domain.plants.ECIPlant generateSun
INFO: sol generado
Dec 15, 2024 5:05:27 AM domain.plants.ECIPlant generateSun
INFO: sol generado
Dec 15, 2024 5:05:27 AM domain.Game addZombie
INFO: Intentando añadir un zombie: buckethead en (9, 0)
Dec 15, 2024 5:05:27 AM domain.Game addZombie
INFO: Zombie añadido exitosamente: buckethead en (9, 0)
Dec 15, 2024 5:05:27 AM domain.Game addZombie
INFO: Intentando añadir un zombie: brainstein en (10, 1)
Dec 15, 2024 5:05:27 AM domain.Game addZombie
INFO: Zombie añadido exitosamente: brainstein en (10, 1)
Dec 15, 2024 5:05:27 AM domain.plants.Sunflower generateSun
INFO: sol generado
Dec 15, 2024 5:05:27 AM domain.Game addPlant
INFO: Intentando añadir una planta: eciplant en (1, 0)
Dec 15, 2024 5:05:27 AM domain.Game addPlant
SEVERE: Error al añadir planta: Cannot add the unit because there is already a unit in the cell
Dec 15, 2024 5:05:27 AM domain.plants.Sunflower generateSun
INFO: sol generado
Dec 15, 2024 5:05:27 AM domain.plants.ECIPlant generateSun
INFO: sol generado
Dec 15, 2024 5:05:27 AM domain.Game addZombie
INFO: Intentando añadir un zombie: conehead en (9, 3)
Dec 15, 2024 5:05:27 AM domain.Game addZombie
INFO: Zombie añadido exitosamente: conehead en (9, 3)
Dec 15, 2024 5:05:27 AM domain.Game addPlant
INFO: Intentando añadir una planta: sunflower en (1, 0)
Dec 15, 2024 5:05:27 AM domain.Game addPlant
SEVERE: Error al añadir planta: Cannot add the unit because there is already a unit in the cell
Dec 15, 2024 5:05:27 AM domain.Game addPlant
INFO: Intentando añadir una planta: eciplant en (1, 2)
Dec 15, 2024 5:05:27 AM domain.Game addPlant
SEVERE: Error al añadir planta: Cannot add the unit because there is already a unit in the cell
Dec 15, 2024 5:05:28 AM domain.plants.Sunflower generateSun
INFO: sol generado
Dec 15, 2024 5:05:28 AM domain.plants.ECIPlant generateSun
INFO: sol generado
Dec 15, 2024 5:05:28 AM domain.plants.Sunflower generateSun
INFO: sol generado
Dec 15, 2024 5:05:28 AM domain.plants.ECIPlant generateSun
INFO: sol generado
Dec 15, 2024 5:05:28 AM domain.Game addZombie
INFO: Intentando añadir un zombie: basic en (9, 0)
Dec 15, 2024 5:05:28 AM domain.Game addZombie
INFO: Zombie añadido exitosamente: basic en (9, 0)
Dec 15, 2024 5:05:28 AM domain.Game addZombie
INFO: Intentando añadir un zombie: brainstein en (10, 4)
Dec 15, 2024 5:05:28 AM domain.Game addZombie
INFO: Zombie añadido exitosamente: brainstein en (10, 4)
Dec 15, 2024 5:05:28 AM domain.plants.Sunflower generateSun
INFO: sol generado
Dec 15, 2024 5:05:28 AM domain.plants.ECIPlant generateSun
INFO: sol generado
Dec 15, 2024 5:05:28 AM domain.plants.ECIPlant generateSun
INFO: sol generado
Dec 15, 2024 5:05:28 AM domain.plants.ECIPlant generateSun
INFO: sol generado
Dec 15, 2024 5:05:28 AM domain.plants.Sunflower generateSun
INFO: sol generado
Dec 15, 2024 5:05:28 AM domain.plants.ECIPlant generateSun
INFO: sol generado
Dec 15, 2024 5:05:28 AM domain.Game addZombie
INFO: Intentando añadir un zombie: basic en (9, 3)
Dec 15, 2024 5:05:28 AM domain.Game addZombie
INFO: Zombie añadido exitosamente: basic en (9, 3)
Dec 15, 2024 5:05:28 AM domain.plants.Sunflower generateSun
INFO: sol generado
Dec 15, 2024 5:05:28 AM domain.plants.Sunflower generateSun
INFO: sol generado
Dec 15, 2024 5:05:28 AM domain.Game addPlant
INFO: Intentando añadir una planta: sunflower en (1, 0)
Dec 15, 2024 5:05:28 AM domain.Game addPlant
SEVERE: Error al añadir planta: Cannot add the unit because there is already a unit in the cell
Dec 15, 2024 5:05:28 AM domain.Game addPlant
INFO: Intentando añadir una planta: sunflower en (1, 2)
Dec 15, 2024 5:05:28 AM domain.Game addPlant
SEVERE: Error al añadir planta: Cannot add the unit because there is already a unit in the cell
Dec 15, 2024 5:05:28 AM domain.Game addPlant
INFO: Intentando añadir una planta: wallnut en (2, 0)
Dec 15, 2024 5:05:28 AM domain.Game addPlant
INFO: Planta añadida exitosamente: wallnut en (2, 0)
Dec 15, 2024 5:05:28 AM domain.Game addPlant
INFO: Intentando añadir una planta: wallnut en (2, 1)
Dec 15, 2024 5:05:28 AM domain.Game addPlant
INFO: Planta añadida exitosamente: wallnut en (2, 1)
Dec 15, 2024 5:05:28 AM domain.Game addPlant
INFO: Intentando añadir una planta: wallnut en (2, 2)
Dec 15, 2024 5:05:28 AM domain.Game addPlant
INFO: Planta añadida exitosamente: wallnut en (2, 2)
Dec 15, 2024 5:05:28 AM domain.Game addPlant
INFO: Intentando añadir una planta: wallnut en (2, 3)
Dec 15, 2024 5:05:28 AM domain.Game addPlant
INFO: Planta añadida exitosamente: wallnut en (2, 3)
Dec 15, 2024 5:05:28 AM domain.Game addPlant
INFO: Intentando añadir una planta: wallnut en (2, 4)
Dec 15, 2024 5:05:28 AM domain.Game addPlant
INFO: Planta añadida exitosamente: wallnut en (2, 4)
Dec 15, 2024 5:05:28 AM domain.plants.Sunflower generateSun
INFO: sol generado
Dec 15, 2024 5:05:28 AM domain.plants.Sunflower generateSun
INFO: sol generado
Dec 15, 2024 5:05:29 AM domain.plants.Sunflower generateSun
INFO: sol generado
Dec 15, 2024 5:05:29 AM domain.Game addZombie
INFO: Intentando añadir un zombie: brainstein en (10, 0)
Dec 15, 2024 5:05:29 AM domain.Game addZombie
INFO: Zombie añadido exitosamente: brainstein en (10, 0)
Dec 15, 2024 5:05:29 AM domain.Game addZombie
INFO: Intentando añadir un zombie: brainstein en (10, 2)
Dec 15, 2024 5:05:29 AM domain.Game addZombie
INFO: Zombie añadido exitosamente: brainstein en (10, 2)
Dec 15, 2024 5:05:29 AM domain.plants.Sunflower generateSun
INFO: sol generado
Dec 15, 2024 5:05:29 AM domain.plants.Sunflower generateSun
INFO: sol generado
Dec 15, 2024 5:05:29 AM domain.Game addPlant
INFO: Intentando añadir una planta: eciplant en (1, 0)
Dec 15, 2024 5:05:29 AM domain.Game addPlant
SEVERE: Error al añadir planta: Cannot add the unit because there is already a unit in the cell
Dec 15, 2024 5:05:29 AM domain.Game addZombie
INFO: Intentando añadir un zombie: brainstein en (10, 0)
Dec 15, 2024 5:05:29 AM domain.Game addZombie
INFO: Zombie añadido exitosamente: brainstein en (10, 0)
Dec 15, 2024 5:05:29 AM domain.Game addPlant
INFO: Intentando añadir una planta: sunflower en (1, 0)
Dec 15, 2024 5:05:29 AM domain.Game addPlant
SEVERE: Error al añadir planta: Cannot add the unit because there is already a unit in the cell
Dec 15, 2024 5:05:30 AM domain.plants.Sunflower generateSun
INFO: sol generado
Dec 15, 2024 5:05:30 AM domain.plants.ECIPlant generateSun
INFO: sol generado
Dec 15, 2024 5:05:30 AM domain.plants.ECIPlant generateSun
INFO: sol generado
Dec 15, 2024 5:05:30 AM domain.Game addZombie
INFO: Intentando añadir un zombie: basic en (9, 0)
Dec 15, 2024 5:05:30 AM domain.Game addZombie
INFO: Zombie añadido exitosamente: basic en (9, 0)
Dec 15, 2024 5:05:30 AM domain.Game addZombie
INFO: Intentando añadir un zombie: brainstein en (10, 0)
Dec 15, 2024 5:05:30 AM domain.Game addZombie
INFO: Zombie añadido exitosamente: brainstein en (10, 0)
Dec 15, 2024 5:05:30 AM domain.plants.Sunflower generateSun
INFO: sol generado
Dec 15, 2024 5:05:30 AM domain.Game addPlant
INFO: Intentando añadir una planta: eciplant en (1, 0)
Dec 15, 2024 5:05:30 AM domain.Game addPlant
SEVERE: Error al añadir planta: Cannot add the unit because there is already a unit in the cell
Dec 15, 2024 5:05:30 AM domain.plants.Sunflower generateSun
INFO: sol generado
Dec 15, 2024 5:05:30 AM domain.plants.ECIPlant generateSun
INFO: sol generado
Dec 15, 2024 5:05:30 AM domain.Game addZombie
INFO: Intentando añadir un zombie: conehead en (9, 3)
Dec 15, 2024 5:05:30 AM domain.Game addZombie
INFO: Zombie añadido exitosamente: conehead en (9, 3)
Dec 15, 2024 5:05:30 AM domain.Game addPlant
INFO: Intentando añadir una planta: eciplant en (1, 0)
Dec 15, 2024 5:05:30 AM domain.Game addPlant
SEVERE: Error al añadir planta: Cannot add the unit because there is already a unit in the cell
Dec 15, 2024 5:05:30 AM domain.Game addPlant
INFO: Intentando añadir una planta: potatomine en (8, 0)
Dec 15, 2024 5:05:30 AM domain.Game addPlant
WARNING: No hay suficientes soles para añadir la planta: potatomine
Dec 15, 2024 5:05:30 AM domain.Game addPlant
SEVERE: Error al añadir planta: Not enough suns to buy the plant
Dec 15, 2024 5:05:30 AM domain.Game addPlant
INFO: Intentando añadir una planta: potatomine en (8, 1)
Dec 15, 2024 5:05:30 AM domain.Game addPlant
SEVERE: Error al añadir planta: Cannot add the unit because there is already a unit in the cell
Dec 15, 2024 5:05:30 AM domain.Game addPlant
INFO: Intentando añadir una planta: potatomine en (8, 2)
Dec 15, 2024 5:05:30 AM domain.Game addPlant
WARNING: No hay suficientes soles para añadir la planta: potatomine
Dec 15, 2024 5:05:30 AM domain.Game addPlant
SEVERE: Error al añadir planta: Not enough suns to buy the plant
Dec 15, 2024 5:05:30 AM domain.Game addPlant
INFO: Intentando añadir una planta: potatomine en (8, 3)
Dec 15, 2024 5:05:30 AM domain.Game addPlant
SEVERE: Error al añadir planta: Cannot add the unit because there is already a unit in the cell
Dec 15, 2024 5:05:30 AM domain.Game addPlant
INFO: Intentando añadir una planta: potatomine en (8, 4)
Dec 15, 2024 5:05:30 AM domain.Game addPlant
SEVERE: Error al añadir planta: Cannot add the unit because there is already a unit in the cell
Dec 15, 2024 5:05:30 AM domain.LawnMower activate
INFO: LawnMower activado en la fila: 2
Dec 15, 2024 5:05:30 AM domain.Game deleteUnit
INFO: Unidad eliminada exitosamente en la posición (6, 1)
Dec 15, 2024 5:05:31 AM domain.plants.Sunflower generateSun
INFO: sol generado
Dec 15, 2024 5:05:31 AM domain.plants.ECIPlant generateSun
INFO: sol generado
Dec 15, 2024 5:05:31 AM domain.plants.Sunflower generateSun
INFO: sol generado
Dec 15, 2024 5:05:31 AM domain.plants.ECIPlant generateSun
INFO: sol generado
Dec 15, 2024 5:05:31 AM domain.Game addZombie
INFO: Intentando añadir un zombie: buckethead en (9, 0)
Dec 15, 2024 5:05:31 AM domain.Game addZombie
INFO: Zombie añadido exitosamente: buckethead en (9, 0)
Dec 15, 2024 5:05:31 AM domain.Game addZombie
INFO: Intentando añadir un zombie: conehead en (9, 3)
Dec 15, 2024 5:05:31 AM domain.Game addZombie
INFO: Zombie añadido exitosamente: conehead en (9, 3)
Dec 15, 2024 5:05:31 AM domain.plants.Sunflower generateSun
INFO: sol generado
Dec 15, 2024 5:05:31 AM domain.plants.ECIPlant generateSun
INFO: sol generado
Dec 15, 2024 5:05:31 AM domain.plants.ECIPlant generateSun
INFO: sol generado
Dec 15, 2024 5:05:31 AM domain.plants.ECIPlant generateSun
INFO: sol generado
Dec 15, 2024 5:05:31 AM domain.plants.ECIPlant generateSun
INFO: sol generado
Dec 15, 2024 5:05:31 AM domain.plants.Sunflower generateSun
INFO: sol generado
Dec 15, 2024 5:05:31 AM domain.Game addZombie
INFO: Intentando añadir un zombie: basic en (9, 3)
Dec 15, 2024 5:05:31 AM domain.Game addZombie
INFO: Zombie añadido exitosamente: basic en (9, 3)
Dec 15, 2024 5:05:31 AM domain.plants.Sunflower generateSun
INFO: sol generado
Dec 15, 2024 5:05:31 AM domain.plants.Sunflower generateSun
INFO: sol generado
Dec 15, 2024 5:05:31 AM domain.Game addPlant
INFO: Intentando añadir una planta: eciplant en (1, 0)
Dec 15, 2024 5:05:31 AM domain.Game addPlant
SEVERE: Error al añadir planta: Cannot add the unit because there is already a unit in the cell
Dec 15, 2024 5:05:31 AM domain.Game addPlant
INFO: Intentando añadir una planta: wallnut en (4, 3)
Dec 15, 2024 5:05:31 AM domain.Game addPlant
INFO: Planta añadida exitosamente: wallnut en (4, 3)
Dec 15, 2024 5:05:31 AM domain.Game addPlant
INFO: Intentando añadir una planta: wallnut en (4, 4)
Dec 15, 2024 5:05:31 AM domain.Game addPlant
INFO: Planta añadida exitosamente: wallnut en (4, 4)
Dec 15, 2024 5:05:31 AM domain.LawnMower activate
INFO: LawnMower activado en la fila: 4
Dec 15, 2024 5:05:31 AM domain.plants.Sunflower generateSun
INFO: sol generado
Dec 15, 2024 5:05:31 AM domain.plants.Sunflower generateSun
INFO: sol generado
Dec 15, 2024 5:05:32 AM domain.plants.Sunflower generateSun
INFO: sol generado
Dec 15, 2024 5:05:32 AM domain.Game addZombie
INFO: Intentando añadir un zombie: conehead en (9, 0)
Dec 15, 2024 5:05:32 AM domain.Game addZombie
INFO: Zombie añadido exitosamente: conehead en (9, 0)
Dec 15, 2024 5:05:32 AM domain.Game addZombie
INFO: Intentando añadir un zombie: brainstein en (10, 2)
Dec 15, 2024 5:05:32 AM domain.Game addZombie
INFO: Zombie añadido exitosamente: brainstein en (10, 2)
Dec 15, 2024 5:05:32 AM domain.plants.Sunflower generateSun
INFO: sol generado
Dec 15, 2024 5:05:32 AM domain.plants.Sunflower generateSun
INFO: sol generado
Dec 15, 2024 5:05:32 AM domain.Game addZombie
INFO: Intentando añadir un zombie: basic en (9, 3)
Dec 15, 2024 5:05:32 AM domain.Game addZombie
INFO: Zombie añadido exitosamente: basic en (9, 3)
Dec 15, 2024 5:05:32 AM domain.Game addPlant
INFO: Intentando añadir una planta: eciplant en (1, 0)
Dec 15, 2024 5:05:32 AM domain.Game addPlant
SEVERE: Error al añadir planta: Cannot add the unit because there is already a unit in the cell
Dec 15, 2024 5:05:32 AM domain.Game addPlant
INFO: Intentando añadir una planta: wallnut en (3, 4)
Dec 15, 2024 5:05:32 AM domain.Game addPlant
INFO: Planta añadida exitosamente: wallnut en (3, 4)
Dec 15, 2024 5:05:32 AM domain.LawnMower activate
INFO: LawnMower activado en la fila: 2
Dec 15, 2024 5:05:32 AM domain.LawnMower activate
INFO: LawnMower activado en la fila: 2
Dec 15, 2024 5:05:33 AM domain.plants.Sunflower generateSun
INFO: sol generado
Dec 15, 2024 5:05:33 AM domain.plants.ECIPlant generateSun
INFO: sol generado
Dec 15, 2024 5:05:33 AM domain.plants.ECIPlant generateSun
INFO: sol generado
Dec 15, 2024 5:05:33 AM domain.Game addZombie
INFO: Intentando añadir un zombie: brainstein en (10, 0)
Dec 15, 2024 5:05:33 AM domain.Game addZombie
INFO: Zombie añadido exitosamente: brainstein en (10, 0)
Dec 15, 2024 5:05:33 AM domain.Game addZombie
INFO: Intentando añadir un zombie: ecizombie en (9, 3)
Dec 15, 2024 5:05:33 AM domain.Game addZombie
INFO: Zombie añadido exitosamente: ecizombie en (9, 3)
Dec 15, 2024 5:05:33 AM domain.plants.Sunflower generateSun
INFO: sol generado
Dec 15, 2024 5:05:33 AM domain.plants.Sunflower generateSun
INFO: sol generado
Dec 15, 2024 5:05:33 AM domain.plants.ECIPlant generateSun
INFO: sol generado
Dec 15, 2024 5:05:33 AM domain.Game addZombie
INFO: Intentando añadir un zombie: brainstein en (10, 0)
Dec 15, 2024 5:05:33 AM domain.Game addZombie
INFO: Zombie añadido exitosamente: brainstein en (10, 0)
Dec 15, 2024 5:05:33 AM domain.Game addPlant
INFO: Intentando añadir una planta: sunflower en (1, 0)
Dec 15, 2024 5:05:33 AM domain.Game addPlant
SEVERE: Error al añadir planta: Cannot add the unit because there is already a unit in the cell
Dec 15, 2024 5:05:33 AM domain.Game addPlant
INFO: Intentando añadir una planta: potatomine en (7, 0)
Dec 15, 2024 5:05:33 AM domain.Game addPlant
SEVERE: Error al añadir planta: Cannot add the unit because there is already a unit in the cell
Dec 15, 2024 5:05:33 AM domain.Game addPlant
INFO: Intentando añadir una planta: potatomine en (7, 1)
Dec 15, 2024 5:05:33 AM domain.Game addPlant
SEVERE: Error al añadir planta: Cannot add the unit because there is already a unit in the cell
Dec 15, 2024 5:05:33 AM domain.Game addPlant
INFO: Intentando añadir una planta: potatomine en (7, 3)
Dec 15, 2024 5:05:33 AM domain.Game addPlant
SEVERE: Error al añadir planta: Cannot add the unit because there is already a unit in the cell
Dec 15, 2024 5:05:33 AM domain.Game addPlant
INFO: Intentando añadir una planta: potatomine en (7, 4)
Dec 15, 2024 5:05:33 AM domain.Game addPlant
SEVERE: Error al añadir planta: Cannot add the unit because there is already a unit in the cell
Dec 15, 2024 5:05:33 AM domain.LawnMower activate
INFO: LawnMower activado en la fila: 3
Dec 15, 2024 5:05:33 AM domain.Game deleteUnit
INFO: Unidad eliminada exitosamente en la posición (5, 1)
Dec 15, 2024 5:05:34 AM domain.plants.Sunflower generateSun
INFO: sol generado
Dec 15, 2024 5:05:34 AM domain.plants.ECIPlant generateSun
INFO: sol generado
Dec 15, 2024 5:05:34 AM domain.plants.Sunflower generateSun
INFO: sol generado
Dec 15, 2024 5:05:34 AM domain.plants.ECIPlant generateSun
INFO: sol generado
Dec 15, 2024 5:05:34 AM domain.Game addZombie
INFO: Intentando añadir un zombie: buckethead en (9, 0)
Dec 15, 2024 5:05:34 AM domain.Game addZombie
INFO: Zombie añadido exitosamente: buckethead en (9, 0)
Dec 15, 2024 5:05:34 AM domain.Game addZombie
INFO: Intentando añadir un zombie: buckethead en (10, 3)
Dec 15, 2024 5:05:34 AM domain.Game addZombie
INFO: Zombie añadido exitosamente: buckethead en (10, 3)
Dec 15, 2024 5:05:34 AM domain.plants.Sunflower generateSun
INFO: sol generado
Dec 15, 2024 5:05:34 AM domain.plants.ECIPlant generateSun
INFO: sol generado
Dec 15, 2024 5:05:34 AM domain.plants.ECIPlant generateSun
INFO: sol generado
Dec 15, 2024 5:05:34 AM domain.Game addPlant
INFO: Intentando añadir una planta: eciplant en (1, 0)
Dec 15, 2024 5:05:34 AM domain.Game addPlant
SEVERE: Error al añadir planta: Cannot add the unit because there is already a unit in the cell
Dec 15, 2024 5:05:34 AM domain.plants.ECIPlant generateSun
INFO: sol generado
Dec 15, 2024 5:05:34 AM domain.plants.Sunflower generateSun
INFO: sol generado
Dec 15, 2024 5:05:34 AM domain.plants.ECIPlant generateSun
INFO: sol generado
Dec 15, 2024 5:05:34 AM domain.Game addZombie
INFO: Intentando añadir un zombie: basic en (9, 3)
Dec 15, 2024 5:05:34 AM domain.Game addZombie
INFO: Zombie añadido exitosamente: basic en (9, 3)
Dec 15, 2024 5:05:34 AM domain.plants.Sunflower generateSun
INFO: sol generado
Dec 15, 2024 5:05:34 AM domain.plants.Sunflower generateSun
INFO: sol generado
Dec 15, 2024 5:05:34 AM domain.Game addPlant
INFO: Intentando añadir una planta: eciplant en (1, 0)
Dec 15, 2024 5:05:34 AM domain.Game addPlant
SEVERE: Error al añadir planta: Cannot add the unit because there is already a unit in the cell
Dec 15, 2024 5:05:34 AM domain.plants.Sunflower generateSun
INFO: sol generado
Dec 15, 2024 5:05:34 AM domain.plants.Sunflower generateSun
INFO: sol generado
Dec 15, 2024 5:05:35 AM domain.plants.Sunflower generateSun
INFO: sol generado
Dec 15, 2024 5:05:35 AM domain.Game addZombie
INFO: Intentando añadir un zombie: basic en (9, 0)
Dec 15, 2024 5:05:35 AM domain.Game addZombie
INFO: Zombie añadido exitosamente: basic en (9, 0)
Dec 15, 2024 5:05:35 AM domain.Game addZombie
INFO: Intentando añadir un zombie: buckethead en (9, 1)
Dec 15, 2024 5:05:35 AM domain.Game addZombie
INFO: Zombie añadido exitosamente: buckethead en (9, 1)
Dec 15, 2024 5:05:35 AM domain.plants.Sunflower generateSun
INFO: sol generado
Dec 15, 2024 5:05:35 AM domain.plants.Sunflower generateSun
INFO: sol generado
Dec 15, 2024 5:05:35 AM domain.Game addPlant
INFO: Intentando añadir una planta: potatomine en (6, 0)
Dec 15, 2024 5:05:35 AM domain.Game addPlant
INFO: Planta añadida exitosamente: potatomine en (6, 0)
Dec 15, 2024 5:05:35 AM domain.Game addZombie
INFO: Intentando añadir un zombie: conehead en (9, 3)
Dec 15, 2024 5:05:35 AM domain.Game addZombie
INFO: Zombie añadido exitosamente: conehead en (9, 3)
Dec 15, 2024 5:05:35 AM domain.Game addPlant
INFO: Intentando añadir una planta: eciplant en (1, 0)
Dec 15, 2024 5:05:35 AM domain.Game addPlant
SEVERE: Error al añadir planta: Cannot add the unit because there is already a unit in the cell
Dec 15, 2024 5:05:35 AM domain.Game addPlant
INFO: Intentando añadir una planta: wallnut en (5, 1)
Dec 15, 2024 5:05:35 AM domain.Game addPlant
INFO: Planta añadida exitosamente: wallnut en (5, 1)
Dec 15, 2024 5:05:35 AM domain.Game addPlant
INFO: Intentando añadir una planta: wallnut en (5, 3)
Dec 15, 2024 5:05:35 AM domain.Game addPlant
INFO: Planta añadida exitosamente: wallnut en (5, 3)
Dec 15, 2024 5:05:35 AM domain.Game addPlant
INFO: Intentando añadir una planta: wallnut en (5, 4)
Dec 15, 2024 5:05:35 AM domain.Game addPlant
INFO: Planta añadida exitosamente: wallnut en (5, 4)
Dec 15, 2024 5:05:36 AM domain.plants.Sunflower generateSun
INFO: sol generado
Dec 15, 2024 5:05:36 AM domain.plants.ECIPlant generateSun
INFO: sol generado
Dec 15, 2024 5:05:36 AM domain.plants.ECIPlant generateSun
INFO: sol generado
Dec 15, 2024 5:05:36 AM domain.Game addZombie
INFO: Intentando añadir un zombie: conehead en (9, 0)
Dec 15, 2024 5:05:36 AM domain.Game addZombie
INFO: Zombie añadido exitosamente: conehead en (9, 0)
Dec 15, 2024 5:05:36 AM domain.Game addZombie
INFO: Intentando añadir un zombie: ecizombie en (9, 0)
Dec 15, 2024 5:05:36 AM domain.Game addZombie
INFO: Zombie añadido exitosamente: ecizombie en (9, 0)
Dec 15, 2024 5:05:36 AM domain.plants.Sunflower generateSun
INFO: sol generado
Dec 15, 2024 5:05:36 AM domain.Game addPlant
INFO: Intentando añadir una planta: eciplant en (1, 0)
Dec 15, 2024 5:05:36 AM domain.Game addPlant
SEVERE: Error al añadir planta: Cannot add the unit because there is already a unit in the cell
Dec 15, 2024 5:05:36 AM domain.plants.Sunflower generateSun
INFO: sol generado
Dec 15, 2024 5:05:36 AM domain.plants.ECIPlant generateSun
INFO: sol generado
Dec 15, 2024 5:05:36 AM domain.Game addZombie
INFO: Intentando añadir un zombie: buckethead en (9, 3)
Dec 15, 2024 5:05:36 AM domain.Game addZombie
INFO: Zombie añadido exitosamente: buckethead en (9, 3)
Dec 15, 2024 5:05:36 AM domain.Game addPlant
INFO: Intentando añadir una planta: sunflower en (1, 0)
Dec 15, 2024 5:05:36 AM domain.Game addPlant
SEVERE: Error al añadir planta: Cannot add the unit because there is already a unit in the cell
Dec 15, 2024 5:05:37 AM domain.plants.Sunflower generateSun
INFO: sol generado
Dec 15, 2024 5:05:37 AM domain.plants.ECIPlant generateSun
INFO: sol generado
Dec 15, 2024 5:05:37 AM domain.plants.Sunflower generateSun
INFO: sol generado
Dec 15, 2024 5:05:37 AM domain.plants.ECIPlant generateSun
INFO: sol generado
Dec 15, 2024 5:05:37 AM domain.Game addZombie
INFO: Intentando añadir un zombie: brainstein en (10, 0)
Dec 15, 2024 5:05:37 AM domain.Game addZombie
INFO: Zombie añadido exitosamente: brainstein en (10, 0)
Dec 15, 2024 5:05:37 AM domain.Game addZombie
INFO: Intentando añadir un zombie: brainstein en (10, 1)
Dec 15, 2024 5:05:37 AM domain.Game addZombie
INFO: Zombie añadido exitosamente: brainstein en (10, 1)
Dec 15, 2024 5:05:37 AM domain.plants.Sunflower generateSun
INFO: sol generado
Dec 15, 2024 5:05:37 AM domain.plants.ECIPlant generateSun
INFO: sol generado
Dec 15, 2024 5:05:37 AM domain.plants.ECIPlant generateSun
INFO: sol generado
Dec 15, 2024 5:05:37 AM domain.Game addPlant
INFO: Intentando añadir una planta: potatomine en (6, 0)
Dec 15, 2024 5:05:37 AM domain.Game addPlant
INFO: Planta añadida exitosamente: potatomine en (6, 0)
Dec 15, 2024 5:05:37 AM domain.plants.ECIPlant generateSun
INFO: sol generado
Dec 15, 2024 5:05:37 AM domain.plants.Sunflower generateSun
INFO: sol generado
Dec 15, 2024 5:05:37 AM domain.plants.ECIPlant generateSun
INFO: sol generado
Dec 15, 2024 5:05:37 AM domain.Game addZombie
INFO: Intentando añadir un zombie: brainstein en (10, 0)
Dec 15, 2024 5:05:37 AM domain.Game addZombie
INFO: Zombie añadido exitosamente: brainstein en (10, 0)
Dec 15, 2024 5:05:37 AM domain.plants.Sunflower generateSun
INFO: sol generado
Dec 15, 2024 5:05:37 AM domain.plants.Sunflower generateSun
INFO: sol generado
Dec 15, 2024 5:05:37 AM domain.Game addPlant
INFO: Intentando añadir una planta: sunflower en (1, 0)
Dec 15, 2024 5:05:37 AM domain.Game addPlant
SEVERE: Error al añadir planta: Cannot add the unit because there is already a unit in the cell
Dec 15, 2024 5:05:37 AM domain.plants.Sunflower generateSun
INFO: sol generado
Dec 15, 2024 5:05:37 AM domain.plants.Sunflower generateSun
INFO: sol generado
Dec 15, 2024 5:05:38 AM domain.plants.Sunflower generateSun
INFO: sol generado
Dec 15, 2024 5:05:38 AM domain.Game addZombie
INFO: Intentando añadir un zombie: buckethead en (9, 0)
Dec 15, 2024 5:05:38 AM domain.Game addZombie
INFO: Zombie añadido exitosamente: buckethead en (9, 0)
Dec 15, 2024 5:05:38 AM domain.Game addZombie
INFO: Intentando añadir un zombie: ecizombie en (10, 1)
Dec 15, 2024 5:05:38 AM domain.Game addZombie
INFO: Zombie añadido exitosamente: ecizombie en (10, 1)
Dec 15, 2024 5:05:38 AM domain.plants.Sunflower generateSun
INFO: sol generado
Dec 15, 2024 5:05:38 AM domain.plants.Sunflower generateSun
INFO: sol generado
Dec 15, 2024 5:05:38 AM domain.Game addPlant
INFO: Intentando añadir una planta: eciplant en (1, 0)
Dec 15, 2024 5:05:38 AM domain.Game addPlant
SEVERE: Error al añadir planta: Cannot add the unit because there is already a unit in the cell
Dec 15, 2024 5:05:38 AM domain.Game addZombie
INFO: Intentando añadir un zombie: conehead en (9, 3)
Dec 15, 2024 5:05:38 AM domain.Game addZombie
INFO: Zombie añadido exitosamente: conehead en (9, 3)
Dec 15, 2024 5:05:38 AM domain.Game addPlant
INFO: Intentando añadir una planta: eciplant en (1, 0)
Dec 15, 2024 5:05:38 AM domain.Game addPlant
SEVERE: Error al añadir planta: Cannot add the unit because there is already a unit in the cell
Dec 15, 2024 5:05:39 AM domain.plants.Sunflower generateSun
INFO: sol generado
Dec 15, 2024 5:05:39 AM domain.plants.ECIPlant generateSun
INFO: sol generado
Dec 15, 2024 5:05:39 AM domain.plants.ECIPlant generateSun
INFO: sol generado
Dec 15, 2024 5:05:39 AM domain.Game addZombie
INFO: Intentando añadir un zombie: conehead en (9, 0)
Dec 15, 2024 5:05:39 AM domain.Game addZombie
INFO: Zombie añadido exitosamente: conehead en (9, 0)
Dec 15, 2024 5:05:39 AM domain.Game addZombie
INFO: Intentando añadir un zombie: brainstein en (10, 1)
Dec 15, 2024 5:05:39 AM domain.Game addZombie
INFO: Zombie añadido exitosamente: brainstein en (10, 1)
Dec 15, 2024 5:05:39 AM domain.plants.Sunflower generateSun
INFO: sol generado
Dec 15, 2024 5:05:39 AM domain.Game addPlant
INFO: Intentando añadir una planta: eciplant en (1, 0)
Dec 15, 2024 5:05:39 AM domain.Game addPlant
SEVERE: Error al añadir planta: Cannot add the unit because there is already a unit in the cell
Dec 15, 2024 5:05:39 AM domain.plants.Sunflower generateSun
INFO: sol generado
Dec 15, 2024 5:05:39 AM domain.plants.ECIPlant generateSun
INFO: sol generado
Dec 15, 2024 5:05:39 AM domain.Game addZombie
INFO: Intentando añadir un zombie: conehead en (9, 3)
Dec 15, 2024 5:05:39 AM domain.Game addZombie
INFO: Zombie añadido exitosamente: conehead en (9, 3)
Dec 15, 2024 5:05:39 AM domain.Game addPlant
INFO: Intentando añadir una planta: sunflower en (1, 0)
Dec 15, 2024 5:05:39 AM domain.Game addPlant
SEVERE: Error al añadir planta: Cannot add the unit because there is already a unit in the cell
Dec 15, 2024 5:05:39 AM domain.LawnMower activate
INFO: LawnMower activado en la fila: 0
Dec 15, 2024 5:05:40 AM domain.plants.Sunflower generateSun
INFO: sol generado
Dec 15, 2024 5:05:40 AM domain.plants.ECIPlant generateSun
INFO: sol generado
Dec 15, 2024 5:05:40 AM domain.plants.Sunflower generateSun
INFO: sol generado
Dec 15, 2024 5:05:40 AM domain.plants.ECIPlant generateSun
INFO: sol generado
Dec 15, 2024 5:05:40 AM domain.Game addZombie
INFO: Intentando añadir un zombie: basic en (9, 0)
Dec 15, 2024 5:05:40 AM domain.Game addZombie
INFO: Zombie añadido exitosamente: basic en (9, 0)
Dec 15, 2024 5:05:40 AM domain.Game addZombie
INFO: Intentando añadir un zombie: basic en (10, 2)
Dec 15, 2024 5:05:40 AM domain.Game addZombie
INFO: Zombie añadido exitosamente: basic en (10, 2)
Dec 15, 2024 5:05:40 AM domain.plants.Sunflower generateSun
INFO: sol generado
Dec 15, 2024 5:05:40 AM domain.plants.ECIPlant generateSun
INFO: sol generado
Dec 15, 2024 5:05:40 AM domain.plants.ECIPlant generateSun
INFO: sol generado
Dec 15, 2024 5:05:40 AM domain.Game addPlant
INFO: Intentando añadir una planta: wallnut en (4, 0)
Dec 15, 2024 5:05:40 AM domain.Game addPlant
INFO: Planta añadida exitosamente: wallnut en (4, 0)
Dec 15, 2024 5:05:40 AM domain.plants.ECIPlant generateSun
INFO: sol generado
Dec 15, 2024 5:05:40 AM domain.plants.Sunflower generateSun
INFO: sol generado
Dec 15, 2024 5:05:40 AM domain.plants.ECIPlant generateSun
INFO: sol generado
Dec 15, 2024 5:05:40 AM domain.plants.Sunflower generateSun
INFO: sol generado
Dec 15, 2024 5:05:40 AM domain.plants.Sunflower generateSun
INFO: sol generado
Dec 15, 2024 5:05:40 AM domain.Game addZombie
INFO: Intentando añadir un zombie: basic en (9, 3)
Dec 15, 2024 5:05:40 AM domain.Game addZombie
INFO: Zombie añadido exitosamente: basic en (9, 3)
Dec 15, 2024 5:05:40 AM domain.Game addPlant
INFO: Intentando añadir una planta: eciplant en (1, 0)
Dec 15, 2024 5:05:40 AM domain.Game addPlant
SEVERE: Error al añadir planta: Cannot add the unit because there is already a unit in the cell
Dec 15, 2024 5:05:40 AM domain.plants.Sunflower generateSun
INFO: sol generado
Dec 15, 2024 5:05:40 AM domain.plants.Sunflower generateSun
INFO: sol generado
Dec 15, 2024 5:05:41 AM domain.plants.Sunflower generateSun
INFO: sol generado
Dec 15, 2024 5:05:41 AM domain.Game addZombie
INFO: Intentando añadir un zombie: brainstein en (10, 0)
Dec 15, 2024 5:05:41 AM domain.Game addZombie
INFO: Zombie añadido exitosamente: brainstein en (10, 0)
Dec 15, 2024 5:05:41 AM domain.Game addZombie
INFO: Intentando añadir un zombie: basic en (9, 4)
Dec 15, 2024 5:05:41 AM domain.Game addZombie
INFO: Zombie añadido exitosamente: basic en (9, 4)
Dec 15, 2024 5:05:41 AM domain.plants.Sunflower generateSun
INFO: sol generado
Dec 15, 2024 5:05:41 AM domain.plants.Sunflower generateSun
INFO: sol generado
Dec 15, 2024 5:05:41 AM domain.Game addPlant
INFO: Intentando añadir una planta: potatomine en (7, 0)
Dec 15, 2024 5:05:41 AM domain.Game addPlant
SEVERE: Error al añadir planta: Cannot add the unit because there is already a unit in the cell
Dec 15, 2024 5:05:41 AM domain.Game addZombie
INFO: Intentando añadir un zombie: brainstein en (10, 0)
Dec 15, 2024 5:05:41 AM domain.Game addZombie
INFO: Zombie añadido exitosamente: brainstein en (10, 0)
Dec 15, 2024 5:05:41 AM domain.Game addPlant
INFO: Intentando añadir una planta: sunflower en (1, 0)
Dec 15, 2024 5:05:41 AM domain.Game addPlant
SEVERE: Error al añadir planta: Cannot add the unit because there is already a unit in the cell
Dec 15, 2024 5:05:41 AM domain.Game addPlant
INFO: Intentando añadir una planta: potatomine en (7, 0)
Dec 15, 2024 5:05:41 AM domain.Game addPlant
SEVERE: Error al añadir planta: Cannot add the unit because there is already a unit in the cell
Dec 15, 2024 5:05:41 AM domain.Game addPlant
INFO: Intentando añadir una planta: potatomine en (7, 1)
Dec 15, 2024 5:05:41 AM domain.Game addPlant
INFO: Planta añadida exitosamente: potatomine en (7, 1)
Dec 15, 2024 5:05:41 AM domain.Game addPlant
INFO: Intentando añadir una planta: potatomine en (7, 3)
Dec 15, 2024 5:05:41 AM domain.Game addPlant
SEVERE: Error al añadir planta: Cannot add the unit because there is already a unit in the cell
Dec 15, 2024 5:05:41 AM domain.Game addPlant
INFO: Intentando añadir una planta: potatomine en (7, 4)
Dec 15, 2024 5:05:41 AM domain.Game addPlant
INFO: Planta añadida exitosamente: potatomine en (7, 4)
Dec 15, 2024 5:05:42 AM domain.plants.Sunflower generateSun
INFO: sol generado
Dec 15, 2024 5:05:42 AM domain.plants.ECIPlant generateSun
INFO: sol generado
Dec 15, 2024 5:05:42 AM domain.plants.ECIPlant generateSun
INFO: sol generado
Dec 15, 2024 5:05:42 AM domain.Game addZombie
INFO: Intentando añadir un zombie: basic en (9, 0)
Dec 15, 2024 5:05:42 AM domain.Game addZombie
INFO: Zombie añadido exitosamente: basic en (9, 0)
Dec 15, 2024 5:05:42 AM domain.Game addZombie
INFO: Intentando añadir un zombie: brainstein en (10, 2)
Dec 15, 2024 5:05:42 AM domain.Game addZombie
INFO: Zombie añadido exitosamente: brainstein en (10, 2)
Dec 15, 2024 5:05:42 AM domain.plants.Sunflower generateSun
INFO: sol generado
Dec 15, 2024 5:05:42 AM domain.Game addPlant
INFO: Intentando añadir una planta: potatomine en (7, 0)
Dec 15, 2024 5:05:42 AM domain.Game addPlant
SEVERE: Error al añadir planta: Cannot add the unit because there is already a unit in the cell
Dec 15, 2024 5:05:42 AM domain.plants.ECIPlant generateSun
INFO: sol generado
Dec 15, 2024 5:05:42 AM domain.plants.Sunflower generateSun
INFO: sol generado
Dec 15, 2024 5:05:42 AM domain.Game addZombie
INFO: Intentando añadir un zombie: conehead en (9, 3)
Dec 15, 2024 5:05:42 AM domain.Game addZombie
INFO: Zombie añadido exitosamente: conehead en (9, 3)
Dec 15, 2024 5:05:42 AM domain.Game addPlant
INFO: Intentando añadir una planta: sunflower en (1, 0)
Dec 15, 2024 5:05:42 AM domain.Game addPlant
SEVERE: Error al añadir planta: Cannot add the unit because there is already a unit in the cell
Dec 15, 2024 5:05:43 AM domain.plants.Sunflower generateSun
INFO: sol generado
Dec 15, 2024 5:05:43 AM domain.plants.ECIPlant generateSun
INFO: sol generado
Dec 15, 2024 5:05:43 AM domain.plants.Sunflower generateSun
INFO: sol generado
Dec 15, 2024 5:05:43 AM domain.plants.ECIPlant generateSun
INFO: sol generado
Dec 15, 2024 5:05:43 AM domain.Game addZombie
INFO: Intentando añadir un zombie: conehead en (9, 0)
Dec 15, 2024 5:05:43 AM domain.Game addZombie
INFO: Zombie añadido exitosamente: conehead en (9, 0)
Dec 15, 2024 5:05:43 AM domain.Game addZombie
INFO: Intentando añadir un zombie: ecizombie en (10, 4)
Dec 15, 2024 5:05:43 AM domain.Game addZombie
INFO: Zombie añadido exitosamente: ecizombie en (10, 4)
Dec 15, 2024 5:05:43 AM domain.plants.Sunflower generateSun
INFO: sol generado
Dec 15, 2024 5:05:43 AM domain.plants.ECIPlant generateSun
INFO: sol generado
Dec 15, 2024 5:05:43 AM domain.plants.ECIPlant generateSun
INFO: sol generado
Dec 15, 2024 5:05:43 AM domain.plants.ECIPlant generateSun
INFO: sol generado
Dec 15, 2024 5:05:43 AM domain.plants.Sunflower generateSun
INFO: sol generado
Dec 15, 2024 5:05:43 AM domain.plants.ECIPlant generateSun
INFO: sol generado
Dec 15, 2024 5:05:43 AM domain.plants.Sunflower generateSun
INFO: sol generado
Dec 15, 2024 5:05:43 AM domain.plants.Sunflower generateSun
INFO: sol generado
Dec 15, 2024 5:05:43 AM domain.Game addZombie
INFO: Intentando añadir un zombie: conehead en (9, 3)
Dec 15, 2024 5:05:43 AM domain.Game addZombie
INFO: Zombie añadido exitosamente: conehead en (9, 3)
Dec 15, 2024 5:05:43 AM domain.Game addPlant
INFO: Intentando añadir una planta: eciplant en (1, 0)
Dec 15, 2024 5:05:43 AM domain.Game addPlant
SEVERE: Error al añadir planta: Cannot add the unit because there is already a unit in the cell
Dec 15, 2024 5:05:43 AM domain.plants.Sunflower generateSun
INFO: sol generado
Dec 15, 2024 5:05:43 AM domain.plants.Sunflower generateSun
INFO: sol generado
Dec 15, 2024 5:05:44 AM domain.plants.Sunflower generateSun
INFO: sol generado
Dec 15, 2024 5:05:44 AM domain.Game addZombie
INFO: Intentando añadir un zombie: basic en (9, 0)
Dec 15, 2024 5:05:44 AM domain.Game addZombie
INFO: Zombie añadido exitosamente: basic en (9, 0)
Dec 15, 2024 5:05:44 AM domain.Game addZombie
INFO: Intentando añadir un zombie: conehead en (9, 4)
Dec 15, 2024 5:05:44 AM domain.plants.Sunflower generateSun
INFO: sol generado
Dec 15, 2024 5:05:44 AM domain.Game addZombie
INFO: Zombie añadido exitosamente: conehead en (9, 4)
Dec 15, 2024 5:05:44 AM domain.plants.Sunflower generateSun
INFO: sol generado
Dec 15, 2024 5:05:44 AM domain.Game addPlant
INFO: Intentando añadir una planta: potatomine en (6, 0)
Dec 15, 2024 5:05:44 AM domain.Game addPlant
SEVERE: Error al añadir planta: Cannot add the unit because there is already a unit in the cell
Dec 15, 2024 5:05:44 AM domain.Game addZombie
INFO: Intentando añadir un zombie: conehead en (9, 3)
Dec 15, 2024 5:05:44 AM domain.Game addZombie
INFO: Zombie añadido exitosamente: conehead en (9, 3)
Dec 15, 2024 5:05:44 AM domain.Game addPlant
INFO: Intentando añadir una planta: eciplant en (1, 0)
Dec 15, 2024 5:05:44 AM domain.Game addPlant
SEVERE: Error al añadir planta: Cannot add the unit because there is already a unit in the cell
Dec 15, 2024 5:05:45 AM domain.plants.Sunflower generateSun
INFO: sol generado
Dec 15, 2024 5:05:45 AM domain.plants.ECIPlant generateSun
INFO: sol generado
Dec 15, 2024 5:05:45 AM domain.plants.ECIPlant generateSun
INFO: sol generado
Dec 15, 2024 5:05:45 AM domain.Game addZombie
INFO: Intentando añadir un zombie: brainstein en (10, 0)
Dec 15, 2024 5:05:45 AM domain.Game addZombie
INFO: Zombie añadido exitosamente: brainstein en (10, 0)
Dec 15, 2024 5:05:45 AM domain.Game addZombie
INFO: Intentando añadir un zombie: buckethead en (10, 4)
Dec 15, 2024 5:05:45 AM domain.Game addZombie
INFO: Zombie añadido exitosamente: buckethead en (10, 4)
Dec 15, 2024 5:05:45 AM domain.plants.Sunflower generateSun
INFO: sol generado
Dec 15, 2024 5:05:45 AM domain.Game addPlant
INFO: Intentando añadir una planta: potatomine en (7, 0)
Dec 15, 2024 5:05:45 AM domain.Game addPlant
SEVERE: Error al añadir planta: Cannot add the unit because there is already a unit in the cell
Dec 15, 2024 5:05:45 AM domain.plants.ECIPlant generateSun
INFO: sol generado
Dec 15, 2024 5:05:45 AM domain.plants.Sunflower generateSun
INFO: sol generado
Dec 15, 2024 5:05:45 AM domain.Game addZombie
INFO: Intentando añadir un zombie: brainstein en (10, 0)
Dec 15, 2024 5:05:45 AM domain.Game addZombie
INFO: Zombie añadido exitosamente: brainstein en (10, 0)
Dec 15, 2024 5:05:45 AM domain.Game addPlant
INFO: Intentando añadir una planta: sunflower en (1, 0)
Dec 15, 2024 5:05:45 AM domain.Game addPlant
SEVERE: Error al añadir planta: Cannot add the unit because there is already a unit in the cell
Dec 15, 2024 5:05:46 AM domain.plants.Sunflower generateSun
INFO: sol generado
Dec 15, 2024 5:05:46 AM domain.plants.ECIPlant generateSun
INFO: sol generado
Dec 15, 2024 5:05:46 AM domain.plants.Sunflower generateSun
INFO: sol generado
Dec 15, 2024 5:05:46 AM domain.plants.ECIPlant generateSun
INFO: sol generado
Dec 15, 2024 5:05:46 AM domain.Game addZombie
INFO: Intentando añadir un zombie: basic en (9, 0)
Dec 15, 2024 5:05:46 AM domain.Game addZombie
INFO: Zombie añadido exitosamente: basic en (9, 0)
Dec 15, 2024 5:05:46 AM domain.Game addZombie
INFO: Intentando añadir un zombie: ecizombie en (10, 3)
Dec 15, 2024 5:05:46 AM domain.Game addZombie
INFO: Zombie añadido exitosamente: ecizombie en (10, 3)
Dec 15, 2024 5:05:46 AM domain.plants.Sunflower generateSun
INFO: sol generado
Dec 15, 2024 5:05:46 AM domain.plants.ECIPlant generateSun
INFO: sol generado
Dec 15, 2024 5:05:46 AM domain.plants.ECIPlant generateSun
INFO: sol generado
Dec 15, 2024 5:05:46 AM domain.plants.ECIPlant generateSun
INFO: sol generado
Dec 15, 2024 5:05:46 AM domain.plants.Sunflower generateSun
INFO: sol generado
Dec 15, 2024 5:05:46 AM domain.plants.ECIPlant generateSun
INFO: sol generado
Dec 15, 2024 5:05:46 AM domain.plants.Sunflower generateSun
INFO: sol generado
Dec 15, 2024 5:05:46 AM domain.plants.Sunflower generateSun
INFO: sol generado
Dec 15, 2024 5:05:46 AM domain.Game addZombie
INFO: Intentando añadir un zombie: buckethead en (9, 3)
Dec 15, 2024 5:05:46 AM domain.Game addZombie
INFO: Zombie añadido exitosamente: buckethead en (9, 3)
Dec 15, 2024 5:05:46 AM domain.Game addPlant
INFO: Intentando añadir una planta: eciplant en (1, 0)
Dec 15, 2024 5:05:46 AM domain.Game addPlant
SEVERE: Error al añadir planta: Cannot add the unit because there is already a unit in the cell
Dec 15, 2024 5:05:46 AM domain.LawnMower activate
INFO: LawnMower activado en la fila: 2
Dec 15, 2024 5:05:46 AM domain.plants.Sunflower generateSun
INFO: sol generado
Dec 15, 2024 5:05:46 AM domain.plants.Sunflower generateSun
INFO: sol generado
Dec 15, 2024 5:05:47 AM domain.plants.Sunflower generateSun
INFO: sol generado
Dec 15, 2024 5:05:47 AM domain.Game addZombie
INFO: Intentando añadir un zombie: conehead en (9, 0)
Dec 15, 2024 5:05:47 AM domain.Game addZombie
INFO: Zombie añadido exitosamente: conehead en (9, 0)
Dec 15, 2024 5:05:47 AM domain.plants.Sunflower generateSun
INFO: sol generado
Dec 15, 2024 5:05:47 AM domain.Game addZombie
INFO: Intentando añadir un zombie: brainstein en (10, 1)
Dec 15, 2024 5:05:47 AM domain.Game addZombie
INFO: Zombie añadido exitosamente: brainstein en (10, 1)
Dec 15, 2024 5:05:47 AM domain.plants.Sunflower generateSun
INFO: sol generado
Dec 15, 2024 5:05:47 AM domain.Game addZombie
INFO: Intentando añadir un zombie: conehead en (9, 3)
Dec 15, 2024 5:05:47 AM domain.Game addZombie
INFO: Zombie añadido exitosamente: conehead en (9, 3)
Dec 15, 2024 5:05:47 AM domain.Game addPlant
INFO: Intentando añadir una planta: eciplant en (1, 0)
Dec 15, 2024 5:05:47 AM domain.Game addPlant
SEVERE: Error al añadir planta: Cannot add the unit because there is already a unit in the cell
Dec 15, 2024 5:05:48 AM domain.plants.Sunflower generateSun
INFO: sol generado
Dec 15, 2024 5:05:48 AM domain.plants.ECIPlant generateSun
INFO: sol generado
Dec 15, 2024 5:05:48 AM domain.plants.ECIPlant generateSun
INFO: sol generado
Dec 15, 2024 5:05:48 AM domain.Game addZombie
INFO: Intentando añadir un zombie: basic en (9, 0)
Dec 15, 2024 5:05:48 AM domain.Game addZombie
INFO: Zombie añadido exitosamente: basic en (9, 0)
Dec 15, 2024 5:05:48 AM domain.Game addZombie
INFO: Intentando añadir un zombie: buckethead en (10, 4)
Dec 15, 2024 5:05:48 AM domain.Game addZombie
INFO: Zombie añadido exitosamente: buckethead en (10, 4)
Dec 15, 2024 5:05:48 AM domain.plants.Sunflower generateSun
INFO: sol generado
Dec 15, 2024 5:05:48 AM domain.plants.Sunflower generateSun
INFO: sol generado
Dec 15, 2024 5:05:48 AM domain.plants.ECIPlant generateSun
INFO: sol generado
Dec 15, 2024 5:05:48 AM domain.Game addZombie
INFO: Intentando añadir un zombie: buckethead en (9, 3)
Dec 15, 2024 5:05:48 AM domain.Game addZombie
INFO: Zombie añadido exitosamente: buckethead en (9, 3)
Dec 15, 2024 5:05:48 AM domain.Game addPlant
INFO: Intentando añadir una planta: eciplant en (1, 0)
Dec 15, 2024 5:05:48 AM domain.Game addPlant
SEVERE: Error al añadir planta: Cannot add the unit because there is already a unit in the cell
Dec 15, 2024 5:05:49 AM domain.plants.Sunflower generateSun
INFO: sol generado
Dec 15, 2024 5:05:49 AM domain.plants.ECIPlant generateSun
INFO: sol generado
Dec 15, 2024 5:05:49 AM domain.plants.Sunflower generateSun
INFO: sol generado
Dec 15, 2024 5:05:49 AM domain.plants.ECIPlant generateSun
INFO: sol generado
Dec 15, 2024 5:05:49 AM domain.Game addZombie
INFO: Intentando añadir un zombie: brainstein en (10, 0)
Dec 15, 2024 5:05:49 AM domain.Game addZombie
INFO: Zombie añadido exitosamente: brainstein en (10, 0)
Dec 15, 2024 5:05:49 AM domain.plants.Sunflower generateSun
INFO: sol generado
Dec 15, 2024 5:05:49 AM domain.Game addZombie
INFO: Intentando añadir un zombie: brainstein en (10, 4)
Dec 15, 2024 5:05:49 AM domain.Game addZombie
INFO: Zombie añadido exitosamente: brainstein en (10, 4)
Dec 15, 2024 5:05:49 AM domain.plants.ECIPlant generateSun
INFO: sol generado
Dec 15, 2024 5:05:49 AM domain.plants.ECIPlant generateSun
INFO: sol generado
Dec 15, 2024 5:05:49 AM domain.Game addPlant
INFO: Intentando añadir una planta: potatomine en (6, 0)
Dec 15, 2024 5:05:49 AM domain.Game addPlant
SEVERE: Error al añadir planta: Cannot add the unit because there is already a unit in the cell
Dec 15, 2024 5:05:49 AM domain.plants.ECIPlant generateSun
INFO: sol generado
Dec 15, 2024 5:05:49 AM domain.plants.Sunflower generateSun
INFO: sol generado
Dec 15, 2024 5:05:49 AM domain.plants.ECIPlant generateSun
INFO: sol generado
Dec 15, 2024 5:05:49 AM domain.plants.Sunflower generateSun
INFO: sol generado
Dec 15, 2024 5:05:49 AM domain.plants.Sunflower generateSun
INFO: sol generado
Dec 15, 2024 5:05:49 AM domain.Game addZombie
INFO: Intentando añadir un zombie: brainstein en (10, 0)
Dec 15, 2024 5:05:49 AM domain.Game addZombie
INFO: Zombie añadido exitosamente: brainstein en (10, 0)
Dec 15, 2024 5:05:49 AM domain.Game addPlant
INFO: Intentando añadir una planta: sunflower en (1, 0)
Dec 15, 2024 5:05:49 AM domain.Game addPlant
SEVERE: Error al añadir planta: Cannot add the unit because there is already a unit in the cell
Dec 15, 2024 5:05:49 AM domain.Game addPlant
INFO: Intentando añadir una planta: potatomine en (8, 0)
Dec 15, 2024 5:05:49 AM domain.Game addPlant
INFO: Planta añadida exitosamente: potatomine en (8, 0)
Dec 15, 2024 5:05:49 AM domain.Game addPlant
INFO: Intentando añadir una planta: potatomine en (8, 1)
Dec 15, 2024 5:05:49 AM domain.Game addPlant
INFO: Planta añadida exitosamente: potatomine en (8, 1)
Dec 15, 2024 5:05:49 AM domain.Game addPlant
INFO: Intentando añadir una planta: potatomine en (8, 2)
Dec 15, 2024 5:05:49 AM domain.Game addPlant
INFO: Planta añadida exitosamente: potatomine en (8, 2)
Dec 15, 2024 5:05:49 AM domain.Game addPlant
INFO: Intentando añadir una planta: potatomine en (8, 3)
Dec 15, 2024 5:05:49 AM domain.Game addPlant
SEVERE: Error al añadir planta: Cannot add the unit because there is already a unit in the cell
Dec 15, 2024 5:05:49 AM domain.Game addPlant
INFO: Intentando añadir una planta: potatomine en (8, 4)
Dec 15, 2024 5:05:49 AM domain.Game addPlant
INFO: Planta añadida exitosamente: potatomine en (8, 4)
Dec 15, 2024 5:05:49 AM domain.plants.Sunflower generateSun
INFO: sol generado
Dec 15, 2024 5:05:49 AM domain.plants.Sunflower generateSun
INFO: sol generado
Dec 15, 2024 5:05:50 AM domain.plants.Sunflower generateSun
INFO: sol generado
Dec 15, 2024 5:05:50 AM domain.Game addZombie
INFO: Intentando añadir un zombie: basic en (9, 0)
Dec 15, 2024 5:05:50 AM domain.Game addZombie
INFO: Zombie añadido exitosamente: basic en (9, 0)
Dec 15, 2024 5:05:50 AM domain.plants.Sunflower generateSun
INFO: sol generado
Dec 15, 2024 5:05:50 AM domain.plants.Sunflower generateSun
INFO: sol generado
Dec 15, 2024 5:05:50 AM domain.Game addZombie
INFO: Intentando añadir un zombie: buckethead en (9, 4)
Dec 15, 2024 5:05:50 AM domain.Game addZombie
INFO: Zombie añadido exitosamente: buckethead en (9, 4)
Dec 15, 2024 5:05:50 AM domain.Game addZombie
INFO: Intentando añadir un zombie: conehead en (9, 3)
Dec 15, 2024 5:05:50 AM domain.Game addZombie
INFO: Zombie añadido exitosamente: conehead en (9, 3)
Dec 15, 2024 5:05:50 AM domain.Game addPlant
INFO: Intentando añadir una planta: eciplant en (1, 0)
Dec 15, 2024 5:05:50 AM domain.Game addPlant
SEVERE: Error al añadir planta: Cannot add the unit because there is already a unit in the cell
Dec 15, 2024 5:05:50 AM domain.Game addPlant
INFO: Intentando añadir una planta: potatomine en (7, 0)
Dec 15, 2024 5:05:50 AM domain.Game addPlant
SEVERE: Error al añadir planta: Cannot add the unit because there is already a unit in the cell
Dec 15, 2024 5:05:50 AM domain.Game addPlant
INFO: Intentando añadir una planta: potatomine en (7, 3)
Dec 15, 2024 5:05:50 AM domain.Game addPlant
INFO: Planta añadida exitosamente: potatomine en (7, 3)
Dec 15, 2024 5:05:51 AM domain.plants.Sunflower generateSun
INFO: sol generado
Dec 15, 2024 5:05:51 AM domain.plants.ECIPlant generateSun
INFO: sol generado
Dec 15, 2024 5:05:51 AM domain.plants.ECIPlant generateSun
INFO: sol generado
Dec 15, 2024 5:05:51 AM domain.Game addZombie
INFO: Intentando añadir un zombie: buckethead en (9, 0)
Dec 15, 2024 5:05:51 AM domain.Game addZombie
INFO: Zombie añadido exitosamente: buckethead en (9, 0)
Dec 15, 2024 5:05:51 AM domain.plants.Sunflower generateSun
INFO: sol generado
Dec 15, 2024 5:05:51 AM domain.Game addZombie
INFO: Intentando añadir un zombie: conehead en (10, 0)
Dec 15, 2024 5:05:51 AM domain.Game addZombie
INFO: Zombie añadido exitosamente: conehead en (10, 0)
Dec 15, 2024 5:05:51 AM domain.Game addPlant
INFO: Intentando añadir una planta: eciplant en (1, 0)
Dec 15, 2024 5:05:51 AM domain.Game addPlant
SEVERE: Error al añadir planta: Cannot add the unit because there is already a unit in the cell
Dec 15, 2024 5:05:51 AM domain.plants.ECIPlant generateSun
INFO: sol generado
Dec 15, 2024 5:05:51 AM domain.plants.Sunflower generateSun
INFO: sol generado
Dec 15, 2024 5:05:51 AM domain.Game addZombie
INFO: Intentando añadir un zombie: buckethead en (9, 3)
Dec 15, 2024 5:05:51 AM domain.Game addZombie
INFO: Zombie añadido exitosamente: buckethead en (9, 3)
Dec 15, 2024 5:05:51 AM domain.Game addPlant
INFO: Intentando añadir una planta: sunflower en (1, 0)
Dec 15, 2024 5:05:51 AM domain.Game addPlant
SEVERE: Error al añadir planta: Cannot add the unit because there is already a unit in the cell
Dec 15, 2024 5:05:51 AM domain.LawnMower activate
INFO: LawnMower activado en la fila: 1
Dec 15, 2024 5:05:52 AM domain.plants.Sunflower generateSun
INFO: sol generado
Dec 15, 2024 5:05:52 AM domain.plants.ECIPlant generateSun
INFO: sol generado
Dec 15, 2024 5:05:52 AM domain.plants.Sunflower generateSun
INFO: sol generado
Dec 15, 2024 5:05:52 AM domain.plants.ECIPlant generateSun
INFO: sol generado
Dec 15, 2024 5:05:52 AM domain.Game addZombie
INFO: Intentando añadir un zombie: basic en (9, 0)
Dec 15, 2024 5:05:52 AM domain.Game addZombie
INFO: Zombie añadido exitosamente: basic en (9, 0)
Dec 15, 2024 5:05:52 AM domain.plants.Sunflower generateSun
INFO: sol generado
Dec 15, 2024 5:05:52 AM domain.plants.ECIPlant generateSun
INFO: sol generado
Dec 15, 2024 5:05:52 AM domain.Game addZombie
INFO: Intentando añadir un zombie: brainstein en (10, 0)
Dec 15, 2024 5:05:52 AM domain.Game addZombie
INFO: Zombie añadido exitosamente: brainstein en (10, 0)
Dec 15, 2024 5:05:52 AM domain.plants.ECIPlant generateSun
INFO: sol generado
Dec 15, 2024 5:05:52 AM domain.Game addPlant
INFO: Intentando añadir una planta: potatomine en (6, 0)
Dec 15, 2024 5:05:52 AM domain.Game addPlant
SEVERE: Error al añadir planta: Cannot add the unit because there is already a unit in the cell
Dec 15, 2024 5:05:52 AM domain.plants.ECIPlant generateSun
INFO: sol generado
Dec 15, 2024 5:05:52 AM domain.plants.Sunflower generateSun
INFO: sol generado
Dec 15, 2024 5:05:52 AM domain.plants.ECIPlant generateSun
INFO: sol generado
Dec 15, 2024 5:05:52 AM domain.plants.Sunflower generateSun
INFO: sol generado
Dec 15, 2024 5:05:52 AM domain.plants.Sunflower generateSun
INFO: sol generado
Dec 15, 2024 5:05:52 AM domain.Game addZombie
INFO: Intentando añadir un zombie: conehead en (9, 3)
Dec 15, 2024 5:05:52 AM domain.Game addZombie
INFO: Zombie añadido exitosamente: conehead en (9, 3)
Dec 15, 2024 5:05:52 AM domain.Game addPlant
INFO: Intentando añadir una planta: sunflower en (1, 0)
Dec 15, 2024 5:05:52 AM domain.Game addPlant
SEVERE: Error al añadir planta: Cannot add the unit because there is already a unit in the cell
Dec 15, 2024 5:05:52 AM domain.Game addPlant
INFO: Intentando añadir una planta: potatomine en (7, 0)
Dec 15, 2024 5:05:52 AM domain.Game addPlant
SEVERE: Error al añadir planta: Cannot add the unit because there is already a unit in the cell
Dec 15, 2024 5:05:52 AM domain.Game addPlant
INFO: Intentando añadir una planta: potatomine en (7, 3)
Dec 15, 2024 5:05:52 AM domain.Game addPlant
SEVERE: Error al añadir planta: Cannot add the unit because there is already a unit in the cell
Dec 15, 2024 5:05:52 AM domain.plants.Sunflower generateSun
INFO: sol generado
Dec 15, 2024 5:05:52 AM domain.plants.Sunflower generateSun
INFO: sol generado
Dec 15, 2024 5:05:53 AM domain.plants.Sunflower generateSun
INFO: sol generado
Dec 15, 2024 5:05:53 AM domain.Game addZombie
INFO: Intentando añadir un zombie: brainstein en (10, 0)
Dec 15, 2024 5:05:53 AM domain.Game addZombie
INFO: Zombie añadido exitosamente: brainstein en (10, 0)
Dec 15, 2024 5:05:53 AM domain.plants.Sunflower generateSun
INFO: sol generado
Dec 15, 2024 5:05:53 AM domain.plants.Sunflower generateSun
INFO: sol generado
Dec 15, 2024 5:05:53 AM domain.Game addZombie
INFO: Intentando añadir un zombie: brainstein en (9, 4)
Dec 15, 2024 5:05:53 AM domain.Game addZombie
INFO: Zombie añadido exitosamente: brainstein en (9, 4)
Dec 15, 2024 5:05:53 AM domain.Game addPlant
INFO: Intentando añadir una planta: potatomine en (6, 0)
Dec 15, 2024 5:05:53 AM domain.Game addPlant
INFO: Planta añadida exitosamente: potatomine en (6, 0)
Dec 15, 2024 5:05:53 AM domain.Game addZombie
INFO: Intentando añadir un zombie: brainstein en (10, 0)
Dec 15, 2024 5:05:53 AM domain.Game addZombie
INFO: Zombie añadido exitosamente: brainstein en (10, 0)
Dec 15, 2024 5:05:53 AM domain.Game addPlant
INFO: Intentando añadir una planta: eciplant en (1, 0)
Dec 15, 2024 5:05:53 AM domain.Game addPlant
SEVERE: Error al añadir planta: Cannot add the unit because there is already a unit in the cell
Dec 15, 2024 5:05:53 AM domain.Game addPlant
INFO: Intentando añadir una planta: potatomine en (6, 1)
Dec 15, 2024 5:05:53 AM domain.Game addPlant
INFO: Planta añadida exitosamente: potatomine en (6, 1)
Dec 15, 2024 5:05:53 AM domain.Game addPlant
INFO: Intentando añadir una planta: potatomine en (6, 3)
Dec 15, 2024 5:05:53 AM domain.Game addPlant
INFO: Planta añadida exitosamente: potatomine en (6, 3)
Dec 15, 2024 5:05:53 AM domain.Game addPlant
INFO: Intentando añadir una planta: potatomine en (6, 4)
Dec 15, 2024 5:05:53 AM domain.Game addPlant
SEVERE: Error al añadir planta: Cannot add the unit because there is already a unit in the cell
Dec 15, 2024 5:05:54 AM domain.plants.Sunflower generateSun
INFO: sol generado
Dec 15, 2024 5:05:54 AM domain.plants.ECIPlant generateSun
INFO: sol generado
Dec 15, 2024 5:05:54 AM domain.plants.ECIPlant generateSun
INFO: sol generado
Dec 15, 2024 5:05:54 AM domain.Game addZombie
INFO: Intentando añadir un zombie: conehead en (9, 0)
Dec 15, 2024 5:05:54 AM domain.Game addZombie
INFO: Zombie añadido exitosamente: conehead en (9, 0)
Dec 15, 2024 5:05:54 AM domain.plants.Sunflower generateSun
INFO: sol generado
Dec 15, 2024 5:05:54 AM domain.Game addZombie
INFO: Intentando añadir un zombie: basic en (9, 0)
Dec 15, 2024 5:05:54 AM domain.Game addZombie
INFO: Zombie añadido exitosamente: basic en (9, 0)
Dec 15, 2024 5:05:54 AM domain.Game addPlant
INFO: Intentando añadir una planta: eciplant en (1, 0)
Dec 15, 2024 5:05:54 AM domain.Game addPlant
SEVERE: Error al añadir planta: Cannot add the unit because there is already a unit in the cell
Dec 15, 2024 5:05:54 AM domain.plants.ECIPlant generateSun
INFO: sol generado
Dec 15, 2024 5:05:54 AM domain.plants.Sunflower generateSun
INFO: sol generado
Dec 15, 2024 5:05:54 AM domain.Game addZombie
INFO: Intentando añadir un zombie: conehead en (9, 3)
Dec 15, 2024 5:05:54 AM domain.Game addZombie
INFO: Zombie añadido exitosamente: conehead en (9, 3)
Dec 15, 2024 5:05:54 AM domain.Game addPlant
INFO: Intentando añadir una planta: sunflower en (1, 0)
Dec 15, 2024 5:05:54 AM domain.Game addPlant
SEVERE: Error al añadir planta: Cannot add the unit because there is already a unit in the cell
Dec 15, 2024 5:05:55 AM domain.plants.Sunflower generateSun
INFO: sol generado
Dec 15, 2024 5:05:55 AM domain.plants.ECIPlant generateSun
INFO: sol generado
Dec 15, 2024 5:05:55 AM domain.plants.Sunflower generateSun
INFO: sol generado
Dec 15, 2024 5:05:55 AM domain.plants.ECIPlant generateSun
INFO: sol generado
Dec 15, 2024 5:05:55 AM domain.Game addZombie
INFO: Intentando añadir un zombie: basic en (9, 0)
Dec 15, 2024 5:05:55 AM domain.Game addZombie
INFO: Zombie añadido exitosamente: basic en (9, 0)
Dec 15, 2024 5:05:55 AM domain.plants.Sunflower generateSun
INFO: sol generado
Dec 15, 2024 5:05:55 AM domain.plants.ECIPlant generateSun
INFO: sol generado
Dec 15, 2024 5:05:55 AM domain.plants.ECIPlant generateSun
INFO: sol generado
Dec 15, 2024 5:05:55 AM domain.Game addZombie
INFO: Intentando añadir un zombie: brainstein en (9, 3)
Dec 15, 2024 5:05:55 AM domain.Game addZombie
INFO: Zombie añadido exitosamente: brainstein en (9, 3)
Dec 15, 2024 5:05:55 AM domain.plants.ECIPlant generateSun
INFO: sol generado
Dec 15, 2024 5:05:55 AM domain.plants.Sunflower generateSun
INFO: sol generado
Dec 15, 2024 5:05:55 AM domain.plants.ECIPlant generateSun
INFO: sol generado
Dec 15, 2024 5:05:55 AM domain.plants.Sunflower generateSun
INFO: sol generado
Dec 15, 2024 5:05:55 AM domain.plants.Sunflower generateSun
INFO: sol generado
Dec 15, 2024 5:05:55 AM domain.Game addZombie
INFO: Intentando añadir un zombie: buckethead en (9, 3)
Dec 15, 2024 5:05:55 AM domain.Game addZombie
INFO: Zombie añadido exitosamente: buckethead en (9, 3)
Dec 15, 2024 5:05:55 AM domain.Game addPlant
INFO: Intentando añadir una planta: sunflower en (1, 0)
Dec 15, 2024 5:05:55 AM domain.Game addPlant
SEVERE: Error al añadir planta: Cannot add the unit because there is already a unit in the cell
Dec 15, 2024 5:05:55 AM domain.plants.Sunflower generateSun
INFO: sol generado
Dec 15, 2024 5:05:55 AM domain.plants.Sunflower generateSun
INFO: sol generado
Dec 15, 2024 5:05:56 AM domain.plants.Sunflower generateSun
INFO: sol generado
Dec 15, 2024 5:05:56 AM domain.Game addZombie
INFO: Intentando añadir un zombie: buckethead en (9, 0)
Dec 15, 2024 5:05:56 AM domain.Game addZombie
INFO: Zombie añadido exitosamente: buckethead en (9, 0)
Dec 15, 2024 5:05:56 AM domain.plants.Sunflower generateSun
INFO: sol generado
Dec 15, 2024 5:05:56 AM domain.plants.Sunflower generateSun
INFO: sol generado
Dec 15, 2024 5:05:56 AM domain.Game addZombie
INFO: Intentando añadir un zombie: basic en (9, 3)
Dec 15, 2024 5:05:56 AM domain.Game addZombie
INFO: Zombie añadido exitosamente: basic en (9, 3)
Dec 15, 2024 5:05:56 AM domain.Game addZombie
INFO: Intentando añadir un zombie: basic en (9, 3)
Dec 15, 2024 5:05:56 AM domain.Game addZombie
INFO: Zombie añadido exitosamente: basic en (9, 3)
Dec 15, 2024 5:05:56 AM domain.Game addPlant
INFO: Intentando añadir una planta: eciplant en (1, 0)
Dec 15, 2024 5:05:56 AM domain.Game addPlant
SEVERE: Error al añadir planta: Cannot add the unit because there is already a unit in the cell
Dec 15, 2024 5:05:57 AM domain.plants.Sunflower generateSun
INFO: sol generado
Dec 15, 2024 5:05:57 AM domain.plants.ECIPlant generateSun
INFO: sol generado
Dec 15, 2024 5:05:57 AM domain.plants.ECIPlant generateSun
INFO: sol generado
Dec 15, 2024 5:05:57 AM domain.Game addZombie
INFO: Intentando añadir un zombie: brainstein en (10, 0)
Dec 15, 2024 5:05:57 AM domain.Game addZombie
INFO: Zombie añadido exitosamente: brainstein en (10, 0)
Dec 15, 2024 5:05:57 AM domain.plants.Sunflower generateSun
INFO: sol generado
Dec 15, 2024 5:05:57 AM domain.Game addZombie
INFO: Intentando añadir un zombie: brainstein en (10, 1)
Dec 15, 2024 5:05:57 AM domain.Game addZombie
INFO: Zombie añadido exitosamente: brainstein en (10, 1)
Dec 15, 2024 5:05:57 AM domain.Game addPlant
INFO: Intentando añadir una planta: potatomine en (7, 0)
Dec 15, 2024 5:05:57 AM domain.Game addPlant
SEVERE: Error al añadir planta: Cannot add the unit because there is already a unit in the cell
Dec 15, 2024 5:05:57 AM domain.plants.ECIPlant generateSun
INFO: sol generado
Dec 15, 2024 5:05:57 AM domain.plants.Sunflower generateSun
INFO: sol generado
Dec 15, 2024 5:05:57 AM domain.Game addZombie
INFO: Intentando añadir un zombie: brainstein en (10, 0)
Dec 15, 2024 5:05:57 AM domain.Game addZombie
INFO: Zombie añadido exitosamente: brainstein en (10, 0)
Dec 15, 2024 5:05:57 AM domain.Game addPlant
INFO: Intentando añadir una planta: eciplant en (1, 0)
Dec 15, 2024 5:05:57 AM domain.Game addPlant
SEVERE: Error al añadir planta: Cannot add the unit because there is already a unit in the cell
Dec 15, 2024 5:05:57 AM domain.Game addPlant
INFO: Intentando añadir una planta: wallnut en (5, 3)
Dec 15, 2024 5:05:57 AM domain.Game addPlant
SEVERE: Error al añadir planta: Cannot add the unit because there is already a unit in the cell
Dec 15, 2024 5:05:58 AM domain.plants.Sunflower generateSun
INFO: sol generado
Dec 15, 2024 5:05:58 AM domain.plants.ECIPlant generateSun
INFO: sol generado
Dec 15, 2024 5:05:58 AM domain.plants.Sunflower generateSun
INFO: sol generado
Dec 15, 2024 5:05:58 AM domain.plants.ECIPlant generateSun
INFO: sol generado
Dec 15, 2024 5:05:58 AM domain.Game addZombie
INFO: Intentando añadir un zombie: basic en (9, 0)
Dec 15, 2024 5:05:58 AM domain.Game addZombie
INFO: Zombie añadido exitosamente: basic en (9, 0)
Dec 15, 2024 5:05:58 AM domain.plants.Sunflower generateSun
INFO: sol generado
Dec 15, 2024 5:05:58 AM domain.plants.ECIPlant generateSun
INFO: sol generado
Dec 15, 2024 5:05:58 AM domain.plants.ECIPlant generateSun
INFO: sol generado
Dec 15, 2024 5:05:58 AM domain.Game addZombie
INFO: Intentando añadir un zombie: brainstein en (9, 0)
Dec 15, 2024 5:05:58 AM domain.Game addZombie
INFO: Zombie añadido exitosamente: brainstein en (9, 0)
Dec 15, 2024 5:05:58 AM domain.plants.ECIPlant generateSun
INFO: sol generado
Dec 15, 2024 5:05:58 AM domain.plants.Sunflower generateSun
INFO: sol generado
Dec 15, 2024 5:05:58 AM domain.plants.ECIPlant generateSun
INFO: sol generado
Dec 15, 2024 5:05:58 AM domain.plants.Sunflower generateSun
INFO: sol generado
Dec 15, 2024 5:05:58 AM domain.plants.Sunflower generateSun
INFO: sol generado
Dec 15, 2024 5:05:58 AM domain.Game addZombie
INFO: Intentando añadir un zombie: basic en (9, 3)
Dec 15, 2024 5:05:58 AM domain.Game addZombie
INFO: Zombie añadido exitosamente: basic en (9, 3)
Dec 15, 2024 5:05:58 AM domain.Game addPlant
INFO: Intentando añadir una planta: sunflower en (1, 0)
Dec 15, 2024 5:05:58 AM domain.Game addPlant
SEVERE: Error al añadir planta: Cannot add the unit because there is already a unit in the cell
Dec 15, 2024 5:05:58 AM domain.plants.Sunflower generateSun
INFO: sol generado
Dec 15, 2024 5:05:58 AM domain.plants.Sunflower generateSun
INFO: sol generado
Dec 15, 2024 5:05:59 AM domain.plants.Sunflower generateSun
INFO: sol generado
Dec 15, 2024 5:05:59 AM domain.Game addZombie
INFO: Intentando añadir un zombie: conehead en (9, 0)
Dec 15, 2024 5:05:59 AM domain.Game addZombie
INFO: Zombie añadido exitosamente: conehead en (9, 0)
Dec 15, 2024 5:05:59 AM domain.plants.Sunflower generateSun
INFO: sol generado
Dec 15, 2024 5:05:59 AM domain.plants.Sunflower generateSun
INFO: sol generado
Dec 15, 2024 5:05:59 AM domain.Game addZombie
INFO: Intentando añadir un zombie: conehead en (9, 2)
Dec 15, 2024 5:05:59 AM domain.Game addZombie
INFO: Zombie añadido exitosamente: conehead en (9, 2)
Dec 15, 2024 5:05:59 AM domain.Game addPlant
INFO: Intentando añadir una planta: potatomine en (7, 0)
Dec 15, 2024 5:05:59 AM domain.Game addPlant
SEVERE: Error al añadir planta: Cannot add the unit because there is already a unit in the cell
Dec 15, 2024 5:05:59 AM domain.Game addZombie
INFO: Intentando añadir un zombie: buckethead en (9, 3)
Dec 15, 2024 5:05:59 AM domain.Game addZombie
INFO: Zombie añadido exitosamente: buckethead en (9, 3)
Dec 15, 2024 5:05:59 AM domain.Game addPlant
INFO: Intentando añadir una planta: eciplant en (1, 0)
Dec 15, 2024 5:05:59 AM domain.Game addPlant
SEVERE: Error al añadir planta: Cannot add the unit because there is already a unit in the cell
Dec 15, 2024 5:05:59 AM domain.Game addPlant
INFO: Intentando añadir una planta: wallnut en (5, 3)
Dec 15, 2024 5:05:59 AM domain.Game addPlant
SEVERE: Error al añadir planta: Cannot add the unit because there is already a unit in the cell
Dec 15, 2024 5:06:00 AM domain.plants.Sunflower generateSun
INFO: sol generado
Dec 15, 2024 5:06:00 AM domain.plants.ECIPlant generateSun
INFO: sol generado
Dec 15, 2024 5:06:00 AM domain.plants.ECIPlant generateSun
INFO: sol generado
Dec 15, 2024 5:06:00 AM domain.Game addZombie
INFO: Intentando añadir un zombie: buckethead en (9, 0)
Dec 15, 2024 5:06:00 AM domain.Game addZombie
INFO: Zombie añadido exitosamente: buckethead en (9, 0)
Dec 15, 2024 5:06:00 AM domain.plants.Sunflower generateSun
INFO: sol generado
Dec 15, 2024 5:06:00 AM domain.Game addZombie
INFO: Intentando añadir un zombie: brainstein en (9, 3)
Dec 15, 2024 5:06:00 AM domain.Game addZombie
INFO: Zombie añadido exitosamente: brainstein en (9, 3)
Dec 15, 2024 5:06:00 AM domain.Game addPlant
INFO: Intentando añadir una planta: eciplant en (1, 0)
Dec 15, 2024 5:06:00 AM domain.Game addPlant
SEVERE: Error al añadir planta: Cannot add the unit because there is already a unit in the cell
Dec 15, 2024 5:06:00 AM domain.plants.Sunflower generateSun
INFO: sol generado
Dec 15, 2024 5:06:00 AM domain.plants.ECIPlant generateSun
INFO: sol generado
Dec 15, 2024 5:06:00 AM domain.Game addZombie
INFO: Intentando añadir un zombie: basic en (10, 2)
Dec 15, 2024 5:06:00 AM domain.Game addZombie
INFO: Zombie añadido exitosamente: basic en (10, 2)
Dec 15, 2024 5:06:00 AM domain.Game addZombie
INFO: Intentando añadir un zombie: conehead en (9, 3)
Dec 15, 2024 5:06:00 AM domain.Game addZombie
INFO: Zombie añadido exitosamente: conehead en (9, 3)
Dec 15, 2024 5:06:00 AM domain.Game addPlant
INFO: Intentando añadir una planta: eciplant en (1, 0)
Dec 15, 2024 5:06:00 AM domain.Game addPlant
SEVERE: Error al añadir planta: Cannot add the unit because there is already a unit in the cell
Dec 15, 2024 5:06:01 AM domain.plants.Sunflower generateSun
INFO: sol generado
Dec 15, 2024 5:06:01 AM domain.plants.ECIPlant generateSun
INFO: sol generado
Dec 15, 2024 5:06:01 AM domain.plants.Sunflower generateSun
INFO: sol generado
Dec 15, 2024 5:06:01 AM domain.plants.ECIPlant generateSun
INFO: sol generado
Dec 15, 2024 5:06:01 AM domain.Game addZombie
INFO: Intentando añadir un zombie: brainstein en (10, 0)
Dec 15, 2024 5:06:01 AM domain.Game addZombie
INFO: Zombie añadido exitosamente: brainstein en (10, 0)
Dec 15, 2024 5:06:01 AM domain.plants.Sunflower generateSun
INFO: sol generado
Dec 15, 2024 5:06:01 AM domain.plants.ECIPlant generateSun
INFO: sol generado
Dec 15, 2024 5:06:01 AM domain.plants.ECIPlant generateSun
INFO: sol generado
Dec 15, 2024 5:06:01 AM domain.Game addZombie
INFO: Intentando añadir un zombie: basic en (9, 3)
Dec 15, 2024 5:06:01 AM domain.Game addZombie
INFO: Zombie añadido exitosamente: basic en (9, 3)
Dec 15, 2024 5:06:01 AM domain.plants.ECIPlant generateSun
INFO: sol generado
Dec 15, 2024 5:06:01 AM domain.plants.Sunflower generateSun
INFO: sol generado
Dec 15, 2024 5:06:01 AM domain.plants.ECIPlant generateSun
INFO: sol generado
Dec 15, 2024 5:06:01 AM domain.plants.Sunflower generateSun
INFO: sol generado
Dec 15, 2024 5:06:01 AM domain.plants.Sunflower generateSun
INFO: sol generado
Dec 15, 2024 5:06:01 AM domain.Game addZombie
INFO: Intentando añadir un zombie: brainstein en (10, 0)
Dec 15, 2024 5:06:01 AM domain.Game addZombie
INFO: Zombie añadido exitosamente: brainstein en (10, 0)
Dec 15, 2024 5:06:01 AM domain.Game addPlant
INFO: Intentando añadir una planta: sunflower en (1, 0)
Dec 15, 2024 5:06:01 AM domain.Game addPlant
SEVERE: Error al añadir planta: Cannot add the unit because there is already a unit in the cell
Dec 15, 2024 5:06:01 AM domain.Game addPlant
INFO: Intentando añadir una planta: potatomine en (7, 0)
Dec 15, 2024 5:06:01 AM domain.Game addPlant
SEVERE: Error al añadir planta: Cannot add the unit because there is already a unit in the cell
Dec 15, 2024 5:06:01 AM domain.Game addPlant
INFO: Intentando añadir una planta: potatomine en (7, 3)
Dec 15, 2024 5:06:01 AM domain.Game addPlant
SEVERE: Error al añadir planta: Cannot add the unit because there is already a unit in the cell
Dec 15, 2024 5:06:01 AM domain.plants.Sunflower generateSun
INFO: sol generado
Dec 15, 2024 5:06:01 AM domain.plants.Sunflower generateSun
INFO: sol generado
Dec 15, 2024 5:06:02 AM domain.plants.Sunflower generateSun
INFO: sol generado
Dec 15, 2024 5:06:02 AM domain.Game addZombie
INFO: Intentando añadir un zombie: conehead en (9, 0)
Dec 15, 2024 5:06:02 AM domain.Game addZombie
INFO: Zombie añadido exitosamente: conehead en (9, 0)
Dec 15, 2024 5:06:02 AM domain.plants.Sunflower generateSun
INFO: sol generado
Dec 15, 2024 5:06:02 AM domain.plants.Sunflower generateSun
INFO: sol generado
Dec 15, 2024 5:06:02 AM domain.Game addZombie
INFO: Intentando añadir un zombie: brainstein en (10, 0)
Dec 15, 2024 5:06:02 AM domain.Game addZombie
INFO: Zombie añadido exitosamente: brainstein en (10, 0)
Dec 15, 2024 5:06:02 AM domain.Game addZombie
INFO: Intentando añadir un zombie: buckethead en (9, 3)
Dec 15, 2024 5:06:02 AM domain.Game addZombie
INFO: Zombie añadido exitosamente: buckethead en (9, 3)
Dec 15, 2024 5:06:02 AM domain.Game addPlant
INFO: Intentando añadir una planta: sunflower en (1, 0)
Dec 15, 2024 5:06:02 AM domain.Game addPlant
SEVERE: Error al añadir planta: Cannot add the unit because there is already a unit in the cell
Dec 15, 2024 5:06:03 AM domain.plants.Sunflower generateSun
INFO: sol generado
Dec 15, 2024 5:06:03 AM domain.plants.ECIPlant generateSun
INFO: sol generado
Dec 15, 2024 5:06:03 AM domain.plants.ECIPlant generateSun
INFO: sol generado
Dec 15, 2024 5:06:03 AM domain.Game addZombie
INFO: Intentando añadir un zombie: basic en (9, 0)
Dec 15, 2024 5:06:03 AM domain.Game addZombie
INFO: Zombie añadido exitosamente: basic en (9, 0)
Dec 15, 2024 5:06:03 AM domain.plants.Sunflower generateSun
INFO: sol generado
Dec 15, 2024 5:06:03 AM domain.Game addZombie
INFO: Intentando añadir un zombie: ecizombie en (10, 2)
Dec 15, 2024 5:06:03 AM domain.Game addZombie
INFO: Zombie añadido exitosamente: ecizombie en (10, 2)
Dec 15, 2024 5:06:03 AM domain.Game addPlant
INFO: Intentando añadir una planta: eciplant en (1, 0)
Dec 15, 2024 5:06:03 AM domain.Game addPlant
SEVERE: Error al añadir planta: Cannot add the unit because there is already a unit in the cell
Dec 15, 2024 5:06:03 AM domain.plants.Sunflower generateSun
INFO: sol generado
Dec 15, 2024 5:06:03 AM domain.plants.ECIPlant generateSun
INFO: sol generado
Dec 15, 2024 5:06:03 AM domain.Game addZombie
INFO: Intentando añadir un zombie: buckethead en (9, 3)
Dec 15, 2024 5:06:03 AM domain.Game addZombie
INFO: Zombie añadido exitosamente: buckethead en (9, 3)
Dec 15, 2024 5:06:03 AM domain.Game addPlant
INFO: Intentando añadir una planta: eciplant en (1, 0)
Dec 15, 2024 5:06:03 AM domain.Game addPlant
SEVERE: Error al añadir planta: Cannot add the unit because there is already a unit in the cell
Dec 15, 2024 5:06:03 AM domain.Game addPlant
INFO: Intentando añadir una planta: potatomine en (7, 0)
Dec 15, 2024 5:06:03 AM domain.Game addPlant
SEVERE: Error al añadir planta: Cannot add the unit because there is already a unit in the cell
Dec 15, 2024 5:06:03 AM domain.Game addPlant
INFO: Intentando añadir una planta: potatomine en (7, 3)
Dec 15, 2024 5:06:03 AM domain.Game addPlant
SEVERE: Error al añadir planta: Cannot add the unit because there is already a unit in the cell
Dec 15, 2024 5:06:04 AM domain.plants.Sunflower generateSun
INFO: sol generado
Dec 15, 2024 5:06:04 AM domain.plants.ECIPlant generateSun
INFO: sol generado
Dec 15, 2024 5:06:04 AM domain.plants.Sunflower generateSun
INFO: sol generado
Dec 15, 2024 5:06:04 AM domain.plants.ECIPlant generateSun
INFO: sol generado
Dec 15, 2024 5:06:04 AM domain.Game addZombie
INFO: Intentando añadir un zombie: buckethead en (9, 0)
Dec 15, 2024 5:06:04 AM domain.Game addZombie
INFO: Zombie añadido exitosamente: buckethead en (9, 0)
Dec 15, 2024 5:06:04 AM domain.plants.Sunflower generateSun
INFO: sol generado
Dec 15, 2024 5:06:04 AM domain.plants.ECIPlant generateSun
INFO: sol generado
Dec 15, 2024 5:06:04 AM domain.plants.ECIPlant generateSun
INFO: sol generado
Dec 15, 2024 5:06:04 AM domain.Game addZombie
INFO: Intentando añadir un zombie: brainstein en (9, 3)
Dec 15, 2024 5:06:04 AM domain.Game addZombie
INFO: Zombie añadido exitosamente: brainstein en (9, 3)
Dec 15, 2024 5:06:04 AM domain.Game addPlant
INFO: Intentando añadir una planta: eciplant en (1, 0)
Dec 15, 2024 5:06:04 AM domain.Game addPlant
SEVERE: Error al añadir planta: Cannot add the unit because there is already a unit in the cell
Dec 15, 2024 5:06:04 AM domain.plants.ECIPlant generateSun
INFO: sol generado
Dec 15, 2024 5:06:04 AM domain.plants.Sunflower generateSun
INFO: sol generado
Dec 15, 2024 5:06:04 AM domain.plants.ECIPlant generateSun
INFO: sol generado
Dec 15, 2024 5:06:04 AM domain.plants.Sunflower generateSun
INFO: sol generado
Dec 15, 2024 5:06:04 AM domain.plants.Sunflower generateSun
INFO: sol generado
Dec 15, 2024 5:06:04 AM domain.Game addZombie
INFO: Intentando añadir un zombie: basic en (9, 3)
Dec 15, 2024 5:06:04 AM domain.Game addZombie
INFO: Zombie añadido exitosamente: basic en (9, 3)
Dec 15, 2024 5:06:04 AM domain.Game addPlant
INFO: Intentando añadir una planta: sunflower en (1, 0)
Dec 15, 2024 5:06:04 AM domain.Game addPlant
SEVERE: Error al añadir planta: Cannot add the unit because there is already a unit in the cell
Dec 15, 2024 5:06:04 AM domain.Game addPlant
INFO: Intentando añadir una planta: potatomine en (5, 3)
Dec 15, 2024 5:06:04 AM domain.Game addPlant
INFO: Planta añadida exitosamente: potatomine en (5, 3)
Dec 15, 2024 5:06:04 AM domain.plants.Sunflower generateSun
INFO: sol generado
Dec 15, 2024 5:06:04 AM domain.plants.Sunflower generateSun
INFO: sol generado
Dec 15, 2024 5:06:05 AM domain.plants.Sunflower generateSun
INFO: sol generado
Dec 15, 2024 5:06:05 AM domain.Game addZombie
INFO: Intentando añadir un zombie: brainstein en (10, 0)
Dec 15, 2024 5:06:05 AM domain.plants.Sunflower generateSun
INFO: sol generado
Dec 15, 2024 5:06:05 AM domain.Game addZombie
INFO: Zombie añadido exitosamente: brainstein en (10, 0)
Dec 15, 2024 5:06:05 AM domain.plants.Sunflower generateSun
INFO: sol generado
Dec 15, 2024 5:06:05 AM domain.Game addZombie
INFO: Intentando añadir un zombie: basic en (9, 3)
Dec 15, 2024 5:06:05 AM domain.Game addZombie
INFO: Zombie añadido exitosamente: basic en (9, 3)
Dec 15, 2024 5:06:05 AM domain.Game addZombie
INFO: Intentando añadir un zombie: brainstein en (10, 0)
Dec 15, 2024 5:06:05 AM domain.Game addZombie
INFO: Zombie añadido exitosamente: brainstein en (10, 0)
Dec 15, 2024 5:06:05 AM domain.Game addPlant
INFO: Intentando añadir una planta: sunflower en (1, 0)
Dec 15, 2024 5:06:05 AM domain.Game addPlant
SEVERE: Error al añadir planta: Cannot add the unit because there is already a unit in the cell
Dec 15, 2024 5:06:05 AM domain.Game addPlant
INFO: Intentando añadir una planta: wallnut en (4, 3)
Dec 15, 2024 5:06:05 AM domain.Game addPlant
SEVERE: Error al añadir planta: Cannot add the unit because there is already a unit in the cell
Dec 15, 2024 5:06:06 AM domain.plants.Sunflower generateSun
INFO: sol generado
Dec 15, 2024 5:06:06 AM domain.plants.ECIPlant generateSun
INFO: sol generado
Dec 15, 2024 5:06:06 AM domain.plants.ECIPlant generateSun
INFO: sol generado
Dec 15, 2024 5:06:06 AM domain.Game addZombie
INFO: Intentando añadir un zombie: basic en (9, 0)
Dec 15, 2024 5:06:06 AM domain.Game addZombie
INFO: Zombie añadido exitosamente: basic en (9, 0)
Dec 15, 2024 5:06:06 AM domain.plants.Sunflower generateSun
INFO: sol generado
Dec 15, 2024 5:06:06 AM domain.Game addZombie
INFO: Intentando añadir un zombie: ecizombie en (10, 0)
Dec 15, 2024 5:06:06 AM domain.Game addZombie
INFO: Zombie añadido exitosamente: ecizombie en (10, 0)
Dec 15, 2024 5:06:06 AM domain.Game addPlant
INFO: Intentando añadir una planta: potatomine en (7, 0)
Dec 15, 2024 5:06:06 AM domain.Game addPlant
INFO: Planta añadida exitosamente: potatomine en (7, 0)
Dec 15, 2024 5:06:06 AM domain.plants.Sunflower generateSun
INFO: sol generado
Dec 15, 2024 5:06:06 AM domain.plants.ECIPlant generateSun
INFO: sol generado
Dec 15, 2024 5:06:06 AM domain.Game addZombie
INFO: Intentando añadir un zombie: basic en (9, 3)
Dec 15, 2024 5:06:06 AM domain.Game addZombie
INFO: Zombie añadido exitosamente: basic en (9, 3)
Dec 15, 2024 5:06:06 AM domain.Game addPlant
INFO: Intentando añadir una planta: sunflower en (1, 0)
Dec 15, 2024 5:06:06 AM domain.Game addPlant
SEVERE: Error al añadir planta: Cannot add the unit because there is already a unit in the cell
Dec 15, 2024 5:06:06 AM domain.Game addPlant
INFO: Intentando añadir una planta: potatomine en (8, 0)
Dec 15, 2024 5:06:06 AM domain.Game addPlant
INFO: Planta añadida exitosamente: potatomine en (8, 0)
Dec 15, 2024 5:06:06 AM domain.Game addPlant
INFO: Intentando añadir una planta: potatomine en (8, 3)
Dec 15, 2024 5:06:06 AM domain.Game addPlant
SEVERE: Error al añadir planta: Cannot add the unit because there is already a unit in the cell
Dec 15, 2024 5:06:07 AM domain.plants.Sunflower generateSun
INFO: sol generado
Dec 15, 2024 5:06:07 AM domain.plants.ECIPlant generateSun
INFO: sol generado
Dec 15, 2024 5:06:07 AM domain.plants.Sunflower generateSun
INFO: sol generado
Dec 15, 2024 5:06:07 AM domain.plants.ECIPlant generateSun
INFO: sol generado
Dec 15, 2024 5:06:07 AM domain.Game addZombie
INFO: Intentando añadir un zombie: basic en (9, 0)
Dec 15, 2024 5:06:07 AM domain.Game addZombie
INFO: Zombie añadido exitosamente: basic en (9, 0)
Dec 15, 2024 5:06:07 AM domain.plants.Sunflower generateSun
INFO: sol generado
Dec 15, 2024 5:06:07 AM domain.plants.ECIPlant generateSun
INFO: sol generado
Dec 15, 2024 5:06:07 AM domain.plants.ECIPlant generateSun
INFO: sol generado
Dec 15, 2024 5:06:07 AM domain.Game addZombie
INFO: Intentando añadir un zombie: brainstein en (10, 0)
Dec 15, 2024 5:06:07 AM domain.Game addZombie
INFO: Zombie añadido exitosamente: brainstein en (10, 0)
Dec 15, 2024 5:06:07 AM domain.plants.ECIPlant generateSun
INFO: sol generado
Dec 15, 2024 5:06:07 AM domain.plants.Sunflower generateSun
INFO: sol generado
Dec 15, 2024 5:06:07 AM domain.plants.ECIPlant generateSun
INFO: sol generado
Dec 15, 2024 5:06:07 AM domain.plants.Sunflower generateSun
INFO: sol generado
Dec 15, 2024 5:06:07 AM domain.plants.Sunflower generateSun
INFO: sol generado
Dec 15, 2024 5:06:07 AM domain.Game addZombie
INFO: Intentando añadir un zombie: buckethead en (9, 3)
Dec 15, 2024 5:06:07 AM domain.Game addZombie
INFO: Zombie añadido exitosamente: buckethead en (9, 3)
Dec 15, 2024 5:06:07 AM domain.Game addPlant
INFO: Intentando añadir una planta: sunflower en (1, 0)
Dec 15, 2024 5:06:07 AM domain.Game addPlant
SEVERE: Error al añadir planta: Cannot add the unit because there is already a unit in the cell
Dec 15, 2024 5:06:07 AM domain.Game addPlant
INFO: Intentando añadir una planta: wallnut en (4, 3)
Dec 15, 2024 5:06:07 AM domain.Game addPlant
INFO: Planta añadida exitosamente: wallnut en (4, 3)
Dec 15, 2024 5:06:07 AM domain.plants.Sunflower generateSun
INFO: sol generado
Dec 15, 2024 5:06:07 AM domain.plants.Sunflower generateSun
INFO: sol generado
Dec 15, 2024 5:06:08 AM domain.plants.Sunflower generateSun
INFO: sol generado
Dec 15, 2024 5:06:08 AM domain.plants.Sunflower generateSun
INFO: sol generado
Dec 15, 2024 5:06:08 AM domain.Game addZombie
INFO: Intentando añadir un zombie: conehead en (9, 0)
Dec 15, 2024 5:06:08 AM domain.Game addZombie
INFO: Zombie añadido exitosamente: conehead en (9, 0)
Dec 15, 2024 5:06:08 AM domain.plants.Sunflower generateSun
INFO: sol generado
Dec 15, 2024 5:06:08 AM domain.Game addZombie
INFO: Intentando añadir un zombie: conehead en (10, 1)
Dec 15, 2024 5:06:08 AM domain.Game addZombie
INFO: Zombie añadido exitosamente: conehead en (10, 1)
Dec 15, 2024 5:06:08 AM domain.Game addPlant
INFO: Intentando añadir una planta: potatomine en (6, 0)
Dec 15, 2024 5:06:08 AM domain.Game addPlant
SEVERE: Error al añadir planta: Cannot add the unit because there is already a unit in the cell
Dec 15, 2024 5:06:08 AM domain.Game addZombie
INFO: Intentando añadir un zombie: buckethead en (9, 3)
Dec 15, 2024 5:06:08 AM domain.Game addZombie
INFO: Zombie añadido exitosamente: buckethead en (9, 3)
Dec 15, 2024 5:06:08 AM domain.Game addPlant
INFO: Intentando añadir una planta: sunflower en (1, 0)
Dec 15, 2024 5:06:08 AM domain.Game addPlant
SEVERE: Error al añadir planta: Cannot add the unit because there is already a unit in the cell
Dec 15, 2024 5:06:08 AM domain.Game addPlant
INFO: Intentando añadir una planta: potatomine en (6, 3)
Dec 15, 2024 5:06:08 AM domain.Game addPlant
SEVERE: Error al añadir planta: Cannot add the unit because there is already a unit in the cell
Dec 15, 2024 5:06:08 AM domain.Game addPlant
INFO: Intentando añadir una planta: potatomine en (6, 4)
Dec 15, 2024 5:06:08 AM domain.Game addPlant
SEVERE: Error al añadir planta: Cannot add the unit because there is already a unit in the cell
Dec 15, 2024 5:06:09 AM domain.plants.Sunflower generateSun
INFO: sol generado
Dec 15, 2024 5:06:09 AM domain.plants.ECIPlant generateSun
INFO: sol generado
Dec 15, 2024 5:06:09 AM domain.plants.ECIPlant generateSun
INFO: sol generado
Dec 15, 2024 5:06:09 AM domain.Game addZombie
INFO: Intentando añadir un zombie: brainstein en (10, 0)
Dec 15, 2024 5:06:09 AM domain.Game addZombie
INFO: Zombie añadido exitosamente: brainstein en (10, 0)
Dec 15, 2024 5:06:09 AM domain.plants.Sunflower generateSun
INFO: sol generado
Dec 15, 2024 5:06:09 AM domain.Game addZombie
INFO: Intentando añadir un zombie: basic en (10, 4)
Dec 15, 2024 5:06:09 AM domain.Game addPlant
INFO: Intentando añadir una planta: eciplant en (1, 0)
Dec 15, 2024 5:06:09 AM domain.Game addPlant
SEVERE: Error al añadir planta: Cannot add the unit because there is already a unit in the cell
Dec 15, 2024 5:06:09 AM domain.Game addZombie
INFO: Zombie añadido exitosamente: basic en (10, 4)
Dec 15, 2024 5:06:09 AM domain.plants.Sunflower generateSun
INFO: sol generado
Dec 15, 2024 5:06:09 AM domain.plants.ECIPlant generateSun
INFO: sol generado
Dec 15, 2024 5:06:09 AM domain.Game addZombie
INFO: Intentando añadir un zombie: brainstein en (10, 0)
Dec 15, 2024 5:06:09 AM domain.Game addZombie
INFO: Zombie añadido exitosamente: brainstein en (10, 0)
Dec 15, 2024 5:06:09 AM domain.Game addPlant
INFO: Intentando añadir una planta: eciplant en (1, 0)
Dec 15, 2024 5:06:09 AM domain.Game addPlant
SEVERE: Error al añadir planta: Cannot add the unit because there is already a unit in the cell
Dec 15, 2024 5:06:09 AM domain.Game addPlant
INFO: Intentando añadir una planta: potatomine en (7, 0)
Dec 15, 2024 5:06:09 AM domain.Game addPlant
SEVERE: Error al añadir planta: Cannot add the unit because there is already a unit in the cell
Dec 15, 2024 5:06:09 AM domain.Game addPlant
INFO: Intentando añadir una planta: potatomine en (7, 3)
Dec 15, 2024 5:06:09 AM domain.Game addPlant
SEVERE: Error al añadir planta: Cannot add the unit because there is already a unit in the cell
Dec 15, 2024 5:06:10 AM domain.plants.Sunflower generateSun
INFO: sol generado
Dec 15, 2024 5:06:10 AM domain.plants.ECIPlant generateSun
INFO: sol generado
Dec 15, 2024 5:06:10 AM domain.plants.Sunflower generateSun
INFO: sol generado
Dec 15, 2024 5:06:10 AM domain.plants.ECIPlant generateSun
INFO: sol generado
Dec 15, 2024 5:06:10 AM domain.Game addZombie
INFO: Intentando añadir un zombie: conehead en (9, 0)
Dec 15, 2024 5:06:10 AM domain.Game addZombie
INFO: Zombie añadido exitosamente: conehead en (9, 0)
Dec 15, 2024 5:06:10 AM domain.plants.Sunflower generateSun
INFO: sol generado
Dec 15, 2024 5:06:10 AM domain.plants.ECIPlant generateSun
INFO: sol generado
Dec 15, 2024 5:06:10 AM domain.plants.ECIPlant generateSun
INFO: sol generado
Dec 15, 2024 5:06:10 AM domain.Game addPlant
INFO: Intentando añadir una planta: potatomine en (7, 0)
Dec 15, 2024 5:06:10 AM domain.Game addZombie
INFO: Intentando añadir un zombie: brainstein en (9, 3)
Dec 15, 2024 5:06:10 AM domain.Game addPlant
INFO: Planta añadida exitosamente: potatomine en (7, 0)
Dec 15, 2024 5:06:10 AM domain.Game addZombie
INFO: Zombie añadido exitosamente: brainstein en (9, 3)
Dec 15, 2024 5:06:10 AM domain.plants.ECIPlant generateSun
INFO: sol generado
Dec 15, 2024 5:06:10 AM domain.plants.Sunflower generateSun
INFO: sol generado
Dec 15, 2024 5:06:10 AM domain.plants.ECIPlant generateSun
INFO: sol generado
Dec 15, 2024 5:06:10 AM domain.plants.Sunflower generateSun
INFO: sol generado
Dec 15, 2024 5:06:10 AM domain.plants.Sunflower generateSun
INFO: sol generado
Dec 15, 2024 5:06:10 AM domain.Game addZombie
INFO: Intentando añadir un zombie: conehead en (9, 3)
Dec 15, 2024 5:06:10 AM domain.Game addZombie
INFO: Zombie añadido exitosamente: conehead en (9, 3)
Dec 15, 2024 5:06:10 AM domain.Game addPlant
INFO: Intentando añadir una planta: eciplant en (1, 0)
Dec 15, 2024 5:06:10 AM domain.Game addPlant
SEVERE: Error al añadir planta: Cannot add the unit because there is already a unit in the cell
Dec 15, 2024 5:06:10 AM domain.plants.Sunflower generateSun
INFO: sol generado
Dec 15, 2024 5:06:10 AM domain.plants.Sunflower generateSun
INFO: sol generado
Dec 15, 2024 5:06:11 AM domain.plants.Sunflower generateSun
INFO: sol generado
Dec 15, 2024 5:06:11 AM domain.plants.Sunflower generateSun
INFO: sol generado
Dec 15, 2024 5:06:11 AM domain.Game addZombie
INFO: Intentando añadir un zombie: basic en (9, 0)
Dec 15, 2024 5:06:11 AM domain.Game addZombie
INFO: Zombie añadido exitosamente: basic en (9, 0)
Dec 15, 2024 5:06:11 AM domain.plants.Sunflower generateSun
INFO: sol generado
Dec 15, 2024 5:06:11 AM domain.Game addPlant
INFO: Intentando añadir una planta: wallnut en (4, 0)
Dec 15, 2024 5:06:11 AM domain.Game addPlant
SEVERE: Error al añadir planta: Cannot add the unit because there is already a unit in the cell
Dec 15, 2024 5:06:11 AM domain.Game addZombie
INFO: Intentando añadir un zombie: ecizombie en (9, 4)
Dec 15, 2024 5:06:11 AM domain.Game addZombie
INFO: Zombie añadido exitosamente: ecizombie en (9, 4)
Dec 15, 2024 5:06:11 AM domain.Game addZombie
INFO: Intentando añadir un zombie: basic en (9, 3)
Dec 15, 2024 5:06:11 AM domain.Game addZombie
INFO: Zombie añadido exitosamente: basic en (9, 3)
Dec 15, 2024 5:06:11 AM domain.Game addPlant
INFO: Intentando añadir una planta: eciplant en (1, 0)
Dec 15, 2024 5:06:11 AM domain.Game addPlant
SEVERE: Error al añadir planta: Cannot add the unit because there is already a unit in the cell
Dec 15, 2024 5:06:12 AM domain.plants.Sunflower generateSun
INFO: sol generado
Dec 15, 2024 5:06:12 AM domain.plants.ECIPlant generateSun
INFO: sol generado
Dec 15, 2024 5:06:12 AM domain.plants.ECIPlant generateSun
INFO: sol generado
Dec 15, 2024 5:06:12 AM domain.Game addZombie
INFO: Intentando añadir un zombie: buckethead en (9, 0)
Dec 15, 2024 5:06:12 AM domain.Game addZombie
INFO: Zombie añadido exitosamente: buckethead en (9, 0)
Dec 15, 2024 5:06:12 AM domain.plants.Sunflower generateSun
INFO: sol generado
Dec 15, 2024 5:06:12 AM domain.Game addPlant
INFO: Intentando añadir una planta: wallnut en (4, 0)
Dec 15, 2024 5:06:12 AM domain.Game addPlant
SEVERE: Error al añadir planta: Cannot add the unit because there is already a unit in the cell
Dec 15, 2024 5:06:12 AM domain.Game addZombie
INFO: Intentando añadir un zombie: brainstein en (10, 4)
Dec 15, 2024 5:06:12 AM domain.Game addZombie
INFO: Zombie añadido exitosamente: brainstein en (10, 4)
Dec 15, 2024 5:06:12 AM domain.plants.Sunflower generateSun
INFO: sol generado
Dec 15, 2024 5:06:12 AM domain.plants.ECIPlant generateSun
INFO: sol generado
Dec 15, 2024 5:06:12 AM domain.Game addZombie
INFO: Intentando añadir un zombie: conehead en (9, 3)
Dec 15, 2024 5:06:12 AM domain.Game addZombie
INFO: Zombie añadido exitosamente: conehead en (9, 3)
Dec 15, 2024 5:06:12 AM domain.Game addPlant
INFO: Intentando añadir una planta: eciplant en (1, 0)
Dec 15, 2024 5:06:12 AM domain.Game addPlant
SEVERE: Error al añadir planta: Cannot add the unit because there is already a unit in the cell
Dec 15, 2024 5:06:12 AM domain.Game addPlant
INFO: Intentando añadir una planta: potatomine en (8, 0)
Dec 15, 2024 5:06:12 AM domain.Game addPlant
INFO: Planta añadida exitosamente: potatomine en (8, 0)
Dec 15, 2024 5:06:12 AM domain.Game addPlant
INFO: Intentando añadir una planta: potatomine en (8, 3)
Dec 15, 2024 5:06:12 AM domain.Game addPlant
SEVERE: Error al añadir planta: Cannot add the unit because there is already a unit in the cell
Dec 15, 2024 5:06:13 AM domain.plants.Sunflower generateSun
INFO: sol generado
Dec 15, 2024 5:06:13 AM domain.plants.ECIPlant generateSun
INFO: sol generado
Dec 15, 2024 5:06:13 AM domain.plants.Sunflower generateSun
INFO: sol generado
Dec 15, 2024 5:06:13 AM domain.plants.ECIPlant generateSun
INFO: sol generado
Dec 15, 2024 5:06:13 AM domain.plants.Sunflower generateSun
INFO: sol generado
Dec 15, 2024 5:06:13 AM domain.Game addZombie
INFO: Intentando añadir un zombie: brainstein en (10, 0)
Dec 15, 2024 5:06:13 AM domain.plants.ECIPlant generateSun
INFO: sol generado
Dec 15, 2024 5:06:13 AM domain.Game addZombie
INFO: Zombie añadido exitosamente: brainstein en (10, 0)
Dec 15, 2024 5:06:13 AM domain.plants.ECIPlant generateSun
INFO: sol generado
Dec 15, 2024 5:06:13 AM domain.Game addPlant
INFO: Intentando añadir una planta: sunflower en (2, 0)
Dec 15, 2024 5:06:13 AM domain.Game addPlant
INFO: Planta añadida exitosamente: sunflower en (2, 0)
Dec 15, 2024 5:06:13 AM domain.plants.Sunflower generateSun
INFO: sol generado
Dec 15, 2024 5:06:13 AM domain.Game addZombie
INFO: Intentando añadir un zombie: buckethead en (10, 3)
Dec 15, 2024 5:06:13 AM domain.Game addPlant
INFO: Intentando añadir una planta: peashooter en (3, 0)
Dec 15, 2024 5:06:13 AM domain.Game addZombie
INFO: Zombie añadido exitosamente: buckethead en (10, 3)
Dec 15, 2024 5:06:13 AM domain.Game addPlant
SEVERE: Error al añadir planta: Cannot add the unit because there is already a unit in the cell
Dec 15, 2024 5:06:13 AM domain.plants.ECIPlant generateSun
INFO: sol generado
Dec 15, 2024 5:06:13 AM domain.plants.ECIPlant generateSun
INFO: sol generado
Dec 15, 2024 5:06:13 AM domain.plants.Sunflower generateSun
INFO: sol generado
Dec 15, 2024 5:06:13 AM domain.plants.Sunflower generateSun
INFO: sol generado
Dec 15, 2024 5:06:13 AM domain.Game addZombie
INFO: Intentando añadir un zombie: brainstein en (10, 0)
Dec 15, 2024 5:06:13 AM domain.Game addZombie
INFO: Zombie añadido exitosamente: brainstein en (10, 0)
Dec 15, 2024 5:06:13 AM domain.Game addPlant
INFO: Intentando añadir una planta: sunflower en (1, 0)
Dec 15, 2024 5:06:13 AM domain.Game addPlant
SEVERE: Error al añadir planta: Cannot add the unit because there is already a unit in the cell
Dec 15, 2024 5:06:13 AM domain.Game addPlant
INFO: Intentando añadir una planta: potatomine en (6, 3)
Dec 15, 2024 5:06:13 AM domain.Game addPlant
INFO: Planta añadida exitosamente: potatomine en (6, 3)
Dec 15, 2024 5:06:13 AM domain.Game addPlant
INFO: Intentando añadir una planta: potatomine en (6, 4)
Dec 15, 2024 5:06:13 AM domain.Game addPlant
SEVERE: Error al añadir planta: Cannot add the unit because there is already a unit in the cell
Dec 15, 2024 5:06:13 AM domain.plants.Sunflower generateSun
INFO: sol generado
Dec 15, 2024 5:06:13 AM domain.plants.Sunflower generateSun
INFO: sol generado
Dec 15, 2024 5:06:14 AM domain.plants.Sunflower generateSun
INFO: sol generado
Dec 15, 2024 5:06:14 AM domain.plants.Sunflower generateSun
INFO: sol generado
Dec 15, 2024 5:06:14 AM domain.plants.Sunflower generateSun
INFO: sol generado
Dec 15, 2024 5:06:14 AM domain.Game addZombie
INFO: Intentando añadir un zombie: conehead en (9, 0)
Dec 15, 2024 5:06:14 AM domain.Game addZombie
INFO: Zombie añadido exitosamente: conehead en (9, 0)
Dec 15, 2024 5:06:14 AM domain.Game addZombie
INFO: Intentando añadir un zombie: conehead en (10, 4)
Dec 15, 2024 5:06:14 AM domain.Game addPlant
INFO: Intentando añadir una planta: sunflower en (2, 0)
Dec 15, 2024 5:06:14 AM domain.Game addZombie
INFO: Zombie añadido exitosamente: conehead en (10, 4)
Dec 15, 2024 5:06:14 AM domain.plants.Sunflower generateSun
INFO: sol generado
Dec 15, 2024 5:06:14 AM domain.Game addPlant
INFO: Planta añadida exitosamente: sunflower en (2, 0)
Dec 15, 2024 5:06:14 AM domain.Game addPlant
INFO: Intentando añadir una planta: eciplant en (1, 0)
Dec 15, 2024 5:06:14 AM domain.Game addPlant
SEVERE: Error al añadir planta: Cannot add the unit because there is already a unit in the cell
Dec 15, 2024 5:06:14 AM domain.Game addZombie
INFO: Intentando añadir un zombie: basic en (9, 3)
Dec 15, 2024 5:06:14 AM domain.Game addZombie
INFO: Zombie añadido exitosamente: basic en (9, 3)
Dec 15, 2024 5:06:14 AM domain.Game addPlant
INFO: Intentando añadir una planta: eciplant en (1, 0)
Dec 15, 2024 5:06:14 AM domain.Game addPlant
SEVERE: Error al añadir planta: Cannot add the unit because there is already a unit in the cell
Dec 15, 2024 5:06:14 AM domain.Game addPlant
INFO: Intentando añadir una planta: potatomine en (6, 3)
Dec 15, 2024 5:06:14 AM domain.Game addPlant
SEVERE: Error al añadir planta: Cannot add the unit because there is already a unit in the cell
Dec 15, 2024 5:06:14 AM domain.Game addPlant
INFO: Intentando añadir una planta: potatomine en (6, 4)
Dec 15, 2024 5:06:14 AM domain.Game addPlant
SEVERE: Error al añadir planta: Cannot add the unit because there is already a unit in the cell
Dec 15, 2024 5:06:14 AM domain.LawnMower activate
INFO: LawnMower activado en la fila: 3
Dec 15, 2024 5:06:15 AM domain.plants.Sunflower generateSun
INFO: sol generado
Dec 15, 2024 5:06:15 AM domain.plants.ECIPlant generateSun
INFO: sol generado
Dec 15, 2024 5:06:15 AM domain.plants.ECIPlant generateSun
INFO: sol generado
Dec 15, 2024 5:06:15 AM domain.Game addZombie
INFO: Intentando añadir un zombie: conehead en (9, 0)
Dec 15, 2024 5:06:15 AM domain.Game addZombie
INFO: Zombie añadido exitosamente: conehead en (9, 0)
Dec 15, 2024 5:06:15 AM domain.Game addZombie
INFO: Intentando añadir un zombie: ecizombie en (10, 3)
Dec 15, 2024 5:06:15 AM domain.Game addPlant
INFO: Intentando añadir una planta: sunflower en (2, 0)
Dec 15, 2024 5:06:15 AM domain.Game addZombie
INFO: Zombie añadido exitosamente: ecizombie en (10, 3)
Dec 15, 2024 5:06:15 AM domain.Game addPlant
SEVERE: Error al añadir planta: Cannot add the unit because there is already a unit in the cell
Dec 15, 2024 5:06:15 AM domain.Game addPlant
INFO: Intentando añadir una planta: peashooter en (3, 0)
Dec 15, 2024 5:06:15 AM domain.Game addPlant
SEVERE: Error al añadir planta: Cannot add the unit because there is already a unit in the cell
Dec 15, 2024 5:06:15 AM domain.plants.Sunflower generateSun
INFO: sol generado
Dec 15, 2024 5:06:15 AM domain.plants.ECIPlant generateSun
INFO: sol generado
Dec 15, 2024 5:06:15 AM domain.Game addZombie
INFO: Intentando añadir un zombie: buckethead en (9, 3)
Dec 15, 2024 5:06:15 AM domain.Game addZombie
INFO: Zombie añadido exitosamente: buckethead en (9, 3)
Dec 15, 2024 5:06:15 AM domain.Game addPlant
INFO: Intentando añadir una planta: eciplant en (1, 0)
Dec 15, 2024 5:06:15 AM domain.Game addPlant
SEVERE: Error al añadir planta: Cannot add the unit because there is already a unit in the cell
Dec 15, 2024 5:06:15 AM domain.Game addPlant
INFO: Intentando añadir una planta: wallnut en (4, 3)
Dec 15, 2024 5:06:15 AM domain.Game addPlant
INFO: Planta añadida exitosamente: wallnut en (4, 3)
Dec 15, 2024 5:06:16 AM domain.plants.Sunflower generateSun
INFO: sol generado
Dec 15, 2024 5:06:16 AM domain.plants.ECIPlant generateSun
INFO: sol generado
Dec 15, 2024 5:06:16 AM domain.plants.Sunflower generateSun
INFO: sol generado
Dec 15, 2024 5:06:16 AM domain.plants.ECIPlant generateSun
INFO: sol generado
Dec 15, 2024 5:06:16 AM domain.plants.Sunflower generateSun
INFO: sol generado
Dec 15, 2024 5:06:16 AM domain.plants.ECIPlant generateSun
INFO: sol generado
Dec 15, 2024 5:06:16 AM domain.Game addZombie
INFO: Intentando añadir un zombie: conehead en (9, 0)
Dec 15, 2024 5:06:16 AM domain.Game addZombie
INFO: Zombie añadido exitosamente: conehead en (9, 0)
Dec 15, 2024 5:06:16 AM domain.Game addZombie
INFO: Intentando añadir un zombie: conehead en (10, 3)
Dec 15, 2024 5:06:16 AM domain.Game addZombie
INFO: Zombie añadido exitosamente: conehead en (10, 3)
Dec 15, 2024 5:06:16 AM domain.Game addPlant
INFO: Intentando añadir una planta: sunflower en (2, 0)
Dec 15, 2024 5:06:16 AM domain.Game addPlant
SEVERE: Error al añadir planta: Cannot add the unit because there is already a unit in the cell
Dec 15, 2024 5:06:16 AM domain.Game addPlant
INFO: Intentando añadir una planta: wallnut en (4, 0)
Dec 15, 2024 5:06:16 AM domain.Game addPlant
SEVERE: Error al añadir planta: Cannot add the unit because there is already a unit in the cell
Dec 15, 2024 5:06:16 AM domain.plants.ECIPlant generateSun
INFO: sol generado
Dec 15, 2024 5:06:16 AM domain.plants.ECIPlant generateSun
INFO: sol generado
Dec 15, 2024 5:06:16 AM domain.plants.Sunflower generateSun
INFO: sol generado
Dec 15, 2024 5:06:16 AM domain.plants.Sunflower generateSun
INFO: sol generado
Dec 15, 2024 5:06:16 AM domain.Game addZombie
INFO: Intentando añadir un zombie: basic en (9, 3)
Dec 15, 2024 5:06:16 AM domain.Game addZombie
INFO: Zombie añadido exitosamente: basic en (9, 3)
Dec 15, 2024 5:06:16 AM domain.Game addPlant
INFO: Intentando añadir una planta: eciplant en (1, 0)
Dec 15, 2024 5:06:16 AM domain.Game addPlant
SEVERE: Error al añadir planta: Cannot add the unit because there is already a unit in the cell
Dec 15, 2024 5:06:16 AM domain.Game addPlant
INFO: Intentando añadir una planta: wallnut en (4, 3)
Dec 15, 2024 5:06:16 AM domain.Game addPlant
SEVERE: Error al añadir planta: Cannot add the unit because there is already a unit in the cell
Dec 15, 2024 5:06:16 AM domain.plants.Sunflower generateSun
INFO: sol generado
Dec 15, 2024 5:06:16 AM domain.plants.Sunflower generateSun
INFO: sol generado
Dec 15, 2024 5:06:17 AM domain.plants.Sunflower generateSun
INFO: sol generado
Dec 15, 2024 5:06:17 AM domain.plants.Sunflower generateSun
INFO: sol generado
Dec 15, 2024 5:06:17 AM domain.plants.Sunflower generateSun
INFO: sol generado
Dec 15, 2024 5:06:17 AM domain.Game addZombie
INFO: Intentando añadir un zombie: brainstein en (10, 0)
Dec 15, 2024 5:06:17 AM domain.Game addZombie
INFO: Zombie añadido exitosamente: brainstein en (10, 0)
Dec 15, 2024 5:06:17 AM domain.Game addZombie
INFO: Intentando añadir un zombie: brainstein en (10, 2)
Dec 15, 2024 5:06:17 AM domain.Game addZombie
INFO: Zombie añadido exitosamente: brainstein en (10, 2)
Dec 15, 2024 5:06:17 AM domain.Game addPlant
INFO: Intentando añadir una planta: sunflower en (2, 0)
Dec 15, 2024 5:06:17 AM domain.Game addPlant
SEVERE: Error al añadir planta: Cannot add the unit because there is already a unit in the cell
Dec 15, 2024 5:06:17 AM domain.Game addPlant
INFO: Intentando añadir una planta: potatomine en (7, 0)
Dec 15, 2024 5:06:17 AM domain.Game addPlant
SEVERE: Error al añadir planta: Cannot add the unit because there is already a unit in the cell
Dec 15, 2024 5:06:17 AM domain.Game addZombie
INFO: Intentando añadir un zombie: brainstein en (10, 0)
Dec 15, 2024 5:06:17 AM domain.Game addZombie
INFO: Zombie añadido exitosamente: brainstein en (10, 0)
Dec 15, 2024 5:06:17 AM domain.Game addPlant
INFO: Intentando añadir una planta: sunflower en (1, 0)
Dec 15, 2024 5:06:17 AM domain.Game addPlant
SEVERE: Error al añadir planta: Cannot add the unit because there is already a unit in the cell
Dec 15, 2024 5:06:17 AM domain.Game addPlant
INFO: Intentando añadir una planta: wallnut en (4, 3)
Dec 15, 2024 5:06:17 AM domain.Game addPlant
INFO: Planta añadida exitosamente: wallnut en (4, 3)
Dec 15, 2024 5:06:18 AM domain.plants.Sunflower generateSun
INFO: sol generado
Dec 15, 2024 5:06:18 AM domain.plants.ECIPlant generateSun
INFO: sol generado
Dec 15, 2024 5:06:18 AM domain.plants.ECIPlant generateSun
INFO: sol generado
Dec 15, 2024 5:06:18 AM domain.Game addZombie
INFO: Intentando añadir un zombie: buckethead en (9, 0)
Dec 15, 2024 5:06:18 AM domain.Game addZombie
INFO: Zombie añadido exitosamente: buckethead en (9, 0)
Dec 15, 2024 5:06:18 AM domain.plants.Sunflower generateSun
INFO: sol generado
Dec 15, 2024 5:06:18 AM domain.plants.ECIPlant generateSun
INFO: sol generado
Dec 15, 2024 5:06:18 AM domain.Game addZombie
INFO: Intentando añadir un zombie: buckethead en (10, 1)
Dec 15, 2024 5:06:18 AM domain.Game addZombie
INFO: Zombie añadido exitosamente: buckethead en (10, 1)
Dec 15, 2024 5:06:18 AM domain.Game addPlant
INFO: Intentando añadir una planta: sunflower en (2, 0)
Dec 15, 2024 5:06:18 AM domain.Game addPlant
SEVERE: Error al añadir planta: Cannot add the unit because there is already a unit in the cell
Dec 15, 2024 5:06:18 AM domain.Game addPlant
INFO: Intentando añadir una planta: potatomine en (7, 0)
Dec 15, 2024 5:06:18 AM domain.Game addPlant
INFO: Planta añadida exitosamente: potatomine en (7, 0)
Dec 15, 2024 5:06:18 AM domain.Game addZombie
INFO: Intentando añadir un zombie: buckethead en (9, 3)
Dec 15, 2024 5:06:18 AM domain.Game addZombie
INFO: Zombie añadido exitosamente: buckethead en (9, 3)
Dec 15, 2024 5:06:18 AM domain.Game addPlant
INFO: Intentando añadir una planta: sunflower en (1, 0)
Dec 15, 2024 5:06:18 AM domain.Game addPlant
SEVERE: Error al añadir planta: Cannot add the unit because there is already a unit in the cell
Dec 15, 2024 5:06:18 AM domain.Game addPlant
INFO: Intentando añadir una planta: wallnut en (5, 3)
Dec 15, 2024 5:06:18 AM domain.Game addPlant
INFO: Planta añadida exitosamente: wallnut en (5, 3)
Dec 15, 2024 5:06:19 AM domain.plants.Sunflower generateSun
INFO: sol generado
Dec 15, 2024 5:06:19 AM domain.plants.ECIPlant generateSun
INFO: sol generado
Dec 15, 2024 5:06:19 AM domain.plants.Sunflower generateSun
INFO: sol generado
Dec 15, 2024 5:06:19 AM domain.plants.ECIPlant generateSun
INFO: sol generado
Dec 15, 2024 5:06:19 AM domain.plants.Sunflower generateSun
INFO: sol generado
Dec 15, 2024 5:06:19 AM domain.plants.ECIPlant generateSun
INFO: sol generado
Dec 15, 2024 5:06:19 AM domain.Game addZombie
INFO: Intentando añadir un zombie: conehead en (9, 0)
Dec 15, 2024 5:06:19 AM domain.Game addZombie
INFO: Zombie añadido exitosamente: conehead en (9, 0)
Dec 15, 2024 5:06:19 AM domain.Game addZombie
INFO: Intentando añadir un zombie: ecizombie en (10, 2)
Dec 15, 2024 5:06:19 AM domain.Game addPlant
INFO: Intentando añadir una planta: sunflower en (2, 0)
Dec 15, 2024 5:06:19 AM domain.Game addPlant
SEVERE: Error al añadir planta: Cannot add the unit because there is already a unit in the cell
Dec 15, 2024 5:06:19 AM domain.Game addPlant
INFO: Intentando añadir una planta: wallnut en (5, 0)
Dec 15, 2024 5:06:19 AM domain.Game addPlant
SEVERE: Error al añadir planta: Cannot add the unit because there is already a unit in the cell
Dec 15, 2024 5:06:19 AM domain.Game addZombie
INFO: Zombie añadido exitosamente: ecizombie en (10, 2)
Dec 15, 2024 5:06:19 AM domain.plants.ECIPlant generateSun
INFO: sol generado
Dec 15, 2024 5:06:19 AM domain.plants.ECIPlant generateSun
INFO: sol generado
Dec 15, 2024 5:06:19 AM domain.plants.Sunflower generateSun
INFO: sol generado
Dec 15, 2024 5:06:19 AM domain.plants.Sunflower generateSun
INFO: sol generado
Dec 15, 2024 5:06:19 AM domain.Game addZombie
INFO: Intentando añadir un zombie: conehead en (9, 3)
Dec 15, 2024 5:06:19 AM domain.Game addZombie
INFO: Zombie añadido exitosamente: conehead en (9, 3)
Dec 15, 2024 5:06:19 AM domain.Game addPlant
INFO: Intentando añadir una planta: eciplant en (1, 0)
Dec 15, 2024 5:06:19 AM domain.Game addPlant
SEVERE: Error al añadir planta: Cannot add the unit because there is already a unit in the cell
Dec 15, 2024 5:06:19 AM domain.Game addPlant
INFO: Intentando añadir una planta: wallnut en (3, 3)
Dec 15, 2024 5:06:19 AM domain.Game addPlant
INFO: Planta añadida exitosamente: wallnut en (3, 3)
Dec 15, 2024 5:06:19 AM domain.plants.Sunflower generateSun
INFO: sol generado
Dec 15, 2024 5:06:19 AM domain.plants.Sunflower generateSun
INFO: sol generado
Dec 15, 2024 5:06:20 AM domain.plants.Sunflower generateSun
INFO: sol generado
Dec 15, 2024 5:06:20 AM domain.plants.Sunflower generateSun
INFO: sol generado
Dec 15, 2024 5:06:20 AM domain.plants.Sunflower generateSun
INFO: sol generado
Dec 15, 2024 5:06:20 AM domain.Game addZombie
INFO: Intentando añadir un zombie: basic en (9, 0)
Dec 15, 2024 5:06:20 AM domain.Game addZombie
INFO: Zombie añadido exitosamente: basic en (9, 0)
Dec 15, 2024 5:06:20 AM domain.Game addPlant
INFO: Intentando añadir una planta: sunflower en (2, 0)
Dec 15, 2024 5:06:20 AM domain.Game addZombie
INFO: Intentando añadir un zombie: basic en (10, 3)
Dec 15, 2024 5:06:20 AM domain.Game addPlant
SEVERE: Error al añadir planta: Cannot add the unit because there is already a unit in the cell
Dec 15, 2024 5:06:20 AM domain.Game addZombie
INFO: Zombie añadido exitosamente: basic en (10, 3)
Dec 15, 2024 5:06:20 AM domain.Game addPlant
INFO: Intentando añadir una planta: potatomine en (7, 0)
Dec 15, 2024 5:06:20 AM domain.Game addPlant
SEVERE: Error al añadir planta: Cannot add the unit because there is already a unit in the cell
Dec 15, 2024 5:06:20 AM domain.Game addZombie
INFO: Intentando añadir un zombie: basic en (9, 3)
Dec 15, 2024 5:06:20 AM domain.Game addZombie
INFO: Zombie añadido exitosamente: basic en (9, 3)
Dec 15, 2024 5:06:20 AM domain.Game addPlant
INFO: Intentando añadir una planta: sunflower en (1, 0)
Dec 15, 2024 5:06:20 AM domain.Game addPlant
SEVERE: Error al añadir planta: Cannot add the unit because there is already a unit in the cell
Dec 15, 2024 5:06:20 AM domain.Game addPlant
INFO: Intentando añadir una planta: wallnut en (2, 3)
Dec 15, 2024 5:06:20 AM domain.Game addPlant
INFO: Planta añadida exitosamente: wallnut en (2, 3)
Dec 15, 2024 5:06:21 AM domain.plants.Sunflower generateSun
INFO: sol generado
Dec 15, 2024 5:06:21 AM domain.plants.ECIPlant generateSun
INFO: sol generado
Dec 15, 2024 5:06:21 AM domain.plants.ECIPlant generateSun
INFO: sol generado
Dec 15, 2024 5:06:21 AM domain.Game addZombie
INFO: Intentando añadir un zombie: brainstein en (10, 0)
Dec 15, 2024 5:06:21 AM domain.Game addZombie
INFO: Zombie añadido exitosamente: brainstein en (10, 0)
Dec 15, 2024 5:06:21 AM domain.plants.Sunflower generateSun
INFO: sol generado
Dec 15, 2024 5:06:21 AM domain.plants.ECIPlant generateSun
INFO: sol generado
Dec 15, 2024 5:06:21 AM domain.Game addZombie
INFO: Intentando añadir un zombie: ecizombie en (9, 4)
Dec 15, 2024 5:06:21 AM domain.Game addPlant
INFO: Intentando añadir una planta: sunflower en (2, 0)
Dec 15, 2024 5:06:21 AM domain.Game addPlant
INFO: Planta añadida exitosamente: sunflower en (2, 0)
Dec 15, 2024 5:06:21 AM domain.Game addPlant
INFO: Intentando añadir una planta: wallnut en (4, 0)
Dec 15, 2024 5:06:21 AM domain.plants.Sunflower generateSun
INFO: sol generado
Dec 15, 2024 5:06:21 AM domain.Game addZombie
INFO: Zombie añadido exitosamente: ecizombie en (9, 4)
Dec 15, 2024 5:06:21 AM domain.Game addPlant
SEVERE: Error al añadir planta: Cannot add the unit because there is already a unit in the cell
Dec 15, 2024 5:06:21 AM domain.Game addZombie
INFO: Intentando añadir un zombie: brainstein en (10, 0)
Dec 15, 2024 5:06:21 AM domain.Game addZombie
INFO: Zombie añadido exitosamente: brainstein en (10, 0)
Dec 15, 2024 5:06:21 AM domain.Game addPlant
INFO: Intentando añadir una planta: sunflower en (1, 0)
Dec 15, 2024 5:06:21 AM domain.Game addPlant
SEVERE: Error al añadir planta: Cannot add the unit because there is already a unit in the cell
Dec 15, 2024 5:06:21 AM domain.Game addPlant
INFO: Intentando añadir una planta: potatomine en (6, 3)
Dec 15, 2024 5:06:21 AM domain.Game addPlant
INFO: Planta añadida exitosamente: potatomine en (6, 3)
Dec 15, 2024 5:06:21 AM domain.Game addPlant
INFO: Intentando añadir una planta: potatomine en (6, 4)
Dec 15, 2024 5:06:21 AM domain.Game addPlant
SEVERE: Error al añadir planta: Cannot add the unit because there is already a unit in the cell
Dec 15, 2024 5:06:22 AM domain.plants.Sunflower generateSun
INFO: sol generado
Dec 15, 2024 5:06:22 AM domain.plants.ECIPlant generateSun
INFO: sol generado
Dec 15, 2024 5:06:22 AM domain.plants.Sunflower generateSun
INFO: sol generado
Dec 15, 2024 5:06:22 AM domain.plants.ECIPlant generateSun
INFO: sol generado
Dec 15, 2024 5:06:22 AM domain.plants.Sunflower generateSun
INFO: sol generado
Dec 15, 2024 5:06:22 AM domain.plants.ECIPlant generateSun
INFO: sol generado
Dec 15, 2024 5:06:22 AM domain.Game addZombie
INFO: Intentando añadir un zombie: buckethead en (9, 0)
Dec 15, 2024 5:06:22 AM domain.Game addZombie
INFO: Zombie añadido exitosamente: buckethead en (9, 0)
Dec 15, 2024 5:06:22 AM domain.Game addPlant
INFO: Intentando añadir una planta: sunflower en (2, 0)
Dec 15, 2024 5:06:22 AM domain.Game addZombie
INFO: Intentando añadir un zombie: brainstein en (10, 0)
Dec 15, 2024 5:06:22 AM domain.Game addPlant
SEVERE: Error al añadir planta: Cannot add the unit because there is already a unit in the cell
Dec 15, 2024 5:06:22 AM domain.Game addZombie
INFO: Zombie añadido exitosamente: brainstein en (10, 0)
Dec 15, 2024 5:06:22 AM domain.Game addPlant
INFO: Intentando añadir una planta: wallnut en (5, 0)
Dec 15, 2024 5:06:22 AM domain.Game addPlant
SEVERE: Error al añadir planta: Cannot add the unit because there is already a unit in the cell
Dec 15, 2024 5:06:22 AM domain.plants.ECIPlant generateSun
INFO: sol generado
Dec 15, 2024 5:06:22 AM domain.plants.ECIPlant generateSun
INFO: sol generado
Dec 15, 2024 5:06:22 AM domain.plants.Sunflower generateSun
INFO: sol generado
Dec 15, 2024 5:06:22 AM domain.plants.Sunflower generateSun
INFO: sol generado
Dec 15, 2024 5:06:22 AM domain.Game addZombie
INFO: Intentando añadir un zombie: conehead en (9, 3)
Dec 15, 2024 5:06:22 AM domain.Game addZombie
INFO: Zombie añadido exitosamente: conehead en (9, 3)
Dec 15, 2024 5:06:22 AM domain.Game addPlant
INFO: Intentando añadir una planta: sunflower en (1, 0)
Dec 15, 2024 5:06:22 AM domain.Game addPlant
SEVERE: Error al añadir planta: Cannot add the unit because there is already a unit in the cell
Dec 15, 2024 5:06:22 AM domain.Game addPlant
INFO: Intentando añadir una planta: potatomine en (7, 0)
Dec 15, 2024 5:06:22 AM domain.Game addPlant
SEVERE: Error al añadir planta: Cannot add the unit because there is already a unit in the cell
Dec 15, 2024 5:06:22 AM domain.Game addPlant
INFO: Intentando añadir una planta: potatomine en (7, 3)
Dec 15, 2024 5:06:22 AM domain.Game addPlant
INFO: Planta añadida exitosamente: potatomine en (7, 3)
Dec 15, 2024 5:06:22 AM domain.plants.Sunflower generateSun
INFO: sol generado
Dec 15, 2024 5:06:22 AM domain.plants.Sunflower generateSun
INFO: sol generado
Dec 15, 2024 5:06:23 AM domain.plants.Sunflower generateSun
INFO: sol generado
Dec 15, 2024 5:06:23 AM domain.plants.Sunflower generateSun
INFO: sol generado
Dec 15, 2024 5:06:23 AM domain.plants.Sunflower generateSun
INFO: sol generado
Dec 15, 2024 5:06:23 AM domain.Game addZombie
INFO: Intentando añadir un zombie: basic en (9, 0)
Dec 15, 2024 5:06:23 AM domain.Game addZombie
INFO: Zombie añadido exitosamente: basic en (9, 0)
Dec 15, 2024 5:06:23 AM domain.Game addZombie
INFO: Intentando añadir un zombie: buckethead en (10, 2)
Dec 15, 2024 5:06:23 AM domain.Game addPlant
INFO: Intentando añadir una planta: sunflower en (2, 0)
Dec 15, 2024 5:06:23 AM domain.Game addZombie
INFO: Zombie añadido exitosamente: buckethead en (10, 2)
Dec 15, 2024 5:06:23 AM domain.Game addPlant
SEVERE: Error al añadir planta: Cannot add the unit because there is already a unit in the cell
Dec 15, 2024 5:06:23 AM domain.Game addPlant
INFO: Intentando añadir una planta: potatomine en (7, 0)
Dec 15, 2024 5:06:23 AM domain.Game addPlant
SEVERE: Error al añadir planta: Cannot add the unit because there is already a unit in the cell
Dec 15, 2024 5:06:23 AM domain.Game addZombie
INFO: Intentando añadir un zombie: conehead en (9, 3)
Dec 15, 2024 5:06:23 AM domain.Game addZombie
INFO: Zombie añadido exitosamente: conehead en (9, 3)
Dec 15, 2024 5:06:23 AM domain.Game addPlant
INFO: Intentando añadir una planta: eciplant en (1, 0)
Dec 15, 2024 5:06:23 AM domain.Game addPlant
SEVERE: Error al añadir planta: Cannot add the unit because there is already a unit in the cell
Dec 15, 2024 5:06:23 AM domain.Game addPlant
INFO: Intentando añadir una planta: potatomine en (8, 0)
Dec 15, 2024 5:06:23 AM domain.Game addPlant
SEVERE: Error al añadir planta: Cannot add the unit because there is already a unit in the cell
Dec 15, 2024 5:06:23 AM domain.Game addPlant
INFO: Intentando añadir una planta: potatomine en (8, 3)
Dec 15, 2024 5:06:23 AM domain.Game addPlant
INFO: Planta añadida exitosamente: potatomine en (8, 3)
Dec 15, 2024 5:06:24 AM domain.plants.Sunflower generateSun
INFO: sol generado
Dec 15, 2024 5:06:24 AM domain.plants.ECIPlant generateSun
INFO: sol generado
Dec 15, 2024 5:06:24 AM domain.plants.ECIPlant generateSun
INFO: sol generado
Dec 15, 2024 5:06:24 AM domain.Game addZombie
INFO: Intentando añadir un zombie: conehead en (9, 0)
Dec 15, 2024 5:06:24 AM domain.Game addZombie
INFO: Zombie añadido exitosamente: conehead en (9, 0)
Dec 15, 2024 5:06:24 AM domain.plants.Sunflower generateSun
INFO: sol generado
Dec 15, 2024 5:06:24 AM domain.plants.ECIPlant generateSun
INFO: sol generado
Dec 15, 2024 5:06:24 AM domain.plants.Sunflower generateSun
INFO: sol generado
Dec 15, 2024 5:06:24 AM domain.Game addZombie
INFO: Intentando añadir un zombie: buckethead en (10, 2)
Dec 15, 2024 5:06:24 AM domain.Game addZombie
INFO: Zombie añadido exitosamente: buckethead en (10, 2)
Dec 15, 2024 5:06:24 AM domain.Game addPlant
INFO: Intentando añadir una planta: sunflower en (2, 0)
Dec 15, 2024 5:06:24 AM domain.Game addPlant
SEVERE: Error al añadir planta: Cannot add the unit because there is already a unit in the cell
Dec 15, 2024 5:06:24 AM domain.Game addPlant
INFO: Intentando añadir una planta: peashooter en (3, 0)
Dec 15, 2024 5:06:24 AM domain.Game addPlant
SEVERE: Error al añadir planta: Cannot add the unit because there is already a unit in the cell
Dec 15, 2024 5:06:24 AM domain.Game addZombie
INFO: Intentando añadir un zombie: basic en (9, 3)
Dec 15, 2024 5:06:24 AM domain.Game addZombie
INFO: Zombie añadido exitosamente: basic en (9, 3)
Dec 15, 2024 5:06:24 AM domain.Game addPlant
INFO: Intentando añadir una planta: sunflower en (1, 0)
Dec 15, 2024 5:06:24 AM domain.Game addPlant
SEVERE: Error al añadir planta: Cannot add the unit because there is already a unit in the cell
Dec 15, 2024 5:06:25 AM domain.plants.Sunflower generateSun
INFO: sol generado
Dec 15, 2024 5:06:25 AM domain.plants.ECIPlant generateSun
INFO: sol generado
Dec 15, 2024 5:06:25 AM domain.plants.Sunflower generateSun
INFO: sol generado
Dec 15, 2024 5:06:25 AM domain.plants.ECIPlant generateSun
INFO: sol generado
Dec 15, 2024 5:06:25 AM domain.plants.Sunflower generateSun
INFO: sol generado
Dec 15, 2024 5:06:25 AM domain.plants.ECIPlant generateSun
INFO: sol generado
Dec 15, 2024 5:06:25 AM domain.Game addZombie
INFO: Intentando añadir un zombie: brainstein en (10, 0)
Dec 15, 2024 5:06:25 AM domain.Game addZombie
INFO: Zombie añadido exitosamente: brainstein en (10, 0)
Dec 15, 2024 5:06:25 AM domain.Game addZombie
INFO: Intentando añadir un zombie: brainstein en (10, 1)
Dec 15, 2024 5:06:25 AM domain.Game addZombie
INFO: Zombie añadido exitosamente: brainstein en (10, 1)
Dec 15, 2024 5:06:25 AM domain.Game addPlant
INFO: Intentando añadir una planta: sunflower en (2, 0)
Dec 15, 2024 5:06:25 AM domain.Game addPlant
INFO: Planta añadida exitosamente: sunflower en (2, 0)
Dec 15, 2024 5:06:25 AM domain.plants.Sunflower generateSun
INFO: sol generado
Dec 15, 2024 5:06:25 AM domain.Game addPlant
INFO: Intentando añadir una planta: eciplant en (1, 0)
Dec 15, 2024 5:06:25 AM domain.Game addPlant
SEVERE: Error al añadir planta: Cannot add the unit because there is already a unit in the cell
Dec 15, 2024 5:06:25 AM domain.plants.ECIPlant generateSun
INFO: sol generado
Dec 15, 2024 5:06:25 AM domain.plants.ECIPlant generateSun
INFO: sol generado
Dec 15, 2024 5:06:25 AM domain.plants.Sunflower generateSun
INFO: sol generado
Dec 15, 2024 5:06:25 AM domain.plants.Sunflower generateSun
INFO: sol generado
Dec 15, 2024 5:06:25 AM domain.Game addZombie
INFO: Intentando añadir un zombie: brainstein en (10, 0)
Dec 15, 2024 5:06:25 AM domain.Game addZombie
INFO: Zombie añadido exitosamente: brainstein en (10, 0)
Dec 15, 2024 5:06:25 AM domain.Game addPlant
INFO: Intentando añadir una planta: sunflower en (1, 0)
Dec 15, 2024 5:06:25 AM domain.Game addPlant
SEVERE: Error al añadir planta: Cannot add the unit because there is already a unit in the cell
Dec 15, 2024 5:06:25 AM domain.Game addPlant
INFO: Intentando añadir una planta: potatomine en (8, 0)
Dec 15, 2024 5:06:25 AM domain.Game addPlant
INFO: Planta añadida exitosamente: potatomine en (8, 0)
Dec 15, 2024 5:06:26 AM domain.plants.Sunflower generateSun
INFO: sol generado
Dec 15, 2024 5:06:25 AM domain.plants.Sunflower generateSun
INFO: sol generado
Dec 15, 2024 5:06:26 AM domain.plants.Sunflower generateSun
INFO: sol generado
Dec 15, 2024 5:06:26 AM domain.plants.Sunflower generateSun
INFO: sol generado
Dec 15, 2024 5:06:26 AM domain.plants.Sunflower generateSun
INFO: sol generado
Dec 15, 2024 5:06:26 AM domain.Game addZombie
INFO: Intentando añadir un zombie: conehead en (9, 0)
Dec 15, 2024 5:06:26 AM domain.Game addZombie
INFO: Zombie añadido exitosamente: conehead en (9, 0)
Dec 15, 2024 5:06:26 AM domain.Game addZombie
INFO: Intentando añadir un zombie: conehead en (10, 4)
Dec 15, 2024 5:06:26 AM domain.Game addZombie
INFO: Zombie añadido exitosamente: conehead en (10, 4)
Dec 15, 2024 5:06:26 AM domain.Game addPlant
INFO: Intentando añadir una planta: sunflower en (2, 0)
Dec 15, 2024 5:06:26 AM domain.Game addPlant
SEVERE: Error al añadir planta: Cannot add the unit because there is already a unit in the cell
Dec 15, 2024 5:06:26 AM domain.Game addPlant
INFO: Intentando añadir una planta: eciplant en (1, 0)
Dec 15, 2024 5:06:26 AM domain.Game addPlant
SEVERE: Error al añadir planta: Cannot add the unit because there is already a unit in the cell
Dec 15, 2024 5:06:26 AM domain.Game addZombie
INFO: Intentando añadir un zombie: basic en (9, 3)
Dec 15, 2024 5:06:26 AM domain.Game addZombie
INFO: Zombie añadido exitosamente: basic en (9, 3)
Dec 15, 2024 5:06:26 AM domain.Game addPlant
INFO: Intentando añadir una planta: eciplant en (1, 0)
Dec 15, 2024 5:06:26 AM domain.Game addPlant
SEVERE: Error al añadir planta: Cannot add the unit because there is already a unit in the cell
Dec 15, 2024 5:06:26 AM domain.Game addPlant
INFO: Intentando añadir una planta: potatomine en (7, 0)
Dec 15, 2024 5:06:26 AM domain.Game addPlant
SEVERE: Error al añadir planta: Cannot add the unit because there is already a unit in the cell
Dec 15, 2024 5:06:27 AM domain.plants.Sunflower generateSun
INFO: sol generado
Dec 15, 2024 5:06:27 AM domain.plants.ECIPlant generateSun
INFO: sol generado
Dec 15, 2024 5:06:27 AM domain.plants.ECIPlant generateSun
INFO: sol generado
Dec 15, 2024 5:06:27 AM domain.Game addZombie
INFO: Intentando añadir un zombie: conehead en (9, 0)
Dec 15, 2024 5:06:27 AM domain.Game addZombie
INFO: Zombie añadido exitosamente: conehead en (9, 0)
Dec 15, 2024 5:06:27 AM domain.plants.Sunflower generateSun
INFO: sol generado
Dec 15, 2024 5:06:27 AM domain.plants.ECIPlant generateSun
INFO: sol generado
Dec 15, 2024 5:06:27 AM domain.plants.Sunflower generateSun
INFO: sol generado
Dec 15, 2024 5:06:27 AM domain.Game addZombie
INFO: Intentando añadir un zombie: brainstein en (10, 0)
Dec 15, 2024 5:06:27 AM domain.Game addPlant
INFO: Intentando añadir una planta: sunflower en (2, 0)
Dec 15, 2024 5:06:27 AM domain.Game addZombie
INFO: Zombie añadido exitosamente: brainstein en (10, 0)
Dec 15, 2024 5:06:27 AM domain.Game addPlant
SEVERE: Error al añadir planta: Cannot add the unit because there is already a unit in the cell
Dec 15, 2024 5:06:27 AM domain.Game addPlant
INFO: Intentando añadir una planta: eciplant en (1, 0)
Dec 15, 2024 5:06:27 AM domain.Game addPlant
SEVERE: Error al añadir planta: Cannot add the unit because there is already a unit in the cell
Dec 15, 2024 5:06:27 AM domain.Game addZombie
INFO: Intentando añadir un zombie: buckethead en (9, 3)
Dec 15, 2024 5:06:27 AM domain.Game addZombie
INFO: Zombie añadido exitosamente: buckethead en (9, 3)
Dec 15, 2024 5:06:27 AM domain.Game addPlant
INFO: Intentando añadir una planta: eciplant en (1, 0)
Dec 15, 2024 5:06:27 AM domain.Game addPlant
SEVERE: Error al añadir planta: Cannot add the unit because there is already a unit in the cell
Dec 15, 2024 5:06:28 AM domain.plants.Sunflower generateSun
INFO: sol generado
Dec 15, 2024 5:06:28 AM domain.plants.ECIPlant generateSun
INFO: sol generado
Dec 15, 2024 5:06:28 AM domain.plants.Sunflower generateSun
INFO: sol generado
Dec 15, 2024 5:06:28 AM domain.plants.ECIPlant generateSun
INFO: sol generado
Dec 15, 2024 5:06:28 AM domain.plants.Sunflower generateSun
INFO: sol generado
Dec 15, 2024 5:06:28 AM domain.plants.ECIPlant generateSun
INFO: sol generado
Dec 15, 2024 5:06:28 AM domain.Game addZombie
INFO: Intentando añadir un zombie: conehead en (9, 0)
Dec 15, 2024 5:06:28 AM domain.Game addZombie
INFO: Zombie añadido exitosamente: conehead en (9, 0)
Dec 15, 2024 5:06:28 AM domain.plants.Sunflower generateSun
INFO: sol generado
Dec 15, 2024 5:06:28 AM domain.Game addZombie
INFO: Intentando añadir un zombie: buckethead en (10, 2)
Dec 15, 2024 5:06:28 AM domain.Game addPlant
INFO: Intentando añadir una planta: sunflower en (2, 0)
Dec 15, 2024 5:06:28 AM domain.Game addZombie
INFO: Zombie añadido exitosamente: buckethead en (10, 2)
Dec 15, 2024 5:06:28 AM domain.Game addPlant
SEVERE: Error al añadir planta: Cannot add the unit because there is already a unit in the cell
Dec 15, 2024 5:06:28 AM domain.Game addPlant
INFO: Intentando añadir una planta: eciplant en (1, 0)
Dec 15, 2024 5:06:28 AM domain.Game addPlant
INFO: Planta añadida exitosamente: eciplant en (1, 0)
Dec 15, 2024 5:06:28 AM domain.plants.ECIPlant generateSun
INFO: sol generado
Dec 15, 2024 5:06:28 AM domain.plants.ECIPlant generateSun
INFO: sol generado
Dec 15, 2024 5:06:28 AM domain.plants.ECIPlant generateSun
INFO: sol generado
Dec 15, 2024 5:06:28 AM domain.plants.Sunflower generateSun
INFO: sol generado
Dec 15, 2024 5:06:28 AM domain.plants.Sunflower generateSun
INFO: sol generado
Dec 15, 2024 5:06:28 AM domain.Game addZombie
INFO: Intentando añadir un zombie: buckethead en (9, 3)
Dec 15, 2024 5:06:28 AM domain.Game addZombie
INFO: Zombie añadido exitosamente: buckethead en (9, 3)
Dec 15, 2024 5:06:28 AM domain.Game addPlant
INFO: Intentando añadir una planta: sunflower en (1, 0)
Dec 15, 2024 5:06:28 AM domain.Game addPlant
SEVERE: Error al añadir planta: Cannot add the unit because there is already a unit in the cell
Dec 15, 2024 5:06:29 AM domain.plants.Sunflower generateSun
INFO: sol generado
Dec 15, 2024 5:06:29 AM domain.plants.Sunflower generateSun
INFO: sol generado
Dec 15, 2024 5:06:29 AM domain.plants.Sunflower generateSun
INFO: sol generado
Dec 15, 2024 5:06:29 AM domain.plants.Sunflower generateSun
INFO: sol generado
Dec 15, 2024 5:06:29 AM domain.plants.Sunflower generateSun
INFO: sol generado
Dec 15, 2024 5:06:29 AM domain.Game addZombie
INFO: Intentando añadir un zombie: brainstein en (10, 0)
Dec 15, 2024 5:06:29 AM domain.Game addZombie
INFO: Zombie añadido exitosamente: brainstein en (10, 0)
Dec 15, 2024 5:06:29 AM domain.Game addZombie
INFO: Intentando añadir un zombie: ecizombie en (9, 3)
Dec 15, 2024 5:06:29 AM domain.Game addPlant
INFO: Intentando añadir una planta: sunflower en (2, 0)
Dec 15, 2024 5:06:29 AM domain.Game addZombie
INFO: Zombie añadido exitosamente: ecizombie en (9, 3)
Dec 15, 2024 5:06:29 AM domain.Game addPlant
INFO: Planta añadida exitosamente: sunflower en (2, 0)
Dec 15, 2024 5:06:29 AM domain.plants.Sunflower generateSun
INFO: sol generado
Dec 15, 2024 5:06:29 AM domain.Game addPlant
INFO: Intentando añadir una planta: potatomine en (7, 0)
Dec 15, 2024 5:06:29 AM domain.Game addPlant
SEVERE: Error al añadir planta: Cannot add the unit because there is already a unit in the cell
Dec 15, 2024 5:06:29 AM domain.Game addZombie
INFO: Intentando añadir un zombie: brainstein en (10, 0)
Dec 15, 2024 5:06:29 AM domain.Game addZombie
INFO: Zombie añadido exitosamente: brainstein en (10, 0)
Dec 15, 2024 5:06:29 AM domain.Game addPlant
INFO: Intentando añadir una planta: eciplant en (1, 0)
Dec 15, 2024 5:06:29 AM domain.Game addPlant
SEVERE: Error al añadir planta: Cannot add the unit because there is already a unit in the cell
Dec 15, 2024 5:06:29 AM domain.Game addPlant
INFO: Intentando añadir una planta: potatomine en (6, 4)
Dec 15, 2024 5:06:29 AM domain.Game addPlant
SEVERE: Error al añadir planta: Cannot add the unit because there is already a unit in the cell
Dec 15, 2024 5:06:30 AM domain.plants.Sunflower generateSun
INFO: sol generado
Dec 15, 2024 5:06:30 AM domain.plants.ECIPlant generateSun
INFO: sol generado
Dec 15, 2024 5:06:30 AM domain.plants.ECIPlant generateSun
INFO: sol generado
Dec 15, 2024 5:06:30 AM domain.Game addZombie
INFO: Intentando añadir un zombie: conehead en (9, 0)
Dec 15, 2024 5:06:30 AM domain.Game addZombie
INFO: Zombie añadido exitosamente: conehead en (9, 0)
Dec 15, 2024 5:06:30 AM domain.plants.Sunflower generateSun
INFO: sol generado
Dec 15, 2024 5:06:30 AM domain.plants.ECIPlant generateSun
INFO: sol generado
Dec 15, 2024 5:06:30 AM domain.plants.Sunflower generateSun
INFO: sol generado
Dec 15, 2024 5:06:30 AM domain.Game addZombie
INFO: Intentando añadir un zombie: buckethead en (9, 4)
Dec 15, 2024 5:06:30 AM domain.Game addPlant
INFO: Intentando añadir una planta: sunflower en (2, 0)
Dec 15, 2024 5:06:30 AM domain.Game addPlant
SEVERE: Error al añadir planta: Cannot add the unit because there is already a unit in the cell
Dec 15, 2024 5:06:30 AM domain.Game addPlant
INFO: Intentando añadir una planta: eciplant en (1, 0)
Dec 15, 2024 5:06:30 AM domain.Game addZombie
INFO: Zombie añadido exitosamente: buckethead en (9, 4)
Dec 15, 2024 5:06:30 AM domain.Game addPlant
SEVERE: Error al añadir planta: Cannot add the unit because there is already a unit in the cell
Dec 15, 2024 5:06:30 AM domain.Game addZombie
INFO: Intentando añadir un zombie: buckethead en (9, 3)
Dec 15, 2024 5:06:30 AM domain.Game addZombie
INFO: Zombie añadido exitosamente: buckethead en (9, 3)
Dec 15, 2024 5:06:30 AM domain.Game addPlant
INFO: Intentando añadir una planta: eciplant en (1, 0)
Dec 15, 2024 5:06:30 AM domain.Game addPlant
SEVERE: Error al añadir planta: Cannot add the unit because there is already a unit in the cell
Dec 15, 2024 5:06:31 AM domain.plants.Sunflower generateSun
INFO: sol generado
Dec 15, 2024 5:06:31 AM domain.plants.ECIPlant generateSun
INFO: sol generado
Dec 15, 2024 5:06:31 AM domain.plants.Sunflower generateSun
INFO: sol generado
Dec 15, 2024 5:06:31 AM domain.plants.ECIPlant generateSun
INFO: sol generado
Dec 15, 2024 5:06:31 AM domain.plants.Sunflower generateSun
INFO: sol generado
Dec 15, 2024 5:06:31 AM domain.plants.ECIPlant generateSun
INFO: sol generado
Dec 15, 2024 5:06:31 AM domain.Game addZombie
INFO: Intentando añadir un zombie: basic en (9, 0)
Dec 15, 2024 5:06:31 AM domain.Game addZombie
INFO: Zombie añadido exitosamente: basic en (9, 0)
Dec 15, 2024 5:06:31 AM domain.plants.Sunflower generateSun
INFO: sol generado
Dec 15, 2024 5:06:31 AM domain.plants.ECIPlant generateSun
INFO: sol generado
Dec 15, 2024 5:06:31 AM domain.Game addZombie
INFO: Intentando añadir un zombie: brainstein en (10, 3)
Dec 15, 2024 5:06:31 AM domain.Game addPlant
INFO: Intentando añadir una planta: sunflower en (2, 0)
Dec 15, 2024 5:06:31 AM domain.Game addZombie
INFO: Zombie añadido exitosamente: brainstein en (10, 3)
Dec 15, 2024 5:06:31 AM domain.Game addPlant
SEVERE: Error al añadir planta: Cannot add the unit because there is already a unit in the cell
Dec 15, 2024 5:06:31 AM domain.Game addPlant
INFO: Intentando añadir una planta: potatomine en (7, 0)
Dec 15, 2024 5:06:31 AM domain.Game addPlant
SEVERE: Error al añadir planta: Cannot add the unit because there is already a unit in the cell
Dec 15, 2024 5:06:31 AM domain.plants.ECIPlant generateSun
INFO: sol generado
Dec 15, 2024 5:06:31 AM domain.plants.ECIPlant generateSun
INFO: sol generado
Dec 15, 2024 5:06:31 AM domain.plants.Sunflower generateSun
INFO: sol generado
Dec 15, 2024 5:06:31 AM domain.plants.Sunflower generateSun
INFO: sol generado
Dec 15, 2024 5:06:31 AM domain.Game addZombie
INFO: Intentando añadir un zombie: conehead en (9, 3)
Dec 15, 2024 5:06:31 AM domain.Game addZombie
INFO: Zombie añadido exitosamente: conehead en (9, 3)
Dec 15, 2024 5:06:31 AM domain.Game addPlant
INFO: Intentando añadir una planta: eciplant en (1, 0)
Dec 15, 2024 5:06:31 AM domain.Game addPlant
SEVERE: Error al añadir planta: Cannot add the unit because there is already a unit in the cell
Dec 15, 2024 5:06:31 AM domain.Game addPlant
INFO: Intentando añadir una planta: potatomine en (8, 0)
Dec 15, 2024 5:06:31 AM domain.Game addPlant
SEVERE: Error al añadir planta: Cannot add the unit because there is already a unit in the cell
Dec 15, 2024 5:06:31 AM domain.Game addPlant
INFO: Intentando añadir una planta: potatomine en (8, 3)
Dec 15, 2024 5:06:31 AM domain.Game addPlant
SEVERE: Error al añadir planta: Cannot add the unit because there is already a unit in the cell
Dec 15, 2024 5:06:32 AM domain.plants.Sunflower generateSun
INFO: sol generado
Dec 15, 2024 5:06:32 AM domain.plants.Sunflower generateSun
INFO: sol generado
Dec 15, 2024 5:06:32 AM domain.plants.Sunflower generateSun
INFO: sol generado
Dec 15, 2024 5:06:32 AM domain.plants.Sunflower generateSun
INFO: sol generado
Dec 15, 2024 5:06:32 AM domain.plants.Sunflower generateSun
INFO: sol generado
Dec 15, 2024 5:06:32 AM domain.Game addZombie
INFO: Intentando añadir un zombie: basic en (9, 0)
Dec 15, 2024 5:06:32 AM domain.Game addZombie
INFO: Zombie añadido exitosamente: basic en (9, 0)
Dec 15, 2024 5:06:32 AM domain.plants.Sunflower generateSun
INFO: sol generado
Dec 15, 2024 5:06:32 AM domain.Game addZombie
INFO: Intentando añadir un zombie: brainstein en (10, 0)
Dec 15, 2024 5:06:32 AM domain.Game addZombie
INFO: Zombie añadido exitosamente: brainstein en (10, 0)
Dec 15, 2024 5:06:32 AM domain.Game addPlant
INFO: Intentando añadir una planta: sunflower en (2, 0)
Dec 15, 2024 5:06:32 AM domain.Game addPlant
SEVERE: Error al añadir planta: Cannot add the unit because there is already a unit in the cell
Dec 15, 2024 5:06:32 AM domain.Game addPlant
INFO: Intentando añadir una planta: peashooter en (3, 0)
Dec 15, 2024 5:06:32 AM domain.Game addPlant
SEVERE: Error al añadir planta: Cannot add the unit because there is already a unit in the cell
Dec 15, 2024 5:06:32 AM domain.Game addZombie
INFO: Intentando añadir un zombie: buckethead en (9, 3)
Dec 15, 2024 5:06:32 AM domain.Game addZombie
INFO: Zombie añadido exitosamente: buckethead en (9, 3)
Dec 15, 2024 5:06:32 AM domain.Game addPlant
INFO: Intentando añadir una planta: sunflower en (1, 0)
Dec 15, 2024 5:06:32 AM domain.Game addPlant
SEVERE: Error al añadir planta: Cannot add the unit because there is already a unit in the cell
Dec 15, 2024 5:06:32 AM domain.Game addPlant
INFO: Intentando añadir una planta: potatomine en (7, 0)
Dec 15, 2024 5:06:32 AM domain.Game addPlant
SEVERE: Error al añadir planta: Cannot add the unit because there is already a unit in the cell
Dec 15, 2024 5:06:32 AM domain.Game addPlant
INFO: Intentando añadir una planta: potatomine en (7, 3)
Dec 15, 2024 5:06:32 AM domain.Game addPlant
INFO: Planta añadida exitosamente: potatomine en (7, 3)
Dec 15, 2024 5:06:33 AM domain.plants.Sunflower generateSun
INFO: sol generado
Dec 15, 2024 5:06:33 AM domain.plants.ECIPlant generateSun
INFO: sol generado
Dec 15, 2024 5:06:33 AM domain.plants.ECIPlant generateSun
INFO: sol generado
Dec 15, 2024 5:06:33 AM domain.Game addZombie
INFO: Intentando añadir un zombie: brainstein en (10, 0)
Dec 15, 2024 5:06:33 AM domain.Game addZombie
INFO: Zombie añadido exitosamente: brainstein en (10, 0)
Dec 15, 2024 5:06:33 AM domain.plants.Sunflower generateSun
INFO: sol generado
Dec 15, 2024 5:06:33 AM domain.plants.ECIPlant generateSun
INFO: sol generado
Dec 15, 2024 5:06:33 AM domain.plants.Sunflower generateSun
INFO: sol generado
Dec 15, 2024 5:06:33 AM domain.Game addZombie
INFO: Intentando añadir un zombie: buckethead en (9, 4)
Dec 15, 2024 5:06:33 AM domain.Game addZombie
INFO: Zombie añadido exitosamente: buckethead en (9, 4)
Dec 15, 2024 5:06:33 AM domain.Game addPlant
INFO: Intentando añadir una planta: sunflower en (2, 0)
Dec 15, 2024 5:06:33 AM domain.Game addPlant
INFO: Planta añadida exitosamente: sunflower en (2, 0)
Dec 15, 2024 5:06:33 AM domain.plants.Sunflower generateSun
INFO: sol generado
Dec 15, 2024 5:06:33 AM domain.Game addPlant
INFO: Intentando añadir una planta: potatomine en (6, 0)
Dec 15, 2024 5:06:33 AM domain.Game addPlant
INFO: Planta añadida exitosamente: potatomine en (6, 0)
Dec 15, 2024 5:06:33 AM domain.Game addZombie
INFO: Intentando añadir un zombie: brainstein en (10, 0)
Dec 15, 2024 5:06:33 AM domain.Game addZombie
INFO: Zombie añadido exitosamente: brainstein en (10, 0)
Dec 15, 2024 5:06:33 AM domain.Game addPlant
INFO: Intentando añadir una planta: eciplant en (1, 0)
Dec 15, 2024 5:06:33 AM domain.Game addPlant
SEVERE: Error al añadir planta: Cannot add the unit because there is already a unit in the cell
Dec 15, 2024 5:06:34 AM domain.plants.ECIPlant generateSun
INFO: sol generado
Dec 15, 2024 5:06:34 AM domain.plants.Sunflower generateSun
INFO: sol generado
Dec 15, 2024 5:06:34 AM domain.plants.Sunflower generateSun
INFO: sol generado
Dec 15, 2024 5:06:34 AM domain.plants.ECIPlant generateSun
INFO: sol generado
Dec 15, 2024 5:06:34 AM domain.plants.Sunflower generateSun
INFO: sol generado
Dec 15, 2024 5:06:34 AM domain.plants.ECIPlant generateSun
INFO: sol generado
Dec 15, 2024 5:06:34 AM domain.Game addZombie
INFO: Intentando añadir un zombie: conehead en (9, 0)
Dec 15, 2024 5:06:34 AM domain.Game addZombie
INFO: Zombie añadido exitosamente: conehead en (9, 0)
Dec 15, 2024 5:06:34 AM domain.plants.Sunflower generateSun
INFO: sol generado
Dec 15, 2024 5:06:34 AM domain.plants.ECIPlant generateSun
INFO: sol generado
Dec 15, 2024 5:06:34 AM domain.Game addZombie
INFO: Intentando añadir un zombie: conehead en (9, 1)
Dec 15, 2024 5:06:34 AM domain.Game addZombie
INFO: Zombie añadido exitosamente: conehead en (9, 1)
Dec 15, 2024 5:06:34 AM domain.Game addPlant
INFO: Intentando añadir una planta: sunflower en (2, 0)
Dec 15, 2024 5:06:34 AM domain.Game addPlant
SEVERE: Error al añadir planta: Cannot add the unit because there is already a unit in the cell
Dec 15, 2024 5:06:34 AM domain.Game addPlant
INFO: Intentando añadir una planta: peashooter en (3, 0)
Dec 15, 2024 5:06:34 AM domain.Game addPlant
INFO: Planta añadida exitosamente: peashooter en (3, 0)
Dec 15, 2024 5:06:34 AM domain.plants.ECIPlant generateSun
INFO: sol generado
Dec 15, 2024 5:06:34 AM domain.plants.ECIPlant generateSun
INFO: sol generado
Dec 15, 2024 5:06:34 AM domain.plants.Sunflower generateSun
INFO: sol generado
Dec 15, 2024 5:06:34 AM domain.plants.Sunflower generateSun
INFO: sol generado
Dec 15, 2024 5:06:34 AM domain.Game addZombie
INFO: Intentando añadir un zombie: conehead en (9, 3)
Dec 15, 2024 5:06:34 AM domain.Game addZombie
INFO: Zombie añadido exitosamente: conehead en (9, 3)
Dec 15, 2024 5:06:34 AM domain.Game addPlant
INFO: Intentando añadir una planta: eciplant en (1, 0)
Dec 15, 2024 5:06:34 AM domain.Game addPlant
SEVERE: Error al añadir planta: Cannot add the unit because there is already a unit in the cell
Dec 15, 2024 5:06:34 AM domain.Game addPlant
INFO: Intentando añadir una planta: potatomine en (7, 0)
Dec 15, 2024 5:06:34 AM domain.Game addPlant
SEVERE: Error al añadir planta: Cannot add the unit because there is already a unit in the cell
Dec 15, 2024 5:06:34 AM domain.Game addPlant
INFO: Intentando añadir una planta: potatomine en (7, 3)
Dec 15, 2024 5:06:34 AM domain.Game addPlant
INFO: Planta añadida exitosamente: potatomine en (7, 3)
Dec 15, 2024 5:06:35 AM domain.plants.Sunflower generateSun
INFO: sol generado
Dec 15, 2024 5:06:35 AM domain.plants.Sunflower generateSun
INFO: sol generado
Dec 15, 2024 5:06:35 AM domain.plants.Sunflower generateSun
INFO: sol generado
Dec 15, 2024 5:06:35 AM domain.plants.Sunflower generateSun
INFO: sol generado
Dec 15, 2024 5:06:35 AM domain.plants.Sunflower generateSun
INFO: sol generado
Dec 15, 2024 5:06:35 AM domain.Game addZombie
INFO: Intentando añadir un zombie: basic en (9, 0)
Dec 15, 2024 5:06:35 AM domain.Game addZombie
INFO: Zombie añadido exitosamente: basic en (9, 0)
Dec 15, 2024 5:06:35 AM domain.plants.Sunflower generateSun
INFO: sol generado
Dec 15, 2024 5:06:35 AM domain.Game addZombie
INFO: Intentando añadir un zombie: ecizombie en (9, 3)
Dec 15, 2024 5:06:35 AM domain.Game addZombie
INFO: Zombie añadido exitosamente: ecizombie en (9, 3)
Dec 15, 2024 5:06:35 AM domain.Game addPlant
INFO: Intentando añadir una planta: sunflower en (2, 0)
Dec 15, 2024 5:06:35 AM domain.Game addPlant
SEVERE: Error al añadir planta: Cannot add the unit because there is already a unit in the cell
Dec 15, 2024 5:06:35 AM domain.Game addPlant
INFO: Intentando añadir una planta: potatomine en (7, 0)
Dec 15, 2024 5:06:35 AM domain.Game addPlant
SEVERE: Error al añadir planta: Cannot add the unit because there is already a unit in the cell
Dec 15, 2024 5:06:35 AM domain.Game addZombie
INFO: Intentando añadir un zombie: buckethead en (9, 3)
Dec 15, 2024 5:06:35 AM domain.Game addZombie
INFO: Zombie añadido exitosamente: buckethead en (9, 3)
Dec 15, 2024 5:06:35 AM domain.Game addPlant
INFO: Intentando añadir una planta: sunflower en (1, 0)
Dec 15, 2024 5:06:35 AM domain.Game addPlant
SEVERE: Error al añadir planta: Cannot add the unit because there is already a unit in the cell
Dec 15, 2024 5:06:35 AM domain.Game deleteUnit
INFO: Unidad eliminada exitosamente en la posición (6, 3)
Dec 15, 2024 5:06:36 AM domain.plants.Sunflower generateSun
INFO: sol generado
Dec 15, 2024 5:06:36 AM domain.plants.ECIPlant generateSun
INFO: sol generado
Dec 15, 2024 5:06:36 AM domain.plants.ECIPlant generateSun
INFO: sol generado
Dec 15, 2024 5:06:36 AM domain.Game addZombie
INFO: Intentando añadir un zombie: conehead en (9, 0)
Dec 15, 2024 5:06:36 AM domain.Game addZombie
INFO: Zombie añadido exitosamente: conehead en (9, 0)
Dec 15, 2024 5:06:36 AM domain.plants.Sunflower generateSun
INFO: sol generado
Dec 15, 2024 5:06:36 AM domain.plants.ECIPlant generateSun
INFO: sol generado
Dec 15, 2024 5:06:36 AM domain.plants.Sunflower generateSun
INFO: sol generado
Dec 15, 2024 5:06:36 AM domain.plants.Sunflower generateSun
INFO: sol generado
Dec 15, 2024 5:06:36 AM domain.Game addZombie
INFO: Intentando añadir un zombie: ecizombie en (10, 0)
Dec 15, 2024 5:06:36 AM domain.Game addZombie
INFO: Zombie añadido exitosamente: ecizombie en (10, 0)
Dec 15, 2024 5:06:36 AM domain.Game addPlant
INFO: Intentando añadir una planta: sunflower en (2, 0)
Dec 15, 2024 5:06:36 AM domain.Game addPlant
SEVERE: Error al añadir planta: Cannot add the unit because there is already a unit in the cell
Dec 15, 2024 5:06:36 AM domain.Game addPlant
INFO: Intentando añadir una planta: wallnut en (4, 0)
Dec 15, 2024 5:06:36 AM domain.Game addPlant
SEVERE: Error al añadir planta: Cannot add the unit because there is already a unit in the cell
Dec 15, 2024 5:06:36 AM domain.Game addZombie
INFO: Intentando añadir un zombie: conehead en (9, 3)
Dec 15, 2024 5:06:36 AM domain.Game addZombie
INFO: Zombie añadido exitosamente: conehead en (9, 3)
Dec 15, 2024 5:06:36 AM domain.Game addPlant
INFO: Intentando añadir una planta: sunflower en (1, 0)
Dec 15, 2024 5:06:36 AM domain.Game addPlant
SEVERE: Error al añadir planta: Cannot add the unit because there is already a unit in the cell
Dec 15, 2024 5:06:37 AM domain.plants.ECIPlant generateSun
INFO: sol generado
Dec 15, 2024 5:06:37 AM domain.plants.Sunflower generateSun
INFO: sol generado
Dec 15, 2024 5:06:37 AM domain.plants.Sunflower generateSun
INFO: sol generado
Dec 15, 2024 5:06:37 AM domain.plants.ECIPlant generateSun
INFO: sol generado
Dec 15, 2024 5:06:37 AM domain.plants.Sunflower generateSun
INFO: sol generado
Dec 15, 2024 5:06:37 AM domain.plants.ECIPlant generateSun
INFO: sol generado
Dec 15, 2024 5:06:37 AM domain.Game addZombie
INFO: Intentando añadir un zombie: brainstein en (10, 0)
Dec 15, 2024 5:06:37 AM domain.Game addZombie
INFO: Zombie añadido exitosamente: brainstein en (10, 0)
Dec 15, 2024 5:06:37 AM domain.plants.Sunflower generateSun
INFO: sol generado
Dec 15, 2024 5:06:37 AM domain.plants.ECIPlant generateSun
INFO: sol generado
Dec 15, 2024 5:06:37 AM domain.Game addZombie
INFO: Intentando añadir un zombie: brainstein en (10, 3)
Dec 15, 2024 5:06:37 AM domain.Game addZombie
INFO: Zombie añadido exitosamente: brainstein en (10, 3)
Dec 15, 2024 5:06:37 AM domain.Game addPlant
INFO: Intentando añadir una planta: sunflower en (2, 0)
Dec 15, 2024 5:06:37 AM domain.Game addPlant
INFO: Planta añadida exitosamente: sunflower en (2, 0)
Dec 15, 2024 5:06:37 AM domain.plants.Sunflower generateSun
INFO: sol generado
Dec 15, 2024 5:06:37 AM domain.Game addPlant
INFO: Intentando añadir una planta: wallnut en (5, 0)
Dec 15, 2024 5:06:37 AM domain.Game addPlant
SEVERE: Error al añadir planta: Cannot add the unit because there is already a unit in the cell
Dec 15, 2024 5:06:37 AM domain.plants.ECIPlant generateSun
INFO: sol generado
Dec 15, 2024 5:06:37 AM domain.plants.ECIPlant generateSun
INFO: sol generado
Dec 15, 2024 5:06:37 AM domain.plants.Sunflower generateSun
INFO: sol generado
Dec 15, 2024 5:06:37 AM domain.plants.Sunflower generateSun
INFO: sol generado
Dec 15, 2024 5:06:37 AM domain.Game addZombie
INFO: Intentando añadir un zombie: brainstein en (10, 0)
Dec 15, 2024 5:06:37 AM domain.Game addZombie
INFO: Zombie añadido exitosamente: brainstein en (10, 0)
Dec 15, 2024 5:06:37 AM domain.Game addPlant
INFO: Intentando añadir una planta: eciplant en (1, 0)
Dec 15, 2024 5:06:37 AM domain.Game addPlant
SEVERE: Error al añadir planta: Cannot add the unit because there is already a unit in the cell
Dec 15, 2024 5:06:38 AM domain.plants.Sunflower generateSun
INFO: sol generado
Dec 15, 2024 5:06:38 AM domain.plants.Sunflower generateSun
INFO: sol generado
Dec 15, 2024 5:06:38 AM domain.plants.Sunflower generateSun
INFO: sol generado
Dec 15, 2024 5:06:38 AM domain.plants.Sunflower generateSun
INFO: sol generado
Dec 15, 2024 5:06:38 AM domain.plants.Sunflower generateSun
INFO: sol generado
Dec 15, 2024 5:06:38 AM domain.Game addZombie
INFO: Intentando añadir un zombie: conehead en (9, 0)
Dec 15, 2024 5:06:38 AM domain.Game addZombie
INFO: Zombie añadido exitosamente: conehead en (9, 0)
Dec 15, 2024 5:06:38 AM domain.plants.Sunflower generateSun
INFO: sol generado
Dec 15, 2024 5:06:38 AM domain.Game addZombie
INFO: Intentando añadir un zombie: brainstein en (10, 0)
Dec 15, 2024 5:06:38 AM domain.Game addZombie
INFO: Zombie añadido exitosamente: brainstein en (10, 0)
Dec 15, 2024 5:06:38 AM domain.Game addPlant
INFO: Intentando añadir una planta: sunflower en (2, 0)
Dec 15, 2024 5:06:38 AM domain.Game addPlant
SEVERE: Error al añadir planta: Cannot add the unit because there is already a unit in the cell
Dec 15, 2024 5:06:38 AM domain.Game addPlant
INFO: Intentando añadir una planta: eciplant en (1, 0)
Dec 15, 2024 5:06:38 AM domain.Game addPlant
SEVERE: Error al añadir planta: Cannot add the unit because there is already a unit in the cell
Dec 15, 2024 5:06:38 AM domain.Game addZombie
INFO: Intentando añadir un zombie: conehead en (9, 3)
Dec 15, 2024 5:06:38 AM domain.Game addZombie
INFO: Zombie añadido exitosamente: conehead en (9, 3)
Dec 15, 2024 5:06:38 AM domain.Game addPlant
INFO: Intentando añadir una planta: eciplant en (1, 0)
Dec 15, 2024 5:06:38 AM domain.Game addPlant
SEVERE: Error al añadir planta: Cannot add the unit because there is already a unit in the cell
Dec 15, 2024 5:06:39 AM domain.plants.Sunflower generateSun
INFO: sol generado
Dec 15, 2024 5:06:39 AM domain.plants.ECIPlant generateSun
INFO: sol generado
Dec 15, 2024 5:06:39 AM domain.plants.ECIPlant generateSun
INFO: sol generado
Dec 15, 2024 5:06:39 AM domain.Game addZombie
INFO: Intentando añadir un zombie: buckethead en (9, 0)
Dec 15, 2024 5:06:39 AM domain.Game addZombie
INFO: Zombie añadido exitosamente: buckethead en (9, 0)
Dec 15, 2024 5:06:39 AM domain.plants.ECIPlant generateSun
INFO: sol generado
Dec 15, 2024 5:06:39 AM domain.plants.Sunflower generateSun
INFO: sol generado
Dec 15, 2024 5:06:39 AM domain.plants.Sunflower generateSun
INFO: sol generado
Dec 15, 2024 5:06:39 AM domain.plants.Sunflower generateSun
INFO: sol generado
Dec 15, 2024 5:06:39 AM domain.Game addZombie
INFO: Intentando añadir un zombie: brainstein en (9, 4)
Dec 15, 2024 5:06:39 AM domain.Game addZombie
INFO: Zombie añadido exitosamente: brainstein en (9, 4)
Dec 15, 2024 5:06:39 AM domain.Game addPlant
INFO: Intentando añadir una planta: sunflower en (2, 0)
Dec 15, 2024 5:06:39 AM domain.Game addPlant
SEVERE: Error al añadir planta: Cannot add the unit because there is already a unit in the cell
Dec 15, 2024 5:06:39 AM domain.Game addPlant
INFO: Intentando añadir una planta: peashooter en (3, 0)
Dec 15, 2024 5:06:39 AM domain.Game addPlant
SEVERE: Error al añadir planta: Cannot add the unit because there is already a unit in the cell
Dec 15, 2024 5:06:39 AM domain.Game addZombie
INFO: Intentando añadir un zombie: basic en (9, 3)
Dec 15, 2024 5:06:39 AM domain.Game addZombie
INFO: Zombie añadido exitosamente: basic en (9, 3)
Dec 15, 2024 5:06:39 AM domain.Game addPlant
INFO: Intentando añadir una planta: sunflower en (1, 0)
Dec 15, 2024 5:06:39 AM domain.Game addPlant
SEVERE: Error al añadir planta: Cannot add the unit because there is already a unit in the cell
Dec 15, 2024 5:06:39 AM domain.Game addPlant
INFO: Intentando añadir una planta: potatomine en (8, 0)
Dec 15, 2024 5:06:39 AM domain.Game addPlant
SEVERE: Error al añadir planta: Cannot add the unit because there is already a unit in the cell
Dec 15, 2024 5:06:39 AM domain.Game addPlant
INFO: Intentando añadir una planta: potatomine en (8, 3)
Dec 15, 2024 5:06:39 AM domain.Game addPlant
INFO: Planta añadida exitosamente: potatomine en (8, 3)
Dec 15, 2024 5:06:40 AM domain.plants.ECIPlant generateSun
INFO: sol generado
Dec 15, 2024 5:06:40 AM domain.plants.Sunflower generateSun
INFO: sol generado
Dec 15, 2024 5:06:40 AM domain.plants.ECIPlant generateSun
INFO: sol generado
Dec 15, 2024 5:06:40 AM domain.plants.Sunflower generateSun
INFO: sol generado
Dec 15, 2024 5:06:40 AM domain.plants.Sunflower generateSun
INFO: sol generado
Dec 15, 2024 5:06:40 AM domain.plants.ECIPlant generateSun
INFO: sol generado
Dec 15, 2024 5:06:40 AM domain.Game addZombie
INFO: Intentando añadir un zombie: conehead en (9, 0)
Dec 15, 2024 5:06:40 AM domain.Game addZombie
INFO: Zombie añadido exitosamente: conehead en (9, 0)
Dec 15, 2024 5:06:40 AM domain.plants.Sunflower generateSun
INFO: sol generado
]]></system-err>
  </testcase>
  <testcase name="shouldAddMachineMedium" classname="GameTest" time="8.003">
    <system-out><![CDATA[[domain.players.Human@4c51bb7, domain.players.ZombiesStrategic@83298d7]







Not enough brains to buy the plant



Not enough brains to buy the plant




Not enough brains to buy the plant



Not enough brains to buy the plant






Activated!





]]></system-out>
    <system-err><![CDATA[Dec 15, 2024 5:06:40 AM domain.plants.ECIPlant generateSun
INFO: sol generado
Dec 15, 2024 5:06:40 AM domain.Game addZombie
INFO: Intentando añadir un zombie: conehead en (10, 1)
Dec 15, 2024 5:06:40 AM domain.Game addZombie
INFO: Zombie añadido exitosamente: conehead en (10, 1)
Dec 15, 2024 5:06:40 AM domain.plants.Sunflower generateSun
INFO: sol generado
Dec 15, 2024 5:06:40 AM domain.Game addPlant
INFO: Intentando añadir una planta: sunflower en (2, 0)
Dec 15, 2024 5:06:40 AM domain.Game addPlant
SEVERE: Error al añadir planta: Cannot add the unit because there is already a unit in the cell
Dec 15, 2024 5:06:40 AM domain.plants.ECIPlant generateSun
INFO: sol generado
Dec 15, 2024 5:06:40 AM domain.Game addPlant
INFO: Intentando añadir una planta: potatomine en (7, 0)
Dec 15, 2024 5:06:40 AM domain.plants.ECIPlant generateSun
INFO: sol generado
Dec 15, 2024 5:06:40 AM domain.Game addPlant
SEVERE: Error al añadir planta: Cannot add the unit because there is already a unit in the cell
Dec 15, 2024 5:06:40 AM domain.plants.Sunflower generateSun
INFO: sol generado
Dec 15, 2024 5:06:40 AM domain.plants.Sunflower generateSun
INFO: sol generado
Dec 15, 2024 5:06:40 AM domain.Game addZombie
INFO: Intentando añadir un zombie: basic en (9, 3)
Dec 15, 2024 5:06:40 AM domain.Game addZombie
INFO: Zombie añadido exitosamente: basic en (9, 3)
Dec 15, 2024 5:06:40 AM domain.Game addPlant
INFO: Intentando añadir una planta: sunflower en (1, 0)
Dec 15, 2024 5:06:40 AM domain.Game addPlant
SEVERE: Error al añadir planta: Cannot add the unit because there is already a unit in the cell
Dec 15, 2024 5:06:41 AM domain.plants.Sunflower generateSun
INFO: sol generado
Dec 15, 2024 5:06:41 AM domain.plants.Sunflower generateSun
INFO: sol generado
Dec 15, 2024 5:06:41 AM domain.plants.Sunflower generateSun
INFO: sol generado
Dec 15, 2024 5:06:41 AM domain.plants.Sunflower generateSun
INFO: sol generado
Dec 15, 2024 5:06:41 AM domain.plants.Sunflower generateSun
INFO: sol generado
Dec 15, 2024 5:06:41 AM domain.Game addZombie
INFO: Intentando añadir un zombie: brainstein en (10, 0)
Dec 15, 2024 5:06:41 AM domain.Game addZombie
INFO: Zombie añadido exitosamente: brainstein en (10, 0)
Dec 15, 2024 5:06:41 AM domain.plants.Sunflower generateSun
INFO: sol generado
Dec 15, 2024 5:06:41 AM domain.Game addZombie
INFO: Intentando añadir un zombie: brainstein en (10, 0)
Dec 15, 2024 5:06:41 AM domain.Game addZombie
INFO: Zombie añadido exitosamente: brainstein en (10, 0)
Dec 15, 2024 5:06:41 AM domain.Game addZombie
INFO: Intentando añadir un zombie: buckethead en (10, 2)
Dec 15, 2024 5:06:41 AM domain.Game addZombie
INFO: Zombie añadido exitosamente: buckethead en (10, 2)
Dec 15, 2024 5:06:41 AM domain.Game addPlant
INFO: Intentando añadir una planta: sunflower en (2, 0)
Dec 15, 2024 5:06:41 AM domain.Game addPlant
INFO: Planta añadida exitosamente: sunflower en (2, 0)
Dec 15, 2024 5:06:41 AM domain.plants.Sunflower generateSun
INFO: sol generado
Dec 15, 2024 5:06:41 AM domain.Game addPlant
INFO: Intentando añadir una planta: eciplant en (1, 0)
Dec 15, 2024 5:06:41 AM domain.Game addPlant
SEVERE: Error al añadir planta: Cannot add the unit because there is already a unit in the cell
Dec 15, 2024 5:06:41 AM domain.Game addZombie
INFO: Intentando añadir un zombie: brainstein en (10, 0)
Dec 15, 2024 5:06:41 AM domain.Game addZombie
INFO: Zombie añadido exitosamente: brainstein en (10, 0)
Dec 15, 2024 5:06:41 AM domain.Game addPlant
INFO: Intentando añadir una planta: eciplant en (1, 0)
Dec 15, 2024 5:06:41 AM domain.Game addPlant
SEVERE: Error al añadir planta: Cannot add the unit because there is already a unit in the cell
Dec 15, 2024 5:06:41 AM domain.Game addPlant
INFO: Intentando añadir una planta: potatomine en (6, 3)
Dec 15, 2024 5:06:41 AM domain.Game addPlant
SEVERE: Error al añadir planta: Cannot add the unit because there is already a unit in the cell
Dec 15, 2024 5:06:41 AM domain.Game addPlant
INFO: Intentando añadir una planta: potatomine en (6, 4)
Dec 15, 2024 5:06:41 AM domain.Game addPlant
SEVERE: Error al añadir planta: Cannot add the unit because there is already a unit in the cell
Dec 15, 2024 5:06:42 AM domain.plants.Sunflower generateSun
INFO: sol generado
Dec 15, 2024 5:06:42 AM domain.plants.ECIPlant generateSun
INFO: sol generado
Dec 15, 2024 5:06:42 AM domain.plants.ECIPlant generateSun
INFO: sol generado
Dec 15, 2024 5:06:42 AM domain.Game addZombie
INFO: Intentando añadir un zombie: conehead en (9, 0)
Dec 15, 2024 5:06:42 AM domain.Game addZombie
INFO: Zombie añadido exitosamente: conehead en (9, 0)
Dec 15, 2024 5:06:42 AM domain.plants.ECIPlant generateSun
INFO: sol generado
Dec 15, 2024 5:06:42 AM domain.plants.Sunflower generateSun
INFO: sol generado
Dec 15, 2024 5:06:42 AM domain.plants.Sunflower generateSun
INFO: sol generado
Dec 15, 2024 5:06:42 AM domain.Game addZombie
INFO: Intentando añadir un zombie: brainstein en (10, 0)
Dec 15, 2024 5:06:42 AM domain.Game addZombie
WARNING: No hay suficientes cerebros para añadir el zombie: brainstein
Dec 15, 2024 5:06:42 AM domain.Game addZombie
SEVERE: Error al añadir zombie: Not enough brains to buy the plant
Dec 15, 2024 5:06:42 AM domain.plants.Sunflower generateSun
INFO: sol generado
Dec 15, 2024 5:06:42 AM domain.Game addZombie
INFO: Intentando añadir un zombie: brainstein en (10, 4)
Dec 15, 2024 5:06:42 AM domain.Game addZombie
INFO: Zombie añadido exitosamente: brainstein en (10, 4)
Dec 15, 2024 5:06:42 AM domain.Game addPlant
INFO: Intentando añadir una planta: sunflower en (2, 0)
Dec 15, 2024 5:06:42 AM domain.Game addPlant
SEVERE: Error al añadir planta: Cannot add the unit because there is already a unit in the cell
Dec 15, 2024 5:06:42 AM domain.Game addPlant
INFO: Intentando añadir una planta: wallnut en (4, 0)
Dec 15, 2024 5:06:42 AM domain.Game addPlant
SEVERE: Error al añadir planta: Cannot add the unit because there is already a unit in the cell
Dec 15, 2024 5:06:42 AM domain.Game addZombie
INFO: Intentando añadir un zombie: conehead en (9, 3)
Dec 15, 2024 5:06:42 AM domain.Game addZombie
INFO: Zombie añadido exitosamente: conehead en (9, 3)
Dec 15, 2024 5:06:42 AM domain.Game addPlant
INFO: Intentando añadir una planta: eciplant en (1, 0)
Dec 15, 2024 5:06:42 AM domain.Game addPlant
SEVERE: Error al añadir planta: Cannot add the unit because there is already a unit in the cell
Dec 15, 2024 5:06:43 AM domain.plants.ECIPlant generateSun
INFO: sol generado
Dec 15, 2024 5:06:43 AM domain.plants.Sunflower generateSun
INFO: sol generado
Dec 15, 2024 5:06:43 AM domain.plants.ECIPlant generateSun
INFO: sol generado
Dec 15, 2024 5:06:43 AM domain.plants.Sunflower generateSun
INFO: sol generado
Dec 15, 2024 5:06:43 AM domain.plants.ECIPlant generateSun
INFO: sol generado
Dec 15, 2024 5:06:43 AM domain.plants.Sunflower generateSun
INFO: sol generado
Dec 15, 2024 5:06:43 AM domain.Game addZombie
INFO: Intentando añadir un zombie: basic en (9, 0)
Dec 15, 2024 5:06:43 AM domain.Game addZombie
INFO: Zombie añadido exitosamente: basic en (9, 0)
Dec 15, 2024 5:06:43 AM domain.plants.Sunflower generateSun
INFO: sol generado
Dec 15, 2024 5:06:43 AM domain.plants.ECIPlant generateSun
INFO: sol generado
Dec 15, 2024 5:06:43 AM domain.Game addZombie
INFO: Intentando añadir un zombie: brainstein en (10, 0)
Dec 15, 2024 5:06:43 AM domain.Game addZombie
WARNING: No hay suficientes cerebros para añadir el zombie: brainstein
Dec 15, 2024 5:06:43 AM domain.Game addZombie
SEVERE: Error al añadir zombie: Not enough brains to buy the plant
Dec 15, 2024 5:06:43 AM domain.plants.Sunflower generateSun
INFO: sol generado
Dec 15, 2024 5:06:43 AM domain.Game addZombie
INFO: Intentando añadir un zombie: buckethead en (10, 4)
Dec 15, 2024 5:06:43 AM domain.Game addZombie
INFO: Zombie añadido exitosamente: buckethead en (10, 4)
Dec 15, 2024 5:06:43 AM domain.plants.ECIPlant generateSun
INFO: sol generado
Dec 15, 2024 5:06:43 AM domain.plants.ECIPlant generateSun
INFO: sol generado
Dec 15, 2024 5:06:43 AM domain.Game addPlant
INFO: Intentando añadir una planta: sunflower en (2, 0)
Dec 15, 2024 5:06:43 AM domain.Game addPlant
SEVERE: Error al añadir planta: Cannot add the unit because there is already a unit in the cell
Dec 15, 2024 5:06:43 AM domain.Game addPlant
INFO: Intentando añadir una planta: potatomine en (6, 0)
Dec 15, 2024 5:06:43 AM domain.Game addPlant
SEVERE: Error al añadir planta: Cannot add the unit because there is already a unit in the cell
Dec 15, 2024 5:06:43 AM domain.plants.Sunflower generateSun
INFO: sol generado
Dec 15, 2024 5:06:43 AM domain.plants.Sunflower generateSun
INFO: sol generado
Dec 15, 2024 5:06:43 AM domain.Game addZombie
INFO: Intentando añadir un zombie: buckethead en (9, 3)
Dec 15, 2024 5:06:43 AM domain.Game addZombie
INFO: Zombie añadido exitosamente: buckethead en (9, 3)
Dec 15, 2024 5:06:43 AM domain.Game addPlant
INFO: Intentando añadir una planta: eciplant en (1, 0)
Dec 15, 2024 5:06:43 AM domain.Game addPlant
SEVERE: Error al añadir planta: Cannot add the unit because there is already a unit in the cell
Dec 15, 2024 5:06:43 AM domain.Game addPlant
INFO: Intentando añadir una planta: potatomine en (8, 0)
Dec 15, 2024 5:06:43 AM domain.Game addPlant
SEVERE: Error al añadir planta: Cannot add the unit because there is already a unit in the cell
Dec 15, 2024 5:06:43 AM domain.Game addPlant
INFO: Intentando añadir una planta: potatomine en (8, 3)
Dec 15, 2024 5:06:43 AM domain.Game addPlant
INFO: Planta añadida exitosamente: potatomine en (8, 3)
Dec 15, 2024 5:06:44 AM domain.plants.Sunflower generateSun
INFO: sol generado
Dec 15, 2024 5:06:44 AM domain.plants.Sunflower generateSun
INFO: sol generado
Dec 15, 2024 5:06:44 AM domain.plants.Sunflower generateSun
INFO: sol generado
Dec 15, 2024 5:06:44 AM domain.plants.Sunflower generateSun
INFO: sol generado
Dec 15, 2024 5:06:44 AM domain.plants.Sunflower generateSun
INFO: sol generado
Dec 15, 2024 5:06:44 AM domain.Game addZombie
INFO: Intentando añadir un zombie: buckethead en (9, 0)
Dec 15, 2024 5:06:44 AM domain.Game addZombie
INFO: Zombie añadido exitosamente: buckethead en (9, 0)
Dec 15, 2024 5:06:44 AM domain.plants.Sunflower generateSun
INFO: sol generado
Dec 15, 2024 5:06:44 AM domain.Game addZombie
INFO: Intentando añadir un zombie: brainstein en (10, 0)
Dec 15, 2024 5:06:44 AM domain.Game addZombie
WARNING: No hay suficientes cerebros para añadir el zombie: brainstein
Dec 15, 2024 5:06:44 AM domain.Game addZombie
SEVERE: Error al añadir zombie: Not enough brains to buy the plant
Dec 15, 2024 5:06:44 AM domain.Game addZombie
INFO: Intentando añadir un zombie: brainstein en (9, 2)
Dec 15, 2024 5:06:44 AM domain.Game addZombie
INFO: Zombie añadido exitosamente: brainstein en (9, 2)
Dec 15, 2024 5:06:44 AM domain.plants.Sunflower generateSun
INFO: sol generado
Dec 15, 2024 5:06:44 AM domain.Game addPlant
INFO: Intentando añadir una planta: sunflower en (2, 0)
Dec 15, 2024 5:06:44 AM domain.Game addPlant
SEVERE: Error al añadir planta: Cannot add the unit because there is already a unit in the cell
Dec 15, 2024 5:06:44 AM domain.Game addPlant
INFO: Intentando añadir una planta: eciplant en (1, 0)
Dec 15, 2024 5:06:44 AM domain.Game addPlant
INFO: Planta añadida exitosamente: eciplant en (1, 0)
Dec 15, 2024 5:06:44 AM domain.plants.ECIPlant generateSun
INFO: sol generado
Dec 15, 2024 5:06:44 AM domain.Game addZombie
INFO: Intentando añadir un zombie: conehead en (9, 3)
Dec 15, 2024 5:06:44 AM domain.Game addZombie
INFO: Zombie añadido exitosamente: conehead en (9, 3)
Dec 15, 2024 5:06:44 AM domain.Game addPlant
INFO: Intentando añadir una planta: sunflower en (1, 0)
Dec 15, 2024 5:06:44 AM domain.Game addPlant
SEVERE: Error al añadir planta: Cannot add the unit because there is already a unit in the cell
Dec 15, 2024 5:06:44 AM domain.Game addPlant
INFO: Intentando añadir una planta: potatomine en (8, 0)
Dec 15, 2024 5:06:44 AM domain.Game addPlant
INFO: Planta añadida exitosamente: potatomine en (8, 0)
Dec 15, 2024 5:06:44 AM domain.Game addPlant
INFO: Intentando añadir una planta: potatomine en (8, 3)
Dec 15, 2024 5:06:44 AM domain.Game addPlant
SEVERE: Error al añadir planta: Cannot add the unit because there is already a unit in the cell
Dec 15, 2024 5:06:45 AM domain.plants.Sunflower generateSun
INFO: sol generado
Dec 15, 2024 5:06:45 AM domain.plants.ECIPlant generateSun
INFO: sol generado
Dec 15, 2024 5:06:45 AM domain.plants.ECIPlant generateSun
INFO: sol generado
Dec 15, 2024 5:06:45 AM domain.Game addZombie
INFO: Intentando añadir un zombie: brainstein en (10, 0)
Dec 15, 2024 5:06:45 AM domain.Game addZombie
INFO: Zombie añadido exitosamente: brainstein en (10, 0)
Dec 15, 2024 5:06:45 AM domain.plants.ECIPlant generateSun
INFO: sol generado
Dec 15, 2024 5:06:45 AM domain.plants.Sunflower generateSun
INFO: sol generado
Dec 15, 2024 5:06:45 AM domain.plants.Sunflower generateSun
INFO: sol generado
Dec 15, 2024 5:06:45 AM domain.Game addZombie
INFO: Intentando añadir un zombie: brainstein en (10, 0)
Dec 15, 2024 5:06:45 AM domain.plants.Sunflower generateSun
INFO: sol generado
Dec 15, 2024 5:06:45 AM domain.Game addZombie
WARNING: No hay suficientes cerebros para añadir el zombie: brainstein
Dec 15, 2024 5:06:45 AM domain.Game addZombie
SEVERE: Error al añadir zombie: Not enough brains to buy the plant
Dec 15, 2024 5:06:45 AM domain.Game addZombie
INFO: Intentando añadir un zombie: basic en (10, 1)
Dec 15, 2024 5:06:45 AM domain.Game addZombie
INFO: Zombie añadido exitosamente: basic en (10, 1)
Dec 15, 2024 5:06:45 AM domain.Game addPlant
INFO: Intentando añadir una planta: sunflower en (2, 0)
Dec 15, 2024 5:06:45 AM domain.Game addPlant
INFO: Planta añadida exitosamente: sunflower en (2, 0)
Dec 15, 2024 5:06:45 AM domain.plants.Sunflower generateSun
INFO: sol generado
Dec 15, 2024 5:06:45 AM domain.Game addPlant
INFO: Intentando añadir una planta: peashooter en (3, 0)
Dec 15, 2024 5:06:45 AM domain.Game addPlant
SEVERE: Error al añadir planta: Cannot add the unit because there is already a unit in the cell
Dec 15, 2024 5:06:45 AM domain.Game addZombie
INFO: Intentando añadir un zombie: brainstein en (10, 0)
Dec 15, 2024 5:06:45 AM domain.Game addZombie
INFO: Zombie añadido exitosamente: brainstein en (10, 0)
Dec 15, 2024 5:06:45 AM domain.Game addPlant
INFO: Intentando añadir una planta: eciplant en (1, 0)
Dec 15, 2024 5:06:45 AM domain.Game addPlant
SEVERE: Error al añadir planta: Cannot add the unit because there is already a unit in the cell
Dec 15, 2024 5:06:45 AM domain.Game addPlant
INFO: Intentando añadir una planta: potatomine en (6, 3)
Dec 15, 2024 5:06:45 AM domain.Game addPlant
SEVERE: Error al añadir planta: Cannot add the unit because there is already a unit in the cell
Dec 15, 2024 5:06:45 AM domain.Game addPlant
INFO: Intentando añadir una planta: potatomine en (6, 4)
Dec 15, 2024 5:06:45 AM domain.Game addPlant
SEVERE: Error al añadir planta: Cannot add the unit because there is already a unit in the cell
Dec 15, 2024 5:06:46 AM domain.plants.ECIPlant generateSun
INFO: sol generado
Dec 15, 2024 5:06:46 AM domain.plants.Sunflower generateSun
INFO: sol generado
Dec 15, 2024 5:06:46 AM domain.plants.ECIPlant generateSun
INFO: sol generado
Dec 15, 2024 5:06:46 AM domain.plants.Sunflower generateSun
INFO: sol generado
Dec 15, 2024 5:06:46 AM domain.plants.ECIPlant generateSun
INFO: sol generado
Dec 15, 2024 5:06:46 AM domain.plants.Sunflower generateSun
INFO: sol generado
Dec 15, 2024 5:06:46 AM domain.Game addZombie
INFO: Intentando añadir un zombie: basic en (9, 0)
Dec 15, 2024 5:06:46 AM domain.Game addZombie
INFO: Zombie añadido exitosamente: basic en (9, 0)
Dec 15, 2024 5:06:46 AM domain.plants.Sunflower generateSun
INFO: sol generado
Dec 15, 2024 5:06:46 AM domain.plants.ECIPlant generateSun
INFO: sol generado
Dec 15, 2024 5:06:46 AM domain.Game addZombie
INFO: Intentando añadir un zombie: brainstein en (10, 0)
Dec 15, 2024 5:06:46 AM domain.Game addZombie
INFO: Zombie añadido exitosamente: brainstein en (10, 0)
Dec 15, 2024 5:06:46 AM domain.plants.Sunflower generateSun
INFO: sol generado
Dec 15, 2024 5:06:46 AM domain.plants.ECIPlant generateSun
INFO: sol generado
Dec 15, 2024 5:06:46 AM domain.plants.ECIPlant generateSun
INFO: sol generado
Dec 15, 2024 5:06:46 AM domain.Game addZombie
INFO: Intentando añadir un zombie: brainstein en (9, 1)
Dec 15, 2024 5:06:46 AM domain.Game addZombie
INFO: Zombie añadido exitosamente: brainstein en (9, 1)
Dec 15, 2024 5:06:46 AM domain.Game addPlant
INFO: Intentando añadir una planta: sunflower en (2, 0)
Dec 15, 2024 5:06:46 AM domain.Game addPlant
SEVERE: Error al añadir planta: Cannot add the unit because there is already a unit in the cell
Dec 15, 2024 5:06:46 AM domain.Game addPlant
INFO: Intentando añadir una planta: peashooter en (3, 0)
Dec 15, 2024 5:06:46 AM domain.Game addPlant
INFO: Planta añadida exitosamente: peashooter en (3, 0)
Dec 15, 2024 5:06:46 AM domain.plants.Sunflower generateSun
INFO: sol generado
Dec 15, 2024 5:06:46 AM domain.plants.Sunflower generateSun
INFO: sol generado
Dec 15, 2024 5:06:46 AM domain.Game addZombie
INFO: Intentando añadir un zombie: basic en (9, 3)
Dec 15, 2024 5:06:46 AM domain.Game addZombie
INFO: Zombie añadido exitosamente: basic en (9, 3)
Dec 15, 2024 5:06:46 AM domain.Game addPlant
INFO: Intentando añadir una planta: eciplant en (1, 0)
Dec 15, 2024 5:06:46 AM domain.Game addPlant
SEVERE: Error al añadir planta: Cannot add the unit because there is already a unit in the cell
Dec 15, 2024 5:06:47 AM domain.plants.Sunflower generateSun
INFO: sol generado
Dec 15, 2024 5:06:47 AM domain.plants.Sunflower generateSun
INFO: sol generado
Dec 15, 2024 5:06:47 AM domain.plants.Sunflower generateSun
INFO: sol generado
Dec 15, 2024 5:06:47 AM domain.plants.Sunflower generateSun
INFO: sol generado
Dec 15, 2024 5:06:47 AM domain.plants.Sunflower generateSun
INFO: sol generado
Dec 15, 2024 5:06:47 AM domain.Game addZombie
INFO: Intentando añadir un zombie: conehead en (9, 0)
Dec 15, 2024 5:06:47 AM domain.Game addZombie
INFO: Zombie añadido exitosamente: conehead en (9, 0)
Dec 15, 2024 5:06:47 AM domain.plants.Sunflower generateSun
INFO: sol generado
Dec 15, 2024 5:06:47 AM domain.Game addZombie
INFO: Intentando añadir un zombie: basic en (10, 4)
Dec 15, 2024 5:06:47 AM domain.Game addZombie
INFO: Zombie añadido exitosamente: basic en (10, 4)
Dec 15, 2024 5:06:47 AM domain.plants.Sunflower generateSun
INFO: sol generado
Dec 15, 2024 5:06:47 AM domain.Game addZombie
INFO: Intentando añadir un zombie: brainstein en (10, 2)
Dec 15, 2024 5:06:47 AM domain.plants.ECIPlant generateSun
INFO: sol generado
Dec 15, 2024 5:06:47 AM domain.Game addZombie
INFO: Zombie añadido exitosamente: brainstein en (10, 2)
Dec 15, 2024 5:06:47 AM domain.Game addPlant
INFO: Intentando añadir una planta: sunflower en (2, 0)
Dec 15, 2024 5:06:47 AM domain.Game addPlant
SEVERE: Error al añadir planta: Cannot add the unit because there is already a unit in the cell
Dec 15, 2024 5:06:47 AM domain.Game addPlant
INFO: Intentando añadir una planta: eciplant en (1, 0)
Dec 15, 2024 5:06:47 AM domain.Game addPlant
SEVERE: Error al añadir planta: Cannot add the unit because there is already a unit in the cell
Dec 15, 2024 5:06:47 AM domain.Game addZombie
INFO: Intentando añadir un zombie: buckethead en (9, 3)
Dec 15, 2024 5:06:47 AM domain.Game addZombie
INFO: Zombie añadido exitosamente: buckethead en (9, 3)
Dec 15, 2024 5:06:47 AM domain.Game addPlant
INFO: Intentando añadir una planta: sunflower en (1, 0)
Dec 15, 2024 5:06:47 AM domain.Game addPlant
SEVERE: Error al añadir planta: Cannot add the unit because there is already a unit in the cell
Dec 15, 2024 5:06:47 AM domain.Game addPlant
INFO: Intentando añadir una planta: potatomine en (6, 3)
Dec 15, 2024 5:06:47 AM domain.Game addPlant
SEVERE: Error al añadir planta: Cannot add the unit because there is already a unit in the cell
Dec 15, 2024 5:06:47 AM domain.Game addPlant
INFO: Intentando añadir una planta: potatomine en (6, 4)
Dec 15, 2024 5:06:47 AM domain.Game addPlant
SEVERE: Error al añadir planta: Cannot add the unit because there is already a unit in the cell
Dec 15, 2024 5:06:48 AM domain.plants.Sunflower generateSun
INFO: sol generado
Dec 15, 2024 5:06:48 AM domain.plants.ECIPlant generateSun
INFO: sol generado
Dec 15, 2024 5:06:48 AM domain.plants.ECIPlant generateSun
INFO: sol generado
Dec 15, 2024 5:06:48 AM domain.plants.ECIPlant generateSun
INFO: sol generado
Dec 15, 2024 5:06:48 AM domain.plants.Sunflower generateSun
INFO: sol generado
Dec 15, 2024 5:06:48 AM domain.Game addZombie
INFO: Intentando añadir un zombie: buckethead en (9, 0)
Dec 15, 2024 5:06:48 AM domain.Game addZombie
INFO: Zombie añadido exitosamente: buckethead en (9, 0)
Dec 15, 2024 5:06:48 AM domain.plants.Sunflower generateSun
INFO: sol generado
]]></system-err>
  </testcase>
  <testcase name="shouldNotSearchZombie" classname="GameTest" time="0.002">
    <system-out><![CDATA[[domain.players.Human@5b080f3a, domain.players.Human@773cbf4f]
]]></system-out>
  </testcase>
  <testcase name="shouldAddBrain" classname="GameTest" time="0.001">
    <system-out><![CDATA[[domain.players.Human@665e9289, domain.players.Human@7d3430a7]
]]></system-out>
    <system-err><![CDATA[Dec 15, 2024 5:06:48 AM domain.plants.Sunflower generateSun
INFO: sol generado
]]></system-err>
  </testcase>
  <testcase name="shouldNotAddPlant2" classname="GameTest" time="0.004">
    <system-out><![CDATA[[domain.players.Human@350ec41e, domain.players.Human@69637b10]
]]></system-out>
    <system-err><![CDATA[Dec 15, 2024 5:06:48 AM domain.Game addPlant
INFO: Intentando añadir una planta: wallnut en (4, 2)
Dec 15, 2024 5:06:48 AM domain.Game addZombie
INFO: Intentando añadir un zombie: basic en (9, 3)
Dec 15, 2024 5:06:48 AM domain.Game addPlant
INFO: Planta añadida exitosamente: wallnut en (4, 2)
Dec 15, 2024 5:06:48 AM domain.Game addPlant
INFO: Intentando añadir una planta: sunflower en (4, 2)
Dec 15, 2024 5:06:48 AM domain.Game addZombie
INFO: Zombie añadido exitosamente: basic en (9, 3)
Dec 15, 2024 5:06:48 AM domain.Game addPlant
SEVERE: Error al añadir planta: Cannot add the unit because there is already a unit in the cell
]]></system-err>
  </testcase>
  <testcase name="shouldAddPlant" classname="GameTest" time="0.008">
    <system-out><![CDATA[[domain.players.Human@165b2f7f, domain.players.Human@5536379e]
]]></system-out>
    <system-err><![CDATA[Dec 15, 2024 5:06:48 AM domain.Game addPlant
INFO: Intentando añadir una planta: wallnut en (4, 2)
Dec 15, 2024 5:06:48 AM domain.Game addPlant
INFO: Planta añadida exitosamente: wallnut en (4, 2)
Dec 15, 2024 5:06:48 AM domain.Game addPlant
INFO: Intentando añadir una planta: sunflower en (3, 2)
Dec 15, 2024 5:06:48 AM domain.plants.Sunflower generateSun
INFO: sol generado
Dec 15, 2024 5:06:48 AM domain.Game addPlant
INFO: Planta añadida exitosamente: sunflower en (3, 2)
Dec 15, 2024 5:06:48 AM domain.Game addPlant
INFO: Intentando añadir una planta: eciplant en (2, 2)
Dec 15, 2024 5:06:48 AM domain.Game addPlant
INFO: Planta añadida exitosamente: eciplant en (2, 2)
Dec 15, 2024 5:06:48 AM domain.Game addPlant
INFO: Intentando añadir una planta: potatomine en (5, 2)
Dec 15, 2024 5:06:48 AM domain.plants.ECIPlant generateSun
INFO: sol generado
Dec 15, 2024 5:06:48 AM domain.Game addPlant
INFO: Planta añadida exitosamente: potatomine en (5, 2)
Dec 15, 2024 5:06:48 AM domain.plants.Sunflower generateSun
INFO: sol generado
Dec 15, 2024 5:06:48 AM domain.Game addZombie
INFO: Intentando añadir un zombie: basic en (9, 4)
Dec 15, 2024 5:06:48 AM domain.Game addPlant
INFO: Intentando añadir una planta: peashooter en (6, 2)
Dec 15, 2024 5:06:48 AM domain.Game addZombie
INFO: Zombie añadido exitosamente: basic en (9, 4)
Dec 15, 2024 5:06:48 AM domain.Game addPlant
INFO: Planta añadida exitosamente: peashooter en (6, 2)
]]></system-err>
  </testcase>
</testsuite>